Starting training:
without SE:
Namespace(batch_size=4, cut_len=32000, data_dir='/mnt/iusers01/msc-stu/hum-msc-data-sci-2024-2025/t74061zq/erp/DEMAND_16KHz', decay_epoch=12, epochs=60, init_lr=0.0005, log_interval=500, loss_weights=[0.1, 0.9, 0.2, 0.05, 0.04], save_model_dir='./saved_models_log/saved_models_20250809_VoiceDEMAND_16khz')
['NVIDIA A100-SXM4-80GB']
====================================================================================================
Layer (type:depth-idx)                             Output Shape              Param #
====================================================================================================
TSCNet                                             [1, 1, 321, 201]          --
├─DenseEncoder: 1-1                                [1, 64, 321, 101]         --
│    └─Sequential: 2-1                             [1, 64, 321, 201]         --
│    │    └─Conv2d: 3-1                            [1, 64, 321, 201]         256
│    │    └─InstanceNorm2d: 3-2                    [1, 64, 321, 201]         128
│    │    └─PReLU: 3-3                             [1, 64, 321, 201]         64
│    └─DilatedDenseNet: 2-2                        [1, 64, 321, 201]         --
│    │    └─ConstantPad2d: 3-4                     [1, 64, 322, 203]         --
│    │    └─Conv2d: 3-5                            [1, 64, 321, 201]         24,640
│    │    └─InstanceNorm2d: 3-6                    [1, 64, 321, 201]         128
│    │    └─PReLU: 3-7                             [1, 64, 321, 201]         64
│    │    └─ConstantPad2d: 3-8                     [1, 128, 323, 203]        --
│    │    └─Conv2d: 3-9                            [1, 64, 321, 201]         49,216
│    │    └─InstanceNorm2d: 3-10                   [1, 64, 321, 201]         128
│    │    └─PReLU: 3-11                            [1, 64, 321, 201]         64
│    │    └─ConstantPad2d: 3-12                    [1, 192, 325, 203]        --
│    │    └─Conv2d: 3-13                           [1, 64, 321, 201]         73,792
│    │    └─InstanceNorm2d: 3-14                   [1, 64, 321, 201]         128
│    │    └─PReLU: 3-15                            [1, 64, 321, 201]         64
│    │    └─ConstantPad2d: 3-16                    [1, 256, 329, 203]        --
│    │    └─Conv2d: 3-17                           [1, 64, 321, 201]         98,368
│    │    └─InstanceNorm2d: 3-18                   [1, 64, 321, 201]         128
│    │    └─PReLU: 3-19                            [1, 64, 321, 201]         64
│    └─Sequential: 2-3                             [1, 64, 321, 101]         --
│    │    └─Conv2d: 3-20                           [1, 64, 321, 101]         12,352
│    │    └─InstanceNorm2d: 3-21                   [1, 64, 321, 101]         128
│    │    └─PReLU: 3-22                            [1, 64, 321, 101]         64
├─TSCB: 1-2                                        [1, 64, 321, 101]         --
│    └─ConformerBlock: 2-4                         [101, 321, 64]            --
│    │    └─Scale: 3-23                            [101, 321, 64]            33,216
│    │    └─PreNorm: 3-24                          [101, 321, 64]            32,976
│    │    └─ConformerConvModule: 3-25              [101, 321, 64]            29,376
│    │    └─Scale: 3-26                            [101, 321, 64]            33,216
│    │    └─LayerNorm: 3-27                        [101, 321, 64]            128
│    └─ConformerBlock: 2-5                         [321, 101, 64]            --
│    │    └─Scale: 3-28                            [321, 101, 64]            33,216
│    │    └─PreNorm: 3-29                          [321, 101, 64]            32,976
│    │    └─ConformerConvModule: 3-30              [321, 101, 64]            29,376
│    │    └─Scale: 3-31                            [321, 101, 64]            33,216
│    │    └─LayerNorm: 3-32                        [321, 101, 64]            128
├─TSCB: 1-3                                        [1, 64, 321, 101]         --
│    └─ConformerBlock: 2-6                         [101, 321, 64]            --
│    │    └─Scale: 3-33                            [101, 321, 64]            33,216
│    │    └─PreNorm: 3-34                          [101, 321, 64]            32,976
│    │    └─ConformerConvModule: 3-35              [101, 321, 64]            29,376
│    │    └─Scale: 3-36                            [101, 321, 64]            33,216
│    │    └─LayerNorm: 3-37                        [101, 321, 64]            128
│    └─ConformerBlock: 2-7                         [321, 101, 64]            --
│    │    └─Scale: 3-38                            [321, 101, 64]            33,216
│    │    └─PreNorm: 3-39                          [321, 101, 64]            32,976
│    │    └─ConformerConvModule: 3-40              [321, 101, 64]            29,376
│    │    └─Scale: 3-41                            [321, 101, 64]            33,216
│    │    └─LayerNorm: 3-42                        [321, 101, 64]            128
├─TSCB: 1-4                                        [1, 64, 321, 101]         --
│    └─ConformerBlock: 2-8                         [101, 321, 64]            --
│    │    └─Scale: 3-43                            [101, 321, 64]            33,216
│    │    └─PreNorm: 3-44                          [101, 321, 64]            32,976
│    │    └─ConformerConvModule: 3-45              [101, 321, 64]            29,376
│    │    └─Scale: 3-46                            [101, 321, 64]            33,216
│    │    └─LayerNorm: 3-47                        [101, 321, 64]            128
│    └─ConformerBlock: 2-9                         [321, 101, 64]            --
│    │    └─Scale: 3-48                            [321, 101, 64]            33,216
│    │    └─PreNorm: 3-49                          [321, 101, 64]            32,976
│    │    └─ConformerConvModule: 3-50              [321, 101, 64]            29,376
│    │    └─Scale: 3-51                            [321, 101, 64]            33,216
│    │    └─LayerNorm: 3-52                        [321, 101, 64]            128
├─TSCB: 1-5                                        [1, 64, 321, 101]         --
│    └─ConformerBlock: 2-10                        [101, 321, 64]            --
│    │    └─Scale: 3-53                            [101, 321, 64]            33,216
│    │    └─PreNorm: 3-54                          [101, 321, 64]            32,976
│    │    └─ConformerConvModule: 3-55              [101, 321, 64]            29,376
│    │    └─Scale: 3-56                            [101, 321, 64]            33,216
│    │    └─LayerNorm: 3-57                        [101, 321, 64]            128
│    └─ConformerBlock: 2-11                        [321, 101, 64]            --
│    │    └─Scale: 3-58                            [321, 101, 64]            33,216
│    │    └─PreNorm: 3-59                          [321, 101, 64]            32,976
│    │    └─ConformerConvModule: 3-60              [321, 101, 64]            29,376
│    │    └─Scale: 3-61                            [321, 101, 64]            33,216
│    │    └─LayerNorm: 3-62                        [321, 101, 64]            128
├─MaskDecoder: 1-6                                 [1, 1, 321, 201]          --
│    └─DilatedDenseNet: 2-12                       [1, 64, 321, 101]         --
│    │    └─ConstantPad2d: 3-63                    [1, 64, 322, 103]         --
│    │    └─Conv2d: 3-64                           [1, 64, 321, 101]         24,640
│    │    └─InstanceNorm2d: 3-65                   [1, 64, 321, 101]         128
│    │    └─PReLU: 3-66                            [1, 64, 321, 101]         64
│    │    └─ConstantPad2d: 3-67                    [1, 128, 323, 103]        --
│    │    └─Conv2d: 3-68                           [1, 64, 321, 101]         49,216
│    │    └─InstanceNorm2d: 3-69                   [1, 64, 321, 101]         128
│    │    └─PReLU: 3-70                            [1, 64, 321, 101]         64
│    │    └─ConstantPad2d: 3-71                    [1, 192, 325, 103]        --
│    │    └─Conv2d: 3-72                           [1, 64, 321, 101]         73,792
│    │    └─InstanceNorm2d: 3-73                   [1, 64, 321, 101]         128
│    │    └─PReLU: 3-74                            [1, 64, 321, 101]         64
│    │    └─ConstantPad2d: 3-75                    [1, 256, 329, 103]        --
│    │    └─Conv2d: 3-76                           [1, 64, 321, 101]         98,368
│    │    └─InstanceNorm2d: 3-77                   [1, 64, 321, 101]         128
│    │    └─PReLU: 3-78                            [1, 64, 321, 101]         64
│    └─SPConvTranspose2d: 2-13                     [1, 64, 321, 202]         --
│    │    └─ConstantPad2d: 3-79                    [1, 64, 321, 103]         --
│    │    └─Conv2d: 3-80                           [1, 128, 321, 101]        24,704
│    └─Conv2d: 2-14                                [1, 1, 321, 201]          129
│    └─InstanceNorm2d: 2-15                        [1, 1, 321, 201]          2
│    └─PReLU: 2-16                                 [1, 1, 321, 201]          1
│    └─Conv2d: 2-17                                [1, 1, 321, 201]          2
│    └─PReLU: 2-18                                 [1, 201, 321]             201
├─ComplexDecoder: 1-7                              [1, 2, 321, 201]          --
│    └─DilatedDenseNet: 2-19                       [1, 64, 321, 101]         --
│    │    └─ConstantPad2d: 3-81                    [1, 64, 322, 103]         --
│    │    └─Conv2d: 3-82                           [1, 64, 321, 101]         24,640
│    │    └─InstanceNorm2d: 3-83                   [1, 64, 321, 101]         128
│    │    └─PReLU: 3-84                            [1, 64, 321, 101]         64
│    │    └─ConstantPad2d: 3-85                    [1, 128, 323, 103]        --
│    │    └─Conv2d: 3-86                           [1, 64, 321, 101]         49,216
│    │    └─InstanceNorm2d: 3-87                   [1, 64, 321, 101]         128
│    │    └─PReLU: 3-88                            [1, 64, 321, 101]         64
│    │    └─ConstantPad2d: 3-89                    [1, 192, 325, 103]        --
│    │    └─Conv2d: 3-90                           [1, 64, 321, 101]         73,792
│    │    └─InstanceNorm2d: 3-91                   [1, 64, 321, 101]         128
│    │    └─PReLU: 3-92                            [1, 64, 321, 101]         64
│    │    └─ConstantPad2d: 3-93                    [1, 256, 329, 103]        --
│    │    └─Conv2d: 3-94                           [1, 64, 321, 101]         98,368
│    │    └─InstanceNorm2d: 3-95                   [1, 64, 321, 101]         128
│    │    └─PReLU: 3-96                            [1, 64, 321, 101]         64
│    └─SPConvTranspose2d: 2-20                     [1, 64, 321, 202]         --
│    │    └─ConstantPad2d: 3-97                    [1, 64, 321, 103]         --
│    │    └─Conv2d: 3-98                           [1, 128, 321, 101]        24,704
│    └─InstanceNorm2d: 2-21                        [1, 64, 321, 202]         128
│    └─PReLU: 2-22                                 [1, 64, 321, 202]         64
│    └─Conv2d: 2-23                                [1, 2, 321, 201]          258
====================================================================================================
Total params: 1,834,833
Trainable params: 1,834,833
Non-trainable params: 0
Total mult-adds (G): 41.56
====================================================================================================
Input size (MB): 0.52
Forward/backward pass size (MB): 4856.40
Params size (MB): 7.34
Estimated Total Size (MB): 4864.25
====================================================================================================
==========================================================================================
Layer (type:depth-idx)                   Output Shape              Param #
==========================================================================================
Discriminator                            [1, 1]                    --
├─Sequential: 1-1                        [1, 1]                    --
│    └─Conv2d: 2-1                       [1, 16, 100, 160]         512
│    └─InstanceNorm2d: 2-2               [1, 16, 100, 160]         32
│    └─PReLU: 2-3                        [1, 16, 100, 160]         16
│    └─Conv2d: 2-4                       [1, 32, 50, 80]           8,192
│    └─InstanceNorm2d: 2-5               [1, 32, 50, 80]           64
│    └─PReLU: 2-6                        [1, 32, 50, 80]           32
│    └─Conv2d: 2-7                       [1, 64, 25, 40]           32,768
│    └─InstanceNorm2d: 2-8               [1, 64, 25, 40]           128
│    └─PReLU: 2-9                        [1, 64, 25, 40]           64
│    └─Conv2d: 2-10                      [1, 128, 12, 20]          131,072
│    └─InstanceNorm2d: 2-11              [1, 128, 12, 20]          256
│    └─PReLU: 2-12                       [1, 128, 12, 20]          128
│    └─AdaptiveMaxPool2d: 2-13           [1, 128, 1, 1]            --
│    └─Flatten: 2-14                     [1, 128]                  --
│    └─Linear: 2-15                      [1, 64]                   8,256
│    └─Dropout: 2-16                     [1, 64]                   --
│    └─PReLU: 2-17                       [1, 64]                   64
│    └─Linear: 2-18                      [1, 1]                    65
│    └─LearnableSigmoid: 2-19            [1, 1]                    1
==========================================================================================
Total params: 181,650
Trainable params: 181,650
Non-trainable params: 0
Total mult-adds (M): 19.67
==========================================================================================
Input size (MB): 0.52
Forward/backward pass size (MB): 11.49
Params size (MB): 0.73
Estimated Total Size (MB): 12.73
==========================================================================================
/mnt/iusers01/msc-stu/hum-msc-data-sci-2024-2025/t74061zq/erp/CMGAN_src/data/dataloader.py:52: UserWarning: torchaudio._backend.set_audio_backend has been deprecated. With dispatcher enabled, this function is no-op. You can remove the function call.
  torchaudio.set_audio_backend("sox_io")         # in linux
INFO:root:Epoch 0, Step 500, loss: 0.16666920483112335, disc_loss: 0.05111202597618103
INFO:root:Epoch 0, Step 1000, loss: 0.18066640198230743, disc_loss: 0.023370735347270966
INFO:root:Epoch 0, Step 1500, loss: 0.13428530097007751, disc_loss: 0.01420560386031866
INFO:root:Epoch 0, Step 2000, loss: 0.1340845674276352, disc_loss: 0.001307381084188819
INFO:root:Epoch 0, Step 2500, loss: 0.2545696496963501, disc_loss: 0.0025148126296699047
INFO:root:Generator loss: 0.10697071460410229, Discriminator loss: 0.007487255121604992
INFO:root:
=== Epoch 0 evaluation ===
INFO:root:=== Evaluation metrics ===
PESQ: 2.7476,SSNR: 7.5003,CSIG: 4.2826,CBAK: 3.3872,COVL: 3.5734,STOI: 0.9387

INFO:root:Epoch 1, Step 500, loss: 0.10878939926624298, disc_loss: 0.0015053014503791928
INFO:root:Epoch 1, Step 1000, loss: 0.1485026776790619, disc_loss: 0.011121022514998913
INFO:root:Epoch 1, Step 1500, loss: 0.1512487828731537, disc_loss: 0.0029041562229394913
INFO:root:Epoch 1, Step 2000, loss: 0.09135815501213074, disc_loss: 0.010444746352732182
INFO:root:Epoch 1, Step 2500, loss: 0.12771955132484436, disc_loss: 0.00668753357604146
INFO:root:Generator loss: 0.09850625583486071, Discriminator loss: 0.0060877860714489305
INFO:root:
=== Epoch 1 evaluation ===
INFO:root:=== Evaluation metrics ===
PESQ: 2.7803,SSNR: 8.6165,CSIG: 4.3132,CBAK: 3.4745,COVL: 3.6044,STOI: 0.9396

INFO:root:Epoch 2, Step 500, loss: 0.11957288533449173, disc_loss: 0.004175828769803047
INFO:root:Epoch 2, Step 1000, loss: 0.16267162561416626, disc_loss: 0.0034680755343288183
INFO:root:Epoch 2, Step 1500, loss: 0.22531312704086304, disc_loss: 0.00035104277776554227
INFO:root:Epoch 2, Step 2000, loss: 0.11531953513622284, disc_loss: 0.002412827219814062
INFO:root:Epoch 2, Step 2500, loss: 0.1629175990819931, disc_loss: 0.0024574832059442997
INFO:root:Generator loss: 0.08719204004528452, Discriminator loss: 0.00989538059090671
INFO:root:
=== Epoch 2 evaluation ===
INFO:root:=== Evaluation metrics ===
PESQ: 3.0151,SSNR: 9.0390,CSIG: 4.4585,CBAK: 3.6143,COVL: 3.8097,STOI: 0.9440

INFO:root:Epoch 3, Step 500, loss: 0.07923321425914764, disc_loss: 0.002279681619256735
INFO:root:Epoch 3, Step 1000, loss: 0.11359285563230515, disc_loss: 0.006009075790643692
INFO:root:Epoch 3, Step 1500, loss: 0.1532442718744278, disc_loss: 0.001059729023836553
INFO:root:Epoch 3, Step 2000, loss: 0.10015681385993958, disc_loss: 0.0006684176041744649
INFO:root:Epoch 3, Step 2500, loss: 0.18816551566123962, disc_loss: 0.0052883983589708805
INFO:root:Generator loss: 0.08804248495805032, Discriminator loss: 0.005676706592937778
INFO:root:
=== Epoch 3 evaluation ===
INFO:root:=== Evaluation metrics ===
PESQ: 2.9573,SSNR: 9.1821,CSIG: 4.4219,CBAK: 3.5964,COVL: 3.7556,STOI: 0.9458

INFO:root:Epoch 4, Step 500, loss: 0.1329095959663391, disc_loss: 0.0003914626722689718
INFO:root:Epoch 4, Step 1000, loss: 0.1141185536980629, disc_loss: 0.0035555849317461252
INFO:root:Epoch 4, Step 1500, loss: 0.14344482123851776, disc_loss: 0.0026464422699064016
INFO:root:Epoch 4, Step 2000, loss: 0.11755344271659851, disc_loss: 0.011160265654325485
INFO:root:Epoch 4, Step 2500, loss: 0.1108008623123169, disc_loss: 0.0033577745780348778
INFO:root:Generator loss: 0.084722570152682, Discriminator loss: 0.008019553113432637
INFO:root:
=== Epoch 4 evaluation ===
INFO:root:=== Evaluation metrics ===
PESQ: 3.0602,SSNR: 9.4238,CSIG: 4.4802,CBAK: 3.6624,COVL: 3.8451,STOI: 0.9470

INFO:root:Epoch 5, Step 500, loss: 0.17321990430355072, disc_loss: 0.00016805388440843672
INFO:root:Epoch 5, Step 1000, loss: 0.1140860840678215, disc_loss: 0.003906052792444825
INFO:root:Epoch 5, Step 1500, loss: 0.1298111528158188, disc_loss: 0.005236465949565172
INFO:root:Epoch 5, Step 2000, loss: 0.11878050863742828, disc_loss: 0.006274949759244919
INFO:root:Epoch 5, Step 2500, loss: 0.08881271630525589, disc_loss: 0.00040381946018896997
INFO:root:Generator loss: 0.08025272456404653, Discriminator loss: 0.012257239016991344
INFO:root:
=== Epoch 5 evaluation ===
INFO:root:=== Evaluation metrics ===
PESQ: 3.0997,SSNR: 9.5776,CSIG: 4.5113,CBAK: 3.6916,COVL: 3.8852,STOI: 0.9501

INFO:root:Epoch 6, Step 500, loss: 0.12277382612228394, disc_loss: 0.004826129414141178
INFO:root:Epoch 6, Step 1000, loss: 0.10342861711978912, disc_loss: 0.012311795726418495
INFO:root:Epoch 6, Step 1500, loss: 0.11845745146274567, disc_loss: 0.0008986372849904001
INFO:root:Epoch 6, Step 2000, loss: 0.1475057750940323, disc_loss: 0.0007601549150422215
INFO:root:Epoch 6, Step 2500, loss: 0.09518280625343323, disc_loss: 0.0014570485800504684
INFO:root:Generator loss: 0.08170477364176107, Discriminator loss: 0.005487871105040681
INFO:root:
=== Epoch 6 evaluation ===
INFO:root:=== Evaluation metrics ===
PESQ: 3.1807,SSNR: 9.3248,CSIG: 4.5203,CBAK: 3.7151,COVL: 3.9368,STOI: 0.9502

INFO:root:Epoch 7, Step 500, loss: 0.09555468708276749, disc_loss: 0.08992546796798706
INFO:root:Epoch 7, Step 1000, loss: 0.16564857959747314, disc_loss: 0.004291289485991001
INFO:root:Epoch 7, Step 1500, loss: 0.1660664677619934, disc_loss: 0.003971371334046125
INFO:root:Epoch 7, Step 2000, loss: 0.07455340027809143, disc_loss: 0.0031462160404771566
INFO:root:Epoch 7, Step 2500, loss: 0.1026507318019867, disc_loss: 0.0017599983839318156
INFO:root:Generator loss: 0.08329870830317146, Discriminator loss: 0.008057374870333254
INFO:root:
=== Epoch 7 evaluation ===
INFO:root:=== Evaluation metrics ===
PESQ: 3.1844,SSNR: 8.8567,CSIG: 4.5430,CBAK: 3.6807,COVL: 3.9458,STOI: 0.9519

INFO:root:Epoch 8, Step 500, loss: 0.12179037928581238, disc_loss: 0.002454166067764163
INFO:root:Epoch 8, Step 1000, loss: 0.12910085916519165, disc_loss: 0.0018611287232488394
INFO:root:Epoch 8, Step 1500, loss: 0.09417708218097687, disc_loss: 0.0036278869956731796
INFO:root:Epoch 8, Step 2000, loss: 0.11726225912570953, disc_loss: 0.001097237691283226
INFO:root:Epoch 8, Step 2500, loss: 0.14391331374645233, disc_loss: 0.002168593928217888
INFO:root:Generator loss: 0.08010740039273373, Discriminator loss: 0.004864211576522862
INFO:root:
=== Epoch 8 evaluation ===
INFO:root:=== Evaluation metrics ===
PESQ: 3.1723,SSNR: 9.9843,CSIG: 4.4960,CBAK: 3.7520,COVL: 3.9069,STOI: 0.9527

INFO:root:Epoch 9, Step 500, loss: 0.15292058885097504, disc_loss: 0.001289266743697226
INFO:root:Epoch 9, Step 1000, loss: 0.10219591856002808, disc_loss: 0.0015516869025304914
INFO:root:Epoch 9, Step 1500, loss: 0.12593239545822144, disc_loss: 0.0004052071017213166
INFO:root:Epoch 9, Step 2000, loss: 0.10510678589344025, disc_loss: 0.004127180203795433
INFO:root:Epoch 9, Step 2500, loss: 0.14218804240226746, disc_loss: 0.0022035008296370506
INFO:root:Generator loss: 0.07963394290469225, Discriminator loss: 0.0040462111824082474
INFO:root:
=== Epoch 9 evaluation ===
INFO:root:=== Evaluation metrics ===
PESQ: 3.1717,SSNR: 9.6484,CSIG: 4.5182,CBAK: 3.7313,COVL: 3.9246,STOI: 0.9507

INFO:root:Epoch 10, Step 500, loss: 0.136243999004364, disc_loss: 0.000676758645568043
INFO:root:Epoch 10, Step 1000, loss: 0.08475320786237717, disc_loss: 0.0017957700183615088
INFO:root:Epoch 10, Step 1500, loss: 0.08705878257751465, disc_loss: 0.0006898145074956119
INFO:root:Epoch 10, Step 2000, loss: 0.13848702609539032, disc_loss: 0.004223095718771219
INFO:root:Epoch 10, Step 2500, loss: 0.09355120360851288, disc_loss: 0.003247420769184828
INFO:root:Generator loss: 0.07544309052738171, Discriminator loss: 0.0058179972164580955
INFO:root:
=== Epoch 10 evaluation ===
INFO:root:=== Evaluation metrics ===
PESQ: 3.2226,SSNR: 10.0331,CSIG: 4.5353,CBAK: 3.7819,COVL: 3.9587,STOI: 0.9534

INFO:root:Epoch 11, Step 500, loss: 0.10338547080755234, disc_loss: 0.056431546807289124
INFO:root:Epoch 11, Step 1000, loss: 0.0895007997751236, disc_loss: 0.0005564368912018836
INFO:root:Epoch 11, Step 1500, loss: 0.08772841840982437, disc_loss: 0.00076722027733922
INFO:root:Epoch 11, Step 2000, loss: 0.1357111632823944, disc_loss: 0.002624227199703455
INFO:root:Epoch 11, Step 2500, loss: 0.15895582735538483, disc_loss: 0.0009577093296684325
INFO:root:Generator loss: 0.07586481999063376, Discriminator loss: 0.008100150458984308
INFO:root:
=== Epoch 11 evaluation ===
INFO:root:=== Evaluation metrics ===
PESQ: 3.2308,SSNR: 9.8834,CSIG: 4.5510,CBAK: 3.7753,COVL: 3.9795,STOI: 0.9509

INFO:root:Epoch 12, Step 500, loss: 0.0972367376089096, disc_loss: 0.0008792362059466541
INFO:root:Epoch 12, Step 1000, loss: 0.1232694685459137, disc_loss: 0.0006830634665675461
INFO:root:Epoch 12, Step 1500, loss: 0.10170669853687286, disc_loss: 0.0009659091010689735
INFO:root:Epoch 12, Step 2000, loss: 0.1305895447731018, disc_loss: 0.0001695473911240697
INFO:root:Epoch 12, Step 2500, loss: 0.1092868521809578, disc_loss: 0.001506348606199026
INFO:root:Generator loss: 0.07246995411668587, Discriminator loss: 0.0051633110063634274
INFO:root:
=== Epoch 12 evaluation ===
INFO:root:=== Evaluation metrics ===
PESQ: 3.3120,SSNR: 10.1952,CSIG: 4.5750,CBAK: 3.8353,COVL: 4.0331,STOI: 0.9544

INFO:root:Epoch 13, Step 500, loss: 0.12087246030569077, disc_loss: 0.0026054249610751867
INFO:root:Epoch 13, Step 1000, loss: 0.06835928559303284, disc_loss: 0.00042853999184444547
INFO:root:Epoch 13, Step 1500, loss: 0.10956238955259323, disc_loss: 0.0012718118960037827
INFO:root:Epoch 13, Step 2000, loss: 0.1054283007979393, disc_loss: 0.001514212228357792
INFO:root:Epoch 13, Step 2500, loss: 0.13409946858882904, disc_loss: 0.003918662667274475
INFO:root:Generator loss: 0.07282565091058467, Discriminator loss: 0.007056368492502444
INFO:root:
=== Epoch 13 evaluation ===
INFO:root:=== Evaluation metrics ===
PESQ: 3.2935,SSNR: 10.1586,CSIG: 4.5669,CBAK: 3.8233,COVL: 4.0202,STOI: 0.9544

INFO:root:Epoch 14, Step 500, loss: 0.06845279037952423, disc_loss: 0.03379882872104645
INFO:root:Epoch 14, Step 1000, loss: 0.12341441959142685, disc_loss: 0.00051022571278736
INFO:root:Epoch 14, Step 1500, loss: 0.09504985809326172, disc_loss: 0.002075728727504611
INFO:root:Epoch 14, Step 2000, loss: 0.05764441937208176, disc_loss: 0.0010109434369951487
INFO:root:Epoch 14, Step 2500, loss: 0.13098017871379852, disc_loss: 0.0010948892449960113
INFO:root:Generator loss: 0.0721686746816612, Discriminator loss: 0.0034713352570355867
INFO:root:
=== Epoch 14 evaluation ===
INFO:root:=== Evaluation metrics ===
PESQ: 3.3275,SSNR: 10.1119,CSIG: 4.5758,CBAK: 3.8369,COVL: 4.0399,STOI: 0.9546

INFO:root:Epoch 15, Step 500, loss: 0.07822681218385696, disc_loss: 0.0007835277356207371
INFO:root:Epoch 15, Step 1000, loss: 0.06560301780700684, disc_loss: 0.002586900722235441
INFO:root:Epoch 15, Step 1500, loss: 0.08913969993591309, disc_loss: 0.000698249670676887
INFO:root:Epoch 15, Step 2000, loss: 0.10225614905357361, disc_loss: 0.0009964031632989645
INFO:root:Epoch 15, Step 2500, loss: 0.06137559935450554, disc_loss: 0.0003157557512167841
INFO:root:Generator loss: 0.07336717845817793, Discriminator loss: 0.007485970394537237
INFO:root:
=== Epoch 15 evaluation ===
INFO:root:=== Evaluation metrics ===
PESQ: 3.3063,SSNR: 9.8979,CSIG: 4.5463,CBAK: 3.8107,COVL: 4.0164,STOI: 0.9548

INFO:root:Epoch 16, Step 500, loss: 0.07003521174192429, disc_loss: 0.0019353231182321906
INFO:root:Epoch 16, Step 1000, loss: 0.17545677721500397, disc_loss: 0.0030973684042692184
INFO:root:Epoch 16, Step 1500, loss: 0.07757527381181717, disc_loss: 0.0013512159930542111
INFO:root:Epoch 16, Step 2000, loss: 0.1044425517320633, disc_loss: 0.002584792673587799
INFO:root:Epoch 16, Step 2500, loss: 0.11081691086292267, disc_loss: 0.0013210410252213478
INFO:root:Generator loss: 0.07029444680919925, Discriminator loss: 0.0042294074624911904
INFO:root:
=== Epoch 16 evaluation ===
INFO:root:=== Evaluation metrics ===
PESQ: 3.2892,SSNR: 10.3807,CSIG: 4.5717,CBAK: 3.8364,COVL: 4.0155,STOI: 0.9553

INFO:root:Epoch 17, Step 500, loss: 0.09613041579723358, disc_loss: 0.060357097536325455
INFO:root:Epoch 17, Step 1000, loss: 0.10588065534830093, disc_loss: 0.0010228084865957499
INFO:root:Epoch 17, Step 1500, loss: 0.1746377944946289, disc_loss: 0.0015934384427964687
INFO:root:Epoch 17, Step 2000, loss: 0.11266840994358063, disc_loss: 0.002105755265802145
INFO:root:Epoch 17, Step 2500, loss: 0.11074729263782501, disc_loss: 0.000690179702360183
INFO:root:Generator loss: 0.06978903781369473, Discriminator loss: 0.0067294643910641855
INFO:root:
=== Epoch 17 evaluation ===
INFO:root:=== Evaluation metrics ===
PESQ: 3.3284,SSNR: 10.4654,CSIG: 4.5623,CBAK: 3.8608,COVL: 4.0362,STOI: 0.9556

INFO:root:Epoch 18, Step 500, loss: 0.11911118775606155, disc_loss: 0.0014240887248888612
INFO:root:Epoch 18, Step 1000, loss: 0.08450455218553543, disc_loss: 0.0010322998277842999
INFO:root:Epoch 18, Step 1500, loss: 0.12650546431541443, disc_loss: 0.003494505537673831
INFO:root:Epoch 18, Step 2000, loss: 0.12036332488059998, disc_loss: 0.002539745531976223
INFO:root:Epoch 18, Step 2500, loss: 0.09977827221155167, disc_loss: 0.0009353053173981607
INFO:root:Generator loss: 0.06951955524137587, Discriminator loss: 0.005692947856676132
INFO:root:
=== Epoch 18 evaluation ===
INFO:root:=== Evaluation metrics ===
PESQ: 3.3334,SSNR: 10.5553,CSIG: 4.5924,CBAK: 3.8685,COVL: 4.0593,STOI: 0.9546

INFO:root:Epoch 19, Step 500, loss: 0.08838983625173569, disc_loss: 0.0018930821679532528
INFO:root:Epoch 19, Step 1000, loss: 0.09818904101848602, disc_loss: 0.002775369444862008
INFO:root:Epoch 19, Step 1500, loss: 0.08243819326162338, disc_loss: 0.0016184276901185513
INFO:root:Epoch 19, Step 2000, loss: 0.07209308445453644, disc_loss: 0.0018508462235331535
INFO:root:Epoch 19, Step 2500, loss: 0.10944443196058273, disc_loss: 0.0002861877728719264
INFO:root:Generator loss: 0.07069295610400658, Discriminator loss: 0.0072575567341321675
INFO:root:
=== Epoch 19 evaluation ===
INFO:root:=== Evaluation metrics ===
PESQ: 3.2759,SSNR: 10.3882,CSIG: 4.5656,CBAK: 3.8308,COVL: 4.0101,STOI: 0.9556

INFO:root:Epoch 20, Step 500, loss: 0.07452799379825592, disc_loss: 0.002890603384003043
INFO:root:Epoch 20, Step 1000, loss: 0.08394254744052887, disc_loss: 0.0005909883766435087
INFO:root:Epoch 20, Step 1500, loss: 0.12285470962524414, disc_loss: 0.00209716334939003
INFO:root:Epoch 20, Step 2000, loss: 0.09581419825553894, disc_loss: 0.0009798145620152354
INFO:root:Epoch 20, Step 2500, loss: 0.10669760406017303, disc_loss: 0.0023781266063451767
INFO:root:Generator loss: 0.0713056189017099, Discriminator loss: 0.0051598370573099125
INFO:root:
=== Epoch 20 evaluation ===
INFO:root:=== Evaluation metrics ===
PESQ: 3.2702,SSNR: 10.3424,CSIG: 4.5584,CBAK: 3.8247,COVL: 3.9986,STOI: 0.9557

INFO:root:Epoch 21, Step 500, loss: 0.09104055166244507, disc_loss: 0.0003244386753067374
INFO:root:Epoch 21, Step 1000, loss: 0.08003466576337814, disc_loss: 0.0010256328387185931
INFO:root:Epoch 21, Step 1500, loss: 0.14365434646606445, disc_loss: 0.00025006578653119504
INFO:root:Epoch 21, Step 2000, loss: 0.09079714119434357, disc_loss: 0.0024790188763290644
INFO:root:Epoch 21, Step 2500, loss: 0.08997542411088943, disc_loss: 0.00326204183511436
INFO:root:Generator loss: 0.07080839735284014, Discriminator loss: 0.005778834104117795
INFO:root:
=== Epoch 21 evaluation ===
INFO:root:=== Evaluation metrics ===
PESQ: 3.3353,SSNR: 10.1917,CSIG: 4.5958,CBAK: 3.8457,COVL: 4.0608,STOI: 0.9554

INFO:root:Epoch 22, Step 500, loss: 0.07038944959640503, disc_loss: 0.002254872117191553
INFO:root:Epoch 22, Step 1000, loss: 0.1007976308465004, disc_loss: 0.003138831816613674
INFO:root:Epoch 22, Step 1500, loss: 0.12340201437473297, disc_loss: 0.0005773705779574811
INFO:root:Epoch 22, Step 2000, loss: 0.08816041052341461, disc_loss: 0.0011912960326299071
INFO:root:Epoch 22, Step 2500, loss: 0.05188027024269104, disc_loss: 0.0006886813789606094
INFO:root:Generator loss: 0.07051983716201435, Discriminator loss: 0.004061052907858432
INFO:root:
=== Epoch 22 evaluation ===
INFO:root:=== Evaluation metrics ===
PESQ: 3.3303,SSNR: 10.4604,CSIG: 4.6273,CBAK: 3.8607,COVL: 4.0768,STOI: 0.9555

INFO:root:Epoch 23, Step 500, loss: 0.16873115301132202, disc_loss: 0.001119592459872365
INFO:root:Epoch 23, Step 1000, loss: 0.0748664140701294, disc_loss: 0.0034828027710318565
INFO:root:Epoch 23, Step 1500, loss: 0.09261107444763184, disc_loss: 0.0016669465694576502
INFO:root:Epoch 23, Step 2000, loss: 0.1017388328909874, disc_loss: 0.0018411934142932296
INFO:root:Epoch 23, Step 2500, loss: 0.08937360346317291, disc_loss: 0.00028547868714667857
INFO:root:Generator loss: 0.07118086871302244, Discriminator loss: 0.005799818925491141
INFO:root:
=== Epoch 23 evaluation ===
INFO:root:=== Evaluation metrics ===
PESQ: 3.3174,SSNR: 10.1902,CSIG: 4.5803,CBAK: 3.8364,COVL: 4.0401,STOI: 0.9558

INFO:root:Epoch 24, Step 500, loss: 0.09732475876808167, disc_loss: 0.00486593646928668
INFO:root:Epoch 24, Step 1000, loss: 0.0806940421462059, disc_loss: 0.000763983465731144
INFO:root:Epoch 24, Step 1500, loss: 0.0938711017370224, disc_loss: 0.0015154577558860183
INFO:root:Epoch 24, Step 2000, loss: 0.09334821999073029, disc_loss: 0.001080935588106513
INFO:root:Epoch 24, Step 2500, loss: 0.11638212203979492, disc_loss: 0.00033619574969634414
INFO:root:Generator loss: 0.06952633241245758, Discriminator loss: 0.005026273536908404
INFO:root:
=== Epoch 24 evaluation ===
INFO:root:=== Evaluation metrics ===
PESQ: 3.3157,SSNR: 10.5233,CSIG: 4.5741,CBAK: 3.8569,COVL: 4.0329,STOI: 0.9560

INFO:root:Epoch 25, Step 500, loss: 0.10549259185791016, disc_loss: 0.002122668083757162
INFO:root:Epoch 25, Step 1000, loss: 0.1085224449634552, disc_loss: 0.00256385188549757
INFO:root:Epoch 25, Step 1500, loss: 0.08103320002555847, disc_loss: 0.0006544038187712431
INFO:root:Epoch 25, Step 2000, loss: 0.08603469282388687, disc_loss: 0.00029640120919793844
INFO:root:Epoch 25, Step 2500, loss: 0.08327586948871613, disc_loss: 0.0008818403002806008
INFO:root:Generator loss: 0.06867330929137838, Discriminator loss: 0.004798897405935438
INFO:root:
=== Epoch 25 evaluation ===
INFO:root:=== Evaluation metrics ===
PESQ: 3.3558,SSNR: 10.4849,CSIG: 4.6142,CBAK: 3.8735,COVL: 4.0808,STOI: 0.9561

INFO:root:Epoch 26, Step 500, loss: 0.05846359580755234, disc_loss: 0.0011926753213629127
INFO:root:Epoch 26, Step 1000, loss: 0.10947851091623306, disc_loss: 0.0009169544791802764
INFO:root:Epoch 26, Step 1500, loss: 0.09775038063526154, disc_loss: 0.0014911448815837502
INFO:root:Epoch 26, Step 2000, loss: 0.1227572038769722, disc_loss: 0.0009398852125741541
INFO:root:Epoch 26, Step 2500, loss: 0.07659987360239029, disc_loss: 0.001681996276602149
INFO:root:Generator loss: 0.06884953055928633, Discriminator loss: 0.005253043654007449
INFO:root:
=== Epoch 26 evaluation ===
INFO:root:=== Evaluation metrics ===
PESQ: 3.3621,SSNR: 10.4724,CSIG: 4.5939,CBAK: 3.8777,COVL: 4.0727,STOI: 0.9559

INFO:root:Epoch 27, Step 500, loss: 0.08148081600666046, disc_loss: 0.002857097191736102
INFO:root:Epoch 27, Step 1000, loss: 0.05683553218841553, disc_loss: 0.0006874188547953963
INFO:root:Epoch 27, Step 1500, loss: 0.11989835649728775, disc_loss: 0.0006469613290391862
INFO:root:Epoch 27, Step 2000, loss: 0.10997793823480606, disc_loss: 0.0012201850768178701
INFO:root:Epoch 27, Step 2500, loss: 0.09392479062080383, disc_loss: 0.0008818453643471003
INFO:root:Generator loss: 0.06907340619279054, Discriminator loss: 0.006585477473988063
INFO:root:
=== Epoch 27 evaluation ===
INFO:root:=== Evaluation metrics ===
PESQ: 3.3471,SSNR: 10.4559,CSIG: 4.6119,CBAK: 3.8683,COVL: 4.0750,STOI: 0.9557

INFO:root:Epoch 28, Step 500, loss: 0.09031720459461212, disc_loss: 0.0015441261930391192
INFO:root:Epoch 28, Step 1000, loss: 0.0990949347615242, disc_loss: 0.002723837038502097
INFO:root:Epoch 28, Step 1500, loss: 0.08036944270133972, disc_loss: 0.0026376349851489067
INFO:root:Epoch 28, Step 2000, loss: 0.06909721344709396, disc_loss: 0.00038876061444170773
INFO:root:Epoch 28, Step 2500, loss: 0.08728177845478058, disc_loss: 0.0007716306135989726
INFO:root:Generator loss: 0.06745746474966262, Discriminator loss: 0.006290196524707991
INFO:root:
=== Epoch 28 evaluation ===
INFO:root:=== Evaluation metrics ===
PESQ: 3.4012,SSNR: 10.4577,CSIG: 4.6449,CBAK: 3.8959,COVL: 4.1263,STOI: 0.9562

INFO:root:Epoch 29, Step 500, loss: 0.11844144761562347, disc_loss: 0.0030951586086302996
INFO:root:Epoch 29, Step 1000, loss: 0.07278722524642944, disc_loss: 0.0031294880900532007
INFO:root:Epoch 29, Step 1500, loss: 0.09353264421224594, disc_loss: 0.003608385566622019
INFO:root:Epoch 29, Step 2000, loss: 0.09200295060873032, disc_loss: 0.0002633232797961682
INFO:root:Epoch 29, Step 2500, loss: 0.0809074342250824, disc_loss: 0.0002753802400548011
INFO:root:Generator loss: 0.07018881388804288, Discriminator loss: 0.005981504766433556
INFO:root:
=== Epoch 29 evaluation ===
INFO:root:=== Evaluation metrics ===
PESQ: 3.3560,SSNR: 10.1462,CSIG: 4.6226,CBAK: 3.8517,COVL: 4.0855,STOI: 0.9556

INFO:root:Epoch 30, Step 500, loss: 0.10130307078361511, disc_loss: 0.0017088608583435416
INFO:root:Epoch 30, Step 1000, loss: 0.09460330009460449, disc_loss: 0.002232025610283017
INFO:root:Epoch 30, Step 1500, loss: 0.06413276493549347, disc_loss: 0.001264961319975555
INFO:root:Epoch 30, Step 2000, loss: 0.11036359518766403, disc_loss: 0.0006144463550299406
INFO:root:Epoch 30, Step 2500, loss: 0.06414247304201126, disc_loss: 0.0020795846357941628
INFO:root:Generator loss: 0.06837699194303126, Discriminator loss: 0.0045129018306097266
INFO:root:
=== Epoch 30 evaluation ===
INFO:root:=== Evaluation metrics ===
PESQ: 3.3740,SSNR: 10.5353,CSIG: 4.6185,CBAK: 3.8867,COVL: 4.0951,STOI: 0.9547

INFO:root:Epoch 31, Step 500, loss: 0.11547593772411346, disc_loss: 0.002817897591739893
INFO:root:Epoch 31, Step 1000, loss: 0.09401513636112213, disc_loss: 0.0014482156839221716
INFO:root:Epoch 31, Step 1500, loss: 0.1099335104227066, disc_loss: 0.0015741480747237802
INFO:root:Epoch 31, Step 2000, loss: 0.07574495673179626, disc_loss: 0.002650268841534853
INFO:root:Epoch 31, Step 2500, loss: 0.07939066737890244, disc_loss: 0.00047239341074600816
INFO:root:Generator loss: 0.06784019092079795, Discriminator loss: 0.004150010087648553
INFO:root:
=== Epoch 31 evaluation ===
INFO:root:=== Evaluation metrics ===
PESQ: 3.3528,SSNR: 10.6550,CSIG: 4.6221,CBAK: 3.8847,COVL: 4.0828,STOI: 0.9560

INFO:root:Epoch 32, Step 500, loss: 0.0656278133392334, disc_loss: 0.005483425222337246
INFO:root:Epoch 32, Step 1000, loss: 0.06038752943277359, disc_loss: 0.0016590752638876438
INFO:root:Epoch 32, Step 1500, loss: 0.05153548717498779, disc_loss: 0.001003577490337193
INFO:root:Epoch 32, Step 2000, loss: 0.0968635082244873, disc_loss: 0.0006658665370196104
INFO:root:Epoch 32, Step 2500, loss: 0.1274317055940628, disc_loss: 0.001494910684414208
INFO:root:Generator loss: 0.06830698862056998, Discriminator loss: 0.0058368401238660175
INFO:root:
=== Epoch 32 evaluation ===
INFO:root:=== Evaluation metrics ===
PESQ: 3.3808,SSNR: 10.4116,CSIG: 4.6214,CBAK: 3.8816,COVL: 4.0985,STOI: 0.9559

INFO:root:Epoch 33, Step 500, loss: 0.08363822102546692, disc_loss: 0.0003396903339307755
INFO:root:Epoch 33, Step 1000, loss: 0.05331796035170555, disc_loss: 0.0003516458673402667
INFO:root:Epoch 33, Step 1500, loss: 0.14604279398918152, disc_loss: 0.003738958854228258
INFO:root:Epoch 33, Step 2000, loss: 0.11026811599731445, disc_loss: 0.0010147157590836287
INFO:root:Epoch 33, Step 2500, loss: 0.06583432108163834, disc_loss: 0.00034897701698355377
INFO:root:Generator loss: 0.06903267705143945, Discriminator loss: 0.006847348625457211
INFO:root:
=== Epoch 33 evaluation ===
INFO:root:=== Evaluation metrics ===
PESQ: 3.3964,SSNR: 10.3326,CSIG: 4.6131,CBAK: 3.8836,COVL: 4.1033,STOI: 0.9556

INFO:root:Epoch 34, Step 500, loss: 0.08310917019844055, disc_loss: 0.0014181158039718866
INFO:root:Epoch 34, Step 1000, loss: 0.11713114380836487, disc_loss: 0.0016742333536967635
INFO:root:Epoch 34, Step 1500, loss: 0.08769280463457108, disc_loss: 0.0010097232880070806
INFO:root:Epoch 34, Step 2000, loss: 0.07740166783332825, disc_loss: 0.0011120318667963147
INFO:root:Epoch 34, Step 2500, loss: 0.08424463868141174, disc_loss: 0.0003617793263401836
INFO:root:Generator loss: 0.06816022410916472, Discriminator loss: 0.005144787148451851
INFO:root:
=== Epoch 34 evaluation ===
INFO:root:=== Evaluation metrics ===
PESQ: 3.3822,SSNR: 10.4220,CSIG: 4.6230,CBAK: 3.8830,COVL: 4.0995,STOI: 0.9560

INFO:root:Epoch 35, Step 500, loss: 0.07859759032726288, disc_loss: 0.000782536924816668
INFO:root:Epoch 35, Step 1000, loss: 0.08586082607507706, disc_loss: 0.0005799015634693205
INFO:root:Epoch 35, Step 1500, loss: 0.10979128628969193, disc_loss: 0.0007440188783220947
INFO:root:Epoch 35, Step 2000, loss: 0.16382062435150146, disc_loss: 0.0011588730849325657
INFO:root:Epoch 35, Step 2500, loss: 0.0699571967124939, disc_loss: 0.0012237576302140951
INFO:root:Generator loss: 0.06810187860346824, Discriminator loss: 0.004450119280855926
INFO:root:
=== Epoch 35 evaluation ===
INFO:root:=== Evaluation metrics ===
PESQ: 3.3718,SSNR: 10.5090,CSIG: 4.6230,CBAK: 3.8848,COVL: 4.0932,STOI: 0.9564

INFO:root:Epoch 36, Step 500, loss: 0.10004106909036636, disc_loss: 0.0020471690222620964
INFO:root:Epoch 36, Step 1000, loss: 0.07370249927043915, disc_loss: 0.007326854392886162
INFO:root:Epoch 36, Step 1500, loss: 0.1129748523235321, disc_loss: 0.0005496798548847437
INFO:root:Epoch 36, Step 2000, loss: 0.11376223713159561, disc_loss: 0.0013040431076660752
INFO:root:Epoch 36, Step 2500, loss: 0.08958064764738083, disc_loss: 0.001238467637449503
INFO:root:Generator loss: 0.06824164142271558, Discriminator loss: 0.007489080888739656
INFO:root:
=== Epoch 36 evaluation ===
INFO:root:=== Evaluation metrics ===
PESQ: 3.3662,SSNR: 10.4266,CSIG: 4.6204,CBAK: 3.8762,COVL: 4.0886,STOI: 0.9562

INFO:root:Epoch 37, Step 500, loss: 0.0787389874458313, disc_loss: 0.0005078149843029678
INFO:root:Epoch 37, Step 1000, loss: 0.09781026840209961, disc_loss: 0.0005595888360403478
INFO:root:Epoch 37, Step 1500, loss: 0.07667060196399689, disc_loss: 0.0006562237394973636
INFO:root:Epoch 37, Step 2000, loss: 0.0847126692533493, disc_loss: 0.001839947421103716
INFO:root:Epoch 37, Step 2500, loss: 0.07182494550943375, disc_loss: 0.10134471952915192
INFO:root:Generator loss: 0.07080227167354626, Discriminator loss: 0.004964300588839145
INFO:root:
=== Epoch 37 evaluation ===
INFO:root:=== Evaluation metrics ===
PESQ: 3.3577,SSNR: 10.1029,CSIG: 4.5983,CBAK: 3.8471,COVL: 4.0700,STOI: 0.9565

INFO:root:Epoch 38, Step 500, loss: 0.10309335589408875, disc_loss: 0.0023562528658658266
INFO:root:Epoch 38, Step 1000, loss: 0.09848742932081223, disc_loss: 0.00015768500452395529
INFO:root:Epoch 38, Step 1500, loss: 0.10854819416999817, disc_loss: 0.0007184934220276773
INFO:root:Epoch 38, Step 2000, loss: 0.061483513563871384, disc_loss: 0.0007066237740218639
INFO:root:Epoch 38, Step 2500, loss: 0.15556342899799347, disc_loss: 0.0024007842876017094
INFO:root:Generator loss: 0.0697474841534802, Discriminator loss: 0.005716988199001384
INFO:root:
=== Epoch 38 evaluation ===
INFO:root:=== Evaluation metrics ===
PESQ: 3.3863,SSNR: 10.1481,CSIG: 4.6222,CBAK: 3.8659,COVL: 4.1020,STOI: 0.9564

INFO:root:Epoch 39, Step 500, loss: 0.059632085263729095, disc_loss: 0.0008386220433749259
INFO:root:Epoch 39, Step 1000, loss: 0.05751701071858406, disc_loss: 0.0005163882160559297
INFO:root:Epoch 39, Step 1500, loss: 0.08676274865865707, disc_loss: 0.000864015135448426
INFO:root:Epoch 39, Step 2000, loss: 0.07953715324401855, disc_loss: 0.0012379537802189589
INFO:root:Epoch 39, Step 2500, loss: 0.1041441336274147, disc_loss: 0.0016877693124115467
INFO:root:Generator loss: 0.06780024754444083, Discriminator loss: 0.004368412984476184
INFO:root:
=== Epoch 39 evaluation ===
INFO:root:=== Evaluation metrics ===
PESQ: 3.3766,SSNR: 10.5649,CSIG: 4.6164,CBAK: 3.8895,COVL: 4.0936,STOI: 0.9567

INFO:root:Epoch 40, Step 500, loss: 0.0816456526517868, disc_loss: 0.0013086107792332768
INFO:root:Epoch 40, Step 1000, loss: 0.09921374917030334, disc_loss: 0.001363334828056395
INFO:root:Epoch 40, Step 1500, loss: 0.1145150363445282, disc_loss: 8.949172479333356e-05
INFO:root:Epoch 40, Step 2000, loss: 0.07094438374042511, disc_loss: 0.0018678366905078292
INFO:root:Epoch 40, Step 2500, loss: 0.08857649564743042, disc_loss: 0.003262416459619999
INFO:root:Generator loss: 0.06871590326603466, Discriminator loss: 0.007255259535615321
INFO:root:
=== Epoch 40 evaluation ===
INFO:root:=== Evaluation metrics ===
PESQ: 3.3747,SSNR: 10.2884,CSIG: 4.6187,CBAK: 3.8714,COVL: 4.0938,STOI: 0.9568

INFO:root:Epoch 41, Step 500, loss: 0.10497227311134338, disc_loss: 0.0008382774540223181
INFO:root:Epoch 41, Step 1000, loss: 0.10029193758964539, disc_loss: 0.001724281464703381
INFO:root:Epoch 41, Step 1500, loss: 0.05421193689107895, disc_loss: 0.0005463124252855778
INFO:root:Epoch 41, Step 2000, loss: 0.08931629359722137, disc_loss: 0.0006231754668988287
INFO:root:Epoch 41, Step 2500, loss: 0.06247372180223465, disc_loss: 0.003573914524167776
INFO:root:Generator loss: 0.06782738486467635, Discriminator loss: 0.004408159654418536
INFO:root:
=== Epoch 41 evaluation ===
INFO:root:=== Evaluation metrics ===
PESQ: 3.3869,SSNR: 10.6336,CSIG: 4.6339,CBAK: 3.8990,COVL: 4.1079,STOI: 0.9567

INFO:root:Epoch 42, Step 500, loss: 0.0807739719748497, disc_loss: 0.0008798859198577702
INFO:root:Epoch 42, Step 1000, loss: 0.08463946729898453, disc_loss: 0.0015159238828346133
INFO:root:Epoch 42, Step 1500, loss: 0.07583237439393997, disc_loss: 0.001980019733309746
INFO:root:Epoch 42, Step 2000, loss: 0.09952380508184433, disc_loss: 0.0004229398909956217
INFO:root:Epoch 42, Step 2500, loss: 0.09159508347511292, disc_loss: 0.003176292171701789
INFO:root:Generator loss: 0.06764857716930722, Discriminator loss: 0.0041721567046886215
INFO:root:
=== Epoch 42 evaluation ===
INFO:root:=== Evaluation metrics ===
PESQ: 3.4089,SSNR: 10.5393,CSIG: 4.6343,CBAK: 3.9030,COVL: 4.1228,STOI: 0.9564

INFO:root:Epoch 43, Step 500, loss: 0.08689037710428238, disc_loss: 0.0016307042678818107
INFO:root:Epoch 43, Step 1000, loss: 0.10315187275409698, disc_loss: 0.0016080428613349795
INFO:root:Epoch 43, Step 1500, loss: 0.08676758408546448, disc_loss: 0.0012732408940792084
INFO:root:Epoch 43, Step 2000, loss: 0.09430065751075745, disc_loss: 0.003003132762387395
INFO:root:Epoch 43, Step 2500, loss: 0.09051278233528137, disc_loss: 0.001048832549713552
INFO:root:Generator loss: 0.06711633501628649, Discriminator loss: 0.005668399459255031
INFO:root:
=== Epoch 43 evaluation ===
INFO:root:=== Evaluation metrics ===
PESQ: 3.3975,SSNR: 10.5777,CSIG: 4.6286,CBAK: 3.9009,COVL: 4.1097,STOI: 0.9570

INFO:root:Epoch 44, Step 500, loss: 0.09880271553993225, disc_loss: 0.001129747019149363
INFO:root:Epoch 44, Step 1000, loss: 0.10587532818317413, disc_loss: 0.000291451025987044
INFO:root:Epoch 44, Step 1500, loss: 0.09306226670742035, disc_loss: 0.0008524536970071495
INFO:root:Epoch 44, Step 2000, loss: 0.09626640379428864, disc_loss: 0.0023589972406625748
INFO:root:Epoch 44, Step 2500, loss: 0.07861434668302536, disc_loss: 0.0002932529023382813
INFO:root:Generator loss: 0.06808779590302011, Discriminator loss: 0.00508080673678052
INFO:root:
=== Epoch 44 evaluation ===
INFO:root:=== Evaluation metrics ===
PESQ: 3.4035,SSNR: 10.4488,CSIG: 4.6301,CBAK: 3.8942,COVL: 4.1157,STOI: 0.9570

INFO:root:Epoch 45, Step 500, loss: 0.09957638382911682, disc_loss: 0.0010659322142601013
INFO:root:Epoch 45, Step 1000, loss: 0.07042933255434036, disc_loss: 0.00023222604067996144
INFO:root:Epoch 45, Step 1500, loss: 0.09058753401041031, disc_loss: 0.0018456586403772235
INFO:root:Epoch 45, Step 2000, loss: 0.1284146010875702, disc_loss: 0.0006964862113818526
INFO:root:Epoch 45, Step 2500, loss: 0.09618803858757019, disc_loss: 0.0006584638613276184
INFO:root:Generator loss: 0.06719931812721838, Discriminator loss: 0.005094719145577559
INFO:root:
=== Epoch 45 evaluation ===
INFO:root:=== Evaluation metrics ===
PESQ: 3.4020,SSNR: 10.5099,CSIG: 4.6227,CBAK: 3.8981,COVL: 4.1106,STOI: 0.9568

INFO:root:Epoch 46, Step 500, loss: 0.0815848708152771, disc_loss: 0.0014920735266059637
INFO:root:Epoch 46, Step 1000, loss: 0.10707643628120422, disc_loss: 0.0009799370309337974
INFO:root:Epoch 46, Step 1500, loss: 0.09764415770769119, disc_loss: 0.0015775307547301054
INFO:root:Epoch 46, Step 2000, loss: 0.11927327513694763, disc_loss: 0.00018398065003566444
INFO:root:Epoch 46, Step 2500, loss: 0.0660468339920044, disc_loss: 0.0013906521489843726
INFO:root:Generator loss: 0.06754712116660423, Discriminator loss: 0.0057015219019235395
INFO:root:
=== Epoch 46 evaluation ===
INFO:root:=== Evaluation metrics ===
PESQ: 3.3943,SSNR: 10.5131,CSIG: 4.6428,CBAK: 3.8943,COVL: 4.1180,STOI: 0.9565

INFO:root:Epoch 47, Step 500, loss: 0.09482801705598831, disc_loss: 0.0006283276597969234
INFO:root:Epoch 47, Step 1000, loss: 0.12806716561317444, disc_loss: 0.0008888050797395408
INFO:root:Epoch 47, Step 1500, loss: 0.09460628777742386, disc_loss: 0.0011545869056135416
INFO:root:Epoch 47, Step 2000, loss: 0.061491578817367554, disc_loss: 0.0019915092270821333
INFO:root:Epoch 47, Step 2500, loss: 0.06845015287399292, disc_loss: 0.0012025602627545595
INFO:root:Generator loss: 0.06797752015798994, Discriminator loss: 0.006621411152276407
INFO:root:
=== Epoch 47 evaluation ===
INFO:root:=== Evaluation metrics ===
PESQ: 3.3843,SSNR: 10.4984,CSIG: 4.6326,CBAK: 3.8889,COVL: 4.1071,STOI: 0.9571

INFO:root:Epoch 48, Step 500, loss: 0.1090025007724762, disc_loss: 0.0007038270705379546
INFO:root:Epoch 48, Step 1000, loss: 0.05145817995071411, disc_loss: 0.0010977000929415226
INFO:root:Epoch 48, Step 1500, loss: 0.08135475218296051, disc_loss: 0.0010342681780457497
INFO:root:Epoch 48, Step 2000, loss: 0.06890470534563065, disc_loss: 0.0018123188056051731
INFO:root:Epoch 48, Step 2500, loss: 0.07385384291410446, disc_loss: 0.0002588337520137429
INFO:root:Generator loss: 0.06782744034618429, Discriminator loss: 0.006830318376001053
INFO:root:
=== Epoch 48 evaluation ===
INFO:root:=== Evaluation metrics ===
PESQ: 3.3835,SSNR: 10.3828,CSIG: 4.6300,CBAK: 3.8808,COVL: 4.1040,STOI: 0.9571

INFO:root:Epoch 49, Step 500, loss: 0.09650684893131256, disc_loss: 0.001226611784659326
INFO:root:Epoch 49, Step 1000, loss: 0.09146805107593536, disc_loss: 0.0002867505536414683
INFO:root:Epoch 49, Step 1500, loss: 0.06824889034032822, disc_loss: 0.0002335421013412997
INFO:root:Epoch 49, Step 2000, loss: 0.06258786469697952, disc_loss: 0.0005727977259084582
INFO:root:Epoch 49, Step 2500, loss: 0.07790884375572205, disc_loss: 0.0007989192381501198
INFO:root:Generator loss: 0.06982083085164861, Discriminator loss: 0.004860325698210695
INFO:root:
=== Epoch 49 evaluation ===
INFO:root:=== Evaluation metrics ===
PESQ: 3.3914,SSNR: 10.2509,CSIG: 4.6297,CBAK: 3.8739,COVL: 4.1092,STOI: 0.9567

INFO:root:Epoch 50, Step 500, loss: 0.10433441400527954, disc_loss: 0.00014213948452379555
INFO:root:Epoch 50, Step 1000, loss: 0.07082896679639816, disc_loss: 0.00033028775942511857
INFO:root:Epoch 50, Step 1500, loss: 0.11067740619182587, disc_loss: 0.0017385585233569145
INFO:root:Epoch 50, Step 2000, loss: 0.07309415936470032, disc_loss: 0.0009061029995791614
INFO:root:Epoch 50, Step 2500, loss: 0.07204389572143555, disc_loss: 0.003268699860200286
INFO:root:Generator loss: 0.06739355698770401, Discriminator loss: 0.005425203219628316
INFO:root:
=== Epoch 50 evaluation ===
INFO:root:=== Evaluation metrics ===
PESQ: 3.3891,SSNR: 10.5010,CSIG: 4.6345,CBAK: 3.8910,COVL: 4.1110,STOI: 0.9572

INFO:root:Epoch 51, Step 500, loss: 0.09588543325662613, disc_loss: 0.00035928082070313394
INFO:root:Epoch 51, Step 1000, loss: 0.088923379778862, disc_loss: 0.0011561186984181404
INFO:root:Epoch 51, Step 1500, loss: 0.07364770770072937, disc_loss: 0.000849562871735543
INFO:root:Epoch 51, Step 2000, loss: 0.08758807182312012, disc_loss: 0.00040159773197956383
INFO:root:Epoch 51, Step 2500, loss: 0.08814841508865356, disc_loss: 0.0006690379232168198
INFO:root:Generator loss: 0.06836816595270506, Discriminator loss: 0.005542973697779461
INFO:root:
=== Epoch 51 evaluation ===
INFO:root:=== Evaluation metrics ===
PESQ: 3.4026,SSNR: 10.3352,CSIG: 4.6332,CBAK: 3.8862,COVL: 4.1190,STOI: 0.9568

INFO:root:Epoch 52, Step 500, loss: 0.09747681021690369, disc_loss: 0.0011343446094542742
INFO:root:Epoch 52, Step 1000, loss: 0.1059008240699768, disc_loss: 0.0005963411531411111
INFO:root:Epoch 52, Step 1500, loss: 0.08433139324188232, disc_loss: 0.0011210973607376218
INFO:root:Epoch 52, Step 2000, loss: 0.09153144061565399, disc_loss: 0.001291477819904685
INFO:root:Epoch 52, Step 2500, loss: 0.11088067293167114, disc_loss: 0.0017219990259036422
INFO:root:Generator loss: 0.06762651804364422, Discriminator loss: 0.004840279491334302
INFO:root:
=== Epoch 52 evaluation ===
INFO:root:=== Evaluation metrics ===
PESQ: 3.3949,SSNR: 10.4996,CSIG: 4.6265,CBAK: 3.8945,COVL: 4.1102,STOI: 0.9574

INFO:root:Epoch 53, Step 500, loss: 0.11161860078573227, disc_loss: 0.0019130985019728541
INFO:root:Epoch 53, Step 1000, loss: 0.08687470108270645, disc_loss: 0.001395610743202269
INFO:root:Epoch 53, Step 1500, loss: 0.07550783455371857, disc_loss: 0.041487403213977814
INFO:root:Epoch 53, Step 2000, loss: 0.09890444576740265, disc_loss: 0.0016977364430204034
INFO:root:Epoch 53, Step 2500, loss: 0.09961788356304169, disc_loss: 0.0008518732502125204
INFO:root:Generator loss: 0.0687499804223336, Discriminator loss: 0.0070949297957835795
INFO:root:
=== Epoch 53 evaluation ===
INFO:root:=== Evaluation metrics ===
PESQ: 3.3909,SSNR: 10.3742,CSIG: 4.6275,CBAK: 3.8833,COVL: 4.1084,STOI: 0.9570

INFO:root:Epoch 54, Step 500, loss: 0.07706981152296066, disc_loss: 0.000725502846762538
INFO:root:Epoch 54, Step 1000, loss: 0.09310032427310944, disc_loss: 0.0008364311652258039
INFO:root:Epoch 54, Step 1500, loss: 0.1119205504655838, disc_loss: 0.0010210225591436028
INFO:root:Epoch 54, Step 2000, loss: 0.11276491731405258, disc_loss: 0.00011706012446666136
INFO:root:Epoch 54, Step 2500, loss: 0.10993719846010208, disc_loss: 0.0021477751433849335
INFO:root:Generator loss: 0.0678729874000532, Discriminator loss: 0.006356744861919139
INFO:root:
=== Epoch 54 evaluation ===
INFO:root:=== Evaluation metrics ===
PESQ: 3.3817,SSNR: 10.5197,CSIG: 4.6221,CBAK: 3.8887,COVL: 4.0991,STOI: 0.9572

INFO:root:Epoch 55, Step 500, loss: 0.12418035417795181, disc_loss: 0.0009045596816577017
INFO:root:Epoch 55, Step 1000, loss: 0.07510089129209518, disc_loss: 0.000657426193356514
INFO:root:Epoch 55, Step 1500, loss: 0.08410891890525818, disc_loss: 0.00022034748690202832
INFO:root:Epoch 55, Step 2000, loss: 0.11545255780220032, disc_loss: 0.0006255314801819623
INFO:root:Epoch 55, Step 2500, loss: 0.11490929126739502, disc_loss: 0.001385293435305357
INFO:root:Generator loss: 0.06855507600980187, Discriminator loss: 0.004965040204954949
INFO:root:
=== Epoch 55 evaluation ===
INFO:root:=== Evaluation metrics ===
PESQ: 3.3710,SSNR: 10.4025,CSIG: 4.6263,CBAK: 3.8757,COVL: 4.0978,STOI: 0.9569

INFO:root:Epoch 56, Step 500, loss: 0.1036815196275711, disc_loss: 0.020600415766239166
INFO:root:Epoch 56, Step 1000, loss: 0.06405367702245712, disc_loss: 0.0014303862117230892
INFO:root:Epoch 56, Step 1500, loss: 0.08676459640264511, disc_loss: 0.0007807471556589007
INFO:root:Epoch 56, Step 2000, loss: 0.10267053544521332, disc_loss: 0.0001168247836176306
INFO:root:Epoch 56, Step 2500, loss: 0.07959854602813721, disc_loss: 0.001606213510967791
INFO:root:Generator loss: 0.06818845553450215, Discriminator loss: 0.005602692637853358
INFO:root:
=== Epoch 56 evaluation ===
INFO:root:=== Evaluation metrics ===
PESQ: 3.3698,SSNR: 10.3691,CSIG: 4.6277,CBAK: 3.8739,COVL: 4.0970,STOI: 0.9573

INFO:root:Epoch 57, Step 500, loss: 0.060688093304634094, disc_loss: 0.0003402591391932219
INFO:root:Epoch 57, Step 1000, loss: 0.0951353907585144, disc_loss: 0.004049608018249273
INFO:root:Epoch 57, Step 1500, loss: 0.09948461502790451, disc_loss: 0.00023400461941491812
INFO:root:Epoch 57, Step 2000, loss: 0.06253038346767426, disc_loss: 0.0007732959347777069
INFO:root:Epoch 57, Step 2500, loss: 0.11225064843893051, disc_loss: 0.0021656728349626064
INFO:root:Generator loss: 0.06724432691280703, Discriminator loss: 0.006508843643847656
INFO:root:
=== Epoch 57 evaluation ===
INFO:root:=== Evaluation metrics ===
PESQ: 3.4038,SSNR: 10.5025,CSIG: 4.6361,CBAK: 3.8981,COVL: 4.1204,STOI: 0.9575

INFO:root:Epoch 58, Step 500, loss: 0.06582286953926086, disc_loss: 0.0006975399446673691
INFO:root:Epoch 58, Step 1000, loss: 0.0788637101650238, disc_loss: 0.00023854398750700057
INFO:root:Epoch 58, Step 1500, loss: 0.11733587831258774, disc_loss: 0.002727963961660862
INFO:root:Epoch 58, Step 2000, loss: 0.09842860698699951, disc_loss: 0.0005952013889327645
INFO:root:Epoch 58, Step 2500, loss: 0.11036895215511322, disc_loss: 0.0008169349166564643
INFO:root:Generator loss: 0.06754265889272239, Discriminator loss: 0.00533644032065708
INFO:root:
=== Epoch 58 evaluation ===
INFO:root:=== Evaluation metrics ===
PESQ: 3.4009,SSNR: 10.5696,CSIG: 4.6303,CBAK: 3.9018,COVL: 4.1163,STOI: 0.9569

INFO:root:Epoch 59, Step 500, loss: 0.07652709633111954, disc_loss: 0.0004550045123323798
INFO:root:Epoch 59, Step 1000, loss: 0.07657980918884277, disc_loss: 0.0012182157952338457
INFO:root:Epoch 59, Step 1500, loss: 0.08267685025930405, disc_loss: 0.0019720217678695917
INFO:root:Epoch 59, Step 2000, loss: 0.07663809508085251, disc_loss: 0.0013972066808491945
INFO:root:Epoch 59, Step 2500, loss: 0.08885106444358826, disc_loss: 0.0035898557398468256
INFO:root:Generator loss: 0.0671435926489315, Discriminator loss: 0.0044105788495745375
INFO:root:
=== Epoch 59 evaluation ===
INFO:root:=== Evaluation metrics ===
PESQ: 3.3841,SSNR: 10.6685,CSIG: 4.6240,CBAK: 3.9000,COVL: 4.1033,STOI: 0.9574

Training finished.
