Starting training:
without SE:
Namespace(batch_size=4, cut_len=32000, data_dir='/mnt/iusers01/msc-stu/hum-msc-data-sci-2024-2025/t74061zq/erp/DEMAND_16KHz', decay_epoch=12, epochs=60, init_lr=0.0005, log_interval=500, loss_weights=[0.1, 0.9, 0.2, 0.05, 0.1], save_model_dir='./saved_models_log/saved_models_20250814_VoiceDEMAND_16khz')
['NVIDIA A100-SXM4-80GB']
====================================================================================================
Layer (type:depth-idx)                             Output Shape              Param #
====================================================================================================
TSCNet                                             [1, 1, 321, 201]          --
├─DenseEncoder: 1-1                                [1, 64, 321, 101]         --
│    └─Sequential: 2-1                             [1, 64, 321, 201]         --
│    │    └─Conv2d: 3-1                            [1, 64, 321, 201]         256
│    │    └─InstanceNorm2d: 3-2                    [1, 64, 321, 201]         128
│    │    └─PReLU: 3-3                             [1, 64, 321, 201]         64
│    └─DilatedDenseNet: 2-2                        [1, 64, 321, 201]         --
│    │    └─ConstantPad2d: 3-4                     [1, 64, 322, 203]         --
│    │    └─Conv2d: 3-5                            [1, 64, 321, 201]         24,640
│    │    └─InstanceNorm2d: 3-6                    [1, 64, 321, 201]         128
│    │    └─PReLU: 3-7                             [1, 64, 321, 201]         64
│    │    └─ConstantPad2d: 3-8                     [1, 128, 323, 203]        --
│    │    └─Conv2d: 3-9                            [1, 64, 321, 201]         49,216
│    │    └─InstanceNorm2d: 3-10                   [1, 64, 321, 201]         128
│    │    └─PReLU: 3-11                            [1, 64, 321, 201]         64
│    │    └─ConstantPad2d: 3-12                    [1, 192, 325, 203]        --
│    │    └─Conv2d: 3-13                           [1, 64, 321, 201]         73,792
│    │    └─InstanceNorm2d: 3-14                   [1, 64, 321, 201]         128
│    │    └─PReLU: 3-15                            [1, 64, 321, 201]         64
│    │    └─ConstantPad2d: 3-16                    [1, 256, 329, 203]        --
│    │    └─Conv2d: 3-17                           [1, 64, 321, 201]         98,368
│    │    └─InstanceNorm2d: 3-18                   [1, 64, 321, 201]         128
│    │    └─PReLU: 3-19                            [1, 64, 321, 201]         64
│    └─Sequential: 2-3                             [1, 64, 321, 101]         --
│    │    └─Conv2d: 3-20                           [1, 64, 321, 101]         12,352
│    │    └─InstanceNorm2d: 3-21                   [1, 64, 321, 101]         128
│    │    └─PReLU: 3-22                            [1, 64, 321, 101]         64
├─TSCB: 1-2                                        [1, 64, 321, 101]         --
│    └─ConformerBlock: 2-4                         [101, 321, 64]            --
│    │    └─Scale: 3-23                            [101, 321, 64]            33,216
│    │    └─PreNorm: 3-24                          [101, 321, 64]            32,976
│    │    └─ConformerConvModule: 3-25              [101, 321, 64]            29,376
│    │    └─Scale: 3-26                            [101, 321, 64]            33,216
│    │    └─LayerNorm: 3-27                        [101, 321, 64]            128
│    └─ConformerBlock: 2-5                         [321, 101, 64]            --
│    │    └─Scale: 3-28                            [321, 101, 64]            33,216
│    │    └─PreNorm: 3-29                          [321, 101, 64]            32,976
│    │    └─ConformerConvModule: 3-30              [321, 101, 64]            29,376
│    │    └─Scale: 3-31                            [321, 101, 64]            33,216
│    │    └─LayerNorm: 3-32                        [321, 101, 64]            128
├─TSCB: 1-3                                        [1, 64, 321, 101]         --
│    └─ConformerBlock: 2-6                         [101, 321, 64]            --
│    │    └─Scale: 3-33                            [101, 321, 64]            33,216
│    │    └─PreNorm: 3-34                          [101, 321, 64]            32,976
│    │    └─ConformerConvModule: 3-35              [101, 321, 64]            29,376
│    │    └─Scale: 3-36                            [101, 321, 64]            33,216
│    │    └─LayerNorm: 3-37                        [101, 321, 64]            128
│    └─ConformerBlock: 2-7                         [321, 101, 64]            --
│    │    └─Scale: 3-38                            [321, 101, 64]            33,216
│    │    └─PreNorm: 3-39                          [321, 101, 64]            32,976
│    │    └─ConformerConvModule: 3-40              [321, 101, 64]            29,376
│    │    └─Scale: 3-41                            [321, 101, 64]            33,216
│    │    └─LayerNorm: 3-42                        [321, 101, 64]            128
├─TSCB: 1-4                                        [1, 64, 321, 101]         --
│    └─ConformerBlock: 2-8                         [101, 321, 64]            --
│    │    └─Scale: 3-43                            [101, 321, 64]            33,216
│    │    └─PreNorm: 3-44                          [101, 321, 64]            32,976
│    │    └─ConformerConvModule: 3-45              [101, 321, 64]            29,376
│    │    └─Scale: 3-46                            [101, 321, 64]            33,216
│    │    └─LayerNorm: 3-47                        [101, 321, 64]            128
│    └─ConformerBlock: 2-9                         [321, 101, 64]            --
│    │    └─Scale: 3-48                            [321, 101, 64]            33,216
│    │    └─PreNorm: 3-49                          [321, 101, 64]            32,976
│    │    └─ConformerConvModule: 3-50              [321, 101, 64]            29,376
│    │    └─Scale: 3-51                            [321, 101, 64]            33,216
│    │    └─LayerNorm: 3-52                        [321, 101, 64]            128
├─TSCB: 1-5                                        [1, 64, 321, 101]         --
│    └─ConformerBlock: 2-10                        [101, 321, 64]            --
│    │    └─Scale: 3-53                            [101, 321, 64]            33,216
│    │    └─PreNorm: 3-54                          [101, 321, 64]            32,976
│    │    └─ConformerConvModule: 3-55              [101, 321, 64]            29,376
│    │    └─Scale: 3-56                            [101, 321, 64]            33,216
│    │    └─LayerNorm: 3-57                        [101, 321, 64]            128
│    └─ConformerBlock: 2-11                        [321, 101, 64]            --
│    │    └─Scale: 3-58                            [321, 101, 64]            33,216
│    │    └─PreNorm: 3-59                          [321, 101, 64]            32,976
│    │    └─ConformerConvModule: 3-60              [321, 101, 64]            29,376
│    │    └─Scale: 3-61                            [321, 101, 64]            33,216
│    │    └─LayerNorm: 3-62                        [321, 101, 64]            128
├─MaskDecoder: 1-6                                 [1, 1, 321, 201]          --
│    └─DilatedDenseNet: 2-12                       [1, 64, 321, 101]         --
│    │    └─ConstantPad2d: 3-63                    [1, 64, 322, 103]         --
│    │    └─Conv2d: 3-64                           [1, 64, 321, 101]         24,640
│    │    └─InstanceNorm2d: 3-65                   [1, 64, 321, 101]         128
│    │    └─PReLU: 3-66                            [1, 64, 321, 101]         64
│    │    └─ConstantPad2d: 3-67                    [1, 128, 323, 103]        --
│    │    └─Conv2d: 3-68                           [1, 64, 321, 101]         49,216
│    │    └─InstanceNorm2d: 3-69                   [1, 64, 321, 101]         128
│    │    └─PReLU: 3-70                            [1, 64, 321, 101]         64
│    │    └─ConstantPad2d: 3-71                    [1, 192, 325, 103]        --
│    │    └─Conv2d: 3-72                           [1, 64, 321, 101]         73,792
│    │    └─InstanceNorm2d: 3-73                   [1, 64, 321, 101]         128
│    │    └─PReLU: 3-74                            [1, 64, 321, 101]         64
│    │    └─ConstantPad2d: 3-75                    [1, 256, 329, 103]        --
│    │    └─Conv2d: 3-76                           [1, 64, 321, 101]         98,368
│    │    └─InstanceNorm2d: 3-77                   [1, 64, 321, 101]         128
│    │    └─PReLU: 3-78                            [1, 64, 321, 101]         64
│    └─SPConvTranspose2d: 2-13                     [1, 64, 321, 202]         --
│    │    └─ConstantPad2d: 3-79                    [1, 64, 321, 103]         --
│    │    └─Conv2d: 3-80                           [1, 128, 321, 101]        24,704
│    └─Conv2d: 2-14                                [1, 1, 321, 201]          129
│    └─InstanceNorm2d: 2-15                        [1, 1, 321, 201]          2
│    └─PReLU: 2-16                                 [1, 1, 321, 201]          1
│    └─Conv2d: 2-17                                [1, 1, 321, 201]          2
│    └─PReLU: 2-18                                 [1, 201, 321]             201
├─ComplexDecoder: 1-7                              [1, 2, 321, 201]          --
│    └─DilatedDenseNet: 2-19                       [1, 64, 321, 101]         --
│    │    └─ConstantPad2d: 3-81                    [1, 64, 322, 103]         --
│    │    └─Conv2d: 3-82                           [1, 64, 321, 101]         24,640
│    │    └─InstanceNorm2d: 3-83                   [1, 64, 321, 101]         128
│    │    └─PReLU: 3-84                            [1, 64, 321, 101]         64
│    │    └─ConstantPad2d: 3-85                    [1, 128, 323, 103]        --
│    │    └─Conv2d: 3-86                           [1, 64, 321, 101]         49,216
│    │    └─InstanceNorm2d: 3-87                   [1, 64, 321, 101]         128
│    │    └─PReLU: 3-88                            [1, 64, 321, 101]         64
│    │    └─ConstantPad2d: 3-89                    [1, 192, 325, 103]        --
│    │    └─Conv2d: 3-90                           [1, 64, 321, 101]         73,792
│    │    └─InstanceNorm2d: 3-91                   [1, 64, 321, 101]         128
│    │    └─PReLU: 3-92                            [1, 64, 321, 101]         64
│    │    └─ConstantPad2d: 3-93                    [1, 256, 329, 103]        --
│    │    └─Conv2d: 3-94                           [1, 64, 321, 101]         98,368
│    │    └─InstanceNorm2d: 3-95                   [1, 64, 321, 101]         128
│    │    └─PReLU: 3-96                            [1, 64, 321, 101]         64
│    └─SPConvTranspose2d: 2-20                     [1, 64, 321, 202]         --
│    │    └─ConstantPad2d: 3-97                    [1, 64, 321, 103]         --
│    │    └─Conv2d: 3-98                           [1, 128, 321, 101]        24,704
│    └─InstanceNorm2d: 2-21                        [1, 64, 321, 202]         128
│    └─PReLU: 2-22                                 [1, 64, 321, 202]         64
│    └─Conv2d: 2-23                                [1, 2, 321, 201]          258
====================================================================================================
Total params: 1,834,833
Trainable params: 1,834,833
Non-trainable params: 0
Total mult-adds (G): 41.56
====================================================================================================
Input size (MB): 0.52
Forward/backward pass size (MB): 4856.40
Params size (MB): 7.34
Estimated Total Size (MB): 4864.25
====================================================================================================
==========================================================================================
Layer (type:depth-idx)                   Output Shape              Param #
==========================================================================================
Discriminator                            [1, 1]                    --
├─Sequential: 1-1                        [1, 1]                    --
│    └─Conv2d: 2-1                       [1, 16, 100, 160]         512
│    └─InstanceNorm2d: 2-2               [1, 16, 100, 160]         32
│    └─PReLU: 2-3                        [1, 16, 100, 160]         16
│    └─Conv2d: 2-4                       [1, 32, 50, 80]           8,192
│    └─InstanceNorm2d: 2-5               [1, 32, 50, 80]           64
│    └─PReLU: 2-6                        [1, 32, 50, 80]           32
│    └─Conv2d: 2-7                       [1, 64, 25, 40]           32,768
│    └─InstanceNorm2d: 2-8               [1, 64, 25, 40]           128
│    └─PReLU: 2-9                        [1, 64, 25, 40]           64
│    └─Conv2d: 2-10                      [1, 128, 12, 20]          131,072
│    └─InstanceNorm2d: 2-11              [1, 128, 12, 20]          256
│    └─PReLU: 2-12                       [1, 128, 12, 20]          128
│    └─AdaptiveMaxPool2d: 2-13           [1, 128, 1, 1]            --
│    └─Flatten: 2-14                     [1, 128]                  --
│    └─Linear: 2-15                      [1, 64]                   8,256
│    └─Dropout: 2-16                     [1, 64]                   --
│    └─PReLU: 2-17                       [1, 64]                   64
│    └─Linear: 2-18                      [1, 1]                    65
│    └─LearnableSigmoid: 2-19            [1, 1]                    1
==========================================================================================
Total params: 181,650
Trainable params: 181,650
Non-trainable params: 0
Total mult-adds (M): 19.67
==========================================================================================
Input size (MB): 0.52
Forward/backward pass size (MB): 11.49
Params size (MB): 0.73
Estimated Total Size (MB): 12.73
==========================================================================================
/mnt/iusers01/msc-stu/hum-msc-data-sci-2024-2025/t74061zq/erp/CMGAN_src/data/dataloader.py:52: UserWarning: torchaudio._backend.set_audio_backend has been deprecated. With dispatcher enabled, this function is no-op. You can remove the function call.
  torchaudio.set_audio_backend("sox_io")         # in linux
INFO:root:Epoch 0, Step 500, loss: 0.1998928040266037, disc_loss: 0.06483729183673859
INFO:root:Epoch 0, Step 1000, loss: 0.2512473464012146, disc_loss: 0.016127929091453552
INFO:root:Epoch 0, Step 1500, loss: 0.20571431517601013, disc_loss: 0.030049912631511688
INFO:root:Epoch 0, Step 2000, loss: 0.21391931176185608, disc_loss: 0.002776864916086197
INFO:root:Epoch 0, Step 2500, loss: 0.24209734797477722, disc_loss: 0.002616395242512226
INFO:root:Generator loss: 0.12327675933687432, Discriminator loss: 0.01289631765238597
INFO:root:
=== Epoch 0 evaluation ===
INFO:root:=== Evaluation metrics ===
PESQ: 2.7145,SSNR: 9.0563,CSIG: 4.2247,CBAK: 3.4707,COVL: 3.5259,STOI: 0.9377

INFO:root:Epoch 1, Step 500, loss: 0.17607207596302032, disc_loss: 0.005293204914778471
INFO:root:Epoch 1, Step 1000, loss: 0.18063105642795563, disc_loss: 0.0019689348991960287
INFO:root:Epoch 1, Step 1500, loss: 0.13511011004447937, disc_loss: 0.00931050069630146
INFO:root:Epoch 1, Step 2000, loss: 0.11969499289989471, disc_loss: 0.013042084872722626
INFO:root:Epoch 1, Step 2500, loss: 0.18554314970970154, disc_loss: 0.006217416375875473
INFO:root:Generator loss: 0.11497108164487534, Discriminator loss: 0.006764086080490141
INFO:root:
=== Epoch 1 evaluation ===
INFO:root:=== Evaluation metrics ===
PESQ: 2.9427,SSNR: 9.5669,CSIG: 4.3529,CBAK: 3.6106,COVL: 3.7086,STOI: 0.9407

INFO:root:Epoch 2, Step 500, loss: 0.15164363384246826, disc_loss: 0.0036523628514260054
INFO:root:Epoch 2, Step 1000, loss: 0.13563615083694458, disc_loss: 0.009677494876086712
INFO:root:Epoch 2, Step 1500, loss: 0.13233956694602966, disc_loss: 0.005848007742315531
INFO:root:Epoch 2, Step 2000, loss: 0.15647269785404205, disc_loss: 0.004909197334200144
INFO:root:Epoch 2, Step 2500, loss: 0.1235901340842247, disc_loss: 0.008049174211919308
INFO:root:Generator loss: 0.10369469042758918, Discriminator loss: 0.009590398191682909
INFO:root:
=== Epoch 2 evaluation ===
INFO:root:=== Evaluation metrics ===
PESQ: 2.9550,SSNR: 9.3568,CSIG: 4.4203,CBAK: 3.6067,COVL: 3.7533,STOI: 0.9469

INFO:root:Epoch 3, Step 500, loss: 0.12546665966510773, disc_loss: 0.007984394207596779
INFO:root:Epoch 3, Step 1000, loss: 0.13168814778327942, disc_loss: 0.005406001582741737
INFO:root:Epoch 3, Step 1500, loss: 0.15861141681671143, disc_loss: 0.010025495663285255
INFO:root:Epoch 3, Step 2000, loss: 0.11548975855112076, disc_loss: 0.020428724586963654
INFO:root:Epoch 3, Step 2500, loss: 0.13858991861343384, disc_loss: 0.003262661164626479
INFO:root:Generator loss: 0.10110828850092818, Discriminator loss: 0.008422122272641344
INFO:root:
=== Epoch 3 evaluation ===
INFO:root:=== Evaluation metrics ===
PESQ: 3.0053,SSNR: 9.8110,CSIG: 4.4301,CBAK: 3.6600,COVL: 3.7867,STOI: 0.9482

INFO:root:Epoch 4, Step 500, loss: 0.09868937730789185, disc_loss: 0.034534670412540436
INFO:root:Epoch 4, Step 1000, loss: 0.10321976244449615, disc_loss: 0.0008634975529275835
INFO:root:Epoch 4, Step 1500, loss: 0.18336403369903564, disc_loss: 0.0008547373581677675
INFO:root:Epoch 4, Step 2000, loss: 0.1752759963274002, disc_loss: 0.004040263593196869
INFO:root:Epoch 4, Step 2500, loss: 0.17962896823883057, disc_loss: 0.0022060051560401917
INFO:root:Generator loss: 0.10061861310624381, Discriminator loss: 0.00941381336854391
INFO:root:
=== Epoch 4 evaluation ===
INFO:root:=== Evaluation metrics ===
PESQ: 3.0787,SSNR: 9.4329,CSIG: 4.4781,CBAK: 3.6708,COVL: 3.8533,STOI: 0.9494

INFO:root:Epoch 5, Step 500, loss: 0.13800984621047974, disc_loss: 0.0021950295194983482
INFO:root:Epoch 5, Step 1000, loss: 0.24372588098049164, disc_loss: 0.0020893351174890995
INFO:root:Epoch 5, Step 1500, loss: 0.1653820425271988, disc_loss: 0.0008531173807568848
INFO:root:Epoch 5, Step 2000, loss: 0.1300262212753296, disc_loss: 0.005505439359694719
INFO:root:Epoch 5, Step 2500, loss: 0.1135975569486618, disc_loss: 0.004833418410271406
INFO:root:Generator loss: 0.10096259633965284, Discriminator loss: 0.008885930131601499
INFO:root:
=== Epoch 5 evaluation ===
INFO:root:=== Evaluation metrics ===
PESQ: 3.0317,SSNR: 9.5826,CSIG: 4.4889,CBAK: 3.6597,COVL: 3.8309,STOI: 0.9503

INFO:root:Epoch 6, Step 500, loss: 0.21995070576667786, disc_loss: 0.00033020824776031077
INFO:root:Epoch 6, Step 1000, loss: 0.22010067105293274, disc_loss: 0.005185847170650959
INFO:root:Epoch 6, Step 1500, loss: 0.10148712247610092, disc_loss: 0.0027668827679008245
INFO:root:Epoch 6, Step 2000, loss: 0.11086013168096542, disc_loss: 0.05482859909534454
INFO:root:Epoch 6, Step 2500, loss: 0.15045911073684692, disc_loss: 0.000495081243570894
INFO:root:Generator loss: 0.09698673956168508, Discriminator loss: 0.00747330365774563
INFO:root:
=== Epoch 6 evaluation ===
INFO:root:=== Evaluation metrics ===
PESQ: 3.1125,SSNR: 9.9650,CSIG: 4.5001,CBAK: 3.7234,COVL: 3.8830,STOI: 0.9512

INFO:root:Epoch 7, Step 500, loss: 0.14087939262390137, disc_loss: 0.002914951415732503
INFO:root:Epoch 7, Step 1000, loss: 0.16792841255664825, disc_loss: 0.0007202920387499034
INFO:root:Epoch 7, Step 1500, loss: 0.12498272955417633, disc_loss: 0.0017267820658162236
INFO:root:Epoch 7, Step 2000, loss: 0.18398727476596832, disc_loss: 0.0006460038712248206
INFO:root:Epoch 7, Step 2500, loss: 0.1306127905845642, disc_loss: 0.0010366309434175491
INFO:root:Generator loss: 0.10063415639174794, Discriminator loss: 0.01282906949955821
INFO:root:
=== Epoch 7 evaluation ===
INFO:root:=== Evaluation metrics ===
PESQ: 3.0594,SSNR: 9.4495,CSIG: 4.4871,CBAK: 3.6617,COVL: 3.8456,STOI: 0.9507

INFO:root:Epoch 8, Step 500, loss: 0.2232804000377655, disc_loss: 0.0009721422102302313
INFO:root:Epoch 8, Step 1000, loss: 0.14406046271324158, disc_loss: 0.0008679856546223164
INFO:root:Epoch 8, Step 1500, loss: 0.11858650296926498, disc_loss: 0.006604649126529694
INFO:root:Epoch 8, Step 2000, loss: 0.10469795763492584, disc_loss: 0.004726248327642679
INFO:root:Epoch 8, Step 2500, loss: 0.1751599907875061, disc_loss: 0.0017508342862129211
INFO:root:Generator loss: 0.09436568827594369, Discriminator loss: 0.00744870667880852
INFO:root:
=== Epoch 8 evaluation ===
INFO:root:=== Evaluation metrics ===
PESQ: 3.1512,SSNR: 10.0048,CSIG: 4.5637,CBAK: 3.7458,COVL: 3.9393,STOI: 0.9508

INFO:root:Epoch 9, Step 500, loss: 0.10277558863162994, disc_loss: 0.0016717618564143777
INFO:root:Epoch 9, Step 1000, loss: 0.15871520340442657, disc_loss: 0.0007919325144030154
INFO:root:Epoch 9, Step 1500, loss: 0.1674419492483139, disc_loss: 0.004319958388805389
INFO:root:Epoch 9, Step 2000, loss: 0.16704808175563812, disc_loss: 0.003784962696954608
INFO:root:Epoch 9, Step 2500, loss: 0.16652806103229523, disc_loss: 0.0020852177403867245
INFO:root:Generator loss: 0.09467116916931949, Discriminator loss: 0.008881068455611436
INFO:root:
=== Epoch 9 evaluation ===
INFO:root:=== Evaluation metrics ===
PESQ: 3.1559,SSNR: 9.9172,CSIG: 4.5498,CBAK: 3.7410,COVL: 3.9263,STOI: 0.9513

INFO:root:Epoch 10, Step 500, loss: 0.13592036068439484, disc_loss: 0.0032930069137364626
INFO:root:Epoch 10, Step 1000, loss: 0.09674306958913803, disc_loss: 0.0004417921300046146
INFO:root:Epoch 10, Step 1500, loss: 0.13371044397354126, disc_loss: 0.004233397077769041
INFO:root:Epoch 10, Step 2000, loss: 0.14325429499149323, disc_loss: 0.0003764638095162809
INFO:root:Epoch 10, Step 2500, loss: 0.1679425835609436, disc_loss: 0.0009197163744829595
INFO:root:Generator loss: 0.09463001243336108, Discriminator loss: 0.007622563574099755
INFO:root:
=== Epoch 10 evaluation ===
INFO:root:=== Evaluation metrics ===
PESQ: 3.1936,SSNR: 9.8980,CSIG: 4.5810,CBAK: 3.7581,COVL: 3.9718,STOI: 0.9527

INFO:root:Epoch 11, Step 500, loss: 0.11692763864994049, disc_loss: 0.0011850077426061034
INFO:root:Epoch 11, Step 1000, loss: 0.1847972869873047, disc_loss: 0.002433191519230604
INFO:root:Epoch 11, Step 1500, loss: 0.10066118836402893, disc_loss: 0.0014116049278527498
INFO:root:Epoch 11, Step 2000, loss: 0.14701765775680542, disc_loss: 0.004053473472595215
INFO:root:Epoch 11, Step 2500, loss: 0.1418866217136383, disc_loss: 0.02278856188058853
INFO:root:Generator loss: 0.09433108239063939, Discriminator loss: 0.009035278082327512
INFO:root:
=== Epoch 11 evaluation ===
INFO:root:=== Evaluation metrics ===
PESQ: 3.1107,SSNR: 10.1760,CSIG: 4.5310,CBAK: 3.7355,COVL: 3.9002,STOI: 0.9533

INFO:root:Epoch 12, Step 500, loss: 0.13760583102703094, disc_loss: 0.00036976466071791947
INFO:root:Epoch 12, Step 1000, loss: 0.17454741895198822, disc_loss: 0.0025163181126117706
INFO:root:Epoch 12, Step 1500, loss: 0.1196075975894928, disc_loss: 0.006894462276250124
INFO:root:Epoch 12, Step 2000, loss: 0.09467174112796783, disc_loss: 0.0016817011637613177
INFO:root:Epoch 12, Step 2500, loss: 0.09663192182779312, disc_loss: 0.00386280776001513
INFO:root:Generator loss: 0.08960080631438969, Discriminator loss: 0.005047458419531078
INFO:root:
=== Epoch 12 evaluation ===
INFO:root:=== Evaluation metrics ===
PESQ: 3.2492,SSNR: 10.4284,CSIG: 4.6132,CBAK: 3.8193,COVL: 4.0188,STOI: 0.9544

INFO:root:Epoch 13, Step 500, loss: 0.0874800905585289, disc_loss: 0.00021688424749299884
INFO:root:Epoch 13, Step 1000, loss: 0.20700335502624512, disc_loss: 0.0029698831494897604
INFO:root:Epoch 13, Step 1500, loss: 0.11367988586425781, disc_loss: 0.0006342315464280546
INFO:root:Epoch 13, Step 2000, loss: 0.1406240463256836, disc_loss: 0.0009362268610857427
INFO:root:Epoch 13, Step 2500, loss: 0.13913145661354065, disc_loss: 0.003046188736334443
INFO:root:Generator loss: 0.09149289565178954, Discriminator loss: 0.0059161368759323
INFO:root:
=== Epoch 13 evaluation ===
INFO:root:=== Evaluation metrics ===
PESQ: 3.2942,SSNR: 10.3238,CSIG: 4.6178,CBAK: 3.8329,COVL: 4.0507,STOI: 0.9535

INFO:root:Epoch 14, Step 500, loss: 0.17692884802818298, disc_loss: 0.0003260294033680111
INFO:root:Epoch 14, Step 1000, loss: 0.09436169266700745, disc_loss: 0.0002990716020576656
INFO:root:Epoch 14, Step 1500, loss: 0.1318405419588089, disc_loss: 0.0006978742312639952
INFO:root:Epoch 14, Step 2000, loss: 0.16923171281814575, disc_loss: 0.002965470775961876
INFO:root:Epoch 14, Step 2500, loss: 0.13778339326381683, disc_loss: 0.0035845802631229162
INFO:root:Generator loss: 0.08968767930654067, Discriminator loss: 0.004944539147137989
INFO:root:
=== Epoch 14 evaluation ===
INFO:root:=== Evaluation metrics ===
PESQ: 3.2972,SSNR: 10.2297,CSIG: 4.6178,CBAK: 3.8284,COVL: 4.0529,STOI: 0.9529

INFO:root:Epoch 15, Step 500, loss: 0.15982100367546082, disc_loss: 0.0019490327686071396
INFO:root:Epoch 15, Step 1000, loss: 0.14383649826049805, disc_loss: 0.002886262023821473
INFO:root:Epoch 15, Step 1500, loss: 0.1080024465918541, disc_loss: 0.0010272403014823794
INFO:root:Epoch 15, Step 2000, loss: 0.12159454822540283, disc_loss: 0.0022649976890534163
INFO:root:Epoch 15, Step 2500, loss: 0.14511215686798096, disc_loss: 0.0034482809714972973
INFO:root:Generator loss: 0.09251415928445973, Discriminator loss: 0.008419384426603747
INFO:root:
=== Epoch 15 evaluation ===
INFO:root:=== Evaluation metrics ===
PESQ: 3.2815,SSNR: 9.6585,CSIG: 4.6049,CBAK: 3.7798,COVL: 4.0373,STOI: 0.9542

INFO:root:Epoch 16, Step 500, loss: 0.10209393501281738, disc_loss: 0.002555445535108447
INFO:root:Epoch 16, Step 1000, loss: 0.10961568355560303, disc_loss: 0.00580426212400198
INFO:root:Epoch 16, Step 1500, loss: 0.14337258040905, disc_loss: 0.00153858563862741
INFO:root:Epoch 16, Step 2000, loss: 0.23413440585136414, disc_loss: 0.006339017301797867
INFO:root:Epoch 16, Step 2500, loss: 0.1359066665172577, disc_loss: 0.001072051003575325
INFO:root:Generator loss: 0.08985340455999073, Discriminator loss: 0.005288936892611673
INFO:root:
=== Epoch 16 evaluation ===
INFO:root:=== Evaluation metrics ===
PESQ: 3.2485,SSNR: 10.2097,CSIG: 4.5636,CBAK: 3.8051,COVL: 3.9912,STOI: 0.9545

INFO:root:Epoch 17, Step 500, loss: 0.1866678148508072, disc_loss: 0.0008891344768926501
INFO:root:Epoch 17, Step 1000, loss: 0.12108373641967773, disc_loss: 0.0019302319269627333
INFO:root:Epoch 17, Step 1500, loss: 0.16834014654159546, disc_loss: 0.007982054725289345
INFO:root:Epoch 17, Step 2000, loss: 0.08224581927061081, disc_loss: 0.00489663053303957
INFO:root:Epoch 17, Step 2500, loss: 0.12628816068172455, disc_loss: 0.0010951973963528872
INFO:root:Generator loss: 0.08814476121180845, Discriminator loss: 0.00622848963291634
INFO:root:
=== Epoch 17 evaluation ===
INFO:root:=== Evaluation metrics ===
PESQ: 3.2949,SSNR: 10.2614,CSIG: 4.6095,CBAK: 3.8309,COVL: 4.0399,STOI: 0.9554

INFO:root:Epoch 18, Step 500, loss: 0.12628553807735443, disc_loss: 0.021445147693157196
INFO:root:Epoch 18, Step 1000, loss: 0.1319243311882019, disc_loss: 0.000813222723081708
INFO:root:Epoch 18, Step 1500, loss: 0.09487217664718628, disc_loss: 0.0012337302323430777
INFO:root:Epoch 18, Step 2000, loss: 0.14891187846660614, disc_loss: 0.002441128483042121
INFO:root:Epoch 18, Step 2500, loss: 0.16179172694683075, disc_loss: 0.0007698545814491808
INFO:root:Generator loss: 0.08905902434393619, Discriminator loss: 0.007568712954257402
INFO:root:
=== Epoch 18 evaluation ===
INFO:root:=== Evaluation metrics ===
PESQ: 3.2450,SSNR: 10.1277,CSIG: 4.5892,CBAK: 3.7974,COVL: 4.0050,STOI: 0.9553

INFO:root:Epoch 19, Step 500, loss: 0.09239444136619568, disc_loss: 0.0009305737330578268
INFO:root:Epoch 19, Step 1000, loss: 0.14827199280261993, disc_loss: 0.0022089409176260233
INFO:root:Epoch 19, Step 1500, loss: 0.09482677280902863, disc_loss: 0.000847489689476788
INFO:root:Epoch 19, Step 2000, loss: 0.16158519685268402, disc_loss: 0.0012981685576960444
INFO:root:Epoch 19, Step 2500, loss: 0.12880299985408783, disc_loss: 0.002755720866844058
INFO:root:Generator loss: 0.08858435787260532, Discriminator loss: 0.006041939801699538
INFO:root:
=== Epoch 19 evaluation ===
INFO:root:=== Evaluation metrics ===
PESQ: 3.3189,SSNR: 10.1698,CSIG: 4.6188,CBAK: 3.8331,COVL: 4.0622,STOI: 0.9546

INFO:root:Epoch 20, Step 500, loss: 0.17380844056606293, disc_loss: 0.0007258282857947052
INFO:root:Epoch 20, Step 1000, loss: 0.16319915652275085, disc_loss: 0.0007028932450339198
INFO:root:Epoch 20, Step 1500, loss: 0.12760323286056519, disc_loss: 0.0005679919850081205
INFO:root:Epoch 20, Step 2000, loss: 0.14068835973739624, disc_loss: 0.0002800016663968563
INFO:root:Epoch 20, Step 2500, loss: 0.09291594475507736, disc_loss: 0.0029665916226804256
INFO:root:Generator loss: 0.09104438438939239, Discriminator loss: 0.006670577729203359
INFO:root:
=== Epoch 20 evaluation ===
INFO:root:=== Evaluation metrics ===
PESQ: 3.2653,SSNR: 9.7896,CSIG: 4.5811,CBAK: 3.7821,COVL: 4.0114,STOI: 0.9557

INFO:root:Epoch 21, Step 500, loss: 0.15322406589984894, disc_loss: 0.0007038902258500457
INFO:root:Epoch 21, Step 1000, loss: 0.12254531681537628, disc_loss: 0.0015777403023093939
INFO:root:Epoch 21, Step 1500, loss: 0.10410575568675995, disc_loss: 0.028717871755361557
INFO:root:Epoch 21, Step 2000, loss: 0.09702841192483902, disc_loss: 0.0014909968012943864
INFO:root:Epoch 21, Step 2500, loss: 0.12621627748012543, disc_loss: 0.0002078027609968558
INFO:root:Generator loss: 0.09307733868944992, Discriminator loss: 0.006925305904729012
INFO:root:
=== Epoch 21 evaluation ===
INFO:root:=== Evaluation metrics ===
PESQ: 3.3060,SSNR: 9.3803,CSIG: 4.5761,CBAK: 3.7714,COVL: 4.0287,STOI: 0.9545

INFO:root:Epoch 22, Step 500, loss: 0.14301206171512604, disc_loss: 0.001073557767085731
INFO:root:Epoch 22, Step 1000, loss: 0.1335993856191635, disc_loss: 0.0019322286825627089
INFO:root:Epoch 22, Step 1500, loss: 0.10574667155742645, disc_loss: 0.0016401226166635752
INFO:root:Epoch 22, Step 2000, loss: 0.07371063530445099, disc_loss: 0.0015788882737979293
INFO:root:Epoch 22, Step 2500, loss: 0.11698378622531891, disc_loss: 0.0015140586765483022
INFO:root:Generator loss: 0.08811958647758059, Discriminator loss: 0.006114445156835978
INFO:root:
=== Epoch 22 evaluation ===
INFO:root:=== Evaluation metrics ===
PESQ: 3.3092,SSNR: 10.3889,CSIG: 4.5968,CBAK: 3.8465,COVL: 4.0482,STOI: 0.9553

INFO:root:Epoch 23, Step 500, loss: 0.1478528380393982, disc_loss: 0.0009164893999695778
INFO:root:Epoch 23, Step 1000, loss: 0.13310447335243225, disc_loss: 0.007483683526515961
INFO:root:Epoch 23, Step 1500, loss: 0.12490043044090271, disc_loss: 0.000903383013792336
INFO:root:Epoch 23, Step 2000, loss: 0.07878290116786957, disc_loss: 0.0021663655061274767
INFO:root:Epoch 23, Step 2500, loss: 0.1565326303243637, disc_loss: 0.0009243052918463945
INFO:root:Generator loss: 0.08653888285377072, Discriminator loss: 0.00566117601249185
INFO:root:
=== Epoch 23 evaluation ===
INFO:root:=== Evaluation metrics ===
PESQ: 3.3098,SSNR: 10.4008,CSIG: 4.6275,CBAK: 3.8451,COVL: 4.0653,STOI: 0.9558

INFO:root:Epoch 24, Step 500, loss: 0.14096765220165253, disc_loss: 0.0009988986421376467
INFO:root:Epoch 24, Step 1000, loss: 0.18376314640045166, disc_loss: 0.0011749262921512127
INFO:root:Epoch 24, Step 1500, loss: 0.09809507429599762, disc_loss: 0.0055376640520989895
INFO:root:Epoch 24, Step 2000, loss: 0.14415112137794495, disc_loss: 0.0038174912333488464
INFO:root:Epoch 24, Step 2500, loss: 0.08495926111936569, disc_loss: 0.00046098019811324775
INFO:root:Generator loss: 0.08566171015856915, Discriminator loss: 0.005673445093546355
INFO:root:
=== Epoch 24 evaluation ===
INFO:root:=== Evaluation metrics ===
PESQ: 3.3250,SSNR: 10.4833,CSIG: 4.6337,CBAK: 3.8596,COVL: 4.0746,STOI: 0.9553

INFO:root:Epoch 25, Step 500, loss: 0.13082946836948395, disc_loss: 0.003058207919821143
INFO:root:Epoch 25, Step 1000, loss: 0.1435650736093521, disc_loss: 0.0011544226435944438
INFO:root:Epoch 25, Step 1500, loss: 0.0953417494893074, disc_loss: 0.0005394266918301582
INFO:root:Epoch 25, Step 2000, loss: 0.11845546960830688, disc_loss: 0.0008770665735937655
INFO:root:Epoch 25, Step 2500, loss: 0.1088799238204956, disc_loss: 0.00353385042399168
INFO:root:Generator loss: 0.08667430236429266, Discriminator loss: 0.005869054576816903
INFO:root:
=== Epoch 25 evaluation ===
INFO:root:=== Evaluation metrics ===
PESQ: 3.3364,SSNR: 10.2769,CSIG: 4.6397,CBAK: 3.8506,COVL: 4.0862,STOI: 0.9550

INFO:root:Epoch 26, Step 500, loss: 0.10074789822101593, disc_loss: 0.001388216158375144
INFO:root:Epoch 26, Step 1000, loss: 0.17326831817626953, disc_loss: 0.0011920302640646696
INFO:root:Epoch 26, Step 1500, loss: 0.13522766530513763, disc_loss: 0.002055889694020152
INFO:root:Epoch 26, Step 2000, loss: 0.1557931751012802, disc_loss: 0.002283049514517188
INFO:root:Epoch 26, Step 2500, loss: 0.12981091439723969, disc_loss: 0.0020618042908608913
INFO:root:Generator loss: 0.08401288113837103, Discriminator loss: 0.0051809927127640515
INFO:root:
=== Epoch 26 evaluation ===
INFO:root:=== Evaluation metrics ===
PESQ: 3.3401,SSNR: 10.6291,CSIG: 4.6399,CBAK: 3.8769,COVL: 4.0870,STOI: 0.9561

INFO:root:Epoch 27, Step 500, loss: 0.14725321531295776, disc_loss: 0.002467556856572628
INFO:root:Epoch 27, Step 1000, loss: 0.08746462315320969, disc_loss: 0.001459818915463984
INFO:root:Epoch 27, Step 1500, loss: 0.1083289086818695, disc_loss: 0.017783481627702713
INFO:root:Epoch 27, Step 2000, loss: 0.11275649070739746, disc_loss: 0.0018890744540840387
INFO:root:Epoch 27, Step 2500, loss: 0.10568483173847198, disc_loss: 0.001100615831092
INFO:root:Generator loss: 0.08966907189743033, Discriminator loss: 0.006887166313990924
INFO:root:
=== Epoch 27 evaluation ===
INFO:root:=== Evaluation metrics ===
PESQ: 3.3359,SSNR: 9.7914,CSIG: 4.6319,CBAK: 3.8159,COVL: 4.0796,STOI: 0.9555

INFO:root:Epoch 28, Step 500, loss: 0.11586043238639832, disc_loss: 0.06353636085987091
INFO:root:Epoch 28, Step 1000, loss: 0.10545291006565094, disc_loss: 0.003993732389062643
INFO:root:Epoch 28, Step 1500, loss: 0.10070758312940598, disc_loss: 0.0014026561984792352
INFO:root:Epoch 28, Step 2000, loss: 0.09133917093276978, disc_loss: 0.0019075307063758373
INFO:root:Epoch 28, Step 2500, loss: 0.10536496341228485, disc_loss: 0.0008389792055822909
INFO:root:Generator loss: 0.08619883761388585, Discriminator loss: 0.0064917845477979325
INFO:root:
=== Epoch 28 evaluation ===
INFO:root:=== Evaluation metrics ===
PESQ: 3.3386,SSNR: 10.3359,CSIG: 4.6372,CBAK: 3.8552,COVL: 4.0895,STOI: 0.9555

INFO:root:Epoch 29, Step 500, loss: 0.14435002207756042, disc_loss: 7.562853716081008e-05
INFO:root:Epoch 29, Step 1000, loss: 0.13294407725334167, disc_loss: 0.001067483564838767
INFO:root:Epoch 29, Step 1500, loss: 0.16933926939964294, disc_loss: 0.002178920665755868
INFO:root:Epoch 29, Step 2000, loss: 0.11837472021579742, disc_loss: 0.0006479407893493772
INFO:root:Epoch 29, Step 2500, loss: 0.12695084512233734, disc_loss: 0.001278506824746728
INFO:root:Generator loss: 0.0878573147200265, Discriminator loss: 0.005777850725360057
INFO:root:
=== Epoch 29 evaluation ===
INFO:root:=== Evaluation metrics ===
PESQ: 3.2932,SSNR: 10.3174,CSIG: 4.5978,CBAK: 3.8323,COVL: 4.0399,STOI: 0.9556

INFO:root:Epoch 30, Step 500, loss: 0.10103023052215576, disc_loss: 0.004265938885509968
INFO:root:Epoch 30, Step 1000, loss: 0.1210775300860405, disc_loss: 0.00045862680417485535
INFO:root:Epoch 30, Step 1500, loss: 0.1141025573015213, disc_loss: 0.004011669661849737
INFO:root:Epoch 30, Step 2000, loss: 0.08297982066869736, disc_loss: 0.0020590031053870916
INFO:root:Epoch 30, Step 2500, loss: 0.09099677205085754, disc_loss: 0.0019120312063023448
INFO:root:Generator loss: 0.0874497959553038, Discriminator loss: 0.006919106600797075
INFO:root:
=== Epoch 30 evaluation ===
INFO:root:=== Evaluation metrics ===
PESQ: 3.3072,SSNR: 10.3524,CSIG: 4.6082,CBAK: 3.8417,COVL: 4.0535,STOI: 0.9563

INFO:root:Epoch 31, Step 500, loss: 0.09289519488811493, disc_loss: 0.07347019016742706
INFO:root:Epoch 31, Step 1000, loss: 0.08759596198797226, disc_loss: 0.0012193830916658044
INFO:root:Epoch 31, Step 1500, loss: 0.17321820557117462, disc_loss: 0.0004726917832158506
INFO:root:Epoch 31, Step 2000, loss: 0.08194451034069061, disc_loss: 0.001136721926741302
INFO:root:Epoch 31, Step 2500, loss: 0.08036170899868011, disc_loss: 0.0005074525251984596
INFO:root:Generator loss: 0.0883368162564861, Discriminator loss: 0.006845092378109293
INFO:root:
=== Epoch 31 evaluation ===
INFO:root:=== Evaluation metrics ===
PESQ: 3.3206,SSNR: 10.0447,CSIG: 4.6253,CBAK: 3.8267,COVL: 4.0703,STOI: 0.9557

INFO:root:Epoch 32, Step 500, loss: 0.1503211259841919, disc_loss: 0.000817408028524369
INFO:root:Epoch 32, Step 1000, loss: 0.09242353588342667, disc_loss: 0.0020154172088950872
INFO:root:Epoch 32, Step 1500, loss: 0.15540891885757446, disc_loss: 0.0010229721665382385
INFO:root:Epoch 32, Step 2000, loss: 0.09809216856956482, disc_loss: 0.0017772496212273836
INFO:root:Epoch 32, Step 2500, loss: 0.12415258586406708, disc_loss: 0.0009665052057243884
INFO:root:Generator loss: 0.0873561928283821, Discriminator loss: 0.005695794077095767
INFO:root:
=== Epoch 32 evaluation ===
INFO:root:=== Evaluation metrics ===
PESQ: 3.3443,SSNR: 9.9568,CSIG: 4.6335,CBAK: 3.8326,COVL: 4.0877,STOI: 0.9561

INFO:root:Epoch 33, Step 500, loss: 0.11621397733688354, disc_loss: 0.00011214240657864138
INFO:root:Epoch 33, Step 1000, loss: 0.13696931302547455, disc_loss: 0.0007545099942944944
INFO:root:Epoch 33, Step 1500, loss: 0.17741698026657104, disc_loss: 0.001599003211595118
INFO:root:Epoch 33, Step 2000, loss: 0.1458519995212555, disc_loss: 0.0017497474327683449
INFO:root:Epoch 33, Step 2500, loss: 0.12154234200716019, disc_loss: 0.0006017790292389691
INFO:root:Generator loss: 0.08557889831152934, Discriminator loss: 0.00494172967701514
INFO:root:
=== Epoch 33 evaluation ===
INFO:root:=== Evaluation metrics ===
PESQ: 3.3172,SSNR: 10.5753,CSIG: 4.6125,CBAK: 3.8612,COVL: 4.0587,STOI: 0.9566

INFO:root:Epoch 34, Step 500, loss: 0.1322568655014038, disc_loss: 0.025861689820885658
INFO:root:Epoch 34, Step 1000, loss: 0.10435785353183746, disc_loss: 0.0028019517194479704
INFO:root:Epoch 34, Step 1500, loss: 0.08329782634973526, disc_loss: 0.002967097796499729
INFO:root:Epoch 34, Step 2000, loss: 0.10223274677991867, disc_loss: 0.0005957260727882385
INFO:root:Epoch 34, Step 2500, loss: 0.09475569427013397, disc_loss: 0.0009563531493768096
INFO:root:Generator loss: 0.08451702389685274, Discriminator loss: 0.005743956829161831
INFO:root:
=== Epoch 34 evaluation ===
INFO:root:=== Evaluation metrics ===
PESQ: 3.3606,SSNR: 10.3568,CSIG: 4.6217,CBAK: 3.8653,COVL: 4.0837,STOI: 0.9570

INFO:root:Epoch 35, Step 500, loss: 0.11598053574562073, disc_loss: 0.001033914741128683
INFO:root:Epoch 35, Step 1000, loss: 0.12480448186397552, disc_loss: 8.556873945053667e-05
INFO:root:Epoch 35, Step 1500, loss: 0.12205210328102112, disc_loss: 0.0005571102374233305
INFO:root:Epoch 35, Step 2000, loss: 0.1346554011106491, disc_loss: 0.0003724022244568914
INFO:root:Epoch 35, Step 2500, loss: 0.16113880276679993, disc_loss: 0.0006153322756290436
INFO:root:Generator loss: 0.08394604339038284, Discriminator loss: 0.006529082388809805
INFO:root:
=== Epoch 35 evaluation ===
INFO:root:=== Evaluation metrics ===
PESQ: 3.3871,SSNR: 10.4363,CSIG: 4.6471,CBAK: 3.8865,COVL: 4.1207,STOI: 0.9556

INFO:root:Epoch 36, Step 500, loss: 0.12938962876796722, disc_loss: 0.001290969899855554
INFO:root:Epoch 36, Step 1000, loss: 0.1258244812488556, disc_loss: 0.0012872059596702456
INFO:root:Epoch 36, Step 1500, loss: 0.1090874969959259, disc_loss: 0.0013497179606929421
INFO:root:Epoch 36, Step 2000, loss: 0.1409703493118286, disc_loss: 0.0005037049413658679
INFO:root:Epoch 36, Step 2500, loss: 0.08222896605730057, disc_loss: 0.0004118719371035695
INFO:root:Generator loss: 0.08620179630815983, Discriminator loss: 0.006169168979980789
INFO:root:
=== Epoch 36 evaluation ===
INFO:root:=== Evaluation metrics ===
PESQ: 3.3322,SSNR: 10.2262,CSIG: 4.6239,CBAK: 3.8452,COVL: 4.0731,STOI: 0.9560

INFO:root:Epoch 37, Step 500, loss: 0.06960298120975494, disc_loss: 0.0024807730223983526
INFO:root:Epoch 37, Step 1000, loss: 0.08306805044412613, disc_loss: 0.005910744424909353
INFO:root:Epoch 37, Step 1500, loss: 0.08209183067083359, disc_loss: 0.0029043816030025482
INFO:root:Epoch 37, Step 2000, loss: 0.15569934248924255, disc_loss: 0.0017403182573616505
INFO:root:Epoch 37, Step 2500, loss: 0.12092699110507965, disc_loss: 0.00034732127096503973
INFO:root:Generator loss: 0.08417752379714286, Discriminator loss: 0.0043541674853064625
INFO:root:
=== Epoch 37 evaluation ===
INFO:root:=== Evaluation metrics ===
PESQ: 3.3599,SSNR: 10.5529,CSIG: 4.6581,CBAK: 3.8813,COVL: 4.1082,STOI: 0.9563

INFO:root:Epoch 38, Step 500, loss: 0.10867368429899216, disc_loss: 0.0008307267562486231
INFO:root:Epoch 38, Step 1000, loss: 0.13986648619174957, disc_loss: 0.0004796392749994993
INFO:root:Epoch 38, Step 1500, loss: 0.14688462018966675, disc_loss: 0.0009331832989118993
INFO:root:Epoch 38, Step 2000, loss: 0.10565996170043945, disc_loss: 0.0015243182424455881
INFO:root:Epoch 38, Step 2500, loss: 0.11067786067724228, disc_loss: 0.0015290934825316072
INFO:root:Generator loss: 0.08586354711029714, Discriminator loss: 0.005619841188799733
INFO:root:
=== Epoch 38 evaluation ===
INFO:root:=== Evaluation metrics ===
PESQ: 3.3637,SSNR: 10.1628,CSIG: 4.6597,CBAK: 3.8559,COVL: 4.1123,STOI: 0.9566

INFO:root:Epoch 39, Step 500, loss: 0.12282776087522507, disc_loss: 0.002362004015594721
INFO:root:Epoch 39, Step 1000, loss: 0.09954589605331421, disc_loss: 0.0014262773329392076
INFO:root:Epoch 39, Step 1500, loss: 0.1326960027217865, disc_loss: 0.0004700474382843822
INFO:root:Epoch 39, Step 2000, loss: 0.09774275124073029, disc_loss: 0.0014780513010919094
INFO:root:Epoch 39, Step 2500, loss: 0.1403038054704666, disc_loss: 0.0005002052057534456
INFO:root:Generator loss: 0.0852199514550202, Discriminator loss: 0.004864584567152174
INFO:root:
=== Epoch 39 evaluation ===
INFO:root:=== Evaluation metrics ===
PESQ: 3.3542,SSNR: 10.4370,CSIG: 4.6413,CBAK: 3.8691,COVL: 4.0966,STOI: 0.9562

INFO:root:Epoch 40, Step 500, loss: 0.13153059780597687, disc_loss: 0.0012970311800017953
INFO:root:Epoch 40, Step 1000, loss: 0.10448013991117477, disc_loss: 0.0010147492866963148
INFO:root:Epoch 40, Step 1500, loss: 0.10083463042974472, disc_loss: 0.0010498573537915945
INFO:root:Epoch 40, Step 2000, loss: 0.12394692748785019, disc_loss: 0.0019850933458656073
INFO:root:Epoch 40, Step 2500, loss: 0.09633049368858337, disc_loss: 0.003956340719014406
INFO:root:Generator loss: 0.085016324718311, Discriminator loss: 0.003928494174033403
INFO:root:
=== Epoch 40 evaluation ===
INFO:root:=== Evaluation metrics ===
PESQ: 3.3491,SSNR: 10.3343,CSIG: 4.6492,CBAK: 3.8605,COVL: 4.0983,STOI: 0.9558

INFO:root:Epoch 41, Step 500, loss: 0.11637063324451447, disc_loss: 0.001445795758627355
INFO:root:Epoch 41, Step 1000, loss: 0.10813836008310318, disc_loss: 0.002082666615024209
INFO:root:Epoch 41, Step 1500, loss: 0.09889767318964005, disc_loss: 0.000944851606618613
INFO:root:Epoch 41, Step 2000, loss: 0.10118699073791504, disc_loss: 0.0014149168273434043
INFO:root:Epoch 41, Step 2500, loss: 0.09831985831260681, disc_loss: 0.0007641065749339759
INFO:root:Generator loss: 0.08550118260736604, Discriminator loss: 0.004461937001482493
INFO:root:
=== Epoch 41 evaluation ===
INFO:root:=== Evaluation metrics ===
PESQ: 3.3477,SSNR: 10.3977,CSIG: 4.6498,CBAK: 3.8644,COVL: 4.0957,STOI: 0.9562

INFO:root:Epoch 42, Step 500, loss: 0.11806988716125488, disc_loss: 0.0007778907311148942
INFO:root:Epoch 42, Step 1000, loss: 0.08514747023582458, disc_loss: 0.0016148616559803486
INFO:root:Epoch 42, Step 1500, loss: 0.1058771163225174, disc_loss: 0.0022048302926123142
INFO:root:Epoch 42, Step 2000, loss: 0.0835733562707901, disc_loss: 0.04171164333820343
INFO:root:Epoch 42, Step 2500, loss: 0.07488192617893219, disc_loss: 0.00037924418575130403
INFO:root:Generator loss: 0.0868664506135635, Discriminator loss: 0.0065930459859020315
INFO:root:
=== Epoch 42 evaluation ===
INFO:root:=== Evaluation metrics ===
PESQ: 3.3083,SSNR: 10.2479,CSIG: 4.6354,CBAK: 3.8342,COVL: 4.0661,STOI: 0.9562

INFO:root:Epoch 43, Step 500, loss: 0.08090945333242416, disc_loss: 0.001584231504239142
INFO:root:Epoch 43, Step 1000, loss: 0.10346142947673798, disc_loss: 0.0008571426733396947
INFO:root:Epoch 43, Step 1500, loss: 0.21082083880901337, disc_loss: 0.001632781233638525
INFO:root:Epoch 43, Step 2000, loss: 0.08120949566364288, disc_loss: 0.0004916777252219617
INFO:root:Epoch 43, Step 2500, loss: 0.11994048953056335, disc_loss: 0.0012663000961765647
INFO:root:Generator loss: 0.08379735821152776, Discriminator loss: 0.0037290129058922864
INFO:root:
=== Epoch 43 evaluation ===
INFO:root:=== Evaluation metrics ===
PESQ: 3.3735,SSNR: 10.4590,CSIG: 4.6629,CBAK: 3.8802,COVL: 4.1213,STOI: 0.9558

INFO:root:Epoch 44, Step 500, loss: 0.09765337407588959, disc_loss: 0.02739332988858223
INFO:root:Epoch 44, Step 1000, loss: 0.11616407334804535, disc_loss: 0.0032651263754814863
INFO:root:Epoch 44, Step 1500, loss: 0.1342284381389618, disc_loss: 7.327870844164863e-05
INFO:root:Epoch 44, Step 2000, loss: 0.08975203335285187, disc_loss: 0.0009404011652804911
INFO:root:Epoch 44, Step 2500, loss: 0.16118840873241425, disc_loss: 0.002822837559506297
INFO:root:Generator loss: 0.08464594093124264, Discriminator loss: 0.006257938357273956
INFO:root:
=== Epoch 44 evaluation ===
INFO:root:=== Evaluation metrics ===
PESQ: 3.3824,SSNR: 10.3396,CSIG: 4.6527,CBAK: 3.8772,COVL: 4.1215,STOI: 0.9566

INFO:root:Epoch 45, Step 500, loss: 0.07024501264095306, disc_loss: 0.0031480840407311916
INFO:root:Epoch 45, Step 1000, loss: 0.09859398752450943, disc_loss: 0.0008474952774122357
INFO:root:Epoch 45, Step 1500, loss: 0.11602181196212769, disc_loss: 0.0012524487683549523
INFO:root:Epoch 45, Step 2000, loss: 0.09220010042190552, disc_loss: 0.0983114093542099
INFO:root:Epoch 45, Step 2500, loss: 0.07453438639640808, disc_loss: 0.0012946822680532932
INFO:root:Generator loss: 0.08515472086236893, Discriminator loss: 0.005250288047251355
INFO:root:
=== Epoch 45 evaluation ===
INFO:root:=== Evaluation metrics ===
PESQ: 3.3718,SSNR: 10.3772,CSIG: 4.6582,CBAK: 3.8736,COVL: 4.1173,STOI: 0.9562

INFO:root:Epoch 46, Step 500, loss: 0.08497747778892517, disc_loss: 0.0007648635073564947
INFO:root:Epoch 46, Step 1000, loss: 0.1197914183139801, disc_loss: 0.0027551434468477964
INFO:root:Epoch 46, Step 1500, loss: 0.15453577041625977, disc_loss: 0.0018907955382019281
INFO:root:Epoch 46, Step 2000, loss: 0.06799019873142242, disc_loss: 0.0016318620182573795
INFO:root:Epoch 46, Step 2500, loss: 0.19151736795902252, disc_loss: 0.0036456508096307516
INFO:root:Generator loss: 0.08521793797178176, Discriminator loss: 0.005179472180563466
INFO:root:
=== Epoch 46 evaluation ===
INFO:root:=== Evaluation metrics ===
PESQ: 3.4001,SSNR: 10.1856,CSIG: 4.6417,CBAK: 3.8740,COVL: 4.1231,STOI: 0.9556

INFO:root:Epoch 47, Step 500, loss: 0.11446242034435272, disc_loss: 0.0012306373100727797
INFO:root:Epoch 47, Step 1000, loss: 0.06448717415332794, disc_loss: 0.00013661323464475572
INFO:root:Epoch 47, Step 1500, loss: 0.15761210024356842, disc_loss: 0.0015371247427538037
INFO:root:Epoch 47, Step 2000, loss: 0.12841346859931946, disc_loss: 0.0023516048677265644
INFO:root:Epoch 47, Step 2500, loss: 0.11092153191566467, disc_loss: 0.0008797720074653625
INFO:root:Generator loss: 0.0856117106142264, Discriminator loss: 0.007264878360526108
INFO:root:
=== Epoch 47 evaluation ===
INFO:root:=== Evaluation metrics ===
PESQ: 3.3373,SSNR: 10.2957,CSIG: 4.6391,CBAK: 3.8512,COVL: 4.0865,STOI: 0.9565

INFO:root:Epoch 48, Step 500, loss: 0.06334208697080612, disc_loss: 0.0009036318515427411
INFO:root:Epoch 48, Step 1000, loss: 0.08555552363395691, disc_loss: 0.0006638608756475151
INFO:root:Epoch 48, Step 1500, loss: 0.10741512477397919, disc_loss: 0.0018267114646732807
INFO:root:Epoch 48, Step 2000, loss: 0.12588487565517426, disc_loss: 0.019259732216596603
INFO:root:Epoch 48, Step 2500, loss: 0.1201106607913971, disc_loss: 0.0019953639712184668
INFO:root:Generator loss: 0.08481085687441733, Discriminator loss: 0.005236782308166917
INFO:root:
=== Epoch 48 evaluation ===
INFO:root:=== Evaluation metrics ===
PESQ: 3.3875,SSNR: 10.3587,CSIG: 4.6541,CBAK: 3.8804,COVL: 4.1244,STOI: 0.9564

INFO:root:Epoch 49, Step 500, loss: 0.08271140605211258, disc_loss: 0.000820970511995256
INFO:root:Epoch 49, Step 1000, loss: 0.10904435813426971, disc_loss: 0.002938132267445326
INFO:root:Epoch 49, Step 1500, loss: 0.1232398971915245, disc_loss: 0.0006051469244994223
INFO:root:Epoch 49, Step 2000, loss: 0.09298569709062576, disc_loss: 0.00027480945573188365
INFO:root:Epoch 49, Step 2500, loss: 0.1125742644071579, disc_loss: 0.002455606823787093
INFO:root:Generator loss: 0.0839106899876039, Discriminator loss: 0.00541473895713158
INFO:root:
=== Epoch 49 evaluation ===
INFO:root:=== Evaluation metrics ===
PESQ: 3.3730,SSNR: 10.4587,CSIG: 4.6573,CBAK: 3.8805,COVL: 4.1173,STOI: 0.9564

INFO:root:Epoch 50, Step 500, loss: 0.07597916573286057, disc_loss: 0.000751048035454005
INFO:root:Epoch 50, Step 1000, loss: 0.12565340101718903, disc_loss: 0.0009431167272850871
INFO:root:Epoch 50, Step 1500, loss: 0.07574211061000824, disc_loss: 0.0026161465793848038
INFO:root:Epoch 50, Step 2000, loss: 0.16944719851016998, disc_loss: 0.00026472649187780917
INFO:root:Epoch 50, Step 2500, loss: 0.09990757703781128, disc_loss: 0.008370816707611084
INFO:root:Generator loss: 0.08458640627128985, Discriminator loss: 0.005641540253596423
INFO:root:
=== Epoch 50 evaluation ===
INFO:root:=== Evaluation metrics ===
PESQ: 3.3584,SSNR: 10.3972,CSIG: 4.6502,CBAK: 3.8685,COVL: 4.1046,STOI: 0.9562

INFO:root:Epoch 51, Step 500, loss: 0.13704901933670044, disc_loss: 5.3018400649307296e-05
INFO:root:Epoch 51, Step 1000, loss: 0.10131030529737473, disc_loss: 0.0018799151293933392
INFO:root:Epoch 51, Step 1500, loss: 0.14823460578918457, disc_loss: 0.0010639972751960158
INFO:root:Epoch 51, Step 2000, loss: 0.1449814736843109, disc_loss: 0.0015813821228221059
INFO:root:Epoch 51, Step 2500, loss: 0.09050776064395905, disc_loss: 0.001448491238988936
INFO:root:Generator loss: 0.08451916156246246, Discriminator loss: 0.005647332855517658
INFO:root:
=== Epoch 51 evaluation ===
INFO:root:=== Evaluation metrics ===
PESQ: 3.3660,SSNR: 10.3855,CSIG: 4.6554,CBAK: 3.8717,COVL: 4.1118,STOI: 0.9565

INFO:root:Epoch 52, Step 500, loss: 0.1294586956501007, disc_loss: 0.0010233919601887465
INFO:root:Epoch 52, Step 1000, loss: 0.11717619001865387, disc_loss: 0.0008243883494287729
INFO:root:Epoch 52, Step 1500, loss: 0.13996624946594238, disc_loss: 0.0006262026727199554
INFO:root:Epoch 52, Step 2000, loss: 0.06274865567684174, disc_loss: 0.002460022456943989
INFO:root:Epoch 52, Step 2500, loss: 0.0831143707036972, disc_loss: 0.000357333745341748
INFO:root:Generator loss: 0.08448712840603972, Discriminator loss: 0.004191362112499175
INFO:root:
=== Epoch 52 evaluation ===
INFO:root:=== Evaluation metrics ===
PESQ: 3.3783,SSNR: 10.3300,CSIG: 4.6609,CBAK: 3.8736,COVL: 4.1214,STOI: 0.9563

INFO:root:Epoch 53, Step 500, loss: 0.11172743141651154, disc_loss: 0.001147391041740775
INFO:root:Epoch 53, Step 1000, loss: 0.1193324401974678, disc_loss: 0.0007846111548133194
INFO:root:Epoch 53, Step 1500, loss: 0.09020718932151794, disc_loss: 0.0005673792911693454
INFO:root:Epoch 53, Step 2000, loss: 0.08681605756282806, disc_loss: 0.0009398817201144993
INFO:root:Epoch 53, Step 2500, loss: 0.11386847496032715, disc_loss: 0.0017447670688852668
INFO:root:Generator loss: 0.08470157553776375, Discriminator loss: 0.004823931830384751
INFO:root:
=== Epoch 53 evaluation ===
INFO:root:=== Evaluation metrics ===
PESQ: 3.3668,SSNR: 10.2991,CSIG: 4.6522,CBAK: 3.8663,COVL: 4.1098,STOI: 0.9566

INFO:root:Epoch 54, Step 500, loss: 0.0940280556678772, disc_loss: 0.001432432676665485
INFO:root:Epoch 54, Step 1000, loss: 0.1250385195016861, disc_loss: 0.0026608267799019814
INFO:root:Epoch 54, Step 1500, loss: 0.10924050956964493, disc_loss: 0.0008052147459238768
INFO:root:Epoch 54, Step 2000, loss: 0.14873087406158447, disc_loss: 0.000602052197791636
INFO:root:Epoch 54, Step 2500, loss: 0.1051541268825531, disc_loss: 0.00028762020519934595
INFO:root:Generator loss: 0.08493689604971594, Discriminator loss: 0.0061246912310592766
INFO:root:
=== Epoch 54 evaluation ===
INFO:root:=== Evaluation metrics ===
PESQ: 3.3741,SSNR: 10.2531,CSIG: 4.6505,CBAK: 3.8660,COVL: 4.1138,STOI: 0.9565

INFO:root:Epoch 55, Step 500, loss: 0.09619711339473724, disc_loss: 0.0005181842716410756
INFO:root:Epoch 55, Step 1000, loss: 0.11525744199752808, disc_loss: 0.0019418485462665558
INFO:root:Epoch 55, Step 1500, loss: 0.06378597766160965, disc_loss: 0.0004802641924470663
INFO:root:Epoch 55, Step 2000, loss: 0.07459522038698196, disc_loss: 0.0011710512917488813
INFO:root:Epoch 55, Step 2500, loss: 0.08914604783058167, disc_loss: 0.000894239405170083
INFO:root:Generator loss: 0.0857505311339515, Discriminator loss: 0.006488317574321539
INFO:root:
=== Epoch 55 evaluation ===
INFO:root:=== Evaluation metrics ===
PESQ: 3.3701,SSNR: 10.1912,CSIG: 4.6423,CBAK: 3.8597,COVL: 4.1059,STOI: 0.9567

INFO:root:Epoch 56, Step 500, loss: 0.12438821792602539, disc_loss: 0.0013366504572331905
INFO:root:Epoch 56, Step 1000, loss: 0.15768857300281525, disc_loss: 0.002531080273911357
INFO:root:Epoch 56, Step 1500, loss: 0.1379491686820984, disc_loss: 0.0022585939150303602
INFO:root:Epoch 56, Step 2000, loss: 0.10888278484344482, disc_loss: 0.0010890886187553406
INFO:root:Epoch 56, Step 2500, loss: 0.12637954950332642, disc_loss: 0.0011920543620362878
INFO:root:Generator loss: 0.0842239192135415, Discriminator loss: 0.005924291048129428
INFO:root:
=== Epoch 56 evaluation ===
INFO:root:=== Evaluation metrics ===
PESQ: 3.3744,SSNR: 10.5172,CSIG: 4.6563,CBAK: 3.8850,COVL: 4.1172,STOI: 0.9564

INFO:root:Epoch 57, Step 500, loss: 0.09333114326000214, disc_loss: 0.0020742437336593866
INFO:root:Epoch 57, Step 1000, loss: 0.13917376101016998, disc_loss: 0.003586543956771493
INFO:root:Epoch 57, Step 1500, loss: 0.11459068208932877, disc_loss: 0.0005330461426638067
INFO:root:Epoch 57, Step 2000, loss: 0.15234985947608948, disc_loss: 0.0006310147000476718
INFO:root:Epoch 57, Step 2500, loss: 0.12357282638549805, disc_loss: 0.0016094530001282692
INFO:root:Generator loss: 0.08369342407699927, Discriminator loss: 0.004712179527205169
INFO:root:
=== Epoch 57 evaluation ===
INFO:root:=== Evaluation metrics ===
PESQ: 3.3718,SSNR: 10.5265,CSIG: 4.6593,CBAK: 3.8838,COVL: 4.1162,STOI: 0.9565

INFO:root:Epoch 58, Step 500, loss: 0.10920216143131256, disc_loss: 0.0018616103334352374
INFO:root:Epoch 58, Step 1000, loss: 0.13075575232505798, disc_loss: 0.0009226222755387425
INFO:root:Epoch 58, Step 1500, loss: 0.09874596446752548, disc_loss: 9.181944187730551e-05
INFO:root:Epoch 58, Step 2000, loss: 0.13995324075222015, disc_loss: 0.00141066440846771
INFO:root:Epoch 58, Step 2500, loss: 0.10646067559719086, disc_loss: 0.0003369710175320506
INFO:root:Generator loss: 0.08580719750121381, Discriminator loss: 0.006924070259575954
INFO:root:
=== Epoch 58 evaluation ===
INFO:root:=== Evaluation metrics ===
PESQ: 3.3790,SSNR: 10.2536,CSIG: 4.6507,CBAK: 3.8680,COVL: 4.1173,STOI: 0.9563

INFO:root:Epoch 59, Step 500, loss: 0.08795610070228577, disc_loss: 0.0018004159210249782
INFO:root:Epoch 59, Step 1000, loss: 0.19161289930343628, disc_loss: 6.432766531361267e-05
INFO:root:Epoch 59, Step 1500, loss: 0.08291010558605194, disc_loss: 0.0024590182583779097
INFO:root:Epoch 59, Step 2000, loss: 0.14883387088775635, disc_loss: 0.0005206642090342939
INFO:root:Epoch 59, Step 2500, loss: 0.13443534076213837, disc_loss: 0.0020493827760219574
INFO:root:Generator loss: 0.08496915695519702, Discriminator loss: 0.005935081028528834
INFO:root:
=== Epoch 59 evaluation ===
INFO:root:=== Evaluation metrics ===
PESQ: 3.3910,SSNR: 10.3029,CSIG: 4.6576,CBAK: 3.8774,COVL: 4.1268,STOI: 0.9562

Training finished.
