Starting training:
without SE:
Namespace(batch_size=4, cut_len=32000, data_dir='/mnt/iusers01/msc-stu/hum-msc-data-sci-2024-2025/t74061zq/erp/DEMAND_16KHz', decay_epoch=12, epochs=60, init_lr=0.0005, log_interval=500, loss_weights=[0.1, 0.9, 0.2, 0.05, 0.005], save_model_dir='./saved_models_log/saved_models_20250807_VoiceDEMAND_16khz')
['NVIDIA A100-SXM4-80GB']
====================================================================================================
Layer (type:depth-idx)                             Output Shape              Param #
====================================================================================================
TSCNet                                             [1, 1, 321, 201]          --
├─DenseEncoder: 1-1                                [1, 64, 321, 101]         --
│    └─Sequential: 2-1                             [1, 64, 321, 201]         --
│    │    └─Conv2d: 3-1                            [1, 64, 321, 201]         256
│    │    └─InstanceNorm2d: 3-2                    [1, 64, 321, 201]         128
│    │    └─PReLU: 3-3                             [1, 64, 321, 201]         64
│    └─DilatedDenseNet: 2-2                        [1, 64, 321, 201]         --
│    │    └─ConstantPad2d: 3-4                     [1, 64, 322, 203]         --
│    │    └─Conv2d: 3-5                            [1, 64, 321, 201]         24,640
│    │    └─InstanceNorm2d: 3-6                    [1, 64, 321, 201]         128
│    │    └─PReLU: 3-7                             [1, 64, 321, 201]         64
│    │    └─ConstantPad2d: 3-8                     [1, 128, 323, 203]        --
│    │    └─Conv2d: 3-9                            [1, 64, 321, 201]         49,216
│    │    └─InstanceNorm2d: 3-10                   [1, 64, 321, 201]         128
│    │    └─PReLU: 3-11                            [1, 64, 321, 201]         64
│    │    └─ConstantPad2d: 3-12                    [1, 192, 325, 203]        --
│    │    └─Conv2d: 3-13                           [1, 64, 321, 201]         73,792
│    │    └─InstanceNorm2d: 3-14                   [1, 64, 321, 201]         128
│    │    └─PReLU: 3-15                            [1, 64, 321, 201]         64
│    │    └─ConstantPad2d: 3-16                    [1, 256, 329, 203]        --
│    │    └─Conv2d: 3-17                           [1, 64, 321, 201]         98,368
│    │    └─InstanceNorm2d: 3-18                   [1, 64, 321, 201]         128
│    │    └─PReLU: 3-19                            [1, 64, 321, 201]         64
│    └─Sequential: 2-3                             [1, 64, 321, 101]         --
│    │    └─Conv2d: 3-20                           [1, 64, 321, 101]         12,352
│    │    └─InstanceNorm2d: 3-21                   [1, 64, 321, 101]         128
│    │    └─PReLU: 3-22                            [1, 64, 321, 101]         64
├─TSCB: 1-2                                        [1, 64, 321, 101]         --
│    └─ConformerBlock: 2-4                         [101, 321, 64]            --
│    │    └─Scale: 3-23                            [101, 321, 64]            33,216
│    │    └─PreNorm: 3-24                          [101, 321, 64]            32,976
│    │    └─ConformerConvModule: 3-25              [101, 321, 64]            29,376
│    │    └─Scale: 3-26                            [101, 321, 64]            33,216
│    │    └─LayerNorm: 3-27                        [101, 321, 64]            128
│    └─ConformerBlock: 2-5                         [321, 101, 64]            --
│    │    └─Scale: 3-28                            [321, 101, 64]            33,216
│    │    └─PreNorm: 3-29                          [321, 101, 64]            32,976
│    │    └─ConformerConvModule: 3-30              [321, 101, 64]            29,376
│    │    └─Scale: 3-31                            [321, 101, 64]            33,216
│    │    └─LayerNorm: 3-32                        [321, 101, 64]            128
├─TSCB: 1-3                                        [1, 64, 321, 101]         --
│    └─ConformerBlock: 2-6                         [101, 321, 64]            --
│    │    └─Scale: 3-33                            [101, 321, 64]            33,216
│    │    └─PreNorm: 3-34                          [101, 321, 64]            32,976
│    │    └─ConformerConvModule: 3-35              [101, 321, 64]            29,376
│    │    └─Scale: 3-36                            [101, 321, 64]            33,216
│    │    └─LayerNorm: 3-37                        [101, 321, 64]            128
│    └─ConformerBlock: 2-7                         [321, 101, 64]            --
│    │    └─Scale: 3-38                            [321, 101, 64]            33,216
│    │    └─PreNorm: 3-39                          [321, 101, 64]            32,976
│    │    └─ConformerConvModule: 3-40              [321, 101, 64]            29,376
│    │    └─Scale: 3-41                            [321, 101, 64]            33,216
│    │    └─LayerNorm: 3-42                        [321, 101, 64]            128
├─TSCB: 1-4                                        [1, 64, 321, 101]         --
│    └─ConformerBlock: 2-8                         [101, 321, 64]            --
│    │    └─Scale: 3-43                            [101, 321, 64]            33,216
│    │    └─PreNorm: 3-44                          [101, 321, 64]            32,976
│    │    └─ConformerConvModule: 3-45              [101, 321, 64]            29,376
│    │    └─Scale: 3-46                            [101, 321, 64]            33,216
│    │    └─LayerNorm: 3-47                        [101, 321, 64]            128
│    └─ConformerBlock: 2-9                         [321, 101, 64]            --
│    │    └─Scale: 3-48                            [321, 101, 64]            33,216
│    │    └─PreNorm: 3-49                          [321, 101, 64]            32,976
│    │    └─ConformerConvModule: 3-50              [321, 101, 64]            29,376
│    │    └─Scale: 3-51                            [321, 101, 64]            33,216
│    │    └─LayerNorm: 3-52                        [321, 101, 64]            128
├─TSCB: 1-5                                        [1, 64, 321, 101]         --
│    └─ConformerBlock: 2-10                        [101, 321, 64]            --
│    │    └─Scale: 3-53                            [101, 321, 64]            33,216
│    │    └─PreNorm: 3-54                          [101, 321, 64]            32,976
│    │    └─ConformerConvModule: 3-55              [101, 321, 64]            29,376
│    │    └─Scale: 3-56                            [101, 321, 64]            33,216
│    │    └─LayerNorm: 3-57                        [101, 321, 64]            128
│    └─ConformerBlock: 2-11                        [321, 101, 64]            --
│    │    └─Scale: 3-58                            [321, 101, 64]            33,216
│    │    └─PreNorm: 3-59                          [321, 101, 64]            32,976
│    │    └─ConformerConvModule: 3-60              [321, 101, 64]            29,376
│    │    └─Scale: 3-61                            [321, 101, 64]            33,216
│    │    └─LayerNorm: 3-62                        [321, 101, 64]            128
├─MaskDecoder: 1-6                                 [1, 1, 321, 201]          --
│    └─DilatedDenseNet: 2-12                       [1, 64, 321, 101]         --
│    │    └─ConstantPad2d: 3-63                    [1, 64, 322, 103]         --
│    │    └─Conv2d: 3-64                           [1, 64, 321, 101]         24,640
│    │    └─InstanceNorm2d: 3-65                   [1, 64, 321, 101]         128
│    │    └─PReLU: 3-66                            [1, 64, 321, 101]         64
│    │    └─ConstantPad2d: 3-67                    [1, 128, 323, 103]        --
│    │    └─Conv2d: 3-68                           [1, 64, 321, 101]         49,216
│    │    └─InstanceNorm2d: 3-69                   [1, 64, 321, 101]         128
│    │    └─PReLU: 3-70                            [1, 64, 321, 101]         64
│    │    └─ConstantPad2d: 3-71                    [1, 192, 325, 103]        --
│    │    └─Conv2d: 3-72                           [1, 64, 321, 101]         73,792
│    │    └─InstanceNorm2d: 3-73                   [1, 64, 321, 101]         128
│    │    └─PReLU: 3-74                            [1, 64, 321, 101]         64
│    │    └─ConstantPad2d: 3-75                    [1, 256, 329, 103]        --
│    │    └─Conv2d: 3-76                           [1, 64, 321, 101]         98,368
│    │    └─InstanceNorm2d: 3-77                   [1, 64, 321, 101]         128
│    │    └─PReLU: 3-78                            [1, 64, 321, 101]         64
│    └─SPConvTranspose2d: 2-13                     [1, 64, 321, 202]         --
│    │    └─ConstantPad2d: 3-79                    [1, 64, 321, 103]         --
│    │    └─Conv2d: 3-80                           [1, 128, 321, 101]        24,704
│    └─Conv2d: 2-14                                [1, 1, 321, 201]          129
│    └─InstanceNorm2d: 2-15                        [1, 1, 321, 201]          2
│    └─PReLU: 2-16                                 [1, 1, 321, 201]          1
│    └─Conv2d: 2-17                                [1, 1, 321, 201]          2
│    └─PReLU: 2-18                                 [1, 201, 321]             201
├─ComplexDecoder: 1-7                              [1, 2, 321, 201]          --
│    └─DilatedDenseNet: 2-19                       [1, 64, 321, 101]         --
│    │    └─ConstantPad2d: 3-81                    [1, 64, 322, 103]         --
│    │    └─Conv2d: 3-82                           [1, 64, 321, 101]         24,640
│    │    └─InstanceNorm2d: 3-83                   [1, 64, 321, 101]         128
│    │    └─PReLU: 3-84                            [1, 64, 321, 101]         64
│    │    └─ConstantPad2d: 3-85                    [1, 128, 323, 103]        --
│    │    └─Conv2d: 3-86                           [1, 64, 321, 101]         49,216
│    │    └─InstanceNorm2d: 3-87                   [1, 64, 321, 101]         128
│    │    └─PReLU: 3-88                            [1, 64, 321, 101]         64
│    │    └─ConstantPad2d: 3-89                    [1, 192, 325, 103]        --
│    │    └─Conv2d: 3-90                           [1, 64, 321, 101]         73,792
│    │    └─InstanceNorm2d: 3-91                   [1, 64, 321, 101]         128
│    │    └─PReLU: 3-92                            [1, 64, 321, 101]         64
│    │    └─ConstantPad2d: 3-93                    [1, 256, 329, 103]        --
│    │    └─Conv2d: 3-94                           [1, 64, 321, 101]         98,368
│    │    └─InstanceNorm2d: 3-95                   [1, 64, 321, 101]         128
│    │    └─PReLU: 3-96                            [1, 64, 321, 101]         64
│    └─SPConvTranspose2d: 2-20                     [1, 64, 321, 202]         --
│    │    └─ConstantPad2d: 3-97                    [1, 64, 321, 103]         --
│    │    └─Conv2d: 3-98                           [1, 128, 321, 101]        24,704
│    └─InstanceNorm2d: 2-21                        [1, 64, 321, 202]         128
│    └─PReLU: 2-22                                 [1, 64, 321, 202]         64
│    └─Conv2d: 2-23                                [1, 2, 321, 201]          258
====================================================================================================
Total params: 1,834,833
Trainable params: 1,834,833
Non-trainable params: 0
Total mult-adds (G): 41.56
====================================================================================================
Input size (MB): 0.52
Forward/backward pass size (MB): 4856.40
Params size (MB): 7.34
Estimated Total Size (MB): 4864.25
====================================================================================================
==========================================================================================
Layer (type:depth-idx)                   Output Shape              Param #
==========================================================================================
Discriminator                            [1, 1]                    --
├─Sequential: 1-1                        [1, 1]                    --
│    └─Conv2d: 2-1                       [1, 16, 100, 160]         512
│    └─InstanceNorm2d: 2-2               [1, 16, 100, 160]         32
│    └─PReLU: 2-3                        [1, 16, 100, 160]         16
│    └─Conv2d: 2-4                       [1, 32, 50, 80]           8,192
│    └─InstanceNorm2d: 2-5               [1, 32, 50, 80]           64
│    └─PReLU: 2-6                        [1, 32, 50, 80]           32
│    └─Conv2d: 2-7                       [1, 64, 25, 40]           32,768
│    └─InstanceNorm2d: 2-8               [1, 64, 25, 40]           128
│    └─PReLU: 2-9                        [1, 64, 25, 40]           64
│    └─Conv2d: 2-10                      [1, 128, 12, 20]          131,072
│    └─InstanceNorm2d: 2-11              [1, 128, 12, 20]          256
│    └─PReLU: 2-12                       [1, 128, 12, 20]          128
│    └─AdaptiveMaxPool2d: 2-13           [1, 128, 1, 1]            --
│    └─Flatten: 2-14                     [1, 128]                  --
│    └─Linear: 2-15                      [1, 64]                   8,256
│    └─Dropout: 2-16                     [1, 64]                   --
│    └─PReLU: 2-17                       [1, 64]                   64
│    └─Linear: 2-18                      [1, 1]                    65
│    └─LearnableSigmoid: 2-19            [1, 1]                    1
==========================================================================================
Total params: 181,650
Trainable params: 181,650
Non-trainable params: 0
Total mult-adds (M): 19.67
==========================================================================================
Input size (MB): 0.52
Forward/backward pass size (MB): 11.49
Params size (MB): 0.73
Estimated Total Size (MB): 12.73
==========================================================================================
/mnt/iusers01/msc-stu/hum-msc-data-sci-2024-2025/t74061zq/erp/CMGAN_src/data/dataloader.py:52: UserWarning: torchaudio._backend.set_audio_backend has been deprecated. With dispatcher enabled, this function is no-op. You can remove the function call.
  torchaudio.set_audio_backend("sox_io")         # in linux
INFO:root:Epoch 0, Step 500, loss: 0.22512853145599365, disc_loss: 0.02204289846122265
INFO:root:Epoch 0, Step 1000, loss: 0.12471455335617065, disc_loss: 0.01570412889122963
INFO:root:Epoch 0, Step 1500, loss: 0.1321229189634323, disc_loss: 0.004356937948614359
INFO:root:Epoch 0, Step 2000, loss: 0.16144409775733948, disc_loss: 0.006282085552811623
INFO:root:Epoch 0, Step 2500, loss: 0.15276218950748444, disc_loss: 0.01000775396823883
INFO:root:Generator loss: 0.09571380443075328, Discriminator loss: 0.013336974923025356
INFO:root:
=== Epoch 0 evaluation ===
INFO:root:=== Evaluation metrics ===
PESQ: 2.6575,SSNR: 8.7366,CSIG: 4.1332,CBAK: 3.4182,COVL: 3.4527,STOI: 0.9362

INFO:root:Epoch 1, Step 500, loss: 0.16616187989711761, disc_loss: 0.006238759495317936
INFO:root:Epoch 1, Step 1000, loss: 0.09980636090040207, disc_loss: 0.004461850505322218
INFO:root:Epoch 1, Step 1500, loss: 0.1133861243724823, disc_loss: 0.013343287631869316
INFO:root:Epoch 1, Step 2000, loss: 0.1343197524547577, disc_loss: 0.009671999141573906
INFO:root:Epoch 1, Step 2500, loss: 0.0750037357211113, disc_loss: 0.0020443927496671677
INFO:root:Generator loss: 0.08188272611174768, Discriminator loss: 0.005950556601905173
INFO:root:
=== Epoch 1 evaluation ===
INFO:root:=== Evaluation metrics ===
PESQ: 2.8616,SSNR: 8.6052,CSIG: 4.3361,CBAK: 3.5134,COVL: 3.6622,STOI: 0.9434

INFO:root:Epoch 2, Step 500, loss: 0.15702307224273682, disc_loss: 0.004357979632914066
INFO:root:Epoch 2, Step 1000, loss: 0.1691664606332779, disc_loss: 0.0038962597027420998
INFO:root:Epoch 2, Step 1500, loss: 0.11236806213855743, disc_loss: 0.017890689894557
INFO:root:Epoch 2, Step 2000, loss: 0.09153646975755692, disc_loss: 0.009667974896728992
INFO:root:Epoch 2, Step 2500, loss: 0.10617636889219284, disc_loss: 0.0036443634890019894
INFO:root:Generator loss: 0.07642471949452335, Discriminator loss: 0.007562988815002383
INFO:root:
=== Epoch 2 evaluation ===
INFO:root:=== Evaluation metrics ===
PESQ: 2.8851,SSNR: 9.3476,CSIG: 4.3925,CBAK: 3.5734,COVL: 3.7052,STOI: 0.9448

INFO:root:Epoch 3, Step 500, loss: 0.12710244953632355, disc_loss: 0.005915078800171614
INFO:root:Epoch 3, Step 1000, loss: 0.09121259301900864, disc_loss: 0.002682683989405632
INFO:root:Epoch 3, Step 1500, loss: 0.12088587135076523, disc_loss: 0.004437806084752083
INFO:root:Epoch 3, Step 2000, loss: 0.161311075091362, disc_loss: 0.0020601339638233185
INFO:root:Epoch 3, Step 2500, loss: 0.10525886714458466, disc_loss: 0.0019412449328228831
INFO:root:Generator loss: 0.07476314386913499, Discriminator loss: 0.005153896240107783
INFO:root:
=== Epoch 3 evaluation ===
INFO:root:=== Evaluation metrics ===
PESQ: 3.0792,SSNR: 9.4092,CSIG: 4.4755,CBAK: 3.6685,COVL: 3.8505,STOI: 0.9472

INFO:root:Epoch 4, Step 500, loss: 0.06648898124694824, disc_loss: 0.023766878992319107
INFO:root:Epoch 4, Step 1000, loss: 0.11799196898937225, disc_loss: 0.00997897982597351
INFO:root:Epoch 4, Step 1500, loss: 0.09161114692687988, disc_loss: 0.007763554807752371
INFO:root:Epoch 4, Step 2000, loss: 0.0996575653553009, disc_loss: 0.0033909864723682404
INFO:root:Epoch 4, Step 2500, loss: 0.1136377826333046, disc_loss: 0.006186520215123892
INFO:root:Generator loss: 0.07291867005304226, Discriminator loss: 0.006740155345556841
INFO:root:
=== Epoch 4 evaluation ===
INFO:root:=== Evaluation metrics ===
PESQ: 3.0903,SSNR: 9.7715,CSIG: 4.4950,CBAK: 3.6988,COVL: 3.8704,STOI: 0.9484

INFO:root:Epoch 5, Step 500, loss: 0.09997662901878357, disc_loss: 9.45795327425003e-05
INFO:root:Epoch 5, Step 1000, loss: 0.1361849457025528, disc_loss: 0.0013520880602300167
INFO:root:Epoch 5, Step 1500, loss: 0.11310194432735443, disc_loss: 0.0017255146522074938
INFO:root:Epoch 5, Step 2000, loss: 0.11079002171754837, disc_loss: 0.004512543324381113
INFO:root:Epoch 5, Step 2500, loss: 0.1310366541147232, disc_loss: 0.003443088848143816
INFO:root:Generator loss: 0.0714390069535635, Discriminator loss: 0.006042541608056709
INFO:root:
=== Epoch 5 evaluation ===
INFO:root:=== Evaluation metrics ===
PESQ: 3.0468,SSNR: 9.7081,CSIG: 4.5020,CBAK: 3.6737,COVL: 3.8434,STOI: 0.9503

INFO:root:Epoch 6, Step 500, loss: 0.10300277173519135, disc_loss: 0.0025233407504856586
INFO:root:Epoch 6, Step 1000, loss: 0.11163315922021866, disc_loss: 0.00765897985547781
INFO:root:Epoch 6, Step 1500, loss: 0.09895762801170349, disc_loss: 0.002143437974154949
INFO:root:Epoch 6, Step 2000, loss: 0.0777050033211708, disc_loss: 0.003976135049015284
INFO:root:Epoch 6, Step 2500, loss: 0.05869923532009125, disc_loss: 0.0048046414740383625
INFO:root:Generator loss: 0.06986058676090923, Discriminator loss: 0.009743817133462515
INFO:root:
=== Epoch 6 evaluation ===
INFO:root:=== Evaluation metrics ===
PESQ: 3.0838,SSNR: 9.9774,CSIG: 4.4774,CBAK: 3.7069,COVL: 3.8580,STOI: 0.9500

INFO:root:Epoch 7, Step 500, loss: 0.11640164256095886, disc_loss: 0.0019385983468964696
INFO:root:Epoch 7, Step 1000, loss: 0.07637562602758408, disc_loss: 0.007265361957252026
INFO:root:Epoch 7, Step 1500, loss: 0.11641532182693481, disc_loss: 0.005317780654877424
INFO:root:Epoch 7, Step 2000, loss: 0.1024068146944046, disc_loss: 0.002127700950950384
INFO:root:Epoch 7, Step 2500, loss: 0.0939672589302063, disc_loss: 0.00476145138964057
INFO:root:Generator loss: 0.07128853723406792, Discriminator loss: 0.007613752014752482
INFO:root:
=== Epoch 7 evaluation ===
INFO:root:=== Evaluation metrics ===
PESQ: 3.2009,SSNR: 9.4846,CSIG: 4.5485,CBAK: 3.7313,COVL: 3.9587,STOI: 0.9520

INFO:root:Epoch 8, Step 500, loss: 0.14217151701450348, disc_loss: 0.002436624141409993
INFO:root:Epoch 8, Step 1000, loss: 0.0890321433544159, disc_loss: 0.0017039795638993382
INFO:root:Epoch 8, Step 1500, loss: 0.11530990898609161, disc_loss: 0.009028888307511806
INFO:root:Epoch 8, Step 2000, loss: 0.12139782309532166, disc_loss: 0.0018753617769107223
INFO:root:Epoch 8, Step 2500, loss: 0.09462462365627289, disc_loss: 0.0029463348910212517
INFO:root:Generator loss: 0.06767729195106087, Discriminator loss: 0.0066811741178276615
INFO:root:
=== Epoch 8 evaluation ===
INFO:root:=== Evaluation metrics ===
PESQ: 3.2119,SSNR: 9.9207,CSIG: 4.5589,CBAK: 3.7670,COVL: 3.9711,STOI: 0.9517

INFO:root:Epoch 9, Step 500, loss: 0.07882386445999146, disc_loss: 0.004432903602719307
INFO:root:Epoch 9, Step 1000, loss: 0.12105028331279755, disc_loss: 0.0015562116168439388
INFO:root:Epoch 9, Step 1500, loss: 0.07053468376398087, disc_loss: 0.004425738472491503
INFO:root:Epoch 9, Step 2000, loss: 0.06929038465023041, disc_loss: 0.0018007695907726884
INFO:root:Epoch 9, Step 2500, loss: 0.09080493450164795, disc_loss: 0.004916246514767408
INFO:root:Generator loss: 0.06912400701887977, Discriminator loss: 0.006306909296327628
INFO:root:
=== Epoch 9 evaluation ===
INFO:root:=== Evaluation metrics ===
PESQ: 3.1987,SSNR: 9.4875,CSIG: 4.5483,CBAK: 3.7330,COVL: 3.9556,STOI: 0.9524

INFO:root:Epoch 10, Step 500, loss: 0.06752597540616989, disc_loss: 0.0012999392347410321
INFO:root:Epoch 10, Step 1000, loss: 0.06546202301979065, disc_loss: 0.005766125861555338
INFO:root:Epoch 10, Step 1500, loss: 0.07239847630262375, disc_loss: 0.0036949391942471266
INFO:root:Epoch 10, Step 2000, loss: 0.06560119986534119, disc_loss: 0.0029145225416868925
INFO:root:Epoch 10, Step 2500, loss: 0.07558845728635788, disc_loss: 0.0018311052117496729
INFO:root:Generator loss: 0.07024614466806349, Discriminator loss: 0.004852840736170991
INFO:root:
=== Epoch 10 evaluation ===
INFO:root:=== Evaluation metrics ===
PESQ: 3.0882,SSNR: 9.9987,CSIG: 4.4866,CBAK: 3.7110,COVL: 3.8591,STOI: 0.9533

INFO:root:Epoch 11, Step 500, loss: 0.12636089324951172, disc_loss: 0.0016847081715241075
INFO:root:Epoch 11, Step 1000, loss: 0.06802304089069366, disc_loss: 0.011387529782950878
INFO:root:Epoch 11, Step 1500, loss: 0.11224270612001419, disc_loss: 0.0007257014513015747
INFO:root:Epoch 11, Step 2000, loss: 0.09174986928701401, disc_loss: 0.0015116544673219323
INFO:root:Epoch 11, Step 2500, loss: 0.07659731805324554, disc_loss: 0.0030294654425233603
INFO:root:Generator loss: 0.06694922459682504, Discriminator loss: 0.005505487914561651
INFO:root:
=== Epoch 11 evaluation ===
INFO:root:=== Evaluation metrics ===
PESQ: 3.2246,SSNR: 10.0776,CSIG: 4.5685,CBAK: 3.7846,COVL: 3.9824,STOI: 0.9523

INFO:root:Epoch 12, Step 500, loss: 0.06405436992645264, disc_loss: 0.004150369204580784
INFO:root:Epoch 12, Step 1000, loss: 0.1047963947057724, disc_loss: 0.0022534134332090616
INFO:root:Epoch 12, Step 1500, loss: 0.07522077113389969, disc_loss: 0.002298354171216488
INFO:root:Epoch 12, Step 2000, loss: 0.10354532301425934, disc_loss: 0.0007355883135460317
INFO:root:Epoch 12, Step 2500, loss: 0.08448570966720581, disc_loss: 0.002456965856254101
INFO:root:Generator loss: 0.06446936482437027, Discriminator loss: 0.005897202936042941
INFO:root:
=== Epoch 12 evaluation ===
INFO:root:=== Evaluation metrics ===
PESQ: 3.2397,SSNR: 10.2685,CSIG: 4.6090,CBAK: 3.8036,COVL: 4.0085,STOI: 0.9545

INFO:root:Epoch 13, Step 500, loss: 0.06772836297750473, disc_loss: 0.0004668996552936733
INFO:root:Epoch 13, Step 1000, loss: 0.07967768609523773, disc_loss: 0.0017982777208089828
INFO:root:Epoch 13, Step 1500, loss: 0.10703372210264206, disc_loss: 0.0090882433578372
INFO:root:Epoch 13, Step 2000, loss: 0.0756971538066864, disc_loss: 0.0023117363452911377
INFO:root:Epoch 13, Step 2500, loss: 0.15440955758094788, disc_loss: 0.0011845561675727367
INFO:root:Generator loss: 0.06551937718233726, Discriminator loss: 0.007566567882323283
INFO:root:
=== Epoch 13 evaluation ===
INFO:root:=== Evaluation metrics ===
PESQ: 3.1915,SSNR: 10.0651,CSIG: 4.5734,CBAK: 3.7672,COVL: 3.9673,STOI: 0.9541

INFO:root:Epoch 14, Step 500, loss: 0.0821370854973793, disc_loss: 0.000751021783798933
INFO:root:Epoch 14, Step 1000, loss: 0.06207548826932907, disc_loss: 0.002043200423941016
INFO:root:Epoch 14, Step 1500, loss: 0.06836802512407303, disc_loss: 0.0023834474850445986
INFO:root:Epoch 14, Step 2000, loss: 0.08859004080295563, disc_loss: 0.0015611689304932952
INFO:root:Epoch 14, Step 2500, loss: 0.07655099034309387, disc_loss: 0.0012779146200045943
INFO:root:Generator loss: 0.06277029219906306, Discriminator loss: 0.00678144917842871
INFO:root:
=== Epoch 14 evaluation ===
INFO:root:=== Evaluation metrics ===
PESQ: 3.2622,SSNR: 10.3991,CSIG: 4.6065,CBAK: 3.8235,COVL: 4.0222,STOI: 0.9553

INFO:root:Epoch 15, Step 500, loss: 0.09647394716739655, disc_loss: 0.0007068347185850143
INFO:root:Epoch 15, Step 1000, loss: 0.09256269037723541, disc_loss: 0.001581295276992023
INFO:root:Epoch 15, Step 1500, loss: 0.091331847012043, disc_loss: 0.00548342103138566
INFO:root:Epoch 15, Step 2000, loss: 0.13557319343090057, disc_loss: 0.0006053230026736856
INFO:root:Epoch 15, Step 2500, loss: 0.07980989664793015, disc_loss: 0.001904654549434781
INFO:root:Generator loss: 0.06504417455854636, Discriminator loss: 0.008101012562619164
INFO:root:
=== Epoch 15 evaluation ===
INFO:root:=== Evaluation metrics ===
PESQ: 3.2926,SSNR: 10.1175,CSIG: 4.6066,CBAK: 3.8191,COVL: 4.0402,STOI: 0.9539

INFO:root:Epoch 16, Step 500, loss: 0.10097532719373703, disc_loss: 0.001434450619854033
INFO:root:Epoch 16, Step 1000, loss: 0.09031844884157181, disc_loss: 0.0007994005572982132
INFO:root:Epoch 16, Step 1500, loss: 0.09673360735177994, disc_loss: 0.001803495571948588
INFO:root:Epoch 16, Step 2000, loss: 0.09438247978687286, disc_loss: 0.0006178055773489177
INFO:root:Epoch 16, Step 2500, loss: 0.09034028649330139, disc_loss: 0.0022247442975640297
INFO:root:Generator loss: 0.0632090076297811, Discriminator loss: 0.0047240020244979095
INFO:root:
=== Epoch 16 evaluation ===
INFO:root:=== Evaluation metrics ===
PESQ: 3.3172,SSNR: 10.3091,CSIG: 4.6126,CBAK: 3.8444,COVL: 4.0551,STOI: 0.9545

INFO:root:Epoch 17, Step 500, loss: 0.06899035722017288, disc_loss: 0.004093211609870195
INFO:root:Epoch 17, Step 1000, loss: 0.1340440809726715, disc_loss: 0.0009778281673789024
INFO:root:Epoch 17, Step 1500, loss: 0.08757088333368301, disc_loss: 0.0011574970558285713
INFO:root:Epoch 17, Step 2000, loss: 0.09364613890647888, disc_loss: 0.0007590898894704878
INFO:root:Epoch 17, Step 2500, loss: 0.10513415932655334, disc_loss: 0.0019782420713454485
INFO:root:Generator loss: 0.06420053264976126, Discriminator loss: 0.005267806076535105
INFO:root:
=== Epoch 17 evaluation ===
INFO:root:=== Evaluation metrics ===
PESQ: 3.2403,SSNR: 10.3591,CSIG: 4.5968,CBAK: 3.8088,COVL: 4.0028,STOI: 0.9545

INFO:root:Epoch 18, Step 500, loss: 0.06943071633577347, disc_loss: 0.002377924742177129
INFO:root:Epoch 18, Step 1000, loss: 0.09542114287614822, disc_loss: 0.0014804353704676032
INFO:root:Epoch 18, Step 1500, loss: 0.11961565166711807, disc_loss: 0.0005784662207588553
INFO:root:Epoch 18, Step 2000, loss: 0.09777171909809113, disc_loss: 0.0004021108034066856
INFO:root:Epoch 18, Step 2500, loss: 0.09684640914201736, disc_loss: 0.0004598656378220767
INFO:root:Generator loss: 0.06223335634302167, Discriminator loss: 0.00473634937309911
INFO:root:
=== Epoch 18 evaluation ===
INFO:root:=== Evaluation metrics ===
PESQ: 3.3138,SSNR: 10.4498,CSIG: 4.6339,CBAK: 3.8520,COVL: 4.0652,STOI: 0.9552

INFO:root:Epoch 19, Step 500, loss: 0.11546773463487625, disc_loss: 0.0012536072172224522
INFO:root:Epoch 19, Step 1000, loss: 0.09514850378036499, disc_loss: 0.000816456216853112
INFO:root:Epoch 19, Step 1500, loss: 0.0838186964392662, disc_loss: 0.001862834207713604
INFO:root:Epoch 19, Step 2000, loss: 0.04777086153626442, disc_loss: 0.0012091330718249083
INFO:root:Epoch 19, Step 2500, loss: 0.06904947757720947, disc_loss: 0.002382216276600957
INFO:root:Generator loss: 0.061659254567715725, Discriminator loss: 0.0031963585909765137
INFO:root:
=== Epoch 19 evaluation ===
INFO:root:=== Evaluation metrics ===
PESQ: 3.3185,SSNR: 10.4953,CSIG: 4.6454,CBAK: 3.8564,COVL: 4.0709,STOI: 0.9559

INFO:root:Epoch 20, Step 500, loss: 0.04650961607694626, disc_loss: 0.005189883057028055
INFO:root:Epoch 20, Step 1000, loss: 0.13273829221725464, disc_loss: 0.002329066628590226
INFO:root:Epoch 20, Step 1500, loss: 0.06625312566757202, disc_loss: 0.0006977688753977418
INFO:root:Epoch 20, Step 2000, loss: 0.08107641339302063, disc_loss: 0.0049871415831148624
INFO:root:Epoch 20, Step 2500, loss: 0.09179697185754776, disc_loss: 0.0021012364886701107
INFO:root:Generator loss: 0.061181738466313744, Discriminator loss: 0.00440744526308972
INFO:root:
=== Epoch 20 evaluation ===
INFO:root:=== Evaluation metrics ===
PESQ: 3.3048,SSNR: 10.5284,CSIG: 4.6230,CBAK: 3.8508,COVL: 4.0500,STOI: 0.9550

INFO:root:Epoch 21, Step 500, loss: 0.08612167835235596, disc_loss: 0.0063424198888242245
INFO:root:Epoch 21, Step 1000, loss: 0.09582635015249252, disc_loss: 0.000328897382132709
INFO:root:Epoch 21, Step 1500, loss: 0.11063607782125473, disc_loss: 0.005220372695475817
INFO:root:Epoch 21, Step 2000, loss: 0.09995649009943008, disc_loss: 0.001907621044665575
INFO:root:Epoch 21, Step 2500, loss: 0.06698164343833923, disc_loss: 0.0011765777599066496
INFO:root:Generator loss: 0.061445386546835734, Discriminator loss: 0.0075642103412833115
INFO:root:
=== Epoch 21 evaluation ===
INFO:root:=== Evaluation metrics ===
PESQ: 3.3218,SSNR: 10.4262,CSIG: 4.6250,CBAK: 3.8543,COVL: 4.0650,STOI: 0.9553

INFO:root:Epoch 22, Step 500, loss: 0.07482607662677765, disc_loss: 0.002131314482539892
INFO:root:Epoch 22, Step 1000, loss: 0.053850818425416946, disc_loss: 0.0013494481099769473
INFO:root:Epoch 22, Step 1500, loss: 0.1068856343626976, disc_loss: 0.0034653227776288986
INFO:root:Epoch 22, Step 2000, loss: 0.11098446696996689, disc_loss: 0.0029938770458102226
INFO:root:Epoch 22, Step 2500, loss: 0.06877730786800385, disc_loss: 0.004694237839430571
INFO:root:Generator loss: 0.06262221360054698, Discriminator loss: 0.004783496912053133
INFO:root:
=== Epoch 22 evaluation ===
INFO:root:=== Evaluation metrics ===
PESQ: 3.3251,SSNR: 10.2593,CSIG: 4.6109,CBAK: 3.8421,COVL: 4.0579,STOI: 0.9548

INFO:root:Epoch 23, Step 500, loss: 0.06466460973024368, disc_loss: 0.0036805439740419388
INFO:root:Epoch 23, Step 1000, loss: 0.0694335401058197, disc_loss: 0.0018032710067927837
INFO:root:Epoch 23, Step 1500, loss: 0.07596196979284286, disc_loss: 0.0025681580882519484
INFO:root:Epoch 23, Step 2000, loss: 0.08593711256980896, disc_loss: 0.0007583025726489723
INFO:root:Epoch 23, Step 2500, loss: 0.08926466107368469, disc_loss: 0.0006204118253663182
INFO:root:Generator loss: 0.06110413658242781, Discriminator loss: 0.004786890060007934
INFO:root:
=== Epoch 23 evaluation ===
INFO:root:=== Evaluation metrics ===
PESQ: 3.3343,SSNR: 10.4844,CSIG: 4.6470,CBAK: 3.8622,COVL: 4.0853,STOI: 0.9554

INFO:root:Epoch 24, Step 500, loss: 0.07647712528705597, disc_loss: 0.0027652967255562544
INFO:root:Epoch 24, Step 1000, loss: 0.0948280468583107, disc_loss: 0.0014780171914026141
INFO:root:Epoch 24, Step 1500, loss: 0.11797015368938446, disc_loss: 0.002524152398109436
INFO:root:Epoch 24, Step 2000, loss: 0.08289974182844162, disc_loss: 0.028644369915127754
INFO:root:Epoch 24, Step 2500, loss: 0.0974138081073761, disc_loss: 0.0020427813287824392
INFO:root:Generator loss: 0.0631511964138995, Discriminator loss: 0.005642082004537196
INFO:root:
=== Epoch 24 evaluation ===
INFO:root:=== Evaluation metrics ===
PESQ: 3.3125,SSNR: 10.2986,CSIG: 4.6404,CBAK: 3.8371,COVL: 4.0700,STOI: 0.9548

INFO:root:Epoch 25, Step 500, loss: 0.07542753219604492, disc_loss: 0.0008370325667783618
INFO:root:Epoch 25, Step 1000, loss: 0.06031574681401253, disc_loss: 0.00300143426284194
INFO:root:Epoch 25, Step 1500, loss: 0.07966309785842896, disc_loss: 0.000700999575201422
INFO:root:Epoch 25, Step 2000, loss: 0.10032450407743454, disc_loss: 0.0012268656864762306
INFO:root:Epoch 25, Step 2500, loss: 0.04283858463168144, disc_loss: 0.004035493824630976
INFO:root:Generator loss: 0.06201209064609217, Discriminator loss: 0.006130495648586007
INFO:root:
=== Epoch 25 evaluation ===
INFO:root:=== Evaluation metrics ===
PESQ: 3.3217,SSNR: 10.3558,CSIG: 4.6344,CBAK: 3.8473,COVL: 4.0683,STOI: 0.9564

INFO:root:Epoch 26, Step 500, loss: 0.06665956228971481, disc_loss: 0.0009667525300756097
INFO:root:Epoch 26, Step 1000, loss: 0.10250655561685562, disc_loss: 0.003333129221573472
INFO:root:Epoch 26, Step 1500, loss: 0.10784005373716354, disc_loss: 0.0019723044242709875
INFO:root:Epoch 26, Step 2000, loss: 0.07349007576704025, disc_loss: 0.001481061102822423
INFO:root:Epoch 26, Step 2500, loss: 0.07473204284906387, disc_loss: 0.0011578801786527038
INFO:root:Generator loss: 0.061463714749055, Discriminator loss: 0.004524403342056581
INFO:root:
=== Epoch 26 evaluation ===
INFO:root:=== Evaluation metrics ===
PESQ: 3.3161,SSNR: 10.5378,CSIG: 4.6554,CBAK: 3.8596,COVL: 4.0810,STOI: 0.9559

INFO:root:Epoch 27, Step 500, loss: 0.06668919324874878, disc_loss: 0.001182958367280662
INFO:root:Epoch 27, Step 1000, loss: 0.06186998635530472, disc_loss: 0.00018316955538466573
INFO:root:Epoch 27, Step 1500, loss: 0.05838938429951668, disc_loss: 0.0009197938488796353
INFO:root:Epoch 27, Step 2000, loss: 0.10025083273649216, disc_loss: 0.0002775207394734025
INFO:root:Epoch 27, Step 2500, loss: 0.10183485597372055, disc_loss: 0.001452255412004888
INFO:root:Generator loss: 0.061748456200856026, Discriminator loss: 0.004803073859018925
INFO:root:
=== Epoch 27 evaluation ===
INFO:root:=== Evaluation metrics ===
PESQ: 3.3331,SSNR: 10.5270,CSIG: 4.6570,CBAK: 3.8650,COVL: 4.0924,STOI: 0.9551

INFO:root:Epoch 28, Step 500, loss: 0.06904081255197525, disc_loss: 0.00014639159780927002
INFO:root:Epoch 28, Step 1000, loss: 0.12414716184139252, disc_loss: 0.0008262473857030272
INFO:root:Epoch 28, Step 1500, loss: 0.06905440241098404, disc_loss: 0.001581950462423265
INFO:root:Epoch 28, Step 2000, loss: 0.08485790342092514, disc_loss: 0.0005211088573560119
INFO:root:Epoch 28, Step 2500, loss: 0.09500041604042053, disc_loss: 0.001350344973616302
INFO:root:Generator loss: 0.06110679039966713, Discriminator loss: 0.00554974001708827
INFO:root:
=== Epoch 28 evaluation ===
INFO:root:=== Evaluation metrics ===
PESQ: 3.3044,SSNR: 10.4888,CSIG: 4.6348,CBAK: 3.8477,COVL: 4.0585,STOI: 0.9560

INFO:root:Epoch 29, Step 500, loss: 0.10730806738138199, disc_loss: 0.0012116965372115374
INFO:root:Epoch 29, Step 1000, loss: 0.08020975440740585, disc_loss: 0.0024458658881485462
INFO:root:Epoch 29, Step 1500, loss: 0.08161277323961258, disc_loss: 0.000508821802213788
INFO:root:Epoch 29, Step 2000, loss: 0.07830926030874252, disc_loss: 0.0008940200204961002
INFO:root:Epoch 29, Step 2500, loss: 0.07644490897655487, disc_loss: 0.0013060912024229765
INFO:root:Generator loss: 0.06301955624655323, Discriminator loss: 0.007080641995043973
INFO:root:
=== Epoch 29 evaluation ===
INFO:root:=== Evaluation metrics ===
PESQ: 3.3174,SSNR: 10.1121,CSIG: 4.6427,CBAK: 3.8271,COVL: 4.0746,STOI: 0.9556

INFO:root:Epoch 30, Step 500, loss: 0.08173877000808716, disc_loss: 0.0013334142277017236
INFO:root:Epoch 30, Step 1000, loss: 0.08929427713155746, disc_loss: 0.0014509401516988873
INFO:root:Epoch 30, Step 1500, loss: 0.08737215399742126, disc_loss: 0.0006056823767721653
INFO:root:Epoch 30, Step 2000, loss: 0.06465265899896622, disc_loss: 0.0026215880643576384
INFO:root:Epoch 30, Step 2500, loss: 0.06750006973743439, disc_loss: 0.0020576538518071175
INFO:root:Generator loss: 0.06033536375870983, Discriminator loss: 0.004652179021046252
INFO:root:
=== Epoch 30 evaluation ===
INFO:root:=== Evaluation metrics ===
PESQ: 3.3379,SSNR: 10.6003,CSIG: 4.6524,CBAK: 3.8726,COVL: 4.0918,STOI: 0.9559

INFO:root:Epoch 31, Step 500, loss: 0.07951727509498596, disc_loss: 0.0004886495880782604
INFO:root:Epoch 31, Step 1000, loss: 0.06167054548859596, disc_loss: 0.002724678488448262
INFO:root:Epoch 31, Step 1500, loss: 0.05948561429977417, disc_loss: 0.0011473175836727023
INFO:root:Epoch 31, Step 2000, loss: 0.06453989446163177, disc_loss: 0.002996459836140275
INFO:root:Epoch 31, Step 2500, loss: 0.07002662122249603, disc_loss: 0.0027867951430380344
INFO:root:Generator loss: 0.0601994652861675, Discriminator loss: 0.004152213813125572
INFO:root:
=== Epoch 31 evaluation ===
INFO:root:=== Evaluation metrics ===
PESQ: 3.3215,SSNR: 10.6490,CSIG: 4.6536,CBAK: 3.8683,COVL: 4.0830,STOI: 0.9561

INFO:root:Epoch 32, Step 500, loss: 0.07518205791711807, disc_loss: 0.0010657859966158867
INFO:root:Epoch 32, Step 1000, loss: 0.05413585156202316, disc_loss: 0.0005474967183545232
INFO:root:Epoch 32, Step 1500, loss: 0.07014155387878418, disc_loss: 0.00048239444731734693
INFO:root:Epoch 32, Step 2000, loss: 0.0627981424331665, disc_loss: 0.0002887071459554136
INFO:root:Epoch 32, Step 2500, loss: 0.08109313249588013, disc_loss: 0.006224399898201227
INFO:root:Generator loss: 0.06166342529242189, Discriminator loss: 0.004906055712815288
INFO:root:
=== Epoch 32 evaluation ===
INFO:root:=== Evaluation metrics ===
PESQ: 3.3197,SSNR: 10.4960,CSIG: 4.6463,CBAK: 3.8562,COVL: 4.0776,STOI: 0.9557

INFO:root:Epoch 33, Step 500, loss: 0.06556007266044617, disc_loss: 0.0016189422458410263
INFO:root:Epoch 33, Step 1000, loss: 0.08132664859294891, disc_loss: 0.0022627601865679026
INFO:root:Epoch 33, Step 1500, loss: 0.057498957961797714, disc_loss: 0.0006188600673340261
INFO:root:Epoch 33, Step 2000, loss: 0.10568574070930481, disc_loss: 0.0019747253973037004
INFO:root:Epoch 33, Step 2500, loss: 0.0523078478872776, disc_loss: 0.0011014902265742421
INFO:root:Generator loss: 0.0613004220920859, Discriminator loss: 0.004851131977476735
INFO:root:
=== Epoch 33 evaluation ===
INFO:root:=== Evaluation metrics ===
PESQ: 3.3535,SSNR: 10.4966,CSIG: 4.6528,CBAK: 3.8711,COVL: 4.0981,STOI: 0.9558

INFO:root:Epoch 34, Step 500, loss: 0.0926840677857399, disc_loss: 0.0008467786246910691
INFO:root:Epoch 34, Step 1000, loss: 0.07489678263664246, disc_loss: 0.0017331135459244251
INFO:root:Epoch 34, Step 1500, loss: 0.07760059833526611, disc_loss: 0.0006182247307151556
INFO:root:Epoch 34, Step 2000, loss: 0.07245638966560364, disc_loss: 0.0013329156208783388
INFO:root:Epoch 34, Step 2500, loss: 0.0549311526119709, disc_loss: 0.0025005147326737642
INFO:root:Generator loss: 0.06277471938107199, Discriminator loss: 0.006642798945639459
INFO:root:
=== Epoch 34 evaluation ===
INFO:root:=== Evaluation metrics ===
PESQ: 3.3286,SSNR: 10.2317,CSIG: 4.6357,CBAK: 3.8391,COVL: 4.0735,STOI: 0.9565

INFO:root:Epoch 35, Step 500, loss: 0.09438051283359528, disc_loss: 0.0015879644779488444
INFO:root:Epoch 35, Step 1000, loss: 0.07769410312175751, disc_loss: 0.002844864269718528
INFO:root:Epoch 35, Step 1500, loss: 0.06799408793449402, disc_loss: 0.0004461859352886677
INFO:root:Epoch 35, Step 2000, loss: 0.055113859474658966, disc_loss: 0.0023369549307972193
INFO:root:Epoch 35, Step 2500, loss: 0.09085224568843842, disc_loss: 0.0018406163435429335
INFO:root:Generator loss: 0.059491701758674624, Discriminator loss: 0.004362031259977776
INFO:root:
=== Epoch 35 evaluation ===
INFO:root:=== Evaluation metrics ===
PESQ: 3.3864,SSNR: 10.6858,CSIG: 4.6751,CBAK: 3.9024,COVL: 4.1333,STOI: 0.9560

INFO:root:Epoch 36, Step 500, loss: 0.09600987285375595, disc_loss: 0.0034232819452881813
INFO:root:Epoch 36, Step 1000, loss: 0.0660853460431099, disc_loss: 0.0009054916445165873
INFO:root:Epoch 36, Step 1500, loss: 0.06220163032412529, disc_loss: 0.002069979440420866
INFO:root:Epoch 36, Step 2000, loss: 0.05804114788770676, disc_loss: 0.00229730480350554
INFO:root:Epoch 36, Step 2500, loss: 0.07473888248205185, disc_loss: 0.005135034676641226
INFO:root:Generator loss: 0.06047668080162076, Discriminator loss: 0.005601395874011748
INFO:root:
=== Epoch 36 evaluation ===
INFO:root:=== Evaluation metrics ===
PESQ: 3.3623,SSNR: 10.5583,CSIG: 4.6580,CBAK: 3.8791,COVL: 4.1064,STOI: 0.9565

INFO:root:Epoch 37, Step 500, loss: 0.11131513118743896, disc_loss: 0.0012437739642336965
INFO:root:Epoch 37, Step 1000, loss: 0.0827052965760231, disc_loss: 0.00033905557938851416
INFO:root:Epoch 37, Step 1500, loss: 0.06536879390478134, disc_loss: 0.0012640891363844275
INFO:root:Epoch 37, Step 2000, loss: 0.0757262110710144, disc_loss: 0.0013526839902624488
INFO:root:Epoch 37, Step 2500, loss: 0.06374198943376541, disc_loss: 0.002652865368872881
INFO:root:Generator loss: 0.05973019375854615, Discriminator loss: 0.004866565877430563
INFO:root:
=== Epoch 37 evaluation ===
INFO:root:=== Evaluation metrics ===
PESQ: 3.3415,SSNR: 10.7890,CSIG: 4.6379,CBAK: 3.8865,COVL: 4.0854,STOI: 0.9565

INFO:root:Epoch 38, Step 500, loss: 0.11144401878118515, disc_loss: 0.0020458651706576347
INFO:root:Epoch 38, Step 1000, loss: 0.08196483552455902, disc_loss: 0.0004983438993804157
INFO:root:Epoch 38, Step 1500, loss: 0.07912173867225647, disc_loss: 0.0010244211880490184
INFO:root:Epoch 38, Step 2000, loss: 0.06986451894044876, disc_loss: 0.0005075010121800005
INFO:root:Epoch 38, Step 2500, loss: 0.05548243969678879, disc_loss: 0.0009439079440198839
INFO:root:Generator loss: 0.06007397213715662, Discriminator loss: 0.0048645491610355765
INFO:root:
=== Epoch 38 evaluation ===
INFO:root:=== Evaluation metrics ===
PESQ: 3.3700,SSNR: 10.6655,CSIG: 4.6269,CBAK: 3.8911,COVL: 4.0914,STOI: 0.9562

INFO:root:Epoch 39, Step 500, loss: 0.08770615607500076, disc_loss: 0.0007081353105604649
INFO:root:Epoch 39, Step 1000, loss: 0.09856992959976196, disc_loss: 0.0020400031935423613
INFO:root:Epoch 39, Step 1500, loss: 0.07801457494497299, disc_loss: 0.0008188995416276157
INFO:root:Epoch 39, Step 2000, loss: 0.06429467350244522, disc_loss: 0.0002994535316247493
INFO:root:Epoch 39, Step 2500, loss: 0.0916810929775238, disc_loss: 0.0007855843286961317
INFO:root:Generator loss: 0.06186858926293919, Discriminator loss: 0.004892245129985454
INFO:root:
=== Epoch 39 evaluation ===
INFO:root:=== Evaluation metrics ===
PESQ: 3.3325,SSNR: 10.2761,CSIG: 4.6392,CBAK: 3.8478,COVL: 4.0796,STOI: 0.9561

INFO:root:Epoch 40, Step 500, loss: 0.08754857629537582, disc_loss: 0.008328402414917946
INFO:root:Epoch 40, Step 1000, loss: 0.07076987624168396, disc_loss: 0.0011893673799932003
INFO:root:Epoch 40, Step 1500, loss: 0.06709351390600204, disc_loss: 0.0022001201286911964
INFO:root:Epoch 40, Step 2000, loss: 0.08800501376390457, disc_loss: 0.0007027015672065318
INFO:root:Epoch 40, Step 2500, loss: 0.07528887689113617, disc_loss: 0.0010407359804958105
INFO:root:Generator loss: 0.06121252916608621, Discriminator loss: 0.0038982717247845974
INFO:root:
=== Epoch 40 evaluation ===
INFO:root:=== Evaluation metrics ===
PESQ: 3.3811,SSNR: 10.3901,CSIG: 4.6485,CBAK: 3.8760,COVL: 4.1134,STOI: 0.9556

INFO:root:Epoch 41, Step 500, loss: 0.09953948855400085, disc_loss: 0.0011365081882104278
INFO:root:Epoch 41, Step 1000, loss: 0.056045759469270706, disc_loss: 0.0003869368229061365
INFO:root:Epoch 41, Step 1500, loss: 0.0862826555967331, disc_loss: 0.002246816409751773
INFO:root:Epoch 41, Step 2000, loss: 0.11606931686401367, disc_loss: 0.0008944409200921655
INFO:root:Epoch 41, Step 2500, loss: 0.08588417619466782, disc_loss: 0.0009059589356184006
INFO:root:Generator loss: 0.060771867081305934, Discriminator loss: 0.004284405506968522
INFO:root:
=== Epoch 41 evaluation ===
INFO:root:=== Evaluation metrics ===
PESQ: 3.3355,SSNR: 10.4893,CSIG: 4.6254,CBAK: 3.8627,COVL: 4.0711,STOI: 0.9563

INFO:root:Epoch 42, Step 500, loss: 0.07651802897453308, disc_loss: 0.0004462384677026421
INFO:root:Epoch 42, Step 1000, loss: 0.12498609721660614, disc_loss: 0.0004610080795828253
INFO:root:Epoch 42, Step 1500, loss: 0.08944911509752274, disc_loss: 0.0010375950951129198
INFO:root:Epoch 42, Step 2000, loss: 0.06554907560348511, disc_loss: 0.0013055693125352263
INFO:root:Epoch 42, Step 2500, loss: 0.08278468251228333, disc_loss: 0.002020713407546282
INFO:root:Generator loss: 0.06182107691047261, Discriminator loss: 0.005027582046185345
INFO:root:
=== Epoch 42 evaluation ===
INFO:root:=== Evaluation metrics ===
PESQ: 3.3215,SSNR: 10.4677,CSIG: 4.6201,CBAK: 3.8538,COVL: 4.0609,STOI: 0.9565

INFO:root:Epoch 43, Step 500, loss: 0.09368110448122025, disc_loss: 0.001047510071657598
INFO:root:Epoch 43, Step 1000, loss: 0.12356676906347275, disc_loss: 0.007708276621997356
INFO:root:Epoch 43, Step 1500, loss: 0.07767390459775925, disc_loss: 0.0017554424703121185
INFO:root:Epoch 43, Step 2000, loss: 0.07327918708324432, disc_loss: 0.00031587950070388615
INFO:root:Epoch 43, Step 2500, loss: 0.124687559902668, disc_loss: 0.0006169695407152176
INFO:root:Generator loss: 0.060690965702377475, Discriminator loss: 0.004338032198839993
INFO:root:
=== Epoch 43 evaluation ===
INFO:root:=== Evaluation metrics ===
PESQ: 3.3521,SSNR: 10.5276,CSIG: 4.6350,CBAK: 3.8723,COVL: 4.0836,STOI: 0.9570

INFO:root:Epoch 44, Step 500, loss: 0.08466403186321259, disc_loss: 0.001222072052769363
INFO:root:Epoch 44, Step 1000, loss: 0.0981152206659317, disc_loss: 0.0021806887816637754
INFO:root:Epoch 44, Step 1500, loss: 0.043716683983802795, disc_loss: 0.0008804150857031345
INFO:root:Epoch 44, Step 2000, loss: 0.0783759281039238, disc_loss: 0.0004918123595416546
INFO:root:Epoch 44, Step 2500, loss: 0.06993882358074188, disc_loss: 0.00021590632968582213
INFO:root:Generator loss: 0.06239958020668585, Discriminator loss: 0.004616679236649149
INFO:root:
=== Epoch 44 evaluation ===
INFO:root:=== Evaluation metrics ===
PESQ: 3.3080,SSNR: 10.2756,CSIG: 4.6182,CBAK: 3.8333,COVL: 4.0526,STOI: 0.9567

INFO:root:Epoch 45, Step 500, loss: 0.05308553948998451, disc_loss: 0.0004149360174778849
INFO:root:Epoch 45, Step 1000, loss: 0.12467437982559204, disc_loss: 0.001335242297500372
INFO:root:Epoch 45, Step 1500, loss: 0.0749160498380661, disc_loss: 0.0019810087978839874
INFO:root:Epoch 45, Step 2000, loss: 0.06797941774129868, disc_loss: 0.002442834433168173
INFO:root:Epoch 45, Step 2500, loss: 0.05136805772781372, disc_loss: 0.0010649552568793297
INFO:root:Generator loss: 0.06064882671948776, Discriminator loss: 0.004720881443699026
INFO:root:
=== Epoch 45 evaluation ===
INFO:root:=== Evaluation metrics ===
PESQ: 3.3630,SSNR: 10.5639,CSIG: 4.6463,CBAK: 3.8803,COVL: 4.1003,STOI: 0.9560

INFO:root:Epoch 46, Step 500, loss: 0.068866066634655, disc_loss: 0.0005034911446273327
INFO:root:Epoch 46, Step 1000, loss: 0.09102559089660645, disc_loss: 0.001656258013099432
INFO:root:Epoch 46, Step 1500, loss: 0.08615128695964813, disc_loss: 0.0012548061786219478
INFO:root:Epoch 46, Step 2000, loss: 0.09421046078205109, disc_loss: 0.0004593250632751733
INFO:root:Epoch 46, Step 2500, loss: 0.06498628109693527, disc_loss: 0.0008119759149849415
INFO:root:Generator loss: 0.061027638424296406, Discriminator loss: 0.006469786936171111
INFO:root:
=== Epoch 46 evaluation ===
INFO:root:=== Evaluation metrics ===
PESQ: 3.3645,SSNR: 10.3862,CSIG: 4.6381,CBAK: 3.8682,COVL: 4.0961,STOI: 0.9564

INFO:root:Epoch 47, Step 500, loss: 0.08069582283496857, disc_loss: 0.000817025313153863
INFO:root:Epoch 47, Step 1000, loss: 0.07136919349431992, disc_loss: 0.002937487792223692
INFO:root:Epoch 47, Step 1500, loss: 0.04447980225086212, disc_loss: 0.0012194984592497349
INFO:root:Epoch 47, Step 2000, loss: 0.07045595347881317, disc_loss: 0.00043633455061353743
INFO:root:Epoch 47, Step 2500, loss: 0.07318618148565292, disc_loss: 0.000717676302883774
INFO:root:Generator loss: 0.059510993934010416, Discriminator loss: 0.0059568669669194775
INFO:root:
=== Epoch 47 evaluation ===
INFO:root:=== Evaluation metrics ===
PESQ: 3.3647,SSNR: 10.5933,CSIG: 4.6449,CBAK: 3.8848,COVL: 4.0993,STOI: 0.9566

INFO:root:Epoch 48, Step 500, loss: 0.0628715306520462, disc_loss: 0.0018136764410883188
INFO:root:Epoch 48, Step 1000, loss: 0.07741039991378784, disc_loss: 0.00047433323925361037
INFO:root:Epoch 48, Step 1500, loss: 0.07108596712350845, disc_loss: 0.0005718957982026041
INFO:root:Epoch 48, Step 2000, loss: 0.061305515468120575, disc_loss: 0.0005300058401189744
INFO:root:Epoch 48, Step 2500, loss: 0.04472631216049194, disc_loss: 0.0007266825414262712
INFO:root:Generator loss: 0.06081577184275516, Discriminator loss: 0.005614521481759068
INFO:root:
=== Epoch 48 evaluation ===
INFO:root:=== Evaluation metrics ===
PESQ: 3.3286,SSNR: 10.4360,CSIG: 4.6269,CBAK: 3.8555,COVL: 4.0680,STOI: 0.9569

INFO:root:Epoch 49, Step 500, loss: 0.06679783761501312, disc_loss: 0.0008561653085052967
INFO:root:Epoch 49, Step 1000, loss: 0.08087477833032608, disc_loss: 0.0001535451301606372
INFO:root:Epoch 49, Step 1500, loss: 0.0681576356291771, disc_loss: 0.0018806669395416975
INFO:root:Epoch 49, Step 2000, loss: 0.07879826426506042, disc_loss: 0.0001347819052170962
INFO:root:Epoch 49, Step 2500, loss: 0.07151611894369125, disc_loss: 0.0006757731316611171
INFO:root:Generator loss: 0.059709265782922794, Discriminator loss: 0.003972955213285583
INFO:root:
=== Epoch 49 evaluation ===
INFO:root:=== Evaluation metrics ===
PESQ: 3.3498,SSNR: 10.5534,CSIG: 4.6481,CBAK: 3.8743,COVL: 4.0928,STOI: 0.9566

INFO:root:Epoch 50, Step 500, loss: 0.06417589634656906, disc_loss: 0.0007459030020982027
INFO:root:Epoch 50, Step 1000, loss: 0.08849932253360748, disc_loss: 0.0014713875716552138
INFO:root:Epoch 50, Step 1500, loss: 0.07850148528814316, disc_loss: 0.0011190539225935936
INFO:root:Epoch 50, Step 2000, loss: 0.09886060655117035, disc_loss: 0.000740929099265486
INFO:root:Epoch 50, Step 2500, loss: 0.0898003876209259, disc_loss: 0.00043655381887219846
INFO:root:Generator loss: 0.06109744541853377, Discriminator loss: 0.0045505229956459125
INFO:root:
=== Epoch 50 evaluation ===
INFO:root:=== Evaluation metrics ===
PESQ: 3.3367,SSNR: 10.4873,CSIG: 4.6309,CBAK: 3.8612,COVL: 4.0739,STOI: 0.9565

INFO:root:Epoch 51, Step 500, loss: 0.08502925932407379, disc_loss: 0.0009394340449944139
INFO:root:Epoch 51, Step 1000, loss: 0.07198287546634674, disc_loss: 0.0016186933498829603
INFO:root:Epoch 51, Step 1500, loss: 0.08786819130182266, disc_loss: 0.0025418235454708338
INFO:root:Epoch 51, Step 2000, loss: 0.07687491178512573, disc_loss: 0.000701756333000958
INFO:root:Epoch 51, Step 2500, loss: 0.08504032343626022, disc_loss: 0.00018963128968607634
INFO:root:Generator loss: 0.060438815639942016, Discriminator loss: 0.0046990982747992195
INFO:root:
=== Epoch 51 evaluation ===
INFO:root:=== Evaluation metrics ===
PESQ: 3.3658,SSNR: 10.4396,CSIG: 4.6465,CBAK: 3.8736,COVL: 4.1017,STOI: 0.9566

INFO:root:Epoch 52, Step 500, loss: 0.04186095669865608, disc_loss: 0.0008628398063592613
INFO:root:Epoch 52, Step 1000, loss: 0.102138951420784, disc_loss: 0.000983125064522028
INFO:root:Epoch 52, Step 1500, loss: 0.09107371419668198, disc_loss: 0.0002931161143351346
INFO:root:Epoch 52, Step 2000, loss: 0.07638448476791382, disc_loss: 0.0006425388855859637
INFO:root:Epoch 52, Step 2500, loss: 0.07418904453516006, disc_loss: 0.0006429088534787297
INFO:root:Generator loss: 0.060886528776976666, Discriminator loss: 0.0042259111989851675
INFO:root:
=== Epoch 52 evaluation ===
INFO:root:=== Evaluation metrics ===
PESQ: 3.3606,SSNR: 10.4499,CSIG: 4.6533,CBAK: 3.8706,COVL: 4.1009,STOI: 0.9565

INFO:root:Epoch 53, Step 500, loss: 0.07466509938240051, disc_loss: 0.00011393403838155791
INFO:root:Epoch 53, Step 1000, loss: 0.09867042303085327, disc_loss: 0.002400927245616913
INFO:root:Epoch 53, Step 1500, loss: 0.08589980006217957, disc_loss: 0.0006366955931298435
INFO:root:Epoch 53, Step 2000, loss: 0.06706522405147552, disc_loss: 0.0006299304659478366
INFO:root:Epoch 53, Step 2500, loss: 0.10699217766523361, disc_loss: 0.00041121148387901485
INFO:root:Generator loss: 0.05999980571236715, Discriminator loss: 0.005236049839474167
INFO:root:
=== Epoch 53 evaluation ===
INFO:root:=== Evaluation metrics ===
PESQ: 3.3736,SSNR: 10.4508,CSIG: 4.6454,CBAK: 3.8783,COVL: 4.1081,STOI: 0.9564

INFO:root:Epoch 54, Step 500, loss: 0.07344477623701096, disc_loss: 0.0028853004332631826
INFO:root:Epoch 54, Step 1000, loss: 0.07454200088977814, disc_loss: 0.0019011637195944786
INFO:root:Epoch 54, Step 1500, loss: 0.06267022341489792, disc_loss: 0.0007622456178069115
INFO:root:Epoch 54, Step 2000, loss: 0.09163100272417068, disc_loss: 0.0004642261774279177
INFO:root:Epoch 54, Step 2500, loss: 0.08028897643089294, disc_loss: 0.0007796288118697703
INFO:root:Generator loss: 0.05998114319246949, Discriminator loss: 0.004773780786723646
INFO:root:
=== Epoch 54 evaluation ===
INFO:root:=== Evaluation metrics ===
PESQ: 3.3577,SSNR: 10.5672,CSIG: 4.6340,CBAK: 3.8785,COVL: 4.0880,STOI: 0.9566

INFO:root:Epoch 55, Step 500, loss: 0.07847491651773453, disc_loss: 0.0014710759278386831
INFO:root:Epoch 55, Step 1000, loss: 0.08529073745012283, disc_loss: 0.00020534454961307347
INFO:root:Epoch 55, Step 1500, loss: 0.0866183191537857, disc_loss: 0.002019682200625539
INFO:root:Epoch 55, Step 2000, loss: 0.08873145282268524, disc_loss: 0.0004931250005029142
INFO:root:Epoch 55, Step 2500, loss: 0.09419362246990204, disc_loss: 0.0012008168268948793
INFO:root:Generator loss: 0.06100680014498315, Discriminator loss: 0.005386534809924378
INFO:root:
=== Epoch 55 evaluation ===
INFO:root:=== Evaluation metrics ===
PESQ: 3.3340,SSNR: 10.4981,CSIG: 4.6171,CBAK: 3.8617,COVL: 4.0656,STOI: 0.9566

INFO:root:Epoch 56, Step 500, loss: 0.07458271831274033, disc_loss: 0.0016600205563008785
INFO:root:Epoch 56, Step 1000, loss: 0.07415264844894409, disc_loss: 0.0009757897350937128
INFO:root:Epoch 56, Step 1500, loss: 0.10269670933485031, disc_loss: 0.0007893519941717386
INFO:root:Epoch 56, Step 2000, loss: 0.07866320013999939, disc_loss: 0.00035792874405160546
INFO:root:Epoch 56, Step 2500, loss: 0.06963607668876648, disc_loss: 0.001134588965214789
INFO:root:Generator loss: 0.06069467516923414, Discriminator loss: 0.004707127201593554
INFO:root:
=== Epoch 56 evaluation ===
INFO:root:=== Evaluation metrics ===
PESQ: 3.3493,SSNR: 10.5473,CSIG: 4.6267,CBAK: 3.8717,COVL: 4.0804,STOI: 0.9568

INFO:root:Epoch 57, Step 500, loss: 0.07389607280492783, disc_loss: 0.0006949022063054144
INFO:root:Epoch 57, Step 1000, loss: 0.08850664645433426, disc_loss: 0.00014037305663805455
INFO:root:Epoch 57, Step 1500, loss: 0.06927847117185593, disc_loss: 0.00044817139860242605
INFO:root:Epoch 57, Step 2000, loss: 0.0881132036447525, disc_loss: 1.0505445061426144e-05
INFO:root:Epoch 57, Step 2500, loss: 0.09613744914531708, disc_loss: 0.000855075370054692
INFO:root:Generator loss: 0.06174990378356385, Discriminator loss: 0.004622012296255262
INFO:root:
=== Epoch 57 evaluation ===
INFO:root:=== Evaluation metrics ===
PESQ: 3.3505,SSNR: 10.3575,CSIG: 4.6199,CBAK: 3.8594,COVL: 4.0771,STOI: 0.9565

INFO:root:Epoch 58, Step 500, loss: 0.07752270996570587, disc_loss: 0.0009083945187740028
INFO:root:Epoch 58, Step 1000, loss: 0.04843808338046074, disc_loss: 0.0007115730550140142
INFO:root:Epoch 58, Step 1500, loss: 0.07712054997682571, disc_loss: 0.001734696445055306
INFO:root:Epoch 58, Step 2000, loss: 0.10299114882946014, disc_loss: 0.0005751355784013867
INFO:root:Epoch 58, Step 2500, loss: 0.06751494854688644, disc_loss: 0.0002441274409648031
INFO:root:Generator loss: 0.0605653050690166, Discriminator loss: 0.005857142043045385
INFO:root:
=== Epoch 58 evaluation ===
INFO:root:=== Evaluation metrics ===
PESQ: 3.3465,SSNR: 10.5320,CSIG: 4.6097,CBAK: 3.8699,COVL: 4.0696,STOI: 0.9566

INFO:root:Epoch 59, Step 500, loss: 0.08045114576816559, disc_loss: 0.0005409711156971753
INFO:root:Epoch 59, Step 1000, loss: 0.06617409735918045, disc_loss: 0.00039669437683187425
INFO:root:Epoch 59, Step 1500, loss: 0.08805404603481293, disc_loss: 0.0008092561038210988
INFO:root:Epoch 59, Step 2000, loss: 0.08182628452777863, disc_loss: 0.003750363364815712
INFO:root:Epoch 59, Step 2500, loss: 0.07176212966442108, disc_loss: 0.0016170050948858261
INFO:root:Generator loss: 0.05971083773788318, Discriminator loss: 0.005484329826359296
INFO:root:
=== Epoch 59 evaluation ===
INFO:root:=== Evaluation metrics ===
PESQ: 3.3579,SSNR: 10.5964,CSIG: 4.6247,CBAK: 3.8813,COVL: 4.0856,STOI: 0.9564

Training finished.
