Starting training:
without SE:
Namespace(batch_size=4, cut_len=32000, data_dir='/mnt/iusers01/msc-stu/hum-msc-data-sci-2024-2025/t74061zq/erp/DEMAND_16KHz', decay_epoch=12, epochs=60, init_lr=0.0005, log_interval=500, loss_weights=[0.1, 0.9, 0.2, 0.05, 0.2], save_model_dir='./saved_models_log/saved_models_20250815_VoiceDEMAND_16khz')
['NVIDIA A100-SXM4-80GB']
====================================================================================================
Layer (type:depth-idx)                             Output Shape              Param #
====================================================================================================
TSCNet                                             [1, 1, 321, 201]          --
├─DenseEncoder: 1-1                                [1, 64, 321, 101]         --
│    └─Sequential: 2-1                             [1, 64, 321, 201]         --
│    │    └─Conv2d: 3-1                            [1, 64, 321, 201]         256
│    │    └─InstanceNorm2d: 3-2                    [1, 64, 321, 201]         128
│    │    └─PReLU: 3-3                             [1, 64, 321, 201]         64
│    └─DilatedDenseNet: 2-2                        [1, 64, 321, 201]         --
│    │    └─ConstantPad2d: 3-4                     [1, 64, 322, 203]         --
│    │    └─Conv2d: 3-5                            [1, 64, 321, 201]         24,640
│    │    └─InstanceNorm2d: 3-6                    [1, 64, 321, 201]         128
│    │    └─PReLU: 3-7                             [1, 64, 321, 201]         64
│    │    └─ConstantPad2d: 3-8                     [1, 128, 323, 203]        --
│    │    └─Conv2d: 3-9                            [1, 64, 321, 201]         49,216
│    │    └─InstanceNorm2d: 3-10                   [1, 64, 321, 201]         128
│    │    └─PReLU: 3-11                            [1, 64, 321, 201]         64
│    │    └─ConstantPad2d: 3-12                    [1, 192, 325, 203]        --
│    │    └─Conv2d: 3-13                           [1, 64, 321, 201]         73,792
│    │    └─InstanceNorm2d: 3-14                   [1, 64, 321, 201]         128
│    │    └─PReLU: 3-15                            [1, 64, 321, 201]         64
│    │    └─ConstantPad2d: 3-16                    [1, 256, 329, 203]        --
│    │    └─Conv2d: 3-17                           [1, 64, 321, 201]         98,368
│    │    └─InstanceNorm2d: 3-18                   [1, 64, 321, 201]         128
│    │    └─PReLU: 3-19                            [1, 64, 321, 201]         64
│    └─Sequential: 2-3                             [1, 64, 321, 101]         --
│    │    └─Conv2d: 3-20                           [1, 64, 321, 101]         12,352
│    │    └─InstanceNorm2d: 3-21                   [1, 64, 321, 101]         128
│    │    └─PReLU: 3-22                            [1, 64, 321, 101]         64
├─TSCB: 1-2                                        [1, 64, 321, 101]         --
│    └─ConformerBlock: 2-4                         [101, 321, 64]            --
│    │    └─Scale: 3-23                            [101, 321, 64]            33,216
│    │    └─PreNorm: 3-24                          [101, 321, 64]            32,976
│    │    └─ConformerConvModule: 3-25              [101, 321, 64]            29,376
│    │    └─Scale: 3-26                            [101, 321, 64]            33,216
│    │    └─LayerNorm: 3-27                        [101, 321, 64]            128
│    └─ConformerBlock: 2-5                         [321, 101, 64]            --
│    │    └─Scale: 3-28                            [321, 101, 64]            33,216
│    │    └─PreNorm: 3-29                          [321, 101, 64]            32,976
│    │    └─ConformerConvModule: 3-30              [321, 101, 64]            29,376
│    │    └─Scale: 3-31                            [321, 101, 64]            33,216
│    │    └─LayerNorm: 3-32                        [321, 101, 64]            128
├─TSCB: 1-3                                        [1, 64, 321, 101]         --
│    └─ConformerBlock: 2-6                         [101, 321, 64]            --
│    │    └─Scale: 3-33                            [101, 321, 64]            33,216
│    │    └─PreNorm: 3-34                          [101, 321, 64]            32,976
│    │    └─ConformerConvModule: 3-35              [101, 321, 64]            29,376
│    │    └─Scale: 3-36                            [101, 321, 64]            33,216
│    │    └─LayerNorm: 3-37                        [101, 321, 64]            128
│    └─ConformerBlock: 2-7                         [321, 101, 64]            --
│    │    └─Scale: 3-38                            [321, 101, 64]            33,216
│    │    └─PreNorm: 3-39                          [321, 101, 64]            32,976
│    │    └─ConformerConvModule: 3-40              [321, 101, 64]            29,376
│    │    └─Scale: 3-41                            [321, 101, 64]            33,216
│    │    └─LayerNorm: 3-42                        [321, 101, 64]            128
├─TSCB: 1-4                                        [1, 64, 321, 101]         --
│    └─ConformerBlock: 2-8                         [101, 321, 64]            --
│    │    └─Scale: 3-43                            [101, 321, 64]            33,216
│    │    └─PreNorm: 3-44                          [101, 321, 64]            32,976
│    │    └─ConformerConvModule: 3-45              [101, 321, 64]            29,376
│    │    └─Scale: 3-46                            [101, 321, 64]            33,216
│    │    └─LayerNorm: 3-47                        [101, 321, 64]            128
│    └─ConformerBlock: 2-9                         [321, 101, 64]            --
│    │    └─Scale: 3-48                            [321, 101, 64]            33,216
│    │    └─PreNorm: 3-49                          [321, 101, 64]            32,976
│    │    └─ConformerConvModule: 3-50              [321, 101, 64]            29,376
│    │    └─Scale: 3-51                            [321, 101, 64]            33,216
│    │    └─LayerNorm: 3-52                        [321, 101, 64]            128
├─TSCB: 1-5                                        [1, 64, 321, 101]         --
│    └─ConformerBlock: 2-10                        [101, 321, 64]            --
│    │    └─Scale: 3-53                            [101, 321, 64]            33,216
│    │    └─PreNorm: 3-54                          [101, 321, 64]            32,976
│    │    └─ConformerConvModule: 3-55              [101, 321, 64]            29,376
│    │    └─Scale: 3-56                            [101, 321, 64]            33,216
│    │    └─LayerNorm: 3-57                        [101, 321, 64]            128
│    └─ConformerBlock: 2-11                        [321, 101, 64]            --
│    │    └─Scale: 3-58                            [321, 101, 64]            33,216
│    │    └─PreNorm: 3-59                          [321, 101, 64]            32,976
│    │    └─ConformerConvModule: 3-60              [321, 101, 64]            29,376
│    │    └─Scale: 3-61                            [321, 101, 64]            33,216
│    │    └─LayerNorm: 3-62                        [321, 101, 64]            128
├─MaskDecoder: 1-6                                 [1, 1, 321, 201]          --
│    └─DilatedDenseNet: 2-12                       [1, 64, 321, 101]         --
│    │    └─ConstantPad2d: 3-63                    [1, 64, 322, 103]         --
│    │    └─Conv2d: 3-64                           [1, 64, 321, 101]         24,640
│    │    └─InstanceNorm2d: 3-65                   [1, 64, 321, 101]         128
│    │    └─PReLU: 3-66                            [1, 64, 321, 101]         64
│    │    └─ConstantPad2d: 3-67                    [1, 128, 323, 103]        --
│    │    └─Conv2d: 3-68                           [1, 64, 321, 101]         49,216
│    │    └─InstanceNorm2d: 3-69                   [1, 64, 321, 101]         128
│    │    └─PReLU: 3-70                            [1, 64, 321, 101]         64
│    │    └─ConstantPad2d: 3-71                    [1, 192, 325, 103]        --
│    │    └─Conv2d: 3-72                           [1, 64, 321, 101]         73,792
│    │    └─InstanceNorm2d: 3-73                   [1, 64, 321, 101]         128
│    │    └─PReLU: 3-74                            [1, 64, 321, 101]         64
│    │    └─ConstantPad2d: 3-75                    [1, 256, 329, 103]        --
│    │    └─Conv2d: 3-76                           [1, 64, 321, 101]         98,368
│    │    └─InstanceNorm2d: 3-77                   [1, 64, 321, 101]         128
│    │    └─PReLU: 3-78                            [1, 64, 321, 101]         64
│    └─SPConvTranspose2d: 2-13                     [1, 64, 321, 202]         --
│    │    └─ConstantPad2d: 3-79                    [1, 64, 321, 103]         --
│    │    └─Conv2d: 3-80                           [1, 128, 321, 101]        24,704
│    └─Conv2d: 2-14                                [1, 1, 321, 201]          129
│    └─InstanceNorm2d: 2-15                        [1, 1, 321, 201]          2
│    └─PReLU: 2-16                                 [1, 1, 321, 201]          1
│    └─Conv2d: 2-17                                [1, 1, 321, 201]          2
│    └─PReLU: 2-18                                 [1, 201, 321]             201
├─ComplexDecoder: 1-7                              [1, 2, 321, 201]          --
│    └─DilatedDenseNet: 2-19                       [1, 64, 321, 101]         --
│    │    └─ConstantPad2d: 3-81                    [1, 64, 322, 103]         --
│    │    └─Conv2d: 3-82                           [1, 64, 321, 101]         24,640
│    │    └─InstanceNorm2d: 3-83                   [1, 64, 321, 101]         128
│    │    └─PReLU: 3-84                            [1, 64, 321, 101]         64
│    │    └─ConstantPad2d: 3-85                    [1, 128, 323, 103]        --
│    │    └─Conv2d: 3-86                           [1, 64, 321, 101]         49,216
│    │    └─InstanceNorm2d: 3-87                   [1, 64, 321, 101]         128
│    │    └─PReLU: 3-88                            [1, 64, 321, 101]         64
│    │    └─ConstantPad2d: 3-89                    [1, 192, 325, 103]        --
│    │    └─Conv2d: 3-90                           [1, 64, 321, 101]         73,792
│    │    └─InstanceNorm2d: 3-91                   [1, 64, 321, 101]         128
│    │    └─PReLU: 3-92                            [1, 64, 321, 101]         64
│    │    └─ConstantPad2d: 3-93                    [1, 256, 329, 103]        --
│    │    └─Conv2d: 3-94                           [1, 64, 321, 101]         98,368
│    │    └─InstanceNorm2d: 3-95                   [1, 64, 321, 101]         128
│    │    └─PReLU: 3-96                            [1, 64, 321, 101]         64
│    └─SPConvTranspose2d: 2-20                     [1, 64, 321, 202]         --
│    │    └─ConstantPad2d: 3-97                    [1, 64, 321, 103]         --
│    │    └─Conv2d: 3-98                           [1, 128, 321, 101]        24,704
│    └─InstanceNorm2d: 2-21                        [1, 64, 321, 202]         128
│    └─PReLU: 2-22                                 [1, 64, 321, 202]         64
│    └─Conv2d: 2-23                                [1, 2, 321, 201]          258
====================================================================================================
Total params: 1,834,833
Trainable params: 1,834,833
Non-trainable params: 0
Total mult-adds (G): 41.56
====================================================================================================
Input size (MB): 0.52
Forward/backward pass size (MB): 4856.40
Params size (MB): 7.34
Estimated Total Size (MB): 4864.25
====================================================================================================
==========================================================================================
Layer (type:depth-idx)                   Output Shape              Param #
==========================================================================================
Discriminator                            [1, 1]                    --
├─Sequential: 1-1                        [1, 1]                    --
│    └─Conv2d: 2-1                       [1, 16, 100, 160]         512
│    └─InstanceNorm2d: 2-2               [1, 16, 100, 160]         32
│    └─PReLU: 2-3                        [1, 16, 100, 160]         16
│    └─Conv2d: 2-4                       [1, 32, 50, 80]           8,192
│    └─InstanceNorm2d: 2-5               [1, 32, 50, 80]           64
│    └─PReLU: 2-6                        [1, 32, 50, 80]           32
│    └─Conv2d: 2-7                       [1, 64, 25, 40]           32,768
│    └─InstanceNorm2d: 2-8               [1, 64, 25, 40]           128
│    └─PReLU: 2-9                        [1, 64, 25, 40]           64
│    └─Conv2d: 2-10                      [1, 128, 12, 20]          131,072
│    └─InstanceNorm2d: 2-11              [1, 128, 12, 20]          256
│    └─PReLU: 2-12                       [1, 128, 12, 20]          128
│    └─AdaptiveMaxPool2d: 2-13           [1, 128, 1, 1]            --
│    └─Flatten: 2-14                     [1, 128]                  --
│    └─Linear: 2-15                      [1, 64]                   8,256
│    └─Dropout: 2-16                     [1, 64]                   --
│    └─PReLU: 2-17                       [1, 64]                   64
│    └─Linear: 2-18                      [1, 1]                    65
│    └─LearnableSigmoid: 2-19            [1, 1]                    1
==========================================================================================
Total params: 181,650
Trainable params: 181,650
Non-trainable params: 0
Total mult-adds (M): 19.67
==========================================================================================
Input size (MB): 0.52
Forward/backward pass size (MB): 11.49
Params size (MB): 0.73
Estimated Total Size (MB): 12.73
==========================================================================================
/mnt/iusers01/msc-stu/hum-msc-data-sci-2024-2025/t74061zq/erp/CMGAN_src/data/dataloader.py:52: UserWarning: torchaudio._backend.set_audio_backend has been deprecated. With dispatcher enabled, this function is no-op. You can remove the function call.
  torchaudio.set_audio_backend("sox_io")         # in linux
INFO:root:Epoch 0, Step 500, loss: 0.29534539580345154, disc_loss: 0.0008448173175565898
INFO:root:Epoch 0, Step 1000, loss: 0.40458354353904724, disc_loss: 0.002356478478759527
INFO:root:Epoch 0, Step 1500, loss: 0.3642027974128723, disc_loss: 0.008522299118340015
INFO:root:Epoch 0, Step 2000, loss: 0.3535677194595337, disc_loss: 0.009239071980118752
INFO:root:Epoch 0, Step 2500, loss: 0.25641828775405884, disc_loss: 0.01467120461165905
INFO:root:Generator loss: 0.16446156897446484, Discriminator loss: 0.010006568942488017
INFO:root:
=== Epoch 0 evaluation ===
INFO:root:=== Evaluation metrics ===
PESQ: 2.6851,SSNR: 8.6847,CSIG: 4.2185,CBAK: 3.4299,COVL: 3.5054,STOI: 0.9368

INFO:root:Epoch 1, Step 500, loss: 0.23318293690681458, disc_loss: 0.0032828242983669043
INFO:root:Epoch 1, Step 1000, loss: 0.21616694331169128, disc_loss: 0.002135135233402252
INFO:root:Epoch 1, Step 1500, loss: 0.1979575753211975, disc_loss: 0.009951051324605942
INFO:root:Epoch 1, Step 2000, loss: 0.24536734819412231, disc_loss: 0.00771382637321949
INFO:root:Epoch 1, Step 2500, loss: 0.3030244708061218, disc_loss: 0.011148412711918354
INFO:root:Generator loss: 0.1603687416074924, Discriminator loss: 0.013240634142455094
INFO:root:
=== Epoch 1 evaluation ===
INFO:root:=== Evaluation metrics ===
PESQ: 2.8293,SSNR: 8.9768,CSIG: 4.3182,CBAK: 3.5213,COVL: 3.6346,STOI: 0.9436

INFO:root:Epoch 2, Step 500, loss: 0.20594023168087006, disc_loss: 0.016818473115563393
INFO:root:Epoch 2, Step 1000, loss: 0.29943525791168213, disc_loss: 0.007418233901262283
INFO:root:Epoch 2, Step 1500, loss: 0.26189306378364563, disc_loss: 0.008060257881879807
INFO:root:Epoch 2, Step 2000, loss: 0.19799140095710754, disc_loss: 0.008508117869496346
INFO:root:Epoch 2, Step 2500, loss: 0.2441639006137848, disc_loss: 0.0005889985477551818
INFO:root:Generator loss: 0.14132036185524996, Discriminator loss: 0.01414269546244081
INFO:root:
=== Epoch 2 evaluation ===
INFO:root:=== Evaluation metrics ===
PESQ: 2.9570,SSNR: 8.7769,CSIG: 4.4403,CBAK: 3.5675,COVL: 3.7675,STOI: 0.9440

INFO:root:Epoch 3, Step 500, loss: 0.2467227727174759, disc_loss: 0.005213994067162275
INFO:root:Epoch 3, Step 1000, loss: 0.24725985527038574, disc_loss: 0.006323781330138445
INFO:root:Epoch 3, Step 1500, loss: 0.1852741837501526, disc_loss: 0.003136316081508994
INFO:root:Epoch 3, Step 2000, loss: 0.20215676724910736, disc_loss: 0.0033220313489437103
INFO:root:Epoch 3, Step 2500, loss: 0.23416674137115479, disc_loss: 0.0065218000672757626
INFO:root:Generator loss: 0.13884319419276367, Discriminator loss: 0.0051035155916306215
INFO:root:
=== Epoch 3 evaluation ===
INFO:root:=== Evaluation metrics ===
PESQ: 3.0941,SSNR: 9.2833,CSIG: 4.5072,CBAK: 3.6692,COVL: 3.8796,STOI: 0.9471

INFO:root:Epoch 4, Step 500, loss: 0.31665217876434326, disc_loss: 0.0025067392271012068
INFO:root:Epoch 4, Step 1000, loss: 0.17307719588279724, disc_loss: 0.014701374806463718
INFO:root:Epoch 4, Step 1500, loss: 0.23525556921958923, disc_loss: 0.003599440446123481
INFO:root:Epoch 4, Step 2000, loss: 0.21061819791793823, disc_loss: 0.003885785350576043
INFO:root:Epoch 4, Step 2500, loss: 0.23942172527313232, disc_loss: 0.001323622651398182
INFO:root:Generator loss: 0.134776172092528, Discriminator loss: 0.004310596676007053
INFO:root:
=== Epoch 4 evaluation ===
INFO:root:=== Evaluation metrics ===
PESQ: 3.0969,SSNR: 9.5305,CSIG: 4.4974,CBAK: 3.6867,COVL: 3.8760,STOI: 0.9482

INFO:root:Epoch 5, Step 500, loss: 0.23693102598190308, disc_loss: 0.0020816822070628405
INFO:root:Epoch 5, Step 1000, loss: 0.17800679802894592, disc_loss: 0.021711042150855064
INFO:root:Epoch 5, Step 1500, loss: 0.21068640053272247, disc_loss: 0.002375813666731119
INFO:root:Epoch 5, Step 2000, loss: 0.1879611611366272, disc_loss: 0.0033439628314226866
INFO:root:Epoch 5, Step 2500, loss: 0.2193421721458435, disc_loss: 0.0019036701414734125
INFO:root:Generator loss: 0.12931452944730093, Discriminator loss: 0.006407905076203746
INFO:root:
=== Epoch 5 evaluation ===
INFO:root:=== Evaluation metrics ===
PESQ: 3.1375,SSNR: 9.5536,CSIG: 4.5480,CBAK: 3.7086,COVL: 3.9245,STOI: 0.9478

INFO:root:Epoch 6, Step 500, loss: 0.3125682473182678, disc_loss: 0.004498424008488655
INFO:root:Epoch 6, Step 1000, loss: 0.16824442148208618, disc_loss: 0.0018369138706475496
INFO:root:Epoch 6, Step 1500, loss: 0.19795829057693481, disc_loss: 0.001363430987112224
INFO:root:Epoch 6, Step 2000, loss: 0.11636268347501755, disc_loss: 0.003173672594130039
INFO:root:Epoch 6, Step 2500, loss: 0.12741534411907196, disc_loss: 0.003801941405981779
INFO:root:Generator loss: 0.13094364757676727, Discriminator loss: 0.005200176805851035
INFO:root:
=== Epoch 6 evaluation ===
INFO:root:=== Evaluation metrics ===
PESQ: 2.9811,SSNR: 9.7492,CSIG: 4.4720,CBAK: 3.6455,COVL: 3.7920,STOI: 0.9504

INFO:root:Epoch 7, Step 500, loss: 0.2157454937696457, disc_loss: 0.0008177825948223472
INFO:root:Epoch 7, Step 1000, loss: 0.20095092058181763, disc_loss: 0.006323313340544701
INFO:root:Epoch 7, Step 1500, loss: 0.29033422470092773, disc_loss: 0.005148131400346756
INFO:root:Epoch 7, Step 2000, loss: 0.18087686598300934, disc_loss: 0.0021577952429652214
INFO:root:Epoch 7, Step 2500, loss: 0.21767830848693848, disc_loss: 0.0027185888029634953
INFO:root:Generator loss: 0.13116494023684158, Discriminator loss: 0.004073841434785332
INFO:root:
=== Epoch 7 evaluation ===
INFO:root:=== Evaluation metrics ===
PESQ: 3.0954,SSNR: 9.8770,CSIG: 4.4839,CBAK: 3.7088,COVL: 3.8688,STOI: 0.9504

INFO:root:Epoch 8, Step 500, loss: 0.17180535197257996, disc_loss: 0.004374133422970772
INFO:root:Epoch 8, Step 1000, loss: 0.214384526014328, disc_loss: 0.0028189653530716896
INFO:root:Epoch 8, Step 1500, loss: 0.21313808858394623, disc_loss: 0.003980829380452633
INFO:root:Epoch 8, Step 2000, loss: 0.15512016415596008, disc_loss: 0.0012784311547875404
INFO:root:Epoch 8, Step 2500, loss: 0.1348295509815216, disc_loss: 0.0004590455791912973
INFO:root:Generator loss: 0.12577081844210625, Discriminator loss: 0.005992332886925952
INFO:root:
=== Epoch 8 evaluation ===
INFO:root:=== Evaluation metrics ===
PESQ: 3.1189,SSNR: 9.7408,CSIG: 4.5381,CBAK: 3.7131,COVL: 3.9089,STOI: 0.9516

INFO:root:Epoch 9, Step 500, loss: 0.2056577503681183, disc_loss: 0.0005529316258616745
INFO:root:Epoch 9, Step 1000, loss: 0.22441740334033966, disc_loss: 0.0031977875623852015
INFO:root:Epoch 9, Step 1500, loss: 0.19568699598312378, disc_loss: 0.004360619932413101
INFO:root:Epoch 9, Step 2000, loss: 0.16042333841323853, disc_loss: 0.008711271919310093
INFO:root:Epoch 9, Step 2500, loss: 0.2516142725944519, disc_loss: 0.0004379398887977004
INFO:root:Generator loss: 0.12265648714547019, Discriminator loss: 0.005602739637961172
INFO:root:
=== Epoch 9 evaluation ===
INFO:root:=== Evaluation metrics ===
PESQ: 3.1927,SSNR: 9.9124,CSIG: 4.5769,CBAK: 3.7601,COVL: 3.9707,STOI: 0.9513

INFO:root:Epoch 10, Step 500, loss: 0.16859658062458038, disc_loss: 0.0024227872490882874
INFO:root:Epoch 10, Step 1000, loss: 0.19892661273479462, disc_loss: 0.011496961116790771
INFO:root:Epoch 10, Step 1500, loss: 0.14628365635871887, disc_loss: 0.0010450166882947087
INFO:root:Epoch 10, Step 2000, loss: 0.13186980783939362, disc_loss: 0.002555576851591468
INFO:root:Epoch 10, Step 2500, loss: 0.15838253498077393, disc_loss: 0.000503118266351521
INFO:root:Generator loss: 0.12203012459269426, Discriminator loss: 0.005408720811051927
INFO:root:
=== Epoch 10 evaluation ===
INFO:root:=== Evaluation metrics ===
PESQ: 3.1528,SSNR: 10.0542,CSIG: 4.5650,CBAK: 3.7491,COVL: 3.9416,STOI: 0.9522

INFO:root:Epoch 11, Step 500, loss: 0.17731261253356934, disc_loss: 0.0007402452174574137
INFO:root:Epoch 11, Step 1000, loss: 0.18770599365234375, disc_loss: 0.007505721878260374
INFO:root:Epoch 11, Step 1500, loss: 0.1651395559310913, disc_loss: 0.0035036702174693346
INFO:root:Epoch 11, Step 2000, loss: 0.1423996388912201, disc_loss: 0.00022172155149746686
INFO:root:Epoch 11, Step 2500, loss: 0.20838558673858643, disc_loss: 0.0023401423823088408
INFO:root:Generator loss: 0.12225900357137028, Discriminator loss: 0.003593707366129361
INFO:root:
=== Epoch 11 evaluation ===
INFO:root:=== Evaluation metrics ===
PESQ: 3.2282,SSNR: 10.3045,CSIG: 4.5923,CBAK: 3.7997,COVL: 3.9951,STOI: 0.9517

INFO:root:Epoch 12, Step 500, loss: 0.15178099274635315, disc_loss: 0.00497510377317667
INFO:root:Epoch 12, Step 1000, loss: 0.1592925488948822, disc_loss: 0.003552875714376569
INFO:root:Epoch 12, Step 1500, loss: 0.23597925901412964, disc_loss: 0.002294955076649785
INFO:root:Epoch 12, Step 2000, loss: 0.1945997178554535, disc_loss: 0.002397305564954877
INFO:root:Epoch 12, Step 2500, loss: 0.21650417149066925, disc_loss: 0.0013314476236701012
INFO:root:Generator loss: 0.11845036404370105, Discriminator loss: 0.0037165435853628134
INFO:root:
=== Epoch 12 evaluation ===
INFO:root:=== Evaluation metrics ===
PESQ: 3.2606,SSNR: 10.0136,CSIG: 4.6151,CBAK: 3.7991,COVL: 4.0305,STOI: 0.9526

INFO:root:Epoch 13, Step 500, loss: 0.19606830179691315, disc_loss: 0.0034074997529387474
INFO:root:Epoch 13, Step 1000, loss: 0.19344750046730042, disc_loss: 0.025839269161224365
INFO:root:Epoch 13, Step 1500, loss: 0.15297767519950867, disc_loss: 0.001455712248571217
INFO:root:Epoch 13, Step 2000, loss: 0.18105410039424896, disc_loss: 0.01481753122061491
INFO:root:Epoch 13, Step 2500, loss: 0.1487792730331421, disc_loss: 0.005975865758955479
INFO:root:Generator loss: 0.11840419377227432, Discriminator loss: 0.005188711946157657
INFO:root:
=== Epoch 13 evaluation ===
INFO:root:=== Evaluation metrics ===
PESQ: 3.2029,SSNR: 10.3211,CSIG: 4.5780,CBAK: 3.7906,COVL: 3.9733,STOI: 0.9538

INFO:root:Epoch 14, Step 500, loss: 0.19299906492233276, disc_loss: 0.00041499637882225215
INFO:root:Epoch 14, Step 1000, loss: 0.1371360719203949, disc_loss: 0.0004615575016941875
INFO:root:Epoch 14, Step 1500, loss: 0.1890450268983841, disc_loss: 0.0010516277980059385
INFO:root:Epoch 14, Step 2000, loss: 0.16371914744377136, disc_loss: 0.0030506770126521587
INFO:root:Epoch 14, Step 2500, loss: 0.18869028985500336, disc_loss: 0.004482773598283529
INFO:root:Generator loss: 0.12413066990890549, Discriminator loss: 0.008944880180951638
INFO:root:
=== Epoch 14 evaluation ===
INFO:root:=== Evaluation metrics ===
PESQ: 3.2276,SSNR: 9.2175,CSIG: 4.5845,CBAK: 3.7264,COVL: 3.9901,STOI: 0.9541

INFO:root:Epoch 15, Step 500, loss: 0.16783839464187622, disc_loss: 0.00380008015781641
INFO:root:Epoch 15, Step 1000, loss: 0.2589203119277954, disc_loss: 0.0014097396051511168
INFO:root:Epoch 15, Step 1500, loss: 0.19032248854637146, disc_loss: 0.00418447470292449
INFO:root:Epoch 15, Step 2000, loss: 0.2184569537639618, disc_loss: 0.001949983648955822
INFO:root:Epoch 15, Step 2500, loss: 0.16127705574035645, disc_loss: 0.0007228156318888068
INFO:root:Generator loss: 0.12295777251202504, Discriminator loss: 0.008139696384920542
INFO:root:
=== Epoch 15 evaluation ===
INFO:root:=== Evaluation metrics ===
PESQ: 3.1796,SSNR: 9.6579,CSIG: 4.5518,CBAK: 3.7370,COVL: 3.9479,STOI: 0.9538

INFO:root:Epoch 16, Step 500, loss: 0.15679538249969482, disc_loss: 0.0031405428890138865
INFO:root:Epoch 16, Step 1000, loss: 0.13235139846801758, disc_loss: 0.0021925102919340134
INFO:root:Epoch 16, Step 1500, loss: 0.2235518991947174, disc_loss: 0.002535854699090123
INFO:root:Epoch 16, Step 2000, loss: 0.16550160944461823, disc_loss: 0.005319696851074696
INFO:root:Epoch 16, Step 2500, loss: 0.15913856029510498, disc_loss: 0.0009356914670206606
INFO:root:Generator loss: 0.11939467959901662, Discriminator loss: 0.006117741272125553
INFO:root:
=== Epoch 16 evaluation ===
INFO:root:=== Evaluation metrics ===
PESQ: 3.2259,SSNR: 10.0284,CSIG: 4.5715,CBAK: 3.7824,COVL: 3.9830,STOI: 0.9542

INFO:root:Epoch 17, Step 500, loss: 0.16846144199371338, disc_loss: 0.0020792600698769093
INFO:root:Epoch 17, Step 1000, loss: 0.1719573438167572, disc_loss: 0.005706605035811663
INFO:root:Epoch 17, Step 1500, loss: 0.1990325003862381, disc_loss: 0.0009571567643433809
INFO:root:Epoch 17, Step 2000, loss: 0.17036443948745728, disc_loss: 0.0012587422970682383
INFO:root:Epoch 17, Step 2500, loss: 0.18174701929092407, disc_loss: 0.000998932751826942
INFO:root:Generator loss: 0.11604338839143805, Discriminator loss: 0.006538141964148115
INFO:root:
=== Epoch 17 evaluation ===
INFO:root:=== Evaluation metrics ===
PESQ: 3.2899,SSNR: 9.9625,CSIG: 4.6218,CBAK: 3.8101,COVL: 4.0523,STOI: 0.9545

INFO:root:Epoch 18, Step 500, loss: 0.17236073315143585, disc_loss: 0.0006771317566744983
INFO:root:Epoch 18, Step 1000, loss: 0.17110195755958557, disc_loss: 0.001772157265804708
INFO:root:Epoch 18, Step 1500, loss: 0.21745066344738007, disc_loss: 0.0020348671823740005
INFO:root:Epoch 18, Step 2000, loss: 0.1751110851764679, disc_loss: 0.0017149244667962193
INFO:root:Epoch 18, Step 2500, loss: 0.15022552013397217, disc_loss: 0.03959773853421211
INFO:root:Generator loss: 0.1191050847178524, Discriminator loss: 0.009729859715644655
INFO:root:
=== Epoch 18 evaluation ===
INFO:root:=== Evaluation metrics ===
PESQ: 3.2288,SSNR: 9.6765,CSIG: 4.5804,CBAK: 3.7609,COVL: 3.9915,STOI: 0.9543

INFO:root:Epoch 19, Step 500, loss: 0.13995641469955444, disc_loss: 0.0008480126271024346
INFO:root:Epoch 19, Step 1000, loss: 0.12118415534496307, disc_loss: 0.0021367473527789116
INFO:root:Epoch 19, Step 1500, loss: 0.17714884877204895, disc_loss: 0.0008791944128461182
INFO:root:Epoch 19, Step 2000, loss: 0.18991419672966003, disc_loss: 0.0017733603017404675
INFO:root:Epoch 19, Step 2500, loss: 0.19920974969863892, disc_loss: 0.0006761420518159866
INFO:root:Generator loss: 0.11859478146850484, Discriminator loss: 0.004967636178141387
INFO:root:
=== Epoch 19 evaluation ===
INFO:root:=== Evaluation metrics ===
PESQ: 3.3049,SSNR: 10.0140,CSIG: 4.6084,CBAK: 3.8188,COVL: 4.0494,STOI: 0.9548

INFO:root:Epoch 20, Step 500, loss: 0.17841464281082153, disc_loss: 0.0006076485151425004
INFO:root:Epoch 20, Step 1000, loss: 0.14401006698608398, disc_loss: 0.002479009795933962
INFO:root:Epoch 20, Step 1500, loss: 0.38183048367500305, disc_loss: 0.0006983985076658428
INFO:root:Epoch 20, Step 2000, loss: 0.18507105112075806, disc_loss: 0.0023298009764403105
INFO:root:Epoch 20, Step 2500, loss: 0.17039434611797333, disc_loss: 0.0008994529489427805
INFO:root:Generator loss: 0.11735122641819773, Discriminator loss: 0.006089208562910959
INFO:root:
=== Epoch 20 evaluation ===
INFO:root:=== Evaluation metrics ===
PESQ: 3.2716,SSNR: 10.0896,CSIG: 4.6139,CBAK: 3.8091,COVL: 4.0325,STOI: 0.9541

INFO:root:Epoch 21, Step 500, loss: 0.2550913691520691, disc_loss: 0.05291486158967018
INFO:root:Epoch 21, Step 1000, loss: 0.25469252467155457, disc_loss: 0.0016059376066550612
INFO:root:Epoch 21, Step 1500, loss: 0.11716426908969879, disc_loss: 0.00048781748046167195
INFO:root:Epoch 21, Step 2000, loss: 0.19353923201560974, disc_loss: 0.001998521853238344
INFO:root:Epoch 21, Step 2500, loss: 0.14045587182044983, disc_loss: 0.00012227169645484537
INFO:root:Generator loss: 0.11333402490369904, Discriminator loss: 0.004005788785540521
INFO:root:
=== Epoch 21 evaluation ===
INFO:root:=== Evaluation metrics ===
PESQ: 3.3250,SSNR: 10.3101,CSIG: 4.6201,CBAK: 3.8486,COVL: 4.0651,STOI: 0.9548

INFO:root:Epoch 22, Step 500, loss: 0.15734194219112396, disc_loss: 0.0018808910390362144
INFO:root:Epoch 22, Step 1000, loss: 0.13738441467285156, disc_loss: 0.0016090341378003359
INFO:root:Epoch 22, Step 1500, loss: 0.1789616048336029, disc_loss: 0.00163070613052696
INFO:root:Epoch 22, Step 2000, loss: 0.18960300087928772, disc_loss: 0.00374589953571558
INFO:root:Epoch 22, Step 2500, loss: 0.18405809998512268, disc_loss: 0.0017025184351950884
INFO:root:Generator loss: 0.11570509505069372, Discriminator loss: 0.0066459381045541645
INFO:root:
=== Epoch 22 evaluation ===
INFO:root:=== Evaluation metrics ===
PESQ: 3.2938,SSNR: 9.9524,CSIG: 4.6037,CBAK: 3.8098,COVL: 4.0456,STOI: 0.9549

INFO:root:Epoch 23, Step 500, loss: 0.24066941440105438, disc_loss: 0.0014221355086192489
INFO:root:Epoch 23, Step 1000, loss: 0.14929375052452087, disc_loss: 0.0027061072178184986
INFO:root:Epoch 23, Step 1500, loss: 0.13569962978363037, disc_loss: 0.0015279826475307345
INFO:root:Epoch 23, Step 2000, loss: 0.19559620320796967, disc_loss: 0.042488113045692444
INFO:root:Epoch 23, Step 2500, loss: 0.11360331624746323, disc_loss: 0.0009120597969740629
INFO:root:Generator loss: 0.1165360500222271, Discriminator loss: 0.008267850020009735
INFO:root:
=== Epoch 23 evaluation ===
INFO:root:=== Evaluation metrics ===
PESQ: 3.1951,SSNR: 10.0662,CSIG: 4.5660,CBAK: 3.7708,COVL: 3.9647,STOI: 0.9551

INFO:root:Epoch 24, Step 500, loss: 0.1397891640663147, disc_loss: 0.004942953586578369
INFO:root:Epoch 24, Step 1000, loss: 0.1737063229084015, disc_loss: 0.005678176414221525
INFO:root:Epoch 24, Step 1500, loss: 0.14741277694702148, disc_loss: 0.0010208082385361195
INFO:root:Epoch 24, Step 2000, loss: 0.14901912212371826, disc_loss: 0.003555068513378501
INFO:root:Epoch 24, Step 2500, loss: 0.0941738709807396, disc_loss: 0.0003576578455977142
INFO:root:Generator loss: 0.11567939586431078, Discriminator loss: 0.010608945378549233
INFO:root:
=== Epoch 24 evaluation ===
INFO:root:=== Evaluation metrics ===
PESQ: 3.2622,SSNR: 9.8414,CSIG: 4.6187,CBAK: 3.7868,COVL: 4.0309,STOI: 0.9548

INFO:root:Epoch 25, Step 500, loss: 0.16867919266223907, disc_loss: 0.0002508599136490375
INFO:root:Epoch 25, Step 1000, loss: 0.1737590879201889, disc_loss: 0.0011640071170404553
INFO:root:Epoch 25, Step 1500, loss: 0.16034463047981262, disc_loss: 0.00035736060817725956
INFO:root:Epoch 25, Step 2000, loss: 0.2299988716840744, disc_loss: 0.0006156975287012756
INFO:root:Epoch 25, Step 2500, loss: 0.08896097540855408, disc_loss: 0.0014887632569298148
INFO:root:Generator loss: 0.1129188148612247, Discriminator loss: 0.009214072994033363
INFO:root:
=== Epoch 25 evaluation ===
INFO:root:=== Evaluation metrics ===
PESQ: 3.2892,SSNR: 10.1347,CSIG: 4.6277,CBAK: 3.8189,COVL: 4.0493,STOI: 0.9556

INFO:root:Epoch 26, Step 500, loss: 0.19551818072795868, disc_loss: 0.0015099489828571677
INFO:root:Epoch 26, Step 1000, loss: 0.12187746167182922, disc_loss: 0.0010576604399830103
INFO:root:Epoch 26, Step 1500, loss: 0.15918216109275818, disc_loss: 0.0005653289845213294
INFO:root:Epoch 26, Step 2000, loss: 0.15026777982711792, disc_loss: 0.00018725960399024189
INFO:root:Epoch 26, Step 2500, loss: 0.20643530786037445, disc_loss: 0.001109604723751545
INFO:root:Generator loss: 0.11308202444060335, Discriminator loss: 0.0072174073658653
INFO:root:
=== Epoch 26 evaluation ===
INFO:root:=== Evaluation metrics ===
PESQ: 3.3134,SSNR: 10.1254,CSIG: 4.6376,CBAK: 3.8310,COVL: 4.0718,STOI: 0.9550

INFO:root:Epoch 27, Step 500, loss: 0.1368032693862915, disc_loss: 0.003959156107157469
INFO:root:Epoch 27, Step 1000, loss: 0.1575884371995926, disc_loss: 0.0004851801204495132
INFO:root:Epoch 27, Step 1500, loss: 0.2030695080757141, disc_loss: 0.000602783402428031
INFO:root:Epoch 27, Step 2000, loss: 0.10981716215610504, disc_loss: 0.0007900160853751004
INFO:root:Epoch 27, Step 2500, loss: 0.28677091002464294, disc_loss: 0.004633319564163685
INFO:root:Generator loss: 0.11622105594905256, Discriminator loss: 0.0083291168639776
INFO:root:
=== Epoch 27 evaluation ===
INFO:root:=== Evaluation metrics ===
PESQ: 3.2658,SSNR: 9.9054,CSIG: 4.6200,CBAK: 3.7942,COVL: 4.0342,STOI: 0.9556

INFO:root:Epoch 28, Step 500, loss: 0.13986748456954956, disc_loss: 0.0020290007814764977
INFO:root:Epoch 28, Step 1000, loss: 0.20584383606910706, disc_loss: 0.0013568775029852986
INFO:root:Epoch 28, Step 1500, loss: 0.18435025215148926, disc_loss: 0.0025117830373346806
INFO:root:Epoch 28, Step 2000, loss: 0.13466179370880127, disc_loss: 0.0009227234404534101
INFO:root:Epoch 28, Step 2500, loss: 0.15105730295181274, disc_loss: 0.0014425079571083188
INFO:root:Generator loss: 0.11138131507464404, Discriminator loss: 0.005589285511093992
INFO:root:
=== Epoch 28 evaluation ===
INFO:root:=== Evaluation metrics ===
PESQ: 3.3440,SSNR: 10.2855,CSIG: 4.6432,CBAK: 3.8554,COVL: 4.0925,STOI: 0.9554

INFO:root:Epoch 29, Step 500, loss: 0.17417855560779572, disc_loss: 0.0008145852480083704
INFO:root:Epoch 29, Step 1000, loss: 0.10235051810741425, disc_loss: 0.0020677519496530294
INFO:root:Epoch 29, Step 1500, loss: 0.1305484175682068, disc_loss: 0.00169627636205405
INFO:root:Epoch 29, Step 2000, loss: 0.16080227494239807, disc_loss: 0.003830021945759654
INFO:root:Epoch 29, Step 2500, loss: 0.12976330518722534, disc_loss: 0.0007588638691231608
INFO:root:Generator loss: 0.1152025765006982, Discriminator loss: 0.006068512072797426
INFO:root:
=== Epoch 29 evaluation ===
INFO:root:=== Evaluation metrics ===
PESQ: 3.3043,SSNR: 9.7661,CSIG: 4.6251,CBAK: 3.8006,COVL: 4.0570,STOI: 0.9556

INFO:root:Epoch 30, Step 500, loss: 0.1388622224330902, disc_loss: 0.0006478081340901554
INFO:root:Epoch 30, Step 1000, loss: 0.16400015354156494, disc_loss: 0.0007553719915449619
INFO:root:Epoch 30, Step 1500, loss: 0.14062774181365967, disc_loss: 0.0032804193906486034
INFO:root:Epoch 30, Step 2000, loss: 0.1434992253780365, disc_loss: 0.0024085526820272207
INFO:root:Epoch 30, Step 2500, loss: 0.1016850620508194, disc_loss: 0.002328868955373764
INFO:root:Generator loss: 0.11257337751680786, Discriminator loss: 0.005912826522582638
INFO:root:
=== Epoch 30 evaluation ===
INFO:root:=== Evaluation metrics ===
PESQ: 3.2973,SSNR: 10.3481,CSIG: 4.6192,CBAK: 3.8383,COVL: 4.0511,STOI: 0.9558

INFO:root:Epoch 31, Step 500, loss: 0.18458937108516693, disc_loss: 0.0014584125019609928
INFO:root:Epoch 31, Step 1000, loss: 0.11585341393947601, disc_loss: 0.0005938360700383782
INFO:root:Epoch 31, Step 1500, loss: 0.1847270131111145, disc_loss: 0.0011614359682425857
INFO:root:Epoch 31, Step 2000, loss: 0.1766032576560974, disc_loss: 0.0017786261159926653
INFO:root:Epoch 31, Step 2500, loss: 0.20534327626228333, disc_loss: 0.0006446142797358334
INFO:root:Generator loss: 0.11273510481041034, Discriminator loss: 0.007479699212241225
INFO:root:
=== Epoch 31 evaluation ===
INFO:root:=== Evaluation metrics ===
PESQ: 3.2950,SSNR: 9.9520,CSIG: 4.6307,CBAK: 3.8114,COVL: 4.0610,STOI: 0.9557

INFO:root:Epoch 32, Step 500, loss: 0.13253182172775269, disc_loss: 0.0005687715020030737
INFO:root:Epoch 32, Step 1000, loss: 0.12435045093297958, disc_loss: 0.0028728535398840904
INFO:root:Epoch 32, Step 1500, loss: 0.1597812920808792, disc_loss: 0.0010110401781275868
INFO:root:Epoch 32, Step 2000, loss: 0.14983539283275604, disc_loss: 0.01194667723029852
INFO:root:Epoch 32, Step 2500, loss: 0.19360774755477905, disc_loss: 7.289632048923522e-05
INFO:root:Generator loss: 0.11494438100642371, Discriminator loss: 0.006648337061810663
INFO:root:
=== Epoch 32 evaluation ===
INFO:root:=== Evaluation metrics ===
PESQ: 3.3290,SSNR: 9.8148,CSIG: 4.6301,CBAK: 3.8164,COVL: 4.0731,STOI: 0.9559

INFO:root:Epoch 33, Step 500, loss: 0.16922569274902344, disc_loss: 0.0018103927141055465
INFO:root:Epoch 33, Step 1000, loss: 0.16543856263160706, disc_loss: 0.0009351420449092984
INFO:root:Epoch 33, Step 1500, loss: 0.14478564262390137, disc_loss: 0.00011920445103896782
INFO:root:Epoch 33, Step 2000, loss: 0.11617296189069748, disc_loss: 0.0012398305116221309
INFO:root:Epoch 33, Step 2500, loss: 0.1323627233505249, disc_loss: 0.0010705788154155016
INFO:root:Generator loss: 0.1126089536774795, Discriminator loss: 0.007750806669277666
INFO:root:
=== Epoch 33 evaluation ===
INFO:root:=== Evaluation metrics ===
PESQ: 3.3378,SSNR: 10.1436,CSIG: 4.6458,CBAK: 3.8422,COVL: 4.0893,STOI: 0.9561

INFO:root:Epoch 34, Step 500, loss: 0.20545202493667603, disc_loss: 0.0022576760966330767
INFO:root:Epoch 34, Step 1000, loss: 0.15442690253257751, disc_loss: 0.001128341187722981
INFO:root:Epoch 34, Step 1500, loss: 0.15341800451278687, disc_loss: 0.0021969040390104055
INFO:root:Epoch 34, Step 2000, loss: 0.17188340425491333, disc_loss: 0.001434953766874969
INFO:root:Epoch 34, Step 2500, loss: 0.1763407289981842, disc_loss: 0.004807291552424431
INFO:root:Generator loss: 0.11015718650904674, Discriminator loss: 0.006801667750904334
INFO:root:
=== Epoch 34 evaluation ===
INFO:root:=== Evaluation metrics ===
PESQ: 3.3618,SSNR: 10.3296,CSIG: 4.6675,CBAK: 3.8675,COVL: 4.1168,STOI: 0.9557

INFO:root:Epoch 35, Step 500, loss: 0.12856276333332062, disc_loss: 0.002198300324380398
INFO:root:Epoch 35, Step 1000, loss: 0.15657547116279602, disc_loss: 0.0011660936288535595
INFO:root:Epoch 35, Step 1500, loss: 0.15782403945922852, disc_loss: 0.0007029943517409265
INFO:root:Epoch 35, Step 2000, loss: 0.15505144000053406, disc_loss: 0.003747585928067565
INFO:root:Epoch 35, Step 2500, loss: 0.2070251852273941, disc_loss: 0.0011531676864251494
INFO:root:Generator loss: 0.11162014685354187, Discriminator loss: 0.006402246366527375
INFO:root:
=== Epoch 35 evaluation ===
INFO:root:=== Evaluation metrics ===
PESQ: 3.2882,SSNR: 10.2559,CSIG: 4.6345,CBAK: 3.8281,COVL: 4.0543,STOI: 0.9559

INFO:root:Epoch 36, Step 500, loss: 0.1344577968120575, disc_loss: 0.0015031930524855852
INFO:root:Epoch 36, Step 1000, loss: 0.1594422608613968, disc_loss: 0.0008907419396564364
INFO:root:Epoch 36, Step 1500, loss: 0.11018996685743332, disc_loss: 0.02729225717484951
INFO:root:Epoch 36, Step 2000, loss: 0.18831634521484375, disc_loss: 0.002111125970259309
INFO:root:Epoch 36, Step 2500, loss: 0.1361711174249649, disc_loss: 0.0007458747713826597
INFO:root:Generator loss: 0.11156890817999261, Discriminator loss: 0.006033212101490048
INFO:root:
=== Epoch 36 evaluation ===
INFO:root:=== Evaluation metrics ===
PESQ: 3.2899,SSNR: 10.3002,CSIG: 4.6364,CBAK: 3.8315,COVL: 4.0554,STOI: 0.9562

INFO:root:Epoch 37, Step 500, loss: 0.17944972217082977, disc_loss: 0.0016338175628334284
INFO:root:Epoch 37, Step 1000, loss: 0.16992929577827454, disc_loss: 0.00155175372492522
INFO:root:Epoch 37, Step 1500, loss: 0.13738304376602173, disc_loss: 0.0016434930730611086
INFO:root:Epoch 37, Step 2000, loss: 0.10481344163417816, disc_loss: 0.000587512506172061
INFO:root:Epoch 37, Step 2500, loss: 0.14831030368804932, disc_loss: 0.00016113031597342342
INFO:root:Generator loss: 0.11218599325895888, Discriminator loss: 0.006344370634093863
INFO:root:
=== Epoch 37 evaluation ===
INFO:root:=== Evaluation metrics ===
PESQ: 3.2923,SSNR: 10.3120,CSIG: 4.6226,CBAK: 3.8331,COVL: 4.0501,STOI: 0.9556

INFO:root:Epoch 38, Step 500, loss: 0.1119794249534607, disc_loss: 0.0009712054161354899
INFO:root:Epoch 38, Step 1000, loss: 0.1099252700805664, disc_loss: 0.0030988850630819798
INFO:root:Epoch 38, Step 1500, loss: 0.16915655136108398, disc_loss: 0.0007724624592810869
INFO:root:Epoch 38, Step 2000, loss: 0.12447389960289001, disc_loss: 0.0006740969838574529
INFO:root:Epoch 38, Step 2500, loss: 0.16437794268131256, disc_loss: 0.0009878260316327214
INFO:root:Generator loss: 0.1119808093509049, Discriminator loss: 0.004838085436276036
INFO:root:
=== Epoch 38 evaluation ===
INFO:root:=== Evaluation metrics ===
PESQ: 3.3393,SSNR: 10.0713,CSIG: 4.6531,CBAK: 3.8387,COVL: 4.0954,STOI: 0.9561

INFO:root:Epoch 39, Step 500, loss: 0.15910986065864563, disc_loss: 0.0007879012846387923
INFO:root:Epoch 39, Step 1000, loss: 0.142704039812088, disc_loss: 0.0007763922330923378
INFO:root:Epoch 39, Step 1500, loss: 0.1422043740749359, disc_loss: 3.260561061324552e-05
INFO:root:Epoch 39, Step 2000, loss: 0.09959466755390167, disc_loss: 0.000503071874845773
INFO:root:Epoch 39, Step 2500, loss: 0.2028476893901825, disc_loss: 0.00027970204246230423
INFO:root:Generator loss: 0.11264660411957399, Discriminator loss: 0.006665582783082676
INFO:root:
=== Epoch 39 evaluation ===
INFO:root:=== Evaluation metrics ===
PESQ: 3.2927,SSNR: 10.1804,CSIG: 4.6348,CBAK: 3.8238,COVL: 4.0572,STOI: 0.9561

INFO:root:Epoch 40, Step 500, loss: 0.17268526554107666, disc_loss: 0.001631797756999731
INFO:root:Epoch 40, Step 1000, loss: 0.14157235622406006, disc_loss: 0.0006170992855913937
INFO:root:Epoch 40, Step 1500, loss: 0.11781340837478638, disc_loss: 0.0012723846593871713
INFO:root:Epoch 40, Step 2000, loss: 0.17308062314987183, disc_loss: 0.01655246876180172
INFO:root:Epoch 40, Step 2500, loss: 0.13260605931282043, disc_loss: 0.0032102770637720823
INFO:root:Generator loss: 0.11059685176220334, Discriminator loss: 0.0059911483849911075
INFO:root:
=== Epoch 40 evaluation ===
INFO:root:=== Evaluation metrics ===
PESQ: 3.3169,SSNR: 10.3580,CSIG: 4.6445,CBAK: 3.8486,COVL: 4.0761,STOI: 0.9564

INFO:root:Epoch 41, Step 500, loss: 0.1877070963382721, disc_loss: 0.0004655813390854746
INFO:root:Epoch 41, Step 1000, loss: 0.17736168205738068, disc_loss: 0.0010101405205205083
INFO:root:Epoch 41, Step 1500, loss: 0.1578982174396515, disc_loss: 0.0007648218306712806
INFO:root:Epoch 41, Step 2000, loss: 0.12844133377075195, disc_loss: 0.0018367604352533817
INFO:root:Epoch 41, Step 2500, loss: 0.15216916799545288, disc_loss: 0.0015513740945607424
INFO:root:Generator loss: 0.11640266811891088, Discriminator loss: 0.009582729847484763
INFO:root:
=== Epoch 41 evaluation ===
INFO:root:=== Evaluation metrics ===
PESQ: 3.3158,SSNR: 9.6567,CSIG: 4.6230,CBAK: 3.7986,COVL: 4.0673,STOI: 0.9558

INFO:root:Epoch 42, Step 500, loss: 0.1235838532447815, disc_loss: 0.0011670633684843779
INFO:root:Epoch 42, Step 1000, loss: 0.11304347962141037, disc_loss: 0.000669491826556623
INFO:root:Epoch 42, Step 1500, loss: 0.13911138474941254, disc_loss: 0.0008863725233823061
INFO:root:Epoch 42, Step 2000, loss: 0.1571713238954544, disc_loss: 0.0005433279438875616
INFO:root:Epoch 42, Step 2500, loss: 0.16993945837020874, disc_loss: 0.0017251437529921532
INFO:root:Generator loss: 0.11022983297922657, Discriminator loss: 0.0055022899203993674
INFO:root:
=== Epoch 42 evaluation ===
INFO:root:=== Evaluation metrics ===
PESQ: 3.3145,SSNR: 10.3906,CSIG: 4.6421,CBAK: 3.8495,COVL: 4.0745,STOI: 0.9565

INFO:root:Epoch 43, Step 500, loss: 0.15998293459415436, disc_loss: 0.0029081404209136963
INFO:root:Epoch 43, Step 1000, loss: 0.15593528747558594, disc_loss: 5.711310222977772e-06
INFO:root:Epoch 43, Step 1500, loss: 0.15972989797592163, disc_loss: 0.016973432153463364
INFO:root:Epoch 43, Step 2000, loss: 0.1964399218559265, disc_loss: 0.004750198684632778
INFO:root:Epoch 43, Step 2500, loss: 0.11861996352672577, disc_loss: 0.002774797845631838
INFO:root:Generator loss: 0.11194643336664704, Discriminator loss: 0.00601693728733983
INFO:root:
=== Epoch 43 evaluation ===
INFO:root:=== Evaluation metrics ===
PESQ: 3.3725,SSNR: 10.0722,CSIG: 4.6627,CBAK: 3.8561,COVL: 4.1202,STOI: 0.9564

INFO:root:Epoch 44, Step 500, loss: 0.11620336771011353, disc_loss: 0.0012004222953692079
INFO:root:Epoch 44, Step 1000, loss: 0.15901051461696625, disc_loss: 0.0015092690009623766
INFO:root:Epoch 44, Step 1500, loss: 0.11747001111507416, disc_loss: 0.000732168962713331
INFO:root:Epoch 44, Step 2000, loss: 0.16363525390625, disc_loss: 0.00010418013698654249
INFO:root:Epoch 44, Step 2500, loss: 0.1236143708229065, disc_loss: 0.0002590348303783685
INFO:root:Generator loss: 0.11147396570270501, Discriminator loss: 0.0067392242193977615
INFO:root:
=== Epoch 44 evaluation ===
INFO:root:=== Evaluation metrics ===
PESQ: 3.3428,SSNR: 10.1671,CSIG: 4.6453,CBAK: 3.8470,COVL: 4.0921,STOI: 0.9560

INFO:root:Epoch 45, Step 500, loss: 0.17378893494606018, disc_loss: 0.0005460397223941982
INFO:root:Epoch 45, Step 1000, loss: 0.19649386405944824, disc_loss: 0.0007403225754387677
INFO:root:Epoch 45, Step 1500, loss: 0.12556084990501404, disc_loss: 0.0006679124780930579
INFO:root:Epoch 45, Step 2000, loss: 0.24872790277004242, disc_loss: 0.0007984688854776323
INFO:root:Epoch 45, Step 2500, loss: 0.1886041909456253, disc_loss: 0.0011134982341900468
INFO:root:Generator loss: 0.1117057402446432, Discriminator loss: 0.00783041630148166
INFO:root:
=== Epoch 45 evaluation ===
INFO:root:=== Evaluation metrics ===
PESQ: 3.3308,SSNR: 10.2982,CSIG: 4.6451,CBAK: 3.8509,COVL: 4.0856,STOI: 0.9557

INFO:root:Epoch 46, Step 500, loss: 0.10173959285020828, disc_loss: 0.0003025101323146373
INFO:root:Epoch 46, Step 1000, loss: 0.11286485195159912, disc_loss: 0.000998247996903956
INFO:root:Epoch 46, Step 1500, loss: 0.1064436063170433, disc_loss: 0.0394543893635273
INFO:root:Epoch 46, Step 2000, loss: 0.13068245351314545, disc_loss: 0.0014632365200668573
INFO:root:Epoch 46, Step 2500, loss: 0.12767602503299713, disc_loss: 0.00046006738557480276
INFO:root:Generator loss: 0.11266561040600527, Discriminator loss: 0.00646713677033227
INFO:root:
=== Epoch 46 evaluation ===
INFO:root:=== Evaluation metrics ===
PESQ: 3.3412,SSNR: 9.9583,CSIG: 4.6563,CBAK: 3.8323,COVL: 4.0995,STOI: 0.9563

INFO:root:Epoch 47, Step 500, loss: 0.1134280413389206, disc_loss: 0.0024690115824341774
INFO:root:Epoch 47, Step 1000, loss: 0.12496523559093475, disc_loss: 0.0013970559230074286
INFO:root:Epoch 47, Step 1500, loss: 0.24550603330135345, disc_loss: 0.00031014299020171165
INFO:root:Epoch 47, Step 2000, loss: 0.15733495354652405, disc_loss: 0.0013458350440487266
INFO:root:Epoch 47, Step 2500, loss: 0.2005622237920761, disc_loss: 0.0012854798696935177
INFO:root:Generator loss: 0.1110593785794036, Discriminator loss: 0.006494784753335057
INFO:root:
=== Epoch 47 evaluation ===
INFO:root:=== Evaluation metrics ===
PESQ: 3.3234,SSNR: 10.2309,CSIG: 4.6390,CBAK: 3.8428,COVL: 4.0791,STOI: 0.9562

INFO:root:Epoch 48, Step 500, loss: 0.1591832935810089, disc_loss: 0.0005535664386115968
INFO:root:Epoch 48, Step 1000, loss: 0.2068445086479187, disc_loss: 0.0006660649669356644
INFO:root:Epoch 48, Step 1500, loss: 0.09703665226697922, disc_loss: 0.001162119791842997
INFO:root:Epoch 48, Step 2000, loss: 0.15917539596557617, disc_loss: 0.0018777736695483327
INFO:root:Epoch 48, Step 2500, loss: 0.12732669711112976, disc_loss: 0.0005825841217301786
INFO:root:Generator loss: 0.109061099046353, Discriminator loss: 0.006255778173617374
INFO:root:
=== Epoch 48 evaluation ===
INFO:root:=== Evaluation metrics ===
PESQ: 3.3450,SSNR: 10.4255,CSIG: 4.6529,CBAK: 3.8668,COVL: 4.1013,STOI: 0.9566

INFO:root:Epoch 49, Step 500, loss: 0.08447066694498062, disc_loss: 0.0024763275869190693
INFO:root:Epoch 49, Step 1000, loss: 0.1581045538187027, disc_loss: 0.03830183669924736
INFO:root:Epoch 49, Step 1500, loss: 0.15060555934906006, disc_loss: 0.0013994844630360603
INFO:root:Epoch 49, Step 2000, loss: 0.07950261235237122, disc_loss: 0.0010748954955488443
INFO:root:Epoch 49, Step 2500, loss: 0.11880549788475037, disc_loss: 0.0012246656697243452
INFO:root:Generator loss: 0.11006449654843044, Discriminator loss: 0.007530500072815927
INFO:root:
=== Epoch 49 evaluation ===
INFO:root:=== Evaluation metrics ===
PESQ: 3.3347,SSNR: 10.2963,CSIG: 4.6600,CBAK: 3.8523,COVL: 4.0953,STOI: 0.9565

INFO:root:Epoch 50, Step 500, loss: 0.2013791799545288, disc_loss: 0.00200720620341599
INFO:root:Epoch 50, Step 1000, loss: 0.17774055898189545, disc_loss: 0.053603414446115494
INFO:root:Epoch 50, Step 1500, loss: 0.11825726926326752, disc_loss: 0.0019435137510299683
INFO:root:Epoch 50, Step 2000, loss: 0.17798995971679688, disc_loss: 0.0018952084938064218
INFO:root:Epoch 50, Step 2500, loss: 0.16255587339401245, disc_loss: 0.0312536396086216
INFO:root:Generator loss: 0.10976005439619416, Discriminator loss: 0.006223957112056666
INFO:root:
=== Epoch 50 evaluation ===
INFO:root:=== Evaluation metrics ===
PESQ: 3.3488,SSNR: 10.3755,CSIG: 4.6543,CBAK: 3.8647,COVL: 4.1010,STOI: 0.9559

INFO:root:Epoch 51, Step 500, loss: 0.13290637731552124, disc_loss: 0.004108109977096319
INFO:root:Epoch 51, Step 1000, loss: 0.1503496766090393, disc_loss: 0.0010421611368656158
INFO:root:Epoch 51, Step 1500, loss: 0.07511095702648163, disc_loss: 0.0014714706921949983
INFO:root:Epoch 51, Step 2000, loss: 0.12996536493301392, disc_loss: 0.0013485874515026808
INFO:root:Epoch 51, Step 2500, loss: 0.12287862598896027, disc_loss: 0.002246530493721366
INFO:root:Generator loss: 0.10887952318903311, Discriminator loss: 0.006178925394424457
INFO:root:
=== Epoch 51 evaluation ===
INFO:root:=== Evaluation metrics ===
PESQ: 3.3444,SSNR: 10.4802,CSIG: 4.6556,CBAK: 3.8700,COVL: 4.1021,STOI: 0.9566

INFO:root:Epoch 52, Step 500, loss: 0.12861879169940948, disc_loss: 0.0005181771120987833
INFO:root:Epoch 52, Step 1000, loss: 0.1689530462026596, disc_loss: 0.0011177083943039179
INFO:root:Epoch 52, Step 1500, loss: 0.13379736244678497, disc_loss: 0.0007785475463606417
INFO:root:Epoch 52, Step 2000, loss: 0.1453201174736023, disc_loss: 0.0013638702221214771
INFO:root:Epoch 52, Step 2500, loss: 0.1800229847431183, disc_loss: 2.151612534362357e-05
INFO:root:Generator loss: 0.10913341262748519, Discriminator loss: 0.005932799769900016
INFO:root:
=== Epoch 52 evaluation ===
INFO:root:=== Evaluation metrics ===
PESQ: 3.3628,SSNR: 10.3181,CSIG: 4.6671,CBAK: 3.8678,COVL: 4.1178,STOI: 0.9564

INFO:root:Epoch 53, Step 500, loss: 0.2691003978252411, disc_loss: 0.0013030811678618193
INFO:root:Epoch 53, Step 1000, loss: 0.14868521690368652, disc_loss: 0.001585190650075674
INFO:root:Epoch 53, Step 1500, loss: 0.17636702954769135, disc_loss: 0.001222796505317092
INFO:root:Epoch 53, Step 2000, loss: 0.19037583470344543, disc_loss: 0.0013173854677006602
INFO:root:Epoch 53, Step 2500, loss: 0.18765348196029663, disc_loss: 0.0014029353624209762
INFO:root:Generator loss: 0.10903539763564624, Discriminator loss: 0.0059824300360472
INFO:root:
=== Epoch 53 evaluation ===
INFO:root:=== Evaluation metrics ===
PESQ: 3.3630,SSNR: 10.2949,CSIG: 4.6571,CBAK: 3.8667,COVL: 4.1120,STOI: 0.9565

INFO:root:Epoch 54, Step 500, loss: 0.11179132759571075, disc_loss: 5.056386726209894e-05
INFO:root:Epoch 54, Step 1000, loss: 0.23280787467956543, disc_loss: 0.0019732469227164984
INFO:root:Epoch 54, Step 1500, loss: 0.21694768965244293, disc_loss: 0.001970740733668208
INFO:root:Epoch 54, Step 2000, loss: 0.10737981647253036, disc_loss: 0.10108331590890884
INFO:root:Epoch 54, Step 2500, loss: 0.19350144267082214, disc_loss: 0.001745799439959228
INFO:root:Generator loss: 0.11049541948562108, Discriminator loss: 0.00822358498312629
INFO:root:
=== Epoch 54 evaluation ===
INFO:root:=== Evaluation metrics ===
PESQ: 3.3414,SSNR: 10.0519,CSIG: 4.6561,CBAK: 3.8390,COVL: 4.0989,STOI: 0.9564

INFO:root:Epoch 55, Step 500, loss: 0.18472912907600403, disc_loss: 0.0017533296486362815
INFO:root:Epoch 55, Step 1000, loss: 0.08980540186166763, disc_loss: 0.0010913183214142919
INFO:root:Epoch 55, Step 1500, loss: 0.09856899082660675, disc_loss: 0.001119120977818966
INFO:root:Epoch 55, Step 2000, loss: 0.17111605405807495, disc_loss: 0.000949978013522923
INFO:root:Epoch 55, Step 2500, loss: 0.10646674782037735, disc_loss: 0.0008252887637354434
INFO:root:Generator loss: 0.1093742197325218, Discriminator loss: 0.007704625821928663
INFO:root:
=== Epoch 55 evaluation ===
INFO:root:=== Evaluation metrics ===
PESQ: 3.3562,SSNR: 10.3159,CSIG: 4.6667,CBAK: 3.8646,COVL: 4.1144,STOI: 0.9565

INFO:root:Epoch 56, Step 500, loss: 0.22711962461471558, disc_loss: 0.001372270635329187
INFO:root:Epoch 56, Step 1000, loss: 0.14150464534759521, disc_loss: 0.0007471195422112942
INFO:root:Epoch 56, Step 1500, loss: 0.11859582364559174, disc_loss: 0.002690601162612438
INFO:root:Epoch 56, Step 2000, loss: 0.15485984086990356, disc_loss: 0.0026678938884288073
INFO:root:Epoch 56, Step 2500, loss: 0.16706687211990356, disc_loss: 0.0009175731684081256
INFO:root:Generator loss: 0.10965113025339483, Discriminator loss: 0.005568647869658536
INFO:root:
=== Epoch 56 evaluation ===
INFO:root:=== Evaluation metrics ===
PESQ: 3.3475,SSNR: 10.3493,CSIG: 4.6595,CBAK: 3.8626,COVL: 4.1050,STOI: 0.9564

INFO:root:Epoch 57, Step 500, loss: 0.16378800570964813, disc_loss: 0.0005402510869316757
INFO:root:Epoch 57, Step 1000, loss: 0.14565536379814148, disc_loss: 0.0026084687560796738
INFO:root:Epoch 57, Step 1500, loss: 0.20089274644851685, disc_loss: 0.0022875634022057056
INFO:root:Epoch 57, Step 2000, loss: 0.18651844561100006, disc_loss: 0.0018807423766702414
INFO:root:Epoch 57, Step 2500, loss: 0.17037662863731384, disc_loss: 0.0014342976501211524
INFO:root:Generator loss: 0.10921798966535666, Discriminator loss: 0.007851725747527382
INFO:root:
=== Epoch 57 evaluation ===
INFO:root:=== Evaluation metrics ===
PESQ: 3.3683,SSNR: 10.4561,CSIG: 4.6618,CBAK: 3.8793,COVL: 4.1197,STOI: 0.9560

INFO:root:Epoch 58, Step 500, loss: 0.13950562477111816, disc_loss: 0.001461829524487257
INFO:root:Epoch 58, Step 1000, loss: 0.14120730757713318, disc_loss: 0.0015090047381818295
INFO:root:Epoch 58, Step 1500, loss: 0.11559613049030304, disc_loss: 0.0009836223907768726
INFO:root:Epoch 58, Step 2000, loss: 0.1646009385585785, disc_loss: 0.00032374332658946514
INFO:root:Epoch 58, Step 2500, loss: 0.23961305618286133, disc_loss: 0.0005250329268164933
INFO:root:Generator loss: 0.11231036551152039, Discriminator loss: 0.007460238635528706
INFO:root:
=== Epoch 58 evaluation ===
INFO:root:=== Evaluation metrics ===
PESQ: 3.3583,SSNR: 10.0291,CSIG: 4.6616,CBAK: 3.8457,COVL: 4.1114,STOI: 0.9564

INFO:root:Epoch 59, Step 500, loss: 0.1607067584991455, disc_loss: 0.0021535714622586966
INFO:root:Epoch 59, Step 1000, loss: 0.24150970578193665, disc_loss: 0.0010400826577097178
INFO:root:Epoch 59, Step 1500, loss: 0.11856505274772644, disc_loss: 0.0013348895590752363
INFO:root:Epoch 59, Step 2000, loss: 0.13677570223808289, disc_loss: 0.0003012266242876649
INFO:root:Epoch 59, Step 2500, loss: 0.11991733312606812, disc_loss: 0.0010913735022768378
INFO:root:Generator loss: 0.11001492378491799, Discriminator loss: 0.007561543630111117
INFO:root:
=== Epoch 59 evaluation ===
INFO:root:=== Evaluation metrics ===
PESQ: 3.3631,SSNR: 10.1907,CSIG: 4.6683,CBAK: 3.8594,COVL: 4.1194,STOI: 0.9565

Training finished.
