Starting training:
without SE:
Namespace(batch_size=4, cut_len=32000, data_dir='/mnt/iusers01/msc-stu/hum-msc-data-sci-2024-2025/t74061zq/erp/DEMAND_16KHz', decay_epoch=12, epochs=60, init_lr=0.0005, log_interval=500, loss_weights=[0.1, 0.9, 0.2, 0.05, 0.07], save_model_dir='./saved_models_log/saved_models_20250811_VoiceDEMAND_16khz')
['NVIDIA A100-SXM4-80GB']
====================================================================================================
Layer (type:depth-idx)                             Output Shape              Param #
====================================================================================================
TSCNet                                             [1, 1, 321, 201]          --
├─DenseEncoder: 1-1                                [1, 64, 321, 101]         --
│    └─Sequential: 2-1                             [1, 64, 321, 201]         --
│    │    └─Conv2d: 3-1                            [1, 64, 321, 201]         256
│    │    └─InstanceNorm2d: 3-2                    [1, 64, 321, 201]         128
│    │    └─PReLU: 3-3                             [1, 64, 321, 201]         64
│    └─DilatedDenseNet: 2-2                        [1, 64, 321, 201]         --
│    │    └─ConstantPad2d: 3-4                     [1, 64, 322, 203]         --
│    │    └─Conv2d: 3-5                            [1, 64, 321, 201]         24,640
│    │    └─InstanceNorm2d: 3-6                    [1, 64, 321, 201]         128
│    │    └─PReLU: 3-7                             [1, 64, 321, 201]         64
│    │    └─ConstantPad2d: 3-8                     [1, 128, 323, 203]        --
│    │    └─Conv2d: 3-9                            [1, 64, 321, 201]         49,216
│    │    └─InstanceNorm2d: 3-10                   [1, 64, 321, 201]         128
│    │    └─PReLU: 3-11                            [1, 64, 321, 201]         64
│    │    └─ConstantPad2d: 3-12                    [1, 192, 325, 203]        --
│    │    └─Conv2d: 3-13                           [1, 64, 321, 201]         73,792
│    │    └─InstanceNorm2d: 3-14                   [1, 64, 321, 201]         128
│    │    └─PReLU: 3-15                            [1, 64, 321, 201]         64
│    │    └─ConstantPad2d: 3-16                    [1, 256, 329, 203]        --
│    │    └─Conv2d: 3-17                           [1, 64, 321, 201]         98,368
│    │    └─InstanceNorm2d: 3-18                   [1, 64, 321, 201]         128
│    │    └─PReLU: 3-19                            [1, 64, 321, 201]         64
│    └─Sequential: 2-3                             [1, 64, 321, 101]         --
│    │    └─Conv2d: 3-20                           [1, 64, 321, 101]         12,352
│    │    └─InstanceNorm2d: 3-21                   [1, 64, 321, 101]         128
│    │    └─PReLU: 3-22                            [1, 64, 321, 101]         64
├─TSCB: 1-2                                        [1, 64, 321, 101]         --
│    └─ConformerBlock: 2-4                         [101, 321, 64]            --
│    │    └─Scale: 3-23                            [101, 321, 64]            33,216
│    │    └─PreNorm: 3-24                          [101, 321, 64]            32,976
│    │    └─ConformerConvModule: 3-25              [101, 321, 64]            29,376
│    │    └─Scale: 3-26                            [101, 321, 64]            33,216
│    │    └─LayerNorm: 3-27                        [101, 321, 64]            128
│    └─ConformerBlock: 2-5                         [321, 101, 64]            --
│    │    └─Scale: 3-28                            [321, 101, 64]            33,216
│    │    └─PreNorm: 3-29                          [321, 101, 64]            32,976
│    │    └─ConformerConvModule: 3-30              [321, 101, 64]            29,376
│    │    └─Scale: 3-31                            [321, 101, 64]            33,216
│    │    └─LayerNorm: 3-32                        [321, 101, 64]            128
├─TSCB: 1-3                                        [1, 64, 321, 101]         --
│    └─ConformerBlock: 2-6                         [101, 321, 64]            --
│    │    └─Scale: 3-33                            [101, 321, 64]            33,216
│    │    └─PreNorm: 3-34                          [101, 321, 64]            32,976
│    │    └─ConformerConvModule: 3-35              [101, 321, 64]            29,376
│    │    └─Scale: 3-36                            [101, 321, 64]            33,216
│    │    └─LayerNorm: 3-37                        [101, 321, 64]            128
│    └─ConformerBlock: 2-7                         [321, 101, 64]            --
│    │    └─Scale: 3-38                            [321, 101, 64]            33,216
│    │    └─PreNorm: 3-39                          [321, 101, 64]            32,976
│    │    └─ConformerConvModule: 3-40              [321, 101, 64]            29,376
│    │    └─Scale: 3-41                            [321, 101, 64]            33,216
│    │    └─LayerNorm: 3-42                        [321, 101, 64]            128
├─TSCB: 1-4                                        [1, 64, 321, 101]         --
│    └─ConformerBlock: 2-8                         [101, 321, 64]            --
│    │    └─Scale: 3-43                            [101, 321, 64]            33,216
│    │    └─PreNorm: 3-44                          [101, 321, 64]            32,976
│    │    └─ConformerConvModule: 3-45              [101, 321, 64]            29,376
│    │    └─Scale: 3-46                            [101, 321, 64]            33,216
│    │    └─LayerNorm: 3-47                        [101, 321, 64]            128
│    └─ConformerBlock: 2-9                         [321, 101, 64]            --
│    │    └─Scale: 3-48                            [321, 101, 64]            33,216
│    │    └─PreNorm: 3-49                          [321, 101, 64]            32,976
│    │    └─ConformerConvModule: 3-50              [321, 101, 64]            29,376
│    │    └─Scale: 3-51                            [321, 101, 64]            33,216
│    │    └─LayerNorm: 3-52                        [321, 101, 64]            128
├─TSCB: 1-5                                        [1, 64, 321, 101]         --
│    └─ConformerBlock: 2-10                        [101, 321, 64]            --
│    │    └─Scale: 3-53                            [101, 321, 64]            33,216
│    │    └─PreNorm: 3-54                          [101, 321, 64]            32,976
│    │    └─ConformerConvModule: 3-55              [101, 321, 64]            29,376
│    │    └─Scale: 3-56                            [101, 321, 64]            33,216
│    │    └─LayerNorm: 3-57                        [101, 321, 64]            128
│    └─ConformerBlock: 2-11                        [321, 101, 64]            --
│    │    └─Scale: 3-58                            [321, 101, 64]            33,216
│    │    └─PreNorm: 3-59                          [321, 101, 64]            32,976
│    │    └─ConformerConvModule: 3-60              [321, 101, 64]            29,376
│    │    └─Scale: 3-61                            [321, 101, 64]            33,216
│    │    └─LayerNorm: 3-62                        [321, 101, 64]            128
├─MaskDecoder: 1-6                                 [1, 1, 321, 201]          --
│    └─DilatedDenseNet: 2-12                       [1, 64, 321, 101]         --
│    │    └─ConstantPad2d: 3-63                    [1, 64, 322, 103]         --
│    │    └─Conv2d: 3-64                           [1, 64, 321, 101]         24,640
│    │    └─InstanceNorm2d: 3-65                   [1, 64, 321, 101]         128
│    │    └─PReLU: 3-66                            [1, 64, 321, 101]         64
│    │    └─ConstantPad2d: 3-67                    [1, 128, 323, 103]        --
│    │    └─Conv2d: 3-68                           [1, 64, 321, 101]         49,216
│    │    └─InstanceNorm2d: 3-69                   [1, 64, 321, 101]         128
│    │    └─PReLU: 3-70                            [1, 64, 321, 101]         64
│    │    └─ConstantPad2d: 3-71                    [1, 192, 325, 103]        --
│    │    └─Conv2d: 3-72                           [1, 64, 321, 101]         73,792
│    │    └─InstanceNorm2d: 3-73                   [1, 64, 321, 101]         128
│    │    └─PReLU: 3-74                            [1, 64, 321, 101]         64
│    │    └─ConstantPad2d: 3-75                    [1, 256, 329, 103]        --
│    │    └─Conv2d: 3-76                           [1, 64, 321, 101]         98,368
│    │    └─InstanceNorm2d: 3-77                   [1, 64, 321, 101]         128
│    │    └─PReLU: 3-78                            [1, 64, 321, 101]         64
│    └─SPConvTranspose2d: 2-13                     [1, 64, 321, 202]         --
│    │    └─ConstantPad2d: 3-79                    [1, 64, 321, 103]         --
│    │    └─Conv2d: 3-80                           [1, 128, 321, 101]        24,704
│    └─Conv2d: 2-14                                [1, 1, 321, 201]          129
│    └─InstanceNorm2d: 2-15                        [1, 1, 321, 201]          2
│    └─PReLU: 2-16                                 [1, 1, 321, 201]          1
│    └─Conv2d: 2-17                                [1, 1, 321, 201]          2
│    └─PReLU: 2-18                                 [1, 201, 321]             201
├─ComplexDecoder: 1-7                              [1, 2, 321, 201]          --
│    └─DilatedDenseNet: 2-19                       [1, 64, 321, 101]         --
│    │    └─ConstantPad2d: 3-81                    [1, 64, 322, 103]         --
│    │    └─Conv2d: 3-82                           [1, 64, 321, 101]         24,640
│    │    └─InstanceNorm2d: 3-83                   [1, 64, 321, 101]         128
│    │    └─PReLU: 3-84                            [1, 64, 321, 101]         64
│    │    └─ConstantPad2d: 3-85                    [1, 128, 323, 103]        --
│    │    └─Conv2d: 3-86                           [1, 64, 321, 101]         49,216
│    │    └─InstanceNorm2d: 3-87                   [1, 64, 321, 101]         128
│    │    └─PReLU: 3-88                            [1, 64, 321, 101]         64
│    │    └─ConstantPad2d: 3-89                    [1, 192, 325, 103]        --
│    │    └─Conv2d: 3-90                           [1, 64, 321, 101]         73,792
│    │    └─InstanceNorm2d: 3-91                   [1, 64, 321, 101]         128
│    │    └─PReLU: 3-92                            [1, 64, 321, 101]         64
│    │    └─ConstantPad2d: 3-93                    [1, 256, 329, 103]        --
│    │    └─Conv2d: 3-94                           [1, 64, 321, 101]         98,368
│    │    └─InstanceNorm2d: 3-95                   [1, 64, 321, 101]         128
│    │    └─PReLU: 3-96                            [1, 64, 321, 101]         64
│    └─SPConvTranspose2d: 2-20                     [1, 64, 321, 202]         --
│    │    └─ConstantPad2d: 3-97                    [1, 64, 321, 103]         --
│    │    └─Conv2d: 3-98                           [1, 128, 321, 101]        24,704
│    └─InstanceNorm2d: 2-21                        [1, 64, 321, 202]         128
│    └─PReLU: 2-22                                 [1, 64, 321, 202]         64
│    └─Conv2d: 2-23                                [1, 2, 321, 201]          258
====================================================================================================
Total params: 1,834,833
Trainable params: 1,834,833
Non-trainable params: 0
Total mult-adds (G): 41.56
====================================================================================================
Input size (MB): 0.52
Forward/backward pass size (MB): 4856.40
Params size (MB): 7.34
Estimated Total Size (MB): 4864.25
====================================================================================================
==========================================================================================
Layer (type:depth-idx)                   Output Shape              Param #
==========================================================================================
Discriminator                            [1, 1]                    --
├─Sequential: 1-1                        [1, 1]                    --
│    └─Conv2d: 2-1                       [1, 16, 100, 160]         512
│    └─InstanceNorm2d: 2-2               [1, 16, 100, 160]         32
│    └─PReLU: 2-3                        [1, 16, 100, 160]         16
│    └─Conv2d: 2-4                       [1, 32, 50, 80]           8,192
│    └─InstanceNorm2d: 2-5               [1, 32, 50, 80]           64
│    └─PReLU: 2-6                        [1, 32, 50, 80]           32
│    └─Conv2d: 2-7                       [1, 64, 25, 40]           32,768
│    └─InstanceNorm2d: 2-8               [1, 64, 25, 40]           128
│    └─PReLU: 2-9                        [1, 64, 25, 40]           64
│    └─Conv2d: 2-10                      [1, 128, 12, 20]          131,072
│    └─InstanceNorm2d: 2-11              [1, 128, 12, 20]          256
│    └─PReLU: 2-12                       [1, 128, 12, 20]          128
│    └─AdaptiveMaxPool2d: 2-13           [1, 128, 1, 1]            --
│    └─Flatten: 2-14                     [1, 128]                  --
│    └─Linear: 2-15                      [1, 64]                   8,256
│    └─Dropout: 2-16                     [1, 64]                   --
│    └─PReLU: 2-17                       [1, 64]                   64
│    └─Linear: 2-18                      [1, 1]                    65
│    └─LearnableSigmoid: 2-19            [1, 1]                    1
==========================================================================================
Total params: 181,650
Trainable params: 181,650
Non-trainable params: 0
Total mult-adds (M): 19.67
==========================================================================================
Input size (MB): 0.52
Forward/backward pass size (MB): 11.49
Params size (MB): 0.73
Estimated Total Size (MB): 12.73
==========================================================================================
/mnt/iusers01/msc-stu/hum-msc-data-sci-2024-2025/t74061zq/erp/CMGAN_src/data/dataloader.py:52: UserWarning: torchaudio._backend.set_audio_backend has been deprecated. With dispatcher enabled, this function is no-op. You can remove the function call.
  torchaudio.set_audio_backend("sox_io")         # in linux
INFO:root:Epoch 0, Step 500, loss: 0.2765696942806244, disc_loss: 0.010179806500673294
INFO:root:Epoch 0, Step 1000, loss: 0.09517865628004074, disc_loss: 0.0054633887484669685
INFO:root:Epoch 0, Step 1500, loss: 0.17986427247524261, disc_loss: 0.010783868841826916
INFO:root:Epoch 0, Step 2000, loss: 0.3407626152038574, disc_loss: 0.0030460995621979237
INFO:root:Epoch 0, Step 2500, loss: 0.17736706137657166, disc_loss: 0.0008985015447251499
INFO:root:Generator loss: 0.11270394955662269, Discriminator loss: 0.011103805123904078
INFO:root:
=== Epoch 0 evaluation ===
INFO:root:=== Evaluation metrics ===
PESQ: 2.7099,SSNR: 8.9028,CSIG: 4.2526,CBAK: 3.4555,COVL: 3.5379,STOI: 0.9361

INFO:root:Epoch 1, Step 500, loss: 0.156499981880188, disc_loss: 0.008369795978069305
INFO:root:Epoch 1, Step 1000, loss: 0.14168034493923187, disc_loss: 0.0034715502988547087
INFO:root:Epoch 1, Step 1500, loss: 0.11309845745563507, disc_loss: 0.005422448739409447
INFO:root:Epoch 1, Step 2000, loss: 0.1748291254043579, disc_loss: 0.002498700050637126
INFO:root:Epoch 1, Step 2500, loss: 0.15612436830997467, disc_loss: 0.0011144442250952125
INFO:root:Generator loss: 0.0990137711565182, Discriminator loss: 0.01253540248121813
INFO:root:
=== Epoch 1 evaluation ===
INFO:root:=== Evaluation metrics ===
PESQ: 2.8919,SSNR: 8.8539,CSIG: 4.3556,CBAK: 3.5435,COVL: 3.6869,STOI: 0.9387

INFO:root:Epoch 2, Step 500, loss: 0.08719965815544128, disc_loss: 0.0013113843742758036
INFO:root:Epoch 2, Step 1000, loss: 0.1091175526380539, disc_loss: 0.012890816666185856
INFO:root:Epoch 2, Step 1500, loss: 0.12198267877101898, disc_loss: 0.004813798703253269
INFO:root:Epoch 2, Step 2000, loss: 0.12832464277744293, disc_loss: 0.005347725003957748
INFO:root:Epoch 2, Step 2500, loss: 0.13109761476516724, disc_loss: 0.006073650438338518
INFO:root:Generator loss: 0.09868840672509763, Discriminator loss: 0.007297160215670179
INFO:root:
=== Epoch 2 evaluation ===
INFO:root:=== Evaluation metrics ===
PESQ: 2.9867,SSNR: 9.0448,CSIG: 4.4216,CBAK: 3.5997,COVL: 3.7728,STOI: 0.9445

INFO:root:Epoch 3, Step 500, loss: 0.14774653315544128, disc_loss: 0.010863558389246464
INFO:root:Epoch 3, Step 1000, loss: 0.16086721420288086, disc_loss: 0.01017236802726984
INFO:root:Epoch 3, Step 1500, loss: 0.19148977100849152, disc_loss: 0.0021355105563998222
INFO:root:Epoch 3, Step 2000, loss: 0.13248366117477417, disc_loss: 0.0008762632496654987
INFO:root:Epoch 3, Step 2500, loss: 0.1717524230480194, disc_loss: 0.0010908913100138307
INFO:root:Generator loss: 0.09574086767015527, Discriminator loss: 0.00468520332185452
INFO:root:
=== Epoch 3 evaluation ===
INFO:root:=== Evaluation metrics ===
PESQ: 3.0099,SSNR: 9.5611,CSIG: 4.4204,CBAK: 3.6454,COVL: 3.7801,STOI: 0.9466

INFO:root:Epoch 4, Step 500, loss: 0.1440378874540329, disc_loss: 0.0012609398690983653
INFO:root:Epoch 4, Step 1000, loss: 0.12356871366500854, disc_loss: 0.009799009189009666
INFO:root:Epoch 4, Step 1500, loss: 0.15436029434204102, disc_loss: 0.006519360933452845
INFO:root:Epoch 4, Step 2000, loss: 0.16102415323257446, disc_loss: 0.006791350431740284
INFO:root:Epoch 4, Step 2500, loss: 0.19885508716106415, disc_loss: 0.002452906919643283
INFO:root:Generator loss: 0.09070493883082589, Discriminator loss: 0.007283736419744899
INFO:root:
=== Epoch 4 evaluation ===
INFO:root:=== Evaluation metrics ===
PESQ: 3.1397,SSNR: 9.3723,CSIG: 4.5229,CBAK: 3.6971,COVL: 3.9078,STOI: 0.9471

INFO:root:Epoch 5, Step 500, loss: 0.1587330549955368, disc_loss: 0.008595513179898262
INFO:root:Epoch 5, Step 1000, loss: 0.15271298587322235, disc_loss: 0.0021556741558015347
INFO:root:Epoch 5, Step 1500, loss: 0.12211815267801285, disc_loss: 0.0050246836617589
INFO:root:Epoch 5, Step 2000, loss: 0.14419709146022797, disc_loss: 0.0008450753521174192
INFO:root:Epoch 5, Step 2500, loss: 0.10609953105449677, disc_loss: 0.005737562198191881
INFO:root:Generator loss: 0.0869370307954191, Discriminator loss: 0.011751562133301457
INFO:root:
=== Epoch 5 evaluation ===
INFO:root:=== Evaluation metrics ===
PESQ: 3.1211,SSNR: 9.7362,CSIG: 4.5033,CBAK: 3.7121,COVL: 3.8887,STOI: 0.9482

INFO:root:Epoch 6, Step 500, loss: 0.13432805240154266, disc_loss: 0.0031325011514127254
INFO:root:Epoch 6, Step 1000, loss: 0.10234583914279938, disc_loss: 0.0019107700791209936
INFO:root:Epoch 6, Step 1500, loss: 0.11866657435894012, disc_loss: 0.0031871474348008633
INFO:root:Epoch 6, Step 2000, loss: 0.12342247366905212, disc_loss: 0.002402964746579528
INFO:root:Epoch 6, Step 2500, loss: 0.09572160989046097, disc_loss: 0.006580072455108166
INFO:root:Generator loss: 0.08828824190694151, Discriminator loss: 0.004758392578896217
INFO:root:
=== Epoch 6 evaluation ===
INFO:root:=== Evaluation metrics ===
PESQ: 3.1133,SSNR: 10.1645,CSIG: 4.5294,CBAK: 3.7359,COVL: 3.8948,STOI: 0.9505

INFO:root:Epoch 7, Step 500, loss: 0.16773636639118195, disc_loss: 0.002706857630982995
INFO:root:Epoch 7, Step 1000, loss: 0.083702452480793, disc_loss: 0.0014110486954450607
INFO:root:Epoch 7, Step 1500, loss: 0.1296396255493164, disc_loss: 0.0009054480469785631
INFO:root:Epoch 7, Step 2000, loss: 0.15279953181743622, disc_loss: 0.004096911754459143
INFO:root:Epoch 7, Step 2500, loss: 0.16708314418792725, disc_loss: 0.00038285113987512887
INFO:root:Generator loss: 0.08974816606750766, Discriminator loss: 0.006882510682312519
INFO:root:
=== Epoch 7 evaluation ===
INFO:root:=== Evaluation metrics ===
PESQ: 3.1044,SSNR: 9.3060,CSIG: 4.5459,CBAK: 3.6746,COVL: 3.8982,STOI: 0.9501

INFO:root:Epoch 8, Step 500, loss: 0.1628836691379547, disc_loss: 0.004844059702008963
INFO:root:Epoch 8, Step 1000, loss: 0.0976586639881134, disc_loss: 0.003274561371654272
INFO:root:Epoch 8, Step 1500, loss: 0.162293940782547, disc_loss: 0.00430533941835165
INFO:root:Epoch 8, Step 2000, loss: 0.16274133324623108, disc_loss: 0.008912843652069569
INFO:root:Epoch 8, Step 2500, loss: 0.1341158151626587, disc_loss: 0.0004466376849450171
INFO:root:Generator loss: 0.08980759271212573, Discriminator loss: 0.00609669743560128
INFO:root:
=== Epoch 8 evaluation ===
INFO:root:=== Evaluation metrics ===
PESQ: 3.1459,SSNR: 9.6178,CSIG: 4.5126,CBAK: 3.7167,COVL: 3.9042,STOI: 0.9506

INFO:root:Epoch 9, Step 500, loss: 0.10896207392215729, disc_loss: 0.0013096919283270836
INFO:root:Epoch 9, Step 1000, loss: 0.08394346386194229, disc_loss: 0.04191557317972183
INFO:root:Epoch 9, Step 1500, loss: 0.1153525561094284, disc_loss: 0.0014111381024122238
INFO:root:Epoch 9, Step 2000, loss: 0.10873015969991684, disc_loss: 0.003925333730876446
INFO:root:Epoch 9, Step 2500, loss: 0.1613554060459137, disc_loss: 0.0010383548215031624
INFO:root:Generator loss: 0.0877157498368071, Discriminator loss: 0.0075484813147623465
INFO:root:
=== Epoch 9 evaluation ===
INFO:root:=== Evaluation metrics ===
PESQ: 3.2019,SSNR: 9.4002,CSIG: 4.5677,CBAK: 3.7279,COVL: 3.9677,STOI: 0.9523

INFO:root:Epoch 10, Step 500, loss: 0.15453067421913147, disc_loss: 0.0056329146027565
INFO:root:Epoch 10, Step 1000, loss: 0.0880977213382721, disc_loss: 0.0011622215388342738
INFO:root:Epoch 10, Step 1500, loss: 0.1549472063779831, disc_loss: 0.00032587905297987163
INFO:root:Epoch 10, Step 2000, loss: 0.15181922912597656, disc_loss: 0.004901158157736063
INFO:root:Epoch 10, Step 2500, loss: 0.08069698512554169, disc_loss: 0.0011166851036250591
INFO:root:Generator loss: 0.08631667538175306, Discriminator loss: 0.0062167727475964975
INFO:root:
=== Epoch 10 evaluation ===
INFO:root:=== Evaluation metrics ===
PESQ: 3.2191,SSNR: 9.8804,CSIG: 4.5737,CBAK: 3.7697,COVL: 3.9819,STOI: 0.9517

INFO:root:Epoch 11, Step 500, loss: 0.0588463693857193, disc_loss: 0.002395144198089838
INFO:root:Epoch 11, Step 1000, loss: 0.10748021304607391, disc_loss: 0.0011497114319354296
INFO:root:Epoch 11, Step 1500, loss: 0.14557921886444092, disc_loss: 0.0012833295622840524
INFO:root:Epoch 11, Step 2000, loss: 0.06822814047336578, disc_loss: 0.05481941998004913
INFO:root:Epoch 11, Step 2500, loss: 0.11846628040075302, disc_loss: 0.000645174237433821
INFO:root:Generator loss: 0.08812280641235773, Discriminator loss: 0.007678038662455488
INFO:root:
=== Epoch 11 evaluation ===
INFO:root:=== Evaluation metrics ===
PESQ: 3.1690,SSNR: 9.7779,CSIG: 4.5386,CBAK: 3.7348,COVL: 3.9310,STOI: 0.9531

INFO:root:Epoch 12, Step 500, loss: 0.1271454095840454, disc_loss: 0.0025349247734993696
INFO:root:Epoch 12, Step 1000, loss: 0.12069221585988998, disc_loss: 0.0011757266474887729
INFO:root:Epoch 12, Step 1500, loss: 0.14853143692016602, disc_loss: 0.003324568271636963
INFO:root:Epoch 12, Step 2000, loss: 0.08563688397407532, disc_loss: 0.002022108295932412
INFO:root:Epoch 12, Step 2500, loss: 0.1394783854484558, disc_loss: 0.0016994422767311335
INFO:root:Generator loss: 0.08638071458678222, Discriminator loss: 0.005961781760384679
INFO:root:
=== Epoch 12 evaluation ===
INFO:root:=== Evaluation metrics ===
PESQ: 3.2345,SSNR: 9.6347,CSIG: 4.6008,CBAK: 3.7585,COVL: 4.0073,STOI: 0.9529

INFO:root:Epoch 13, Step 500, loss: 0.11807456612586975, disc_loss: 0.0013122993987053633
INFO:root:Epoch 13, Step 1000, loss: 0.13746768236160278, disc_loss: 0.02075531706213951
INFO:root:Epoch 13, Step 1500, loss: 0.11963193118572235, disc_loss: 0.0026755155995488167
INFO:root:Epoch 13, Step 2000, loss: 0.08783873915672302, disc_loss: 0.0023115603253245354
INFO:root:Epoch 13, Step 2500, loss: 0.07665590196847916, disc_loss: 0.004053135402500629
INFO:root:Generator loss: 0.08352246752135384, Discriminator loss: 0.007150085977274694
INFO:root:
=== Epoch 13 evaluation ===
INFO:root:=== Evaluation metrics ===
PESQ: 3.2713,SSNR: 10.0770,CSIG: 4.5995,CBAK: 3.8052,COVL: 4.0234,STOI: 0.9539

INFO:root:Epoch 14, Step 500, loss: 0.1271125078201294, disc_loss: 0.0008014122140593827
INFO:root:Epoch 14, Step 1000, loss: 0.10474610328674316, disc_loss: 0.0022109218407422304
INFO:root:Epoch 14, Step 1500, loss: 0.12725403904914856, disc_loss: 0.0006054196273908019
INFO:root:Epoch 14, Step 2000, loss: 0.09438597410917282, disc_loss: 0.00310470350086689
INFO:root:Epoch 14, Step 2500, loss: 0.12040698528289795, disc_loss: 0.002532473299652338
INFO:root:Generator loss: 0.08337827516918622, Discriminator loss: 0.007169650940129023
INFO:root:
=== Epoch 14 evaluation ===
INFO:root:=== Evaluation metrics ===
PESQ: 3.2871,SSNR: 9.6625,CSIG: 4.6140,CBAK: 3.7852,COVL: 4.0443,STOI: 0.9542

INFO:root:Epoch 15, Step 500, loss: 0.1742006093263626, disc_loss: 0.000513033359311521
INFO:root:Epoch 15, Step 1000, loss: 0.08849279582500458, disc_loss: 0.0012787971645593643
INFO:root:Epoch 15, Step 1500, loss: 0.08692708611488342, disc_loss: 0.0032827339600771666
INFO:root:Epoch 15, Step 2000, loss: 0.10532180219888687, disc_loss: 0.001582409953698516
INFO:root:Epoch 15, Step 2500, loss: 0.09888918697834015, disc_loss: 0.0018179655307903886
INFO:root:Generator loss: 0.08274442161822203, Discriminator loss: 0.005839378288602321
INFO:root:
=== Epoch 15 evaluation ===
INFO:root:=== Evaluation metrics ===
PESQ: 3.2352,SSNR: 10.2549,CSIG: 4.6027,CBAK: 3.7992,COVL: 4.0046,STOI: 0.9550

INFO:root:Epoch 16, Step 500, loss: 0.11874082684516907, disc_loss: 0.0007385142962448299
INFO:root:Epoch 16, Step 1000, loss: 0.14030452072620392, disc_loss: 0.0009718257351778448
INFO:root:Epoch 16, Step 1500, loss: 0.11121831089258194, disc_loss: 0.0011763798538595438
INFO:root:Epoch 16, Step 2000, loss: 0.14671917259693146, disc_loss: 0.003317291382700205
INFO:root:Epoch 16, Step 2500, loss: 0.1466434895992279, disc_loss: 0.002288724761456251
INFO:root:Generator loss: 0.08263247630115851, Discriminator loss: 0.006529011301644309
INFO:root:
=== Epoch 16 evaluation ===
INFO:root:=== Evaluation metrics ===
PESQ: 3.3076,SSNR: 10.0988,CSIG: 4.6376,CBAK: 3.8220,COVL: 4.0682,STOI: 0.9546

INFO:root:Epoch 17, Step 500, loss: 0.07417824119329453, disc_loss: 0.0027974280528724194
INFO:root:Epoch 17, Step 1000, loss: 0.09830434620380402, disc_loss: 0.000672123278491199
INFO:root:Epoch 17, Step 1500, loss: 0.11937075853347778, disc_loss: 0.0003587897517718375
INFO:root:Epoch 17, Step 2000, loss: 0.11592455953359604, disc_loss: 0.0062159146182239056
INFO:root:Epoch 17, Step 2500, loss: 0.09854958951473236, disc_loss: 0.0004108089779037982
INFO:root:Generator loss: 0.08194470826934264, Discriminator loss: 0.007236909716879187
INFO:root:
=== Epoch 17 evaluation ===
INFO:root:=== Evaluation metrics ===
PESQ: 3.2789,SSNR: 10.1470,CSIG: 4.6166,CBAK: 3.8139,COVL: 4.0409,STOI: 0.9541

INFO:root:Epoch 18, Step 500, loss: 0.12968097627162933, disc_loss: 0.00038873215089552104
INFO:root:Epoch 18, Step 1000, loss: 0.07972080260515213, disc_loss: 0.00445587420836091
INFO:root:Epoch 18, Step 1500, loss: 0.16610053181648254, disc_loss: 0.0012749794404953718
INFO:root:Epoch 18, Step 2000, loss: 0.1331080198287964, disc_loss: 0.000464442593511194
INFO:root:Epoch 18, Step 2500, loss: 0.155629500746727, disc_loss: 0.003510081209242344
INFO:root:Generator loss: 0.08446107840943105, Discriminator loss: 0.004602223866420246
INFO:root:
=== Epoch 18 evaluation ===
INFO:root:=== Evaluation metrics ===
PESQ: 3.2847,SSNR: 10.0854,CSIG: 4.5980,CBAK: 3.8136,COVL: 4.0313,STOI: 0.9537

INFO:root:Epoch 19, Step 500, loss: 0.08822287619113922, disc_loss: 0.00033754235482774675
INFO:root:Epoch 19, Step 1000, loss: 0.08528792858123779, disc_loss: 0.0008409915608353913
INFO:root:Epoch 19, Step 1500, loss: 0.09982582926750183, disc_loss: 0.001270372187718749
INFO:root:Epoch 19, Step 2000, loss: 0.1057172417640686, disc_loss: 0.0003057714784517884
INFO:root:Epoch 19, Step 2500, loss: 0.12015680223703384, disc_loss: 0.0005711818230338395
INFO:root:Generator loss: 0.08153215459394224, Discriminator loss: 0.005358881451295761
INFO:root:
=== Epoch 19 evaluation ===
INFO:root:=== Evaluation metrics ===
PESQ: 3.2926,SSNR: 10.1536,CSIG: 4.6327,CBAK: 3.8225,COVL: 4.0599,STOI: 0.9541

INFO:root:Epoch 20, Step 500, loss: 0.07251085340976715, disc_loss: 0.004354866221547127
INFO:root:Epoch 20, Step 1000, loss: 0.0736083835363388, disc_loss: 0.0007321629673242569
INFO:root:Epoch 20, Step 1500, loss: 0.10312321782112122, disc_loss: 0.0011283569037914276
INFO:root:Epoch 20, Step 2000, loss: 0.13145732879638672, disc_loss: 0.002860431559383869
INFO:root:Epoch 20, Step 2500, loss: 0.08275306224822998, disc_loss: 0.0004271131765563041
INFO:root:Generator loss: 0.0811356983861877, Discriminator loss: 0.003921195884968874
INFO:root:
=== Epoch 20 evaluation ===
INFO:root:=== Evaluation metrics ===
PESQ: 3.3049,SSNR: 10.2525,CSIG: 4.6333,CBAK: 3.8326,COVL: 4.0624,STOI: 0.9547

INFO:root:Epoch 21, Step 500, loss: 0.13295681774616241, disc_loss: 0.000575138081330806
INFO:root:Epoch 21, Step 1000, loss: 0.10247893631458282, disc_loss: 0.004637341946363449
INFO:root:Epoch 21, Step 1500, loss: 0.122978575527668, disc_loss: 0.0022141551598906517
INFO:root:Epoch 21, Step 2000, loss: 0.10457238554954529, disc_loss: 0.01786019839346409
INFO:root:Epoch 21, Step 2500, loss: 0.10701318085193634, disc_loss: 0.0011982233263552189
INFO:root:Generator loss: 0.0816818712441956, Discriminator loss: 0.006948390238956792
INFO:root:
=== Epoch 21 evaluation ===
INFO:root:=== Evaluation metrics ===
PESQ: 3.2265,SSNR: 10.0890,CSIG: 4.6044,CBAK: 3.7852,COVL: 4.0044,STOI: 0.9552

INFO:root:Epoch 22, Step 500, loss: 0.09879505634307861, disc_loss: 0.0008976952522061765
INFO:root:Epoch 22, Step 1000, loss: 0.14985503256320953, disc_loss: 0.0009782208362594247
INFO:root:Epoch 22, Step 1500, loss: 0.11660889536142349, disc_loss: 0.001365019823424518
INFO:root:Epoch 22, Step 2000, loss: 0.09705144166946411, disc_loss: 0.0007825441425666213
INFO:root:Epoch 22, Step 2500, loss: 0.10579407215118408, disc_loss: 0.0017907243454828858
INFO:root:Generator loss: 0.08003754969867109, Discriminator loss: 0.004664885736911476
INFO:root:
=== Epoch 22 evaluation ===
INFO:root:=== Evaluation metrics ===
PESQ: 3.3018,SSNR: 10.5903,CSIG: 4.6278,CBAK: 3.8543,COVL: 4.0598,STOI: 0.9554

INFO:root:Epoch 23, Step 500, loss: 0.13856077194213867, disc_loss: 0.00310571794398129
INFO:root:Epoch 23, Step 1000, loss: 0.09070940315723419, disc_loss: 0.0019180120434612036
INFO:root:Epoch 23, Step 1500, loss: 0.08954189717769623, disc_loss: 0.0037740557454526424
INFO:root:Epoch 23, Step 2000, loss: 0.13780628144741058, disc_loss: 0.00020854703325312585
INFO:root:Epoch 23, Step 2500, loss: 0.12500233948230743, disc_loss: 0.00246087065897882
INFO:root:Generator loss: 0.08305487260945792, Discriminator loss: 0.01276083861255721
INFO:root:
=== Epoch 23 evaluation ===
INFO:root:=== Evaluation metrics ===
PESQ: 3.2321,SSNR: 9.6098,CSIG: 4.6037,CBAK: 3.7546,COVL: 4.0044,STOI: 0.9556

INFO:root:Epoch 24, Step 500, loss: 0.12329357862472534, disc_loss: 0.0009888260392472148
INFO:root:Epoch 24, Step 1000, loss: 0.10454604029655457, disc_loss: 0.0010252895299345255
INFO:root:Epoch 24, Step 1500, loss: 0.11433007568120956, disc_loss: 0.0007327459752559662
INFO:root:Epoch 24, Step 2000, loss: 0.1283666342496872, disc_loss: 0.00268978881649673
INFO:root:Epoch 24, Step 2500, loss: 0.10105252265930176, disc_loss: 0.0013896651798859239
INFO:root:Generator loss: 0.08138646069660928, Discriminator loss: 0.004785779752372708
INFO:root:
=== Epoch 24 evaluation ===
INFO:root:=== Evaluation metrics ===
PESQ: 3.2910,SSNR: 10.1878,CSIG: 4.6400,CBAK: 3.8195,COVL: 4.0576,STOI: 0.9567

INFO:root:Epoch 25, Step 500, loss: 0.10867035388946533, disc_loss: 0.0009303737315349281
INFO:root:Epoch 25, Step 1000, loss: 0.08620055764913559, disc_loss: 0.0010056988103315234
INFO:root:Epoch 25, Step 1500, loss: 0.13268592953681946, disc_loss: 0.0005522831343114376
INFO:root:Epoch 25, Step 2000, loss: 0.12664885818958282, disc_loss: 0.0015297450590878725
INFO:root:Epoch 25, Step 2500, loss: 0.13205723464488983, disc_loss: 0.0005779527127742767
INFO:root:Generator loss: 0.07994578615988343, Discriminator loss: 0.005553690825339782
INFO:root:
=== Epoch 25 evaluation ===
INFO:root:=== Evaluation metrics ===
PESQ: 3.2797,SSNR: 10.3562,CSIG: 4.6379,CBAK: 3.8274,COVL: 4.0491,STOI: 0.9560

INFO:root:Epoch 26, Step 500, loss: 0.1356336772441864, disc_loss: 0.001970916986465454
INFO:root:Epoch 26, Step 1000, loss: 0.11672724783420563, disc_loss: 0.0003396844840608537
INFO:root:Epoch 26, Step 1500, loss: 0.11697065085172653, disc_loss: 0.003765361849218607
INFO:root:Epoch 26, Step 2000, loss: 0.11094827950000763, disc_loss: 0.0012122036423534155
INFO:root:Epoch 26, Step 2500, loss: 0.11189187318086624, disc_loss: 0.0007758330320939422
INFO:root:Generator loss: 0.07930182576975198, Discriminator loss: 0.006417194250106441
INFO:root:
=== Epoch 26 evaluation ===
INFO:root:=== Evaluation metrics ===
PESQ: 3.3119,SSNR: 10.3871,CSIG: 4.6408,CBAK: 3.8445,COVL: 4.0711,STOI: 0.9562

INFO:root:Epoch 27, Step 500, loss: 0.06896315515041351, disc_loss: 0.0015808278694748878
INFO:root:Epoch 27, Step 1000, loss: 0.08754146099090576, disc_loss: 0.000964922015555203
INFO:root:Epoch 27, Step 1500, loss: 0.10201012343168259, disc_loss: 0.00011461986287031323
INFO:root:Epoch 27, Step 2000, loss: 0.14118599891662598, disc_loss: 0.0006068855291232467
INFO:root:Epoch 27, Step 2500, loss: 0.1740664541721344, disc_loss: 0.0008760172640904784
INFO:root:Generator loss: 0.08137006894911378, Discriminator loss: 0.009735282185078865
INFO:root:
=== Epoch 27 evaluation ===
INFO:root:=== Evaluation metrics ===
PESQ: 3.2832,SSNR: 9.9777,CSIG: 4.6217,CBAK: 3.8030,COVL: 4.0444,STOI: 0.9564

INFO:root:Epoch 28, Step 500, loss: 0.10264144092798233, disc_loss: 0.07576843351125717
INFO:root:Epoch 28, Step 1000, loss: 0.11432535946369171, disc_loss: 0.0001756278215907514
INFO:root:Epoch 28, Step 1500, loss: 0.0865769311785698, disc_loss: 0.0005237990990281105
INFO:root:Epoch 28, Step 2000, loss: 0.0905727818608284, disc_loss: 0.0008881311514414847
INFO:root:Epoch 28, Step 2500, loss: 0.0862128883600235, disc_loss: 0.000908609654288739
INFO:root:Generator loss: 0.08015909707806643, Discriminator loss: 0.007314294943656915
INFO:root:
=== Epoch 28 evaluation ===
INFO:root:=== Evaluation metrics ===
PESQ: 3.3310,SSNR: 10.0738,CSIG: 4.6474,CBAK: 3.8314,COVL: 4.0838,STOI: 0.9562

INFO:root:Epoch 29, Step 500, loss: 0.16503778100013733, disc_loss: 0.0007395896827802062
INFO:root:Epoch 29, Step 1000, loss: 0.07630013674497604, disc_loss: 0.0001940720685524866
INFO:root:Epoch 29, Step 1500, loss: 0.12484844774007797, disc_loss: 0.004174115601927042
INFO:root:Epoch 29, Step 2000, loss: 0.0978919118642807, disc_loss: 0.0013143712421879172
INFO:root:Epoch 29, Step 2500, loss: 0.12117250263690948, disc_loss: 0.0011320555349811912
INFO:root:Generator loss: 0.08083760805283356, Discriminator loss: 0.005977842046668583
INFO:root:
=== Epoch 29 evaluation ===
INFO:root:=== Evaluation metrics ===
PESQ: 3.3285,SSNR: 10.1025,CSIG: 4.6502,CBAK: 3.8329,COVL: 4.0873,STOI: 0.9561

INFO:root:Epoch 30, Step 500, loss: 0.08709077537059784, disc_loss: 0.0002630205708555877
INFO:root:Epoch 30, Step 1000, loss: 0.08808834105730057, disc_loss: 0.00017216244305018336
INFO:root:Epoch 30, Step 1500, loss: 0.10588841140270233, disc_loss: 0.0015021131839603186
INFO:root:Epoch 30, Step 2000, loss: 0.07537636905908585, disc_loss: 8.512933709425852e-05
INFO:root:Epoch 30, Step 2500, loss: 0.11126008629798889, disc_loss: 0.0013856933219358325
INFO:root:Generator loss: 0.08056633288348183, Discriminator loss: 0.006382894560798395
INFO:root:
=== Epoch 30 evaluation ===
INFO:root:=== Evaluation metrics ===
PESQ: 3.3163,SSNR: 9.9471,CSIG: 4.6420,CBAK: 3.8149,COVL: 4.0718,STOI: 0.9568

INFO:root:Epoch 31, Step 500, loss: 0.1286577731370926, disc_loss: 0.0017922089900821447
INFO:root:Epoch 31, Step 1000, loss: 0.10835511237382889, disc_loss: 0.0006022655288688838
INFO:root:Epoch 31, Step 1500, loss: 0.106337770819664, disc_loss: 0.0012106968788430095
INFO:root:Epoch 31, Step 2000, loss: 0.13062793016433716, disc_loss: 0.0022580295335501432
INFO:root:Epoch 31, Step 2500, loss: 0.11929084360599518, disc_loss: 0.00027956647682003677
INFO:root:Generator loss: 0.07784911438605739, Discriminator loss: 0.005790943405637574
INFO:root:
=== Epoch 31 evaluation ===
INFO:root:=== Evaluation metrics ===
PESQ: 3.3679,SSNR: 10.2249,CSIG: 4.6640,CBAK: 3.8615,COVL: 4.1147,STOI: 0.9566

INFO:root:Epoch 32, Step 500, loss: 0.12858183681964874, disc_loss: 0.0244011040776968
INFO:root:Epoch 32, Step 1000, loss: 0.14960913360118866, disc_loss: 0.0007650439511053264
INFO:root:Epoch 32, Step 1500, loss: 0.07414329051971436, disc_loss: 0.002254376420751214
INFO:root:Epoch 32, Step 2000, loss: 0.06537061184644699, disc_loss: 0.000506556942127645
INFO:root:Epoch 32, Step 2500, loss: 0.06946658343076706, disc_loss: 0.00013835316349286586
INFO:root:Generator loss: 0.07829130442758787, Discriminator loss: 0.004365710232077529
INFO:root:
=== Epoch 32 evaluation ===
INFO:root:=== Evaluation metrics ===
PESQ: 3.3433,SSNR: 10.4325,CSIG: 4.6545,CBAK: 3.8645,COVL: 4.0986,STOI: 0.9557

INFO:root:Epoch 33, Step 500, loss: 0.1305168718099594, disc_loss: 0.0004183779237791896
INFO:root:Epoch 33, Step 1000, loss: 0.08213845640420914, disc_loss: 0.0008165838080458343
INFO:root:Epoch 33, Step 1500, loss: 0.09763512015342712, disc_loss: 0.0011989374179393053
INFO:root:Epoch 33, Step 2000, loss: 0.11720118671655655, disc_loss: 0.0021878571715205908
INFO:root:Epoch 33, Step 2500, loss: 0.15659283101558685, disc_loss: 0.0027644329238682985
INFO:root:Generator loss: 0.08103355141447006, Discriminator loss: 0.007395826580091346
INFO:root:
=== Epoch 33 evaluation ===
INFO:root:=== Evaluation metrics ===
PESQ: 3.3191,SSNR: 9.9679,CSIG: 4.6365,CBAK: 3.8203,COVL: 4.0751,STOI: 0.9561

INFO:root:Epoch 34, Step 500, loss: 0.1043240875005722, disc_loss: 0.000414957117754966
INFO:root:Epoch 34, Step 1000, loss: 0.11756215244531631, disc_loss: 0.0022574285976588726
INFO:root:Epoch 34, Step 1500, loss: 0.08606232702732086, disc_loss: 0.0019294270314276218
INFO:root:Epoch 34, Step 2000, loss: 0.06621897220611572, disc_loss: 0.0025092081632465124
INFO:root:Epoch 34, Step 2500, loss: 0.08003918081521988, disc_loss: 0.0005475925281643867
INFO:root:Generator loss: 0.08067569263207103, Discriminator loss: 0.008145145152032022
INFO:root:
=== Epoch 34 evaluation ===
INFO:root:=== Evaluation metrics ===
PESQ: 3.2969,SSNR: 10.2197,CSIG: 4.6234,CBAK: 3.8243,COVL: 4.0520,STOI: 0.9563

INFO:root:Epoch 35, Step 500, loss: 0.08951041102409363, disc_loss: 0.0005375302862375975
INFO:root:Epoch 35, Step 1000, loss: 0.13242307305335999, disc_loss: 0.003353801788762212
INFO:root:Epoch 35, Step 1500, loss: 0.07495544850826263, disc_loss: 0.0028310990892350674
INFO:root:Epoch 35, Step 2000, loss: 0.07939907908439636, disc_loss: 0.001252120011486113
INFO:root:Epoch 35, Step 2500, loss: 0.11349518597126007, disc_loss: 0.0008042790577746928
INFO:root:Generator loss: 0.07866113869816933, Discriminator loss: 0.007197546397982328
INFO:root:
=== Epoch 35 evaluation ===
INFO:root:=== Evaluation metrics ===
PESQ: 3.3076,SSNR: 10.5115,CSIG: 4.6274,CBAK: 3.8516,COVL: 4.0591,STOI: 0.9567

INFO:root:Epoch 36, Step 500, loss: 0.11854487657546997, disc_loss: 0.0022203163243830204
INFO:root:Epoch 36, Step 1000, loss: 0.11553733795881271, disc_loss: 0.0009737822110764682
INFO:root:Epoch 36, Step 1500, loss: 0.13082659244537354, disc_loss: 0.0008505650330334902
INFO:root:Epoch 36, Step 2000, loss: 0.12669610977172852, disc_loss: 0.0003398663830012083
INFO:root:Epoch 36, Step 2500, loss: 0.06188861280679703, disc_loss: 0.000979152973741293
INFO:root:Generator loss: 0.079421071154834, Discriminator loss: 0.0056911439465887805
INFO:root:
=== Epoch 36 evaluation ===
INFO:root:=== Evaluation metrics ===
PESQ: 3.3317,SSNR: 10.2222,CSIG: 4.6583,CBAK: 3.8432,COVL: 4.0930,STOI: 0.9562

INFO:root:Epoch 37, Step 500, loss: 0.0744442343711853, disc_loss: 0.0011164301540702581
INFO:root:Epoch 37, Step 1000, loss: 0.0841745138168335, disc_loss: 0.0016208705492317677
INFO:root:Epoch 37, Step 1500, loss: 0.12044107913970947, disc_loss: 0.001744528068229556
INFO:root:Epoch 37, Step 2000, loss: 0.10289938747882843, disc_loss: 0.0015210594283416867
INFO:root:Epoch 37, Step 2500, loss: 0.1173233687877655, disc_loss: 0.0014116615056991577
INFO:root:Generator loss: 0.07968344344097433, Discriminator loss: 0.004879444403944309
INFO:root:
=== Epoch 37 evaluation ===
INFO:root:=== Evaluation metrics ===
PESQ: 3.2999,SSNR: 10.3574,CSIG: 4.6456,CBAK: 3.8362,COVL: 4.0664,STOI: 0.9569

INFO:root:Epoch 38, Step 500, loss: 0.07792073488235474, disc_loss: 0.0012361535336822271
INFO:root:Epoch 38, Step 1000, loss: 0.09296311438083649, disc_loss: 0.0007959920912981033
INFO:root:Epoch 38, Step 1500, loss: 0.11482571065425873, disc_loss: 0.0006966802175156772
INFO:root:Epoch 38, Step 2000, loss: 0.05458937585353851, disc_loss: 0.0008758304174989462
INFO:root:Epoch 38, Step 2500, loss: 0.0887593999505043, disc_loss: 0.0010638178791850805
INFO:root:Generator loss: 0.07826863925506189, Discriminator loss: 0.0055472002807892724
INFO:root:
=== Epoch 38 evaluation ===
INFO:root:=== Evaluation metrics ===
PESQ: 3.3616,SSNR: 10.3101,CSIG: 4.6705,CBAK: 3.8627,COVL: 4.1159,STOI: 0.9572

INFO:root:Epoch 39, Step 500, loss: 0.07546862959861755, disc_loss: 0.0021397550590336323
INFO:root:Epoch 39, Step 1000, loss: 0.06530240178108215, disc_loss: 0.001342661096714437
INFO:root:Epoch 39, Step 1500, loss: 0.11102673411369324, disc_loss: 0.026683259755373
INFO:root:Epoch 39, Step 2000, loss: 0.08255398273468018, disc_loss: 0.0010587897850200534
INFO:root:Epoch 39, Step 2500, loss: 0.11320493370294571, disc_loss: 0.00013926031533628702
INFO:root:Generator loss: 0.08157244986556109, Discriminator loss: 0.009632700126054014
INFO:root:
=== Epoch 39 evaluation ===
INFO:root:=== Evaluation metrics ===
PESQ: 3.3174,SSNR: 9.8530,CSIG: 4.6469,CBAK: 3.8093,COVL: 4.0776,STOI: 0.9566

INFO:root:Epoch 40, Step 500, loss: 0.12789301574230194, disc_loss: 0.002260520588606596
INFO:root:Epoch 40, Step 1000, loss: 0.1057930439710617, disc_loss: 0.0013614317867904902
INFO:root:Epoch 40, Step 1500, loss: 0.11900737881660461, disc_loss: 0.0015678303316235542
INFO:root:Epoch 40, Step 2000, loss: 0.10821573436260223, disc_loss: 0.0004606172733474523
INFO:root:Epoch 40, Step 2500, loss: 0.07187224924564362, disc_loss: 0.041770659387111664
INFO:root:Generator loss: 0.07948306975072449, Discriminator loss: 0.00551987807659881
INFO:root:
=== Epoch 40 evaluation ===
INFO:root:=== Evaluation metrics ===
PESQ: 3.3311,SSNR: 10.1848,CSIG: 4.6474,CBAK: 3.8390,COVL: 4.0854,STOI: 0.9570

INFO:root:Epoch 41, Step 500, loss: 0.12525901198387146, disc_loss: 0.041681528091430664
INFO:root:Epoch 41, Step 1000, loss: 0.12650257349014282, disc_loss: 0.001869839383289218
INFO:root:Epoch 41, Step 1500, loss: 0.09345521777868271, disc_loss: 0.000559512060135603
INFO:root:Epoch 41, Step 2000, loss: 0.08957413583993912, disc_loss: 8.071471529547125e-05
INFO:root:Epoch 41, Step 2500, loss: 0.09574612975120544, disc_loss: 3.100597677985206e-05
INFO:root:Generator loss: 0.0771491713821888, Discriminator loss: 0.005029804442546645
INFO:root:
=== Epoch 41 evaluation ===
INFO:root:=== Evaluation metrics ===
PESQ: 3.3313,SSNR: 10.4124,CSIG: 4.6511,CBAK: 3.8565,COVL: 4.0847,STOI: 0.9568

INFO:root:Epoch 42, Step 500, loss: 0.07800048589706421, disc_loss: 0.0003194338933099061
INFO:root:Epoch 42, Step 1000, loss: 0.10071345418691635, disc_loss: 0.0005478640669025481
INFO:root:Epoch 42, Step 1500, loss: 0.15248751640319824, disc_loss: 0.00046631027362309396
INFO:root:Epoch 42, Step 2000, loss: 0.13677839934825897, disc_loss: 0.00047254658420570195
INFO:root:Epoch 42, Step 2500, loss: 0.13570080697536469, disc_loss: 0.0012204161612316966
INFO:root:Generator loss: 0.0794309016353297, Discriminator loss: 0.006213684508747091
INFO:root:
=== Epoch 42 evaluation ===
INFO:root:=== Evaluation metrics ===
PESQ: 3.3385,SSNR: 10.0784,CSIG: 4.6624,CBAK: 3.8353,COVL: 4.0977,STOI: 0.9573

INFO:root:Epoch 43, Step 500, loss: 0.07272633165121078, disc_loss: 0.0008299859473481774
INFO:root:Epoch 43, Step 1000, loss: 0.11291473358869553, disc_loss: 0.0006155875162221491
INFO:root:Epoch 43, Step 1500, loss: 0.13828067481517792, disc_loss: 0.013587435707449913
INFO:root:Epoch 43, Step 2000, loss: 0.09379300475120544, disc_loss: 0.0040466804057359695
INFO:root:Epoch 43, Step 2500, loss: 0.11550147831439972, disc_loss: 0.0029339645989239216
INFO:root:Generator loss: 0.07881760302460888, Discriminator loss: 0.00631681275463405
INFO:root:
=== Epoch 43 evaluation ===
INFO:root:=== Evaluation metrics ===
PESQ: 3.3298,SSNR: 10.1309,CSIG: 4.6510,CBAK: 3.8362,COVL: 4.0870,STOI: 0.9569

INFO:root:Epoch 44, Step 500, loss: 0.20022578537464142, disc_loss: 0.0006024447502568364
INFO:root:Epoch 44, Step 1000, loss: 0.13278499245643616, disc_loss: 0.004322977736592293
INFO:root:Epoch 44, Step 1500, loss: 0.1169932559132576, disc_loss: 0.0006920622545294464
INFO:root:Epoch 44, Step 2000, loss: 0.08034902811050415, disc_loss: 0.0011741163907572627
INFO:root:Epoch 44, Step 2500, loss: 0.1558641493320465, disc_loss: 0.0023161889985203743
INFO:root:Generator loss: 0.07779729621285952, Discriminator loss: 0.00874704030279954
INFO:root:
=== Epoch 44 evaluation ===
INFO:root:=== Evaluation metrics ===
PESQ: 3.3531,SSNR: 10.3520,CSIG: 4.6650,CBAK: 3.8609,COVL: 4.1088,STOI: 0.9574

INFO:root:Epoch 45, Step 500, loss: 0.047752946615219116, disc_loss: 0.0007078538183122873
INFO:root:Epoch 45, Step 1000, loss: 0.12939828634262085, disc_loss: 0.00027387309819459915
INFO:root:Epoch 45, Step 1500, loss: 0.09411310404539108, disc_loss: 0.0010775916744023561
INFO:root:Epoch 45, Step 2000, loss: 0.08388704806566238, disc_loss: 0.01557608600705862
INFO:root:Epoch 45, Step 2500, loss: 0.08706867694854736, disc_loss: 0.000671172165311873
INFO:root:Generator loss: 0.07989361627226316, Discriminator loss: 0.006581271875334493
INFO:root:
=== Epoch 45 evaluation ===
INFO:root:=== Evaluation metrics ===
PESQ: 3.3519,SSNR: 10.2649,CSIG: 4.6549,CBAK: 3.8534,COVL: 4.1015,STOI: 0.9570

INFO:root:Epoch 46, Step 500, loss: 0.09536360204219818, disc_loss: 0.0012452492956072092
INFO:root:Epoch 46, Step 1000, loss: 0.0891038179397583, disc_loss: 0.0009693538886494935
INFO:root:Epoch 46, Step 1500, loss: 0.14974726736545563, disc_loss: 0.0007808572263456881
INFO:root:Epoch 46, Step 2000, loss: 0.1701231747865677, disc_loss: 0.00029646939947269857
INFO:root:Epoch 46, Step 2500, loss: 0.06228028982877731, disc_loss: 0.0008214945555664599
INFO:root:Generator loss: 0.07827710092646405, Discriminator loss: 0.006205871967342795
INFO:root:
=== Epoch 46 evaluation ===
INFO:root:=== Evaluation metrics ===
PESQ: 3.3189,SSNR: 10.3034,CSIG: 4.6508,CBAK: 3.8418,COVL: 4.0790,STOI: 0.9574

INFO:root:Epoch 47, Step 500, loss: 0.11293771862983704, disc_loss: 0.0014671592507511377
INFO:root:Epoch 47, Step 1000, loss: 0.11546787619590759, disc_loss: 0.0010494616581127048
INFO:root:Epoch 47, Step 1500, loss: 0.10008718073368073, disc_loss: 0.0009462125017307699
INFO:root:Epoch 47, Step 2000, loss: 0.09204772114753723, disc_loss: 0.0013872040435671806
INFO:root:Epoch 47, Step 2500, loss: 0.07275314629077911, disc_loss: 0.0005884728743694723
INFO:root:Generator loss: 0.07924860699590548, Discriminator loss: 0.006885423948244475
INFO:root:
=== Epoch 47 evaluation ===
INFO:root:=== Evaluation metrics ===
PESQ: 3.3453,SSNR: 10.1198,CSIG: 4.6565,CBAK: 3.8432,COVL: 4.1001,STOI: 0.9571

INFO:root:Epoch 48, Step 500, loss: 0.10486918687820435, disc_loss: 0.0015026479959487915
INFO:root:Epoch 48, Step 1000, loss: 0.1047867089509964, disc_loss: 0.00122076366096735
INFO:root:Epoch 48, Step 1500, loss: 0.13328546285629272, disc_loss: 0.0017019513761624694
INFO:root:Epoch 48, Step 2000, loss: 0.06767561286687851, disc_loss: 0.0002931812487076968
INFO:root:Epoch 48, Step 2500, loss: 0.11811130493879318, disc_loss: 0.03475073724985123
INFO:root:Generator loss: 0.07942333202628256, Discriminator loss: 0.00786003524697362
INFO:root:
=== Epoch 48 evaluation ===
INFO:root:=== Evaluation metrics ===
PESQ: 3.3503,SSNR: 10.0776,CSIG: 4.6688,CBAK: 3.8418,COVL: 4.1099,STOI: 0.9569

INFO:root:Epoch 49, Step 500, loss: 0.12115585803985596, disc_loss: 0.00038153145578689873
INFO:root:Epoch 49, Step 1000, loss: 0.10836812853813171, disc_loss: 0.0012452456867322326
INFO:root:Epoch 49, Step 1500, loss: 0.09650862216949463, disc_loss: 0.0012008433695882559
INFO:root:Epoch 49, Step 2000, loss: 0.10176943987607956, disc_loss: 0.0029345278162509203
INFO:root:Epoch 49, Step 2500, loss: 0.08535020053386688, disc_loss: 0.0018189515685662627
INFO:root:Generator loss: 0.07937848387123311, Discriminator loss: 0.007400101450241105
INFO:root:
=== Epoch 49 evaluation ===
INFO:root:=== Evaluation metrics ===
PESQ: 3.3342,SSNR: 10.1454,CSIG: 4.6564,CBAK: 3.8378,COVL: 4.0920,STOI: 0.9570

INFO:root:Epoch 50, Step 500, loss: 0.1498444825410843, disc_loss: 0.002372557297348976
INFO:root:Epoch 50, Step 1000, loss: 0.13942566514015198, disc_loss: 0.0005013716872781515
INFO:root:Epoch 50, Step 1500, loss: 0.19150206446647644, disc_loss: 0.0008443956612609327
INFO:root:Epoch 50, Step 2000, loss: 0.0635964423418045, disc_loss: 0.0007452598656527698
INFO:root:Epoch 50, Step 2500, loss: 0.09273909777402878, disc_loss: 0.0005076756933704019
INFO:root:Generator loss: 0.07915732058361896, Discriminator loss: 0.00662049644063797
INFO:root:
=== Epoch 50 evaluation ===
INFO:root:=== Evaluation metrics ===
PESQ: 3.3561,SSNR: 10.1367,CSIG: 4.6661,CBAK: 3.8481,COVL: 4.1102,STOI: 0.9572

INFO:root:Epoch 51, Step 500, loss: 0.06978277862071991, disc_loss: 0.0013446657685562968
INFO:root:Epoch 51, Step 1000, loss: 0.10544449090957642, disc_loss: 0.0008478286326862872
INFO:root:Epoch 51, Step 1500, loss: 0.07509522140026093, disc_loss: 0.00041695701656863093
INFO:root:Epoch 51, Step 2000, loss: 0.13200341165065765, disc_loss: 0.0001786560023901984
INFO:root:Epoch 51, Step 2500, loss: 0.12194807082414627, disc_loss: 0.002424964914098382
INFO:root:Generator loss: 0.07828240803650861, Discriminator loss: 0.007547580990751723
INFO:root:
=== Epoch 51 evaluation ===
INFO:root:=== Evaluation metrics ===
PESQ: 3.3498,SSNR: 10.1855,CSIG: 4.6621,CBAK: 3.8490,COVL: 4.1045,STOI: 0.9572

INFO:root:Epoch 52, Step 500, loss: 0.08919181674718857, disc_loss: 0.05621026083827019
INFO:root:Epoch 52, Step 1000, loss: 0.12937870621681213, disc_loss: 0.0010938704945147038
INFO:root:Epoch 52, Step 1500, loss: 0.10927652567625046, disc_loss: 0.0008496069931425154
INFO:root:Epoch 52, Step 2000, loss: 0.07420116662979126, disc_loss: 0.00822183396667242
INFO:root:Epoch 52, Step 2500, loss: 0.10265201330184937, disc_loss: 0.0009179882472380996
INFO:root:Generator loss: 0.077617143597273, Discriminator loss: 0.00738664343056
INFO:root:
=== Epoch 52 evaluation ===
INFO:root:=== Evaluation metrics ===
PESQ: 3.3490,SSNR: 10.3125,CSIG: 4.6617,CBAK: 3.8585,COVL: 4.1045,STOI: 0.9570

INFO:root:Epoch 53, Step 500, loss: 0.1390853226184845, disc_loss: 0.0018284064717590809
INFO:root:Epoch 53, Step 1000, loss: 0.09218594431877136, disc_loss: 0.0007277756812982261
INFO:root:Epoch 53, Step 1500, loss: 0.11508601158857346, disc_loss: 0.0019379965960979462
INFO:root:Epoch 53, Step 2000, loss: 0.08428452163934708, disc_loss: 0.0016408255323767662
INFO:root:Epoch 53, Step 2500, loss: 0.10514778643846512, disc_loss: 0.002173125045374036
INFO:root:Generator loss: 0.07881691124181724, Discriminator loss: 0.006977138677700954
INFO:root:
=== Epoch 53 evaluation ===
INFO:root:=== Evaluation metrics ===
PESQ: 3.3459,SSNR: 10.2765,CSIG: 4.6586,CBAK: 3.8533,COVL: 4.0998,STOI: 0.9571

INFO:root:Epoch 54, Step 500, loss: 0.11134429275989532, disc_loss: 0.0016454061260446906
INFO:root:Epoch 54, Step 1000, loss: 0.080782949924469, disc_loss: 0.0003915578708983958
INFO:root:Epoch 54, Step 1500, loss: 0.1185225248336792, disc_loss: 0.0004346278728917241
INFO:root:Epoch 54, Step 2000, loss: 0.0758369117975235, disc_loss: 0.0026542830746620893
INFO:root:Epoch 54, Step 2500, loss: 0.10784055292606354, disc_loss: 0.001991595607250929
INFO:root:Generator loss: 0.0793751615090567, Discriminator loss: 0.007700344507081787
INFO:root:
=== Epoch 54 evaluation ===
INFO:root:=== Evaluation metrics ===
PESQ: 3.3179,SSNR: 10.1269,CSIG: 4.6473,CBAK: 3.8300,COVL: 4.0788,STOI: 0.9574

INFO:root:Epoch 55, Step 500, loss: 0.08884436637163162, disc_loss: 0.000789026147685945
INFO:root:Epoch 55, Step 1000, loss: 0.13784247636795044, disc_loss: 0.0006278219516389072
INFO:root:Epoch 55, Step 1500, loss: 0.08153127878904343, disc_loss: 0.0008111320785246789
INFO:root:Epoch 55, Step 2000, loss: 0.07270964980125427, disc_loss: 0.0008010804885998368
INFO:root:Epoch 55, Step 2500, loss: 0.08765235543251038, disc_loss: 0.0025536203756928444
INFO:root:Generator loss: 0.07820465491668692, Discriminator loss: 0.006461927722500936
INFO:root:
=== Epoch 55 evaluation ===
INFO:root:=== Evaluation metrics ===
PESQ: 3.3603,SSNR: 10.3186,CSIG: 4.6625,CBAK: 3.8632,COVL: 4.1120,STOI: 0.9572

INFO:root:Epoch 56, Step 500, loss: 0.12660934031009674, disc_loss: 0.00032239337451756
INFO:root:Epoch 56, Step 1000, loss: 0.1454681158065796, disc_loss: 0.0004565123817883432
INFO:root:Epoch 56, Step 1500, loss: 0.12585997581481934, disc_loss: 0.0005511652561835945
INFO:root:Epoch 56, Step 2000, loss: 0.07601527124643326, disc_loss: 0.0018915891414508224
INFO:root:Epoch 56, Step 2500, loss: 0.08885382115840912, disc_loss: 0.002203863114118576
INFO:root:Generator loss: 0.07920484107385561, Discriminator loss: 0.007692639799819676
INFO:root:
=== Epoch 56 evaluation ===
INFO:root:=== Evaluation metrics ===
PESQ: 3.3377,SSNR: 10.2474,CSIG: 4.6538,CBAK: 3.8476,COVL: 4.0940,STOI: 0.9570

INFO:root:Epoch 57, Step 500, loss: 0.04950976371765137, disc_loss: 0.0013771463418379426
INFO:root:Epoch 57, Step 1000, loss: 0.11920586973428726, disc_loss: 0.004252660553902388
INFO:root:Epoch 57, Step 1500, loss: 0.12166953086853027, disc_loss: 0.000827343319542706
INFO:root:Epoch 57, Step 2000, loss: 0.0997370183467865, disc_loss: 0.00021942402236163616
INFO:root:Epoch 57, Step 2500, loss: 0.10409963130950928, disc_loss: 0.0021951443050056696
INFO:root:Generator loss: 0.07689324194945178, Discriminator loss: 0.005964106276612423
INFO:root:
=== Epoch 57 evaluation ===
INFO:root:=== Evaluation metrics ===
PESQ: 3.3621,SSNR: 10.3985,CSIG: 4.6607,CBAK: 3.8707,COVL: 4.1106,STOI: 0.9570

INFO:root:Epoch 58, Step 500, loss: 0.09685005992650986, disc_loss: 0.0013021067716181278
INFO:root:Epoch 58, Step 1000, loss: 0.10676988214254379, disc_loss: 0.00025958538753911853
INFO:root:Epoch 58, Step 1500, loss: 0.12405315041542053, disc_loss: 0.0002712442073971033
INFO:root:Epoch 58, Step 2000, loss: 0.08588196337223053, disc_loss: 0.002076425589621067
INFO:root:Epoch 58, Step 2500, loss: 0.14007985591888428, disc_loss: 0.00013861765910405666
INFO:root:Generator loss: 0.07868401031688001, Discriminator loss: 0.00643465353436802
INFO:root:
=== Epoch 58 evaluation ===
INFO:root:=== Evaluation metrics ===
PESQ: 3.3448,SSNR: 10.1509,CSIG: 4.6628,CBAK: 3.8448,COVL: 4.1038,STOI: 0.9573

INFO:root:Epoch 59, Step 500, loss: 0.14066725969314575, disc_loss: 0.0026558872777968645
INFO:root:Epoch 59, Step 1000, loss: 0.05931242182850838, disc_loss: 0.0012834654189646244
INFO:root:Epoch 59, Step 1500, loss: 0.09695450216531754, disc_loss: 0.002104929182678461
INFO:root:Epoch 59, Step 2000, loss: 0.10730849206447601, disc_loss: 0.002241985173895955
INFO:root:Epoch 59, Step 2500, loss: 0.09902334213256836, disc_loss: 0.037178367376327515
INFO:root:Generator loss: 0.07845354329758478, Discriminator loss: 0.008989270489780996
INFO:root:
=== Epoch 59 evaluation ===
INFO:root:=== Evaluation metrics ===
PESQ: 3.3521,SSNR: 10.2405,CSIG: 4.6584,CBAK: 3.8538,COVL: 4.1050,STOI: 0.9573

Training finished.
