Starting training:
without SE:
Namespace(batch_size=4, cut_len=32000, data_dir='/mnt/iusers01/msc-stu/hum-msc-data-sci-2024-2025/t74061zq/erp/DEMAND_16KHz', decay_epoch=12, epochs=60, init_lr=0.0005, log_interval=500, loss_weights=[0.1, 0.9, 0.2, 0.05, 0.05], save_model_dir='./saved_models_log/saved_models_20250801_VoiceDEMAND_16khz')
['NVIDIA A100-SXM4-80GB']
====================================================================================================
Layer (type:depth-idx)                             Output Shape              Param #
====================================================================================================
TSCNet                                             [1, 1, 321, 201]          --
├─DenseEncoder: 1-1                                [1, 64, 321, 101]         --
│    └─Sequential: 2-1                             [1, 64, 321, 201]         --
│    │    └─Conv2d: 3-1                            [1, 64, 321, 201]         256
│    │    └─InstanceNorm2d: 3-2                    [1, 64, 321, 201]         128
│    │    └─PReLU: 3-3                             [1, 64, 321, 201]         64
│    └─DilatedDenseNet: 2-2                        [1, 64, 321, 201]         --
│    │    └─ConstantPad2d: 3-4                     [1, 64, 322, 203]         --
│    │    └─Conv2d: 3-5                            [1, 64, 321, 201]         24,640
│    │    └─InstanceNorm2d: 3-6                    [1, 64, 321, 201]         128
│    │    └─PReLU: 3-7                             [1, 64, 321, 201]         64
│    │    └─ConstantPad2d: 3-8                     [1, 128, 323, 203]        --
│    │    └─Conv2d: 3-9                            [1, 64, 321, 201]         49,216
│    │    └─InstanceNorm2d: 3-10                   [1, 64, 321, 201]         128
│    │    └─PReLU: 3-11                            [1, 64, 321, 201]         64
│    │    └─ConstantPad2d: 3-12                    [1, 192, 325, 203]        --
│    │    └─Conv2d: 3-13                           [1, 64, 321, 201]         73,792
│    │    └─InstanceNorm2d: 3-14                   [1, 64, 321, 201]         128
│    │    └─PReLU: 3-15                            [1, 64, 321, 201]         64
│    │    └─ConstantPad2d: 3-16                    [1, 256, 329, 203]        --
│    │    └─Conv2d: 3-17                           [1, 64, 321, 201]         98,368
│    │    └─InstanceNorm2d: 3-18                   [1, 64, 321, 201]         128
│    │    └─PReLU: 3-19                            [1, 64, 321, 201]         64
│    └─Sequential: 2-3                             [1, 64, 321, 101]         --
│    │    └─Conv2d: 3-20                           [1, 64, 321, 101]         12,352
│    │    └─InstanceNorm2d: 3-21                   [1, 64, 321, 101]         128
│    │    └─PReLU: 3-22                            [1, 64, 321, 101]         64
├─TSCB: 1-2                                        [1, 64, 321, 101]         --
│    └─ConformerBlock: 2-4                         [101, 321, 64]            --
│    │    └─Scale: 3-23                            [101, 321, 64]            33,216
│    │    └─PreNorm: 3-24                          [101, 321, 64]            32,976
│    │    └─ConformerConvModule: 3-25              [101, 321, 64]            29,376
│    │    └─Scale: 3-26                            [101, 321, 64]            33,216
│    │    └─LayerNorm: 3-27                        [101, 321, 64]            128
│    └─ConformerBlock: 2-5                         [321, 101, 64]            --
│    │    └─Scale: 3-28                            [321, 101, 64]            33,216
│    │    └─PreNorm: 3-29                          [321, 101, 64]            32,976
│    │    └─ConformerConvModule: 3-30              [321, 101, 64]            29,376
│    │    └─Scale: 3-31                            [321, 101, 64]            33,216
│    │    └─LayerNorm: 3-32                        [321, 101, 64]            128
├─TSCB: 1-3                                        [1, 64, 321, 101]         --
│    └─ConformerBlock: 2-6                         [101, 321, 64]            --
│    │    └─Scale: 3-33                            [101, 321, 64]            33,216
│    │    └─PreNorm: 3-34                          [101, 321, 64]            32,976
│    │    └─ConformerConvModule: 3-35              [101, 321, 64]            29,376
│    │    └─Scale: 3-36                            [101, 321, 64]            33,216
│    │    └─LayerNorm: 3-37                        [101, 321, 64]            128
│    └─ConformerBlock: 2-7                         [321, 101, 64]            --
│    │    └─Scale: 3-38                            [321, 101, 64]            33,216
│    │    └─PreNorm: 3-39                          [321, 101, 64]            32,976
│    │    └─ConformerConvModule: 3-40              [321, 101, 64]            29,376
│    │    └─Scale: 3-41                            [321, 101, 64]            33,216
│    │    └─LayerNorm: 3-42                        [321, 101, 64]            128
├─TSCB: 1-4                                        [1, 64, 321, 101]         --
│    └─ConformerBlock: 2-8                         [101, 321, 64]            --
│    │    └─Scale: 3-43                            [101, 321, 64]            33,216
│    │    └─PreNorm: 3-44                          [101, 321, 64]            32,976
│    │    └─ConformerConvModule: 3-45              [101, 321, 64]            29,376
│    │    └─Scale: 3-46                            [101, 321, 64]            33,216
│    │    └─LayerNorm: 3-47                        [101, 321, 64]            128
│    └─ConformerBlock: 2-9                         [321, 101, 64]            --
│    │    └─Scale: 3-48                            [321, 101, 64]            33,216
│    │    └─PreNorm: 3-49                          [321, 101, 64]            32,976
│    │    └─ConformerConvModule: 3-50              [321, 101, 64]            29,376
│    │    └─Scale: 3-51                            [321, 101, 64]            33,216
│    │    └─LayerNorm: 3-52                        [321, 101, 64]            128
├─TSCB: 1-5                                        [1, 64, 321, 101]         --
│    └─ConformerBlock: 2-10                        [101, 321, 64]            --
│    │    └─Scale: 3-53                            [101, 321, 64]            33,216
│    │    └─PreNorm: 3-54                          [101, 321, 64]            32,976
│    │    └─ConformerConvModule: 3-55              [101, 321, 64]            29,376
│    │    └─Scale: 3-56                            [101, 321, 64]            33,216
│    │    └─LayerNorm: 3-57                        [101, 321, 64]            128
│    └─ConformerBlock: 2-11                        [321, 101, 64]            --
│    │    └─Scale: 3-58                            [321, 101, 64]            33,216
│    │    └─PreNorm: 3-59                          [321, 101, 64]            32,976
│    │    └─ConformerConvModule: 3-60              [321, 101, 64]            29,376
│    │    └─Scale: 3-61                            [321, 101, 64]            33,216
│    │    └─LayerNorm: 3-62                        [321, 101, 64]            128
├─MaskDecoder: 1-6                                 [1, 1, 321, 201]          --
│    └─DilatedDenseNet: 2-12                       [1, 64, 321, 101]         --
│    │    └─ConstantPad2d: 3-63                    [1, 64, 322, 103]         --
│    │    └─Conv2d: 3-64                           [1, 64, 321, 101]         24,640
│    │    └─InstanceNorm2d: 3-65                   [1, 64, 321, 101]         128
│    │    └─PReLU: 3-66                            [1, 64, 321, 101]         64
│    │    └─ConstantPad2d: 3-67                    [1, 128, 323, 103]        --
│    │    └─Conv2d: 3-68                           [1, 64, 321, 101]         49,216
│    │    └─InstanceNorm2d: 3-69                   [1, 64, 321, 101]         128
│    │    └─PReLU: 3-70                            [1, 64, 321, 101]         64
│    │    └─ConstantPad2d: 3-71                    [1, 192, 325, 103]        --
│    │    └─Conv2d: 3-72                           [1, 64, 321, 101]         73,792
│    │    └─InstanceNorm2d: 3-73                   [1, 64, 321, 101]         128
│    │    └─PReLU: 3-74                            [1, 64, 321, 101]         64
│    │    └─ConstantPad2d: 3-75                    [1, 256, 329, 103]        --
│    │    └─Conv2d: 3-76                           [1, 64, 321, 101]         98,368
│    │    └─InstanceNorm2d: 3-77                   [1, 64, 321, 101]         128
│    │    └─PReLU: 3-78                            [1, 64, 321, 101]         64
│    └─SPConvTranspose2d: 2-13                     [1, 64, 321, 202]         --
│    │    └─ConstantPad2d: 3-79                    [1, 64, 321, 103]         --
│    │    └─Conv2d: 3-80                           [1, 128, 321, 101]        24,704
│    └─Conv2d: 2-14                                [1, 1, 321, 201]          129
│    └─InstanceNorm2d: 2-15                        [1, 1, 321, 201]          2
│    └─PReLU: 2-16                                 [1, 1, 321, 201]          1
│    └─Conv2d: 2-17                                [1, 1, 321, 201]          2
│    └─PReLU: 2-18                                 [1, 201, 321]             201
├─ComplexDecoder: 1-7                              [1, 2, 321, 201]          --
│    └─DilatedDenseNet: 2-19                       [1, 64, 321, 101]         --
│    │    └─ConstantPad2d: 3-81                    [1, 64, 322, 103]         --
│    │    └─Conv2d: 3-82                           [1, 64, 321, 101]         24,640
│    │    └─InstanceNorm2d: 3-83                   [1, 64, 321, 101]         128
│    │    └─PReLU: 3-84                            [1, 64, 321, 101]         64
│    │    └─ConstantPad2d: 3-85                    [1, 128, 323, 103]        --
│    │    └─Conv2d: 3-86                           [1, 64, 321, 101]         49,216
│    │    └─InstanceNorm2d: 3-87                   [1, 64, 321, 101]         128
│    │    └─PReLU: 3-88                            [1, 64, 321, 101]         64
│    │    └─ConstantPad2d: 3-89                    [1, 192, 325, 103]        --
│    │    └─Conv2d: 3-90                           [1, 64, 321, 101]         73,792
│    │    └─InstanceNorm2d: 3-91                   [1, 64, 321, 101]         128
│    │    └─PReLU: 3-92                            [1, 64, 321, 101]         64
│    │    └─ConstantPad2d: 3-93                    [1, 256, 329, 103]        --
│    │    └─Conv2d: 3-94                           [1, 64, 321, 101]         98,368
│    │    └─InstanceNorm2d: 3-95                   [1, 64, 321, 101]         128
│    │    └─PReLU: 3-96                            [1, 64, 321, 101]         64
│    └─SPConvTranspose2d: 2-20                     [1, 64, 321, 202]         --
│    │    └─ConstantPad2d: 3-97                    [1, 64, 321, 103]         --
│    │    └─Conv2d: 3-98                           [1, 128, 321, 101]        24,704
│    └─InstanceNorm2d: 2-21                        [1, 64, 321, 202]         128
│    └─PReLU: 2-22                                 [1, 64, 321, 202]         64
│    └─Conv2d: 2-23                                [1, 2, 321, 201]          258
====================================================================================================
Total params: 1,834,833
Trainable params: 1,834,833
Non-trainable params: 0
Total mult-adds (G): 41.56
====================================================================================================
Input size (MB): 0.52
Forward/backward pass size (MB): 4856.40
Params size (MB): 7.34
Estimated Total Size (MB): 4864.25
====================================================================================================
==========================================================================================
Layer (type:depth-idx)                   Output Shape              Param #
==========================================================================================
Discriminator                            [1, 1]                    --
├─Sequential: 1-1                        [1, 1]                    --
│    └─Conv2d: 2-1                       [1, 16, 100, 160]         512
│    └─InstanceNorm2d: 2-2               [1, 16, 100, 160]         32
│    └─PReLU: 2-3                        [1, 16, 100, 160]         16
│    └─Conv2d: 2-4                       [1, 32, 50, 80]           8,192
│    └─InstanceNorm2d: 2-5               [1, 32, 50, 80]           64
│    └─PReLU: 2-6                        [1, 32, 50, 80]           32
│    └─Conv2d: 2-7                       [1, 64, 25, 40]           32,768
│    └─InstanceNorm2d: 2-8               [1, 64, 25, 40]           128
│    └─PReLU: 2-9                        [1, 64, 25, 40]           64
│    └─Conv2d: 2-10                      [1, 128, 12, 20]          131,072
│    └─InstanceNorm2d: 2-11              [1, 128, 12, 20]          256
│    └─PReLU: 2-12                       [1, 128, 12, 20]          128
│    └─AdaptiveMaxPool2d: 2-13           [1, 128, 1, 1]            --
│    └─Flatten: 2-14                     [1, 128]                  --
│    └─Linear: 2-15                      [1, 64]                   8,256
│    └─Dropout: 2-16                     [1, 64]                   --
│    └─PReLU: 2-17                       [1, 64]                   64
│    └─Linear: 2-18                      [1, 1]                    65
│    └─LearnableSigmoid: 2-19            [1, 1]                    1
==========================================================================================
Total params: 181,650
Trainable params: 181,650
Non-trainable params: 0
Total mult-adds (M): 19.67
==========================================================================================
Input size (MB): 0.52
Forward/backward pass size (MB): 11.49
Params size (MB): 0.73
Estimated Total Size (MB): 12.73
==========================================================================================
/mnt/iusers01/msc-stu/hum-msc-data-sci-2024-2025/t74061zq/erp/CMGAN_src/data/dataloader.py:52: UserWarning: torchaudio._backend.set_audio_backend has been deprecated. With dispatcher enabled, this function is no-op. You can remove the function call.
  torchaudio.set_audio_backend("sox_io")         # in linux
INFO:root:Epoch 0, Step 500, loss: 0.25642624497413635, disc_loss: 0.017825331538915634
INFO:root:Epoch 0, Step 1000, loss: 0.15821775794029236, disc_loss: 0.014763763174414635
INFO:root:Epoch 0, Step 1500, loss: 0.22047927975654602, disc_loss: 0.0027720194775611162
INFO:root:Epoch 0, Step 2000, loss: 0.1748540699481964, disc_loss: 0.012424317188560963
INFO:root:Epoch 0, Step 2500, loss: 0.09594609588384628, disc_loss: 0.023861171677708626
INFO:root:Generator loss: 0.10958359846212332, Discriminator loss: 0.011889045985440444
INFO:root:
=== Epoch 0 evaluation ===
INFO:root:=== Evaluation metrics ===
PESQ: 2.6970,SSNR: 8.7127,CSIG: 4.2277,CBAK: 3.4370,COVL: 3.5153,STOI: 0.9374

INFO:root:Epoch 1, Step 500, loss: 0.24196848273277283, disc_loss: 0.001832720823585987
INFO:root:Epoch 1, Step 1000, loss: 0.12279697507619858, disc_loss: 0.008845360949635506
INFO:root:Epoch 1, Step 1500, loss: 0.15530827641487122, disc_loss: 0.011688775382936
INFO:root:Epoch 1, Step 2000, loss: 0.10125385224819183, disc_loss: 0.006409745197743177
INFO:root:Epoch 1, Step 2500, loss: 0.1510697901248932, disc_loss: 0.0035829762928187847
INFO:root:Generator loss: 0.10115451535698279, Discriminator loss: 0.005392336198303948
INFO:root:
=== Epoch 1 evaluation ===
INFO:root:=== Evaluation metrics ===
PESQ: 2.8696,SSNR: 8.4344,CSIG: 4.3662,CBAK: 3.5064,COVL: 3.6766,STOI: 0.9421

INFO:root:Epoch 2, Step 500, loss: 0.10196072608232498, disc_loss: 0.0031444591004401445
INFO:root:Epoch 2, Step 1000, loss: 0.10276172310113907, disc_loss: 0.006023326888680458
INFO:root:Epoch 2, Step 1500, loss: 0.1272052675485611, disc_loss: 0.006331140175461769
INFO:root:Epoch 2, Step 2000, loss: 0.1344365030527115, disc_loss: 0.008638568222522736
INFO:root:Epoch 2, Step 2500, loss: 0.1987595409154892, disc_loss: 0.004584715701639652
INFO:root:Generator loss: 0.09430993221772527, Discriminator loss: 0.007748806914958868
INFO:root:
=== Epoch 2 evaluation ===
INFO:root:=== Evaluation metrics ===
PESQ: 2.9439,SSNR: 9.0579,CSIG: 4.4296,CBAK: 3.5828,COVL: 3.7554,STOI: 0.9458

INFO:root:Epoch 3, Step 500, loss: 0.1369616836309433, disc_loss: 0.01142268255352974
INFO:root:Epoch 3, Step 1000, loss: 0.1668097823858261, disc_loss: 0.0008985449094325304
INFO:root:Epoch 3, Step 1500, loss: 0.13471916317939758, disc_loss: 0.003405888332054019
INFO:root:Epoch 3, Step 2000, loss: 0.10362691432237625, disc_loss: 0.00043386276229284704
INFO:root:Epoch 3, Step 2500, loss: 0.1151370257139206, disc_loss: 0.001728208502754569
INFO:root:Generator loss: 0.08886043564642518, Discriminator loss: 0.00777243089488339
INFO:root:
=== Epoch 3 evaluation ===
INFO:root:=== Evaluation metrics ===
PESQ: 3.0779,SSNR: 9.6994,CSIG: 4.4871,CBAK: 3.6879,COVL: 3.8581,STOI: 0.9460

INFO:root:Epoch 4, Step 500, loss: 0.17455005645751953, disc_loss: 0.0043111927807331085
INFO:root:Epoch 4, Step 1000, loss: 0.13925714790821075, disc_loss: 0.00304067088291049
INFO:root:Epoch 4, Step 1500, loss: 0.08403579890727997, disc_loss: 0.0004089337890036404
INFO:root:Epoch 4, Step 2000, loss: 0.1485656201839447, disc_loss: 0.0043034544214606285
INFO:root:Epoch 4, Step 2500, loss: 0.09336574375629425, disc_loss: 0.0032976234797388315
INFO:root:Generator loss: 0.0928241502746795, Discriminator loss: 0.009986992942924313
INFO:root:
=== Epoch 4 evaluation ===
INFO:root:=== Evaluation metrics ===
PESQ: 3.0621,SSNR: 8.3182,CSIG: 4.4827,CBAK: 3.5883,COVL: 3.8510,STOI: 0.9485

INFO:root:Epoch 5, Step 500, loss: 0.16025860607624054, disc_loss: 0.002928416943177581
INFO:root:Epoch 5, Step 1000, loss: 0.20005765557289124, disc_loss: 0.0038928210269659758
INFO:root:Epoch 5, Step 1500, loss: 0.14949804544448853, disc_loss: 0.0037165607791393995
INFO:root:Epoch 5, Step 2000, loss: 0.16525401175022125, disc_loss: 0.002899729646742344
INFO:root:Epoch 5, Step 2500, loss: 0.1465577781200409, disc_loss: 0.0031179559882730246
INFO:root:Generator loss: 0.09025461740285448, Discriminator loss: 0.008515515811577466
INFO:root:
=== Epoch 5 evaluation ===
INFO:root:=== Evaluation metrics ===
PESQ: 3.0360,SSNR: 9.1898,CSIG: 4.4691,CBAK: 3.6367,COVL: 3.8312,STOI: 0.9440

INFO:root:Epoch 6, Step 500, loss: 0.13682299852371216, disc_loss: 0.00817892700433731
INFO:root:Epoch 6, Step 1000, loss: 0.0988776907324791, disc_loss: 0.004799887537956238
INFO:root:Epoch 6, Step 1500, loss: 0.1591489315032959, disc_loss: 0.0010633630445227027
INFO:root:Epoch 6, Step 2000, loss: 0.16570281982421875, disc_loss: 0.003998925909399986
INFO:root:Epoch 6, Step 2500, loss: 0.18549565970897675, disc_loss: 0.0012028564233332872
INFO:root:Generator loss: 0.08487667085476291, Discriminator loss: 0.006771550793398524
INFO:root:
=== Epoch 6 evaluation ===
INFO:root:=== Evaluation metrics ===
PESQ: 3.0199,SSNR: 9.5782,CSIG: 4.4883,CBAK: 3.6536,COVL: 3.8235,STOI: 0.9503

INFO:root:Epoch 7, Step 500, loss: 0.06593731790781021, disc_loss: 0.002425318816676736
INFO:root:Epoch 7, Step 1000, loss: 0.15873731672763824, disc_loss: 0.00309691927395761
INFO:root:Epoch 7, Step 1500, loss: 0.16303017735481262, disc_loss: 0.0005388566059991717
INFO:root:Epoch 7, Step 2000, loss: 0.10201650857925415, disc_loss: 0.005854838062077761
INFO:root:Epoch 7, Step 2500, loss: 0.14302441477775574, disc_loss: 0.004482760559767485
INFO:root:Generator loss: 0.08178643113707454, Discriminator loss: 0.005919732111155081
INFO:root:
=== Epoch 7 evaluation ===
INFO:root:=== Evaluation metrics ===
PESQ: 3.1222,SSNR: 9.8182,CSIG: 4.5435,CBAK: 3.7182,COVL: 3.9075,STOI: 0.9513

INFO:root:Epoch 8, Step 500, loss: 0.09493108838796616, disc_loss: 0.003485008142888546
INFO:root:Epoch 8, Step 1000, loss: 0.09910551458597183, disc_loss: 0.003087087068706751
INFO:root:Epoch 8, Step 1500, loss: 0.15614666044712067, disc_loss: 0.025817198678851128
INFO:root:Epoch 8, Step 2000, loss: 0.12256409972906113, disc_loss: 0.0027641495689749718
INFO:root:Epoch 8, Step 2500, loss: 0.09021272510290146, disc_loss: 0.009755182079970837
INFO:root:Generator loss: 0.0855577138876452, Discriminator loss: 0.007245359229273163
INFO:root:
=== Epoch 8 evaluation ===
INFO:root:=== Evaluation metrics ===
PESQ: 3.1438,SSNR: 9.0851,CSIG: 4.5524,CBAK: 3.6799,COVL: 3.9319,STOI: 0.9489

INFO:root:Epoch 9, Step 500, loss: 0.10112128406763077, disc_loss: 0.004976043943315744
INFO:root:Epoch 9, Step 1000, loss: 0.13774237036705017, disc_loss: 0.0014114888617768884
INFO:root:Epoch 9, Step 1500, loss: 0.09688425064086914, disc_loss: 0.0016263199504464865
INFO:root:Epoch 9, Step 2000, loss: 0.12855425477027893, disc_loss: 0.01152984332293272
INFO:root:Epoch 9, Step 2500, loss: 0.0899389311671257, disc_loss: 0.006931350100785494
INFO:root:Generator loss: 0.08384904560171863, Discriminator loss: 0.007391750099574971
INFO:root:
=== Epoch 9 evaluation ===
INFO:root:=== Evaluation metrics ===
PESQ: 3.1179,SSNR: 9.4259,CSIG: 4.5156,CBAK: 3.6903,COVL: 3.8951,STOI: 0.9517

INFO:root:Epoch 10, Step 500, loss: 0.11913858354091644, disc_loss: 0.0027565706986933947
INFO:root:Epoch 10, Step 1000, loss: 0.09492729604244232, disc_loss: 0.0020930080208927393
INFO:root:Epoch 10, Step 1500, loss: 0.12020301818847656, disc_loss: 0.0004890519776381552
INFO:root:Epoch 10, Step 2000, loss: 0.09601724147796631, disc_loss: 0.0016193304909393191
INFO:root:Epoch 10, Step 2500, loss: 0.09960584342479706, disc_loss: 0.001911647617816925
INFO:root:Generator loss: 0.07766973051848342, Discriminator loss: 0.003324400635834024
INFO:root:
=== Epoch 10 evaluation ===
INFO:root:=== Evaluation metrics ===
PESQ: 3.2169,SSNR: 10.2136,CSIG: 4.5518,CBAK: 3.7909,COVL: 3.9646,STOI: 0.9525

INFO:root:Epoch 11, Step 500, loss: 0.17174303531646729, disc_loss: 0.004900310654193163
INFO:root:Epoch 11, Step 1000, loss: 0.07541108131408691, disc_loss: 0.004707696381956339
INFO:root:Epoch 11, Step 1500, loss: 0.1062314510345459, disc_loss: 0.0010681917192414403
INFO:root:Epoch 11, Step 2000, loss: 0.1109054833650589, disc_loss: 0.0030879077967256308
INFO:root:Epoch 11, Step 2500, loss: 0.07179689407348633, disc_loss: 0.005888086743652821
INFO:root:Generator loss: 0.07799260361680707, Discriminator loss: 0.006987461758081267
INFO:root:
=== Epoch 11 evaluation ===
INFO:root:=== Evaluation metrics ===
PESQ: 3.2696,SSNR: 10.1276,CSIG: 4.5522,CBAK: 3.8100,COVL: 3.9939,STOI: 0.9529

INFO:root:Epoch 12, Step 500, loss: 0.07397692650556564, disc_loss: 0.0010412615956738591
INFO:root:Epoch 12, Step 1000, loss: 0.07724685966968536, disc_loss: 0.0014386465772986412
INFO:root:Epoch 12, Step 1500, loss: 0.10802590101957321, disc_loss: 0.003296729177236557
INFO:root:Epoch 12, Step 2000, loss: 0.09993579983711243, disc_loss: 0.0023249753285199404
INFO:root:Epoch 12, Step 2500, loss: 0.1065167635679245, disc_loss: 0.0018906183540821075
INFO:root:Generator loss: 0.07584628095687593, Discriminator loss: 0.0056889802580575
INFO:root:
=== Epoch 12 evaluation ===
INFO:root:=== Evaluation metrics ===
PESQ: 3.2828,SSNR: 10.1581,CSIG: 4.5590,CBAK: 3.8186,COVL: 4.0016,STOI: 0.9541

INFO:root:Epoch 13, Step 500, loss: 0.0898396372795105, disc_loss: 0.00438005942851305
INFO:root:Epoch 13, Step 1000, loss: 0.08370580524206161, disc_loss: 0.023221231997013092
INFO:root:Epoch 13, Step 1500, loss: 0.1139405220746994, disc_loss: 0.0011181802256032825
INFO:root:Epoch 13, Step 2000, loss: 0.153482124209404, disc_loss: 0.0003676637134049088
INFO:root:Epoch 13, Step 2500, loss: 0.13064634799957275, disc_loss: 0.0004445544327609241
INFO:root:Generator loss: 0.07624399063439624, Discriminator loss: 0.007197174177368316
INFO:root:
=== Epoch 13 evaluation ===
INFO:root:=== Evaluation metrics ===
PESQ: 3.2706,SSNR: 9.9542,CSIG: 4.5702,CBAK: 3.7993,COVL: 4.0083,STOI: 0.9536

INFO:root:Epoch 14, Step 500, loss: 0.12104610353708267, disc_loss: 0.0016186917200684547
INFO:root:Epoch 14, Step 1000, loss: 0.12810616195201874, disc_loss: 0.015980854630470276
INFO:root:Epoch 14, Step 1500, loss: 0.12838509678840637, disc_loss: 0.0025467942468822002
INFO:root:Epoch 14, Step 2000, loss: 0.11159663647413254, disc_loss: 0.0009747210424393415
INFO:root:Epoch 14, Step 2500, loss: 0.08485216647386551, disc_loss: 0.00025460394681431353
INFO:root:Generator loss: 0.07609297393016445, Discriminator loss: 0.006822472179019049
INFO:root:
=== Epoch 14 evaluation ===
INFO:root:=== Evaluation metrics ===
PESQ: 3.1711,SSNR: 10.3701,CSIG: 4.5017,CBAK: 3.7798,COVL: 3.9134,STOI: 0.9539

INFO:root:Epoch 15, Step 500, loss: 0.08607815951108932, disc_loss: 0.022240564227104187
INFO:root:Epoch 15, Step 1000, loss: 0.10170008987188339, disc_loss: 0.002310138661414385
INFO:root:Epoch 15, Step 1500, loss: 0.07915616780519485, disc_loss: 0.0020726437214761972
INFO:root:Epoch 15, Step 2000, loss: 0.07044193148612976, disc_loss: 0.0027332173194736242
INFO:root:Epoch 15, Step 2500, loss: 0.10343638807535172, disc_loss: 0.0004283575981389731
INFO:root:Generator loss: 0.07703170051924813, Discriminator loss: 0.008459278459076371
INFO:root:
=== Epoch 15 evaluation ===
INFO:root:=== Evaluation metrics ===
PESQ: 3.2130,SSNR: 10.0770,CSIG: 4.5145,CBAK: 3.7794,COVL: 3.9447,STOI: 0.9547

INFO:root:Epoch 16, Step 500, loss: 0.10124586522579193, disc_loss: 0.0032261640299111605
INFO:root:Epoch 16, Step 1000, loss: 0.10544601827859879, disc_loss: 0.0019253107020631433
INFO:root:Epoch 16, Step 1500, loss: 0.16162154078483582, disc_loss: 0.004121755249798298
INFO:root:Epoch 16, Step 2000, loss: 0.10615174472332001, disc_loss: 0.004273183643817902
INFO:root:Epoch 16, Step 2500, loss: 0.11667388677597046, disc_loss: 0.00011736503802239895
INFO:root:Generator loss: 0.07442139779913773, Discriminator loss: 0.008353352637500084
INFO:root:
=== Epoch 16 evaluation ===
INFO:root:=== Evaluation metrics ===
PESQ: 3.2952,SSNR: 9.9697,CSIG: 4.5898,CBAK: 3.8142,COVL: 4.0320,STOI: 0.9548

INFO:root:Epoch 17, Step 500, loss: 0.09453843533992767, disc_loss: 0.0019622293766587973
INFO:root:Epoch 17, Step 1000, loss: 0.09614597260951996, disc_loss: 0.030706137418746948
INFO:root:Epoch 17, Step 1500, loss: 0.11487366259098053, disc_loss: 0.0023131968919187784
INFO:root:Epoch 17, Step 2000, loss: 0.07837383449077606, disc_loss: 2.896427031373605e-05
INFO:root:Epoch 17, Step 2500, loss: 0.11539629101753235, disc_loss: 0.00018025639292318374
INFO:root:Generator loss: 0.07258129427299916, Discriminator loss: 0.00514359600266704
INFO:root:
=== Epoch 17 evaluation ===
INFO:root:=== Evaluation metrics ===
PESQ: 3.3105,SSNR: 10.5269,CSIG: 4.5824,CBAK: 3.8552,COVL: 4.0320,STOI: 0.9554

INFO:root:Epoch 18, Step 500, loss: 0.12650269269943237, disc_loss: 0.001610170234926045
INFO:root:Epoch 18, Step 1000, loss: 0.042897067964076996, disc_loss: 0.0012776952935382724
INFO:root:Epoch 18, Step 1500, loss: 0.13586702942848206, disc_loss: 0.0024581742472946644
INFO:root:Epoch 18, Step 2000, loss: 0.10312861949205399, disc_loss: 0.014373897574841976
INFO:root:Epoch 18, Step 2500, loss: 0.12207359075546265, disc_loss: 0.0010552436579018831
INFO:root:Generator loss: 0.07440652591583219, Discriminator loss: 0.005843991191972395
INFO:root:
=== Epoch 18 evaluation ===
INFO:root:=== Evaluation metrics ===
PESQ: 3.2439,SSNR: 10.3177,CSIG: 4.5460,CBAK: 3.8093,COVL: 3.9754,STOI: 0.9549

INFO:root:Epoch 19, Step 500, loss: 0.0938391163945198, disc_loss: 0.002731617307290435
INFO:root:Epoch 19, Step 1000, loss: 0.07555730640888214, disc_loss: 0.001525220344774425
INFO:root:Epoch 19, Step 1500, loss: 0.11843634396791458, disc_loss: 0.0035355640575289726
INFO:root:Epoch 19, Step 2000, loss: 0.1259000599384308, disc_loss: 0.0009277968783862889
INFO:root:Epoch 19, Step 2500, loss: 0.0961146280169487, disc_loss: 0.0027799883391708136
INFO:root:Generator loss: 0.07308499041257553, Discriminator loss: 0.007889820401032921
INFO:root:
=== Epoch 19 evaluation ===
INFO:root:=== Evaluation metrics ===
PESQ: 3.3165,SSNR: 10.1695,CSIG: 4.6131,CBAK: 3.8358,COVL: 4.0580,STOI: 0.9555

INFO:root:Epoch 20, Step 500, loss: 0.10250964760780334, disc_loss: 0.0020077917724847794
INFO:root:Epoch 20, Step 1000, loss: 0.1317640095949173, disc_loss: 0.0014995865058153868
INFO:root:Epoch 20, Step 1500, loss: 0.13061045110225677, disc_loss: 0.0035521232057362795
INFO:root:Epoch 20, Step 2000, loss: 0.12810873985290527, disc_loss: 0.0008226794307120144
INFO:root:Epoch 20, Step 2500, loss: 0.09080104529857635, disc_loss: 0.001836951356381178
INFO:root:Generator loss: 0.0748807061282755, Discriminator loss: 0.004948097762501419
INFO:root:
=== Epoch 20 evaluation ===
INFO:root:=== Evaluation metrics ===
PESQ: 3.3036,SSNR: 10.0604,CSIG: 4.5882,CBAK: 3.8205,COVL: 4.0358,STOI: 0.9552

INFO:root:Epoch 21, Step 500, loss: 0.1373029351234436, disc_loss: 0.004438911564648151
INFO:root:Epoch 21, Step 1000, loss: 0.10036865621805191, disc_loss: 0.002345238346606493
INFO:root:Epoch 21, Step 1500, loss: 0.08597076684236526, disc_loss: 0.0014885182026773691
INFO:root:Epoch 21, Step 2000, loss: 0.11963044106960297, disc_loss: 0.0023806330282241106
INFO:root:Epoch 21, Step 2500, loss: 0.10686561465263367, disc_loss: 0.0018279972719028592
INFO:root:Generator loss: 0.0723338612328166, Discriminator loss: 0.004746562872118445
INFO:root:
=== Epoch 21 evaluation ===
INFO:root:=== Evaluation metrics ===
PESQ: 3.3020,SSNR: 10.5018,CSIG: 4.5934,CBAK: 3.8496,COVL: 4.0386,STOI: 0.9547

INFO:root:Epoch 22, Step 500, loss: 0.1025368943810463, disc_loss: 0.000318809732561931
INFO:root:Epoch 22, Step 1000, loss: 0.10949189960956573, disc_loss: 0.0017866359557956457
INFO:root:Epoch 22, Step 1500, loss: 0.12213139235973358, disc_loss: 0.0016646453877910972
INFO:root:Epoch 22, Step 2000, loss: 0.0829814076423645, disc_loss: 0.001863542478531599
INFO:root:Epoch 22, Step 2500, loss: 0.1418723613023758, disc_loss: 0.0034534165170043707
INFO:root:Generator loss: 0.07136881054894438, Discriminator loss: 0.009269872661710359
INFO:root:
=== Epoch 22 evaluation ===
INFO:root:=== Evaluation metrics ===
PESQ: 3.2863,SSNR: 10.5728,CSIG: 4.5872,CBAK: 3.8457,COVL: 4.0243,STOI: 0.9554

INFO:root:Epoch 23, Step 500, loss: 0.08590033650398254, disc_loss: 0.0009322853875346482
INFO:root:Epoch 23, Step 1000, loss: 0.09698735922574997, disc_loss: 0.0013257610844448209
INFO:root:Epoch 23, Step 1500, loss: 0.10660113394260406, disc_loss: 0.0005489563918672502
INFO:root:Epoch 23, Step 2000, loss: 0.13223810493946075, disc_loss: 0.0007440661429427564
INFO:root:Epoch 23, Step 2500, loss: 0.12748804688453674, disc_loss: 0.0008766633691266179
INFO:root:Generator loss: 0.07434849659867078, Discriminator loss: 0.0043561001454064064
INFO:root:
=== Epoch 23 evaluation ===
INFO:root:=== Evaluation metrics ===
PESQ: 3.3269,SSNR: 10.0069,CSIG: 4.5953,CBAK: 3.8319,COVL: 4.0559,STOI: 0.9550

INFO:root:Epoch 24, Step 500, loss: 0.15248554944992065, disc_loss: 0.001148367766290903
INFO:root:Epoch 24, Step 1000, loss: 0.14377419650554657, disc_loss: 0.0004700158897321671
INFO:root:Epoch 24, Step 1500, loss: 0.07303644716739655, disc_loss: 0.0011757008032873273
INFO:root:Epoch 24, Step 2000, loss: 0.07969947904348373, disc_loss: 0.0031099459156394005
INFO:root:Epoch 24, Step 2500, loss: 0.06865449249744415, disc_loss: 0.002205692697316408
INFO:root:Generator loss: 0.07191089320095997, Discriminator loss: 0.0063437924447533834
INFO:root:
=== Epoch 24 evaluation ===
INFO:root:=== Evaluation metrics ===
PESQ: 3.2904,SSNR: 10.4256,CSIG: 4.5879,CBAK: 3.8410,COVL: 4.0299,STOI: 0.9560

INFO:root:Epoch 25, Step 500, loss: 0.07021595537662506, disc_loss: 0.0008424589177593589
INFO:root:Epoch 25, Step 1000, loss: 0.08573902398347855, disc_loss: 0.0016532589215785265
INFO:root:Epoch 25, Step 1500, loss: 0.1316634565591812, disc_loss: 0.002330947434529662
INFO:root:Epoch 25, Step 2000, loss: 0.08242984116077423, disc_loss: 0.0003514574491418898
INFO:root:Epoch 25, Step 2500, loss: 0.10831768810749054, disc_loss: 0.0041806744411587715
INFO:root:Generator loss: 0.07185682997975534, Discriminator loss: 0.0057702856096317565
INFO:root:
=== Epoch 25 evaluation ===
INFO:root:=== Evaluation metrics ===
PESQ: 3.3008,SSNR: 10.5206,CSIG: 4.5980,CBAK: 3.8510,COVL: 4.0404,STOI: 0.9561

INFO:root:Epoch 26, Step 500, loss: 0.105418860912323, disc_loss: 0.0010702947620302439
INFO:root:Epoch 26, Step 1000, loss: 0.050598956644535065, disc_loss: 0.0036743837408721447
INFO:root:Epoch 26, Step 1500, loss: 0.09233004599809647, disc_loss: 0.002981486963108182
INFO:root:Epoch 26, Step 2000, loss: 0.0797673687338829, disc_loss: 0.0004205575096420944
INFO:root:Epoch 26, Step 2500, loss: 0.1192823201417923, disc_loss: 0.000830149685498327
INFO:root:Generator loss: 0.07310356367921945, Discriminator loss: 0.009302825309771048
INFO:root:
=== Epoch 26 evaluation ===
INFO:root:=== Evaluation metrics ===
PESQ: 3.2401,SSNR: 10.3610,CSIG: 4.5707,CBAK: 3.8120,COVL: 3.9909,STOI: 0.9561

INFO:root:Epoch 27, Step 500, loss: 0.1038312241435051, disc_loss: 0.00047925696708261967
INFO:root:Epoch 27, Step 1000, loss: 0.09253297746181488, disc_loss: 0.03224172070622444
INFO:root:Epoch 27, Step 1500, loss: 0.1165497824549675, disc_loss: 0.0018228288972750306
INFO:root:Epoch 27, Step 2000, loss: 0.08654286712408066, disc_loss: 0.0014812881126999855
INFO:root:Epoch 27, Step 2500, loss: 0.09203995764255524, disc_loss: 0.0028899440076202154
INFO:root:Generator loss: 0.07247154121694055, Discriminator loss: 0.007127822094932605
INFO:root:
=== Epoch 27 evaluation ===
INFO:root:=== Evaluation metrics ===
PESQ: 3.3002,SSNR: 10.4495,CSIG: 4.5977,CBAK: 3.8466,COVL: 4.0431,STOI: 0.9562

INFO:root:Epoch 28, Step 500, loss: 0.08526724576950073, disc_loss: 0.0022402333561331034
INFO:root:Epoch 28, Step 1000, loss: 0.09081470221281052, disc_loss: 0.0004984552506357431
INFO:root:Epoch 28, Step 1500, loss: 0.12464739382266998, disc_loss: 0.0018832746427506208
INFO:root:Epoch 28, Step 2000, loss: 0.12746134400367737, disc_loss: 0.0031294054351747036
INFO:root:Epoch 28, Step 2500, loss: 0.11075170338153839, disc_loss: 0.0013903562212362885
INFO:root:Generator loss: 0.07151443473271375, Discriminator loss: 0.005268688936746347
INFO:root:
=== Epoch 28 evaluation ===
INFO:root:=== Evaluation metrics ===
PESQ: 3.3399,SSNR: 10.4148,CSIG: 4.6010,CBAK: 3.8639,COVL: 4.0666,STOI: 0.9561

INFO:root:Epoch 29, Step 500, loss: 0.046502020210027695, disc_loss: 0.0010877462336793542
INFO:root:Epoch 29, Step 1000, loss: 0.09714437276124954, disc_loss: 0.002787456614896655
INFO:root:Epoch 29, Step 1500, loss: 0.06481419503688812, disc_loss: 0.003384387120604515
INFO:root:Epoch 29, Step 2000, loss: 0.0665399432182312, disc_loss: 0.00041125869029201567
INFO:root:Epoch 29, Step 2500, loss: 0.06068108230829239, disc_loss: 0.0018401843262836337
INFO:root:Generator loss: 0.07181314246964107, Discriminator loss: 0.006397150126555697
INFO:root:
=== Epoch 29 evaluation ===
INFO:root:=== Evaluation metrics ===
PESQ: 3.3176,SSNR: 10.2860,CSIG: 4.5987,CBAK: 3.8436,COVL: 4.0520,STOI: 0.9565

INFO:root:Epoch 30, Step 500, loss: 0.12850043177604675, disc_loss: 0.00034288413007743657
INFO:root:Epoch 30, Step 1000, loss: 0.15270885825157166, disc_loss: 0.0003323689743410796
INFO:root:Epoch 30, Step 1500, loss: 0.08280728757381439, disc_loss: 0.0008735825540497899
INFO:root:Epoch 30, Step 2000, loss: 0.14320307970046997, disc_loss: 5.897856681258418e-05
INFO:root:Epoch 30, Step 2500, loss: 0.1123821958899498, disc_loss: 0.0003385879099369049
INFO:root:Generator loss: 0.07635568843666211, Discriminator loss: 0.009563849442696382
INFO:root:
=== Epoch 30 evaluation ===
INFO:root:=== Evaluation metrics ===
PESQ: 3.3181,SSNR: 9.4283,CSIG: 4.6125,CBAK: 3.7861,COVL: 4.0598,STOI: 0.9560

INFO:root:Epoch 31, Step 500, loss: 0.07757028937339783, disc_loss: 0.001822659745812416
INFO:root:Epoch 31, Step 1000, loss: 0.08391331881284714, disc_loss: 0.0007901396020315588
INFO:root:Epoch 31, Step 1500, loss: 0.1673588901758194, disc_loss: 7.131013990147039e-05
INFO:root:Epoch 31, Step 2000, loss: 0.08857284486293793, disc_loss: 0.0005180348525755107
INFO:root:Epoch 31, Step 2500, loss: 0.06697452068328857, disc_loss: 0.0006949357921257615
INFO:root:Generator loss: 0.07214577177774559, Discriminator loss: 0.008029671774759495
INFO:root:
=== Epoch 31 evaluation ===
INFO:root:=== Evaluation metrics ===
PESQ: 3.2876,SSNR: 10.3942,CSIG: 4.6046,CBAK: 3.8362,COVL: 4.0416,STOI: 0.9562

INFO:root:Epoch 32, Step 500, loss: 0.06613916158676147, disc_loss: 0.0011858466314151883
INFO:root:Epoch 32, Step 1000, loss: 0.05343804880976677, disc_loss: 0.0006737220101058483
INFO:root:Epoch 32, Step 1500, loss: 0.09585974365472794, disc_loss: 0.0006795706576667726
INFO:root:Epoch 32, Step 2000, loss: 0.11845475435256958, disc_loss: 0.0018327729776501656
INFO:root:Epoch 32, Step 2500, loss: 0.12346696853637695, disc_loss: 0.0030291201546788216
INFO:root:Generator loss: 0.07081027034199933, Discriminator loss: 0.005234718703010992
INFO:root:
=== Epoch 32 evaluation ===
INFO:root:=== Evaluation metrics ===
PESQ: 3.3054,SSNR: 10.6664,CSIG: 4.6220,CBAK: 3.8629,COVL: 4.0595,STOI: 0.9564

INFO:root:Epoch 33, Step 500, loss: 0.08497492969036102, disc_loss: 0.00034906601649709046
INFO:root:Epoch 33, Step 1000, loss: 0.1095287948846817, disc_loss: 0.0006443016463890672
INFO:root:Epoch 33, Step 1500, loss: 0.11038217693567276, disc_loss: 0.0010037666652351618
INFO:root:Epoch 33, Step 2000, loss: 0.070501409471035, disc_loss: 0.001139720086939633
INFO:root:Epoch 33, Step 2500, loss: 0.08107198774814606, disc_loss: 0.06697165966033936
INFO:root:Generator loss: 0.0710696174211583, Discriminator loss: 0.0051439549682522874
INFO:root:
=== Epoch 33 evaluation ===
INFO:root:=== Evaluation metrics ===
PESQ: 3.3449,SSNR: 10.5279,CSIG: 4.6187,CBAK: 3.8725,COVL: 4.0801,STOI: 0.9563

INFO:root:Epoch 34, Step 500, loss: 0.08644864708185196, disc_loss: 0.0015752637991681695
INFO:root:Epoch 34, Step 1000, loss: 0.12448039650917053, disc_loss: 0.0007996645872481167
INFO:root:Epoch 34, Step 1500, loss: 0.07160482555627823, disc_loss: 0.0012223318917676806
INFO:root:Epoch 34, Step 2000, loss: 0.07430754601955414, disc_loss: 0.001585110672749579
INFO:root:Epoch 34, Step 2500, loss: 0.12249001860618591, disc_loss: 0.0026557501405477524
INFO:root:Generator loss: 0.07068114282870755, Discriminator loss: 0.007164768295535519
INFO:root:
=== Epoch 34 evaluation ===
INFO:root:=== Evaluation metrics ===
PESQ: 3.3395,SSNR: 10.4015,CSIG: 4.6093,CBAK: 3.8628,COVL: 4.0723,STOI: 0.9566

INFO:root:Epoch 35, Step 500, loss: 0.06788886338472366, disc_loss: 0.00035136842052452266
INFO:root:Epoch 35, Step 1000, loss: 0.08902966231107712, disc_loss: 0.0008013970218598843
INFO:root:Epoch 35, Step 1500, loss: 0.1277858316898346, disc_loss: 0.0008875783532857895
INFO:root:Epoch 35, Step 2000, loss: 0.11277833580970764, disc_loss: 0.0018612395506352186
INFO:root:Epoch 35, Step 2500, loss: 0.08290153741836548, disc_loss: 0.0013203973649069667
INFO:root:Generator loss: 0.07234864851948127, Discriminator loss: 0.006394972363143574
INFO:root:
=== Epoch 35 evaluation ===
INFO:root:=== Evaluation metrics ===
PESQ: 3.3403,SSNR: 10.2363,CSIG: 4.6095,CBAK: 3.8495,COVL: 4.0701,STOI: 0.9566

INFO:root:Epoch 36, Step 500, loss: 0.08131822943687439, disc_loss: 0.0042337337508797646
INFO:root:Epoch 36, Step 1000, loss: 0.07716269046068192, disc_loss: 0.04940228536725044
INFO:root:Epoch 36, Step 1500, loss: 0.09790779650211334, disc_loss: 0.00017727653903421015
INFO:root:Epoch 36, Step 2000, loss: 0.09894881397485733, disc_loss: 0.0003222552768420428
INFO:root:Epoch 36, Step 2500, loss: 0.06574548780918121, disc_loss: 0.0049075293354690075
INFO:root:Generator loss: 0.07068013152993709, Discriminator loss: 0.004776986783556301
INFO:root:
=== Epoch 36 evaluation ===
INFO:root:=== Evaluation metrics ===
PESQ: 3.3529,SSNR: 10.6874,CSIG: 4.6086,CBAK: 3.8868,COVL: 4.0770,STOI: 0.9561

INFO:root:Epoch 37, Step 500, loss: 0.09483679383993149, disc_loss: 0.001564337988384068
INFO:root:Epoch 37, Step 1000, loss: 0.07693321257829666, disc_loss: 0.002529299119487405
INFO:root:Epoch 37, Step 1500, loss: 0.07264462113380432, disc_loss: 0.00491400295868516
INFO:root:Epoch 37, Step 2000, loss: 0.10291588306427002, disc_loss: 0.00011463122064014897
INFO:root:Epoch 37, Step 2500, loss: 0.1158328726887703, disc_loss: 0.0009756037616170943
INFO:root:Generator loss: 0.07135053559486727, Discriminator loss: 0.004237287661753814
INFO:root:
=== Epoch 37 evaluation ===
INFO:root:=== Evaluation metrics ===
PESQ: 3.3331,SSNR: 10.5282,CSIG: 4.6084,CBAK: 3.8672,COVL: 4.0667,STOI: 0.9564

INFO:root:Epoch 38, Step 500, loss: 0.08620882779359818, disc_loss: 0.0012036262778565288
INFO:root:Epoch 38, Step 1000, loss: 0.0732526108622551, disc_loss: 0.0033476846292614937
INFO:root:Epoch 38, Step 1500, loss: 0.08613274991512299, disc_loss: 0.0011063222773373127
INFO:root:Epoch 38, Step 2000, loss: 0.0767698884010315, disc_loss: 0.001473761280067265
INFO:root:Epoch 38, Step 2500, loss: 0.08065032213926315, disc_loss: 0.0007962996023707092
INFO:root:Generator loss: 0.07041008443146654, Discriminator loss: 0.004324844584737292
INFO:root:
=== Epoch 38 evaluation ===
INFO:root:=== Evaluation metrics ===
PESQ: 3.3475,SSNR: 10.7497,CSIG: 4.6116,CBAK: 3.8880,COVL: 4.0775,STOI: 0.9565

INFO:root:Epoch 39, Step 500, loss: 0.11415235698223114, disc_loss: 0.00036710311542265117
INFO:root:Epoch 39, Step 1000, loss: 0.07853171229362488, disc_loss: 0.002083736937493086
INFO:root:Epoch 39, Step 1500, loss: 0.09288600832223892, disc_loss: 0.0028878983575850725
INFO:root:Epoch 39, Step 2000, loss: 0.10632271319627762, disc_loss: 0.0014606904005631804
INFO:root:Epoch 39, Step 2500, loss: 0.0763246938586235, disc_loss: 0.0009123717318288982
INFO:root:Generator loss: 0.07054284348794558, Discriminator loss: 0.005109140510258725
INFO:root:
=== Epoch 39 evaluation ===
INFO:root:=== Evaluation metrics ===
PESQ: 3.3269,SSNR: 10.6587,CSIG: 4.6080,CBAK: 3.8730,COVL: 4.0605,STOI: 0.9571

INFO:root:Epoch 40, Step 500, loss: 0.04792925342917442, disc_loss: 0.0003750021569430828
INFO:root:Epoch 40, Step 1000, loss: 0.10580483824014664, disc_loss: 0.0007543132524006069
INFO:root:Epoch 40, Step 1500, loss: 0.0818505734205246, disc_loss: 0.002256660722196102
INFO:root:Epoch 40, Step 2000, loss: 0.1246652901172638, disc_loss: 0.004828632343560457
INFO:root:Epoch 40, Step 2500, loss: 0.11756674200296402, disc_loss: 0.001372168306261301
INFO:root:Generator loss: 0.07129027714356057, Discriminator loss: 0.005250713838657389
INFO:root:
=== Epoch 40 evaluation ===
INFO:root:=== Evaluation metrics ===
PESQ: 3.3290,SSNR: 10.4878,CSIG: 4.6084,CBAK: 3.8618,COVL: 4.0644,STOI: 0.9563

INFO:root:Epoch 41, Step 500, loss: 0.10462808609008789, disc_loss: 0.0006201755022630095
INFO:root:Epoch 41, Step 1000, loss: 0.06926501542329788, disc_loss: 0.0011244049528613687
INFO:root:Epoch 41, Step 1500, loss: 0.0831935852766037, disc_loss: 0.001992258010432124
INFO:root:Epoch 41, Step 2000, loss: 0.09632352739572525, disc_loss: 0.0006389552145265043
INFO:root:Epoch 41, Step 2500, loss: 0.08929762244224548, disc_loss: 0.00031918223248794675
INFO:root:Generator loss: 0.07113931047757274, Discriminator loss: 0.007324489095728354
INFO:root:
=== Epoch 41 evaluation ===
INFO:root:=== Evaluation metrics ===
PESQ: 3.3232,SSNR: 10.4679,CSIG: 4.6025,CBAK: 3.8588,COVL: 4.0574,STOI: 0.9570

INFO:root:Epoch 42, Step 500, loss: 0.11847260594367981, disc_loss: 0.0027596382424235344
INFO:root:Epoch 42, Step 1000, loss: 0.10490933060646057, disc_loss: 0.0001457536855014041
INFO:root:Epoch 42, Step 1500, loss: 0.09079734981060028, disc_loss: 0.0019479960901662707
INFO:root:Epoch 42, Step 2000, loss: 0.1349446177482605, disc_loss: 0.0007557654171250761
INFO:root:Epoch 42, Step 2500, loss: 0.0957125723361969, disc_loss: 0.0028610900044441223
INFO:root:Generator loss: 0.0720382895573829, Discriminator loss: 0.0066299339727866205
INFO:root:
=== Epoch 42 evaluation ===
INFO:root:=== Evaluation metrics ===
PESQ: 3.3270,SSNR: 10.1959,CSIG: 4.6066,CBAK: 3.8412,COVL: 4.0607,STOI: 0.9567

INFO:root:Epoch 43, Step 500, loss: 0.07661508768796921, disc_loss: 0.0015115016140043736
INFO:root:Epoch 43, Step 1000, loss: 0.07856160402297974, disc_loss: 0.0012627785326913
INFO:root:Epoch 43, Step 1500, loss: 0.07407808303833008, disc_loss: 0.0010791431413963437
INFO:root:Epoch 43, Step 2000, loss: 0.145762637257576, disc_loss: 0.0019867680966854095
INFO:root:Epoch 43, Step 2500, loss: 0.08330501616001129, disc_loss: 0.0010282858274877071
INFO:root:Generator loss: 0.07095312066737888, Discriminator loss: 0.00685998980018499
INFO:root:
=== Epoch 43 evaluation ===
INFO:root:=== Evaluation metrics ===
PESQ: 3.3420,SSNR: 10.6602,CSIG: 4.6056,CBAK: 3.8800,COVL: 4.0714,STOI: 0.9564

INFO:root:Epoch 44, Step 500, loss: 0.09571758657693863, disc_loss: 0.0011440843809396029
INFO:root:Epoch 44, Step 1000, loss: 0.07773682475090027, disc_loss: 0.0017411012668162584
INFO:root:Epoch 44, Step 1500, loss: 0.07255900651216507, disc_loss: 0.00116277567576617
INFO:root:Epoch 44, Step 2000, loss: 0.07808572053909302, disc_loss: 0.0006658732309006155
INFO:root:Epoch 44, Step 2500, loss: 0.09020782262086868, disc_loss: 0.0009398197871632874
INFO:root:Generator loss: 0.07174602232294754, Discriminator loss: 0.0060670035548629105
INFO:root:
=== Epoch 44 evaluation ===
INFO:root:=== Evaluation metrics ===
PESQ: 3.3344,SSNR: 10.4239,CSIG: 4.6109,CBAK: 3.8593,COVL: 4.0698,STOI: 0.9566

INFO:root:Epoch 45, Step 500, loss: 0.11671999841928482, disc_loss: 0.0011862049577757716
INFO:root:Epoch 45, Step 1000, loss: 0.11305739730596542, disc_loss: 0.00034317534300498664
INFO:root:Epoch 45, Step 1500, loss: 0.07157856225967407, disc_loss: 0.0007796647259965539
INFO:root:Epoch 45, Step 2000, loss: 0.11733344942331314, disc_loss: 0.004288190044462681
INFO:root:Epoch 45, Step 2500, loss: 0.1110268160700798, disc_loss: 0.00023946336295921355
INFO:root:Generator loss: 0.0703651767079402, Discriminator loss: 0.005178312244680959
INFO:root:
=== Epoch 45 evaluation ===
INFO:root:=== Evaluation metrics ===
PESQ: 3.3292,SSNR: 10.6021,CSIG: 4.6118,CBAK: 3.8700,COVL: 4.0664,STOI: 0.9568

INFO:root:Epoch 46, Step 500, loss: 0.0868077427148819, disc_loss: 0.001373740960843861
INFO:root:Epoch 46, Step 1000, loss: 0.0964883416891098, disc_loss: 0.04005596786737442
INFO:root:Epoch 46, Step 1500, loss: 0.07669273018836975, disc_loss: 0.002617505146190524
INFO:root:Epoch 46, Step 2000, loss: 0.07210289686918259, disc_loss: 0.003113051876425743
INFO:root:Epoch 46, Step 2500, loss: 0.1026366725564003, disc_loss: 0.001536741154268384
INFO:root:Generator loss: 0.07165218656430546, Discriminator loss: 0.0067603440185354255
INFO:root:
=== Epoch 46 evaluation ===
INFO:root:=== Evaluation metrics ===
PESQ: 3.3437,SSNR: 10.4731,CSIG: 4.6116,CBAK: 3.8674,COVL: 4.0746,STOI: 0.9567

INFO:root:Epoch 47, Step 500, loss: 0.10436609387397766, disc_loss: 0.0018055562395602465
INFO:root:Epoch 47, Step 1000, loss: 0.0859781950712204, disc_loss: 0.001945974538102746
INFO:root:Epoch 47, Step 1500, loss: 0.10206188261508942, disc_loss: 0.00014453211042564362
INFO:root:Epoch 47, Step 2000, loss: 0.07956021279096603, disc_loss: 0.0007780282176099718
INFO:root:Epoch 47, Step 2500, loss: 0.10713940858840942, disc_loss: 0.0002598304708953947
INFO:root:Generator loss: 0.07034651168341775, Discriminator loss: 0.005040368807844838
INFO:root:
=== Epoch 47 evaluation ===
INFO:root:=== Evaluation metrics ===
PESQ: 3.3728,SSNR: 10.7347,CSIG: 4.6171,CBAK: 3.8989,COVL: 4.0949,STOI: 0.9565

INFO:root:Epoch 48, Step 500, loss: 0.09420450776815414, disc_loss: 0.01859148219227791
INFO:root:Epoch 48, Step 1000, loss: 0.07313740253448486, disc_loss: 0.000221858688746579
INFO:root:Epoch 48, Step 1500, loss: 0.0659727081656456, disc_loss: 0.003806312568485737
INFO:root:Epoch 48, Step 2000, loss: 0.07214116305112839, disc_loss: 0.0010554272448644042
INFO:root:Epoch 48, Step 2500, loss: 0.08169957995414734, disc_loss: 0.0011348039843142033
INFO:root:Generator loss: 0.07182727034375505, Discriminator loss: 0.005875644498621679
INFO:root:
=== Epoch 48 evaluation ===
INFO:root:=== Evaluation metrics ===
PESQ: 3.3211,SSNR: 10.4272,CSIG: 4.6027,CBAK: 3.8536,COVL: 4.0568,STOI: 0.9572

INFO:root:Epoch 49, Step 500, loss: 0.039968959987163544, disc_loss: 0.0009104418568313122
INFO:root:Epoch 49, Step 1000, loss: 0.10045598447322845, disc_loss: 0.001014026114717126
INFO:root:Epoch 49, Step 1500, loss: 0.0802794024348259, disc_loss: 0.04871388152241707
INFO:root:Epoch 49, Step 2000, loss: 0.07434410601854324, disc_loss: 0.0013246590970084071
INFO:root:Epoch 49, Step 2500, loss: 0.05989355221390724, disc_loss: 0.000556380779016763
INFO:root:Generator loss: 0.07077052581657484, Discriminator loss: 0.006600667498398994
INFO:root:
=== Epoch 49 evaluation ===
INFO:root:=== Evaluation metrics ===
PESQ: 3.3414,SSNR: 10.4986,CSIG: 4.6046,CBAK: 3.8686,COVL: 4.0701,STOI: 0.9571

INFO:root:Epoch 50, Step 500, loss: 0.07992873340845108, disc_loss: 0.0010074037127196789
INFO:root:Epoch 50, Step 1000, loss: 0.06992954015731812, disc_loss: 0.0019703058060258627
INFO:root:Epoch 50, Step 1500, loss: 0.08798889070749283, disc_loss: 0.0005023082485422492
INFO:root:Epoch 50, Step 2000, loss: 0.09213627874851227, disc_loss: 0.0001989860029425472
INFO:root:Epoch 50, Step 2500, loss: 0.08838243037462234, disc_loss: 0.0005788045236840844
INFO:root:Generator loss: 0.06966068677025512, Discriminator loss: 0.005088107553427955
INFO:root:
=== Epoch 50 evaluation ===
INFO:root:=== Evaluation metrics ===
PESQ: 3.3561,SSNR: 10.6432,CSIG: 4.6230,CBAK: 3.8856,COVL: 4.0875,STOI: 0.9570

INFO:root:Epoch 51, Step 500, loss: 0.05984404683113098, disc_loss: 0.000908747548237443
INFO:root:Epoch 51, Step 1000, loss: 0.12297475337982178, disc_loss: 0.0008500435505993664
INFO:root:Epoch 51, Step 1500, loss: 0.08820589631795883, disc_loss: 0.0009750199969857931
INFO:root:Epoch 51, Step 2000, loss: 0.0663619115948677, disc_loss: 0.0005505504086613655
INFO:root:Epoch 51, Step 2500, loss: 0.14786694943904877, disc_loss: 0.000644790823571384
INFO:root:Generator loss: 0.07185547898333629, Discriminator loss: 0.006753526543990711
INFO:root:
=== Epoch 51 evaluation ===
INFO:root:=== Evaluation metrics ===
PESQ: 3.3531,SSNR: 10.2420,CSIG: 4.6196,CBAK: 3.8566,COVL: 4.0856,STOI: 0.9571

INFO:root:Epoch 52, Step 500, loss: 0.09406328946352005, disc_loss: 0.0017184736207127571
INFO:root:Epoch 52, Step 1000, loss: 0.08654256165027618, disc_loss: 0.0023806309327483177
INFO:root:Epoch 52, Step 1500, loss: 0.111297607421875, disc_loss: 0.0007571972091682255
INFO:root:Epoch 52, Step 2000, loss: 0.09162048995494843, disc_loss: 0.000774348562117666
INFO:root:Epoch 52, Step 2500, loss: 0.0692858025431633, disc_loss: 0.0008333641453646123
INFO:root:Generator loss: 0.07031437759152026, Discriminator loss: 0.004404886878970519
INFO:root:
=== Epoch 52 evaluation ===
INFO:root:=== Evaluation metrics ===
PESQ: 3.3775,SSNR: 10.5243,CSIG: 4.6321,CBAK: 3.8873,COVL: 4.1068,STOI: 0.9568

INFO:root:Epoch 53, Step 500, loss: 0.07806096225976944, disc_loss: 0.00014794929302297533
INFO:root:Epoch 53, Step 1000, loss: 0.07683125883340836, disc_loss: 0.0005377591005526483
INFO:root:Epoch 53, Step 1500, loss: 0.06366751343011856, disc_loss: 0.0020390725694596767
INFO:root:Epoch 53, Step 2000, loss: 0.13401828706264496, disc_loss: 0.00271993363276124
INFO:root:Epoch 53, Step 2500, loss: 0.10247325152158737, disc_loss: 0.001590998494066298
INFO:root:Generator loss: 0.07044432091626149, Discriminator loss: 0.006611620378341453
INFO:root:
=== Epoch 53 evaluation ===
INFO:root:=== Evaluation metrics ===
PESQ: 3.3563,SSNR: 10.5321,CSIG: 4.6349,CBAK: 3.8780,COVL: 4.0966,STOI: 0.9568

INFO:root:Epoch 54, Step 500, loss: 0.06799536198377609, disc_loss: 0.004040224011987448
INFO:root:Epoch 54, Step 1000, loss: 0.09817657619714737, disc_loss: 0.001201236853376031
INFO:root:Epoch 54, Step 1500, loss: 0.0833156481385231, disc_loss: 0.0022907964885234833
INFO:root:Epoch 54, Step 2000, loss: 0.09728757292032242, disc_loss: 0.0023611600045114756
INFO:root:Epoch 54, Step 2500, loss: 0.09099506586790085, disc_loss: 0.0012470379006117582
INFO:root:Generator loss: 0.07071471395133769, Discriminator loss: 0.004298410652375168
INFO:root:
=== Epoch 54 evaluation ===
INFO:root:=== Evaluation metrics ===
PESQ: 3.3643,SSNR: 10.4799,CSIG: 4.6293,CBAK: 3.8784,COVL: 4.0965,STOI: 0.9564

INFO:root:Epoch 55, Step 500, loss: 0.10838685929775238, disc_loss: 0.0015072999522089958
INFO:root:Epoch 55, Step 1000, loss: 0.07689168304204941, disc_loss: 0.0010739299468696117
INFO:root:Epoch 55, Step 1500, loss: 0.07054205983877182, disc_loss: 0.0015101920580491424
INFO:root:Epoch 55, Step 2000, loss: 0.13651306927204132, disc_loss: 0.0005949349724687636
INFO:root:Epoch 55, Step 2500, loss: 0.06513693183660507, disc_loss: 0.000763201096560806
INFO:root:Generator loss: 0.07087816252798132, Discriminator loss: 0.005972501654998745
INFO:root:
=== Epoch 55 evaluation ===
INFO:root:=== Evaluation metrics ===
PESQ: 3.3650,SSNR: 10.4651,CSIG: 4.6230,CBAK: 3.8774,COVL: 4.0946,STOI: 0.9567

INFO:root:Epoch 56, Step 500, loss: 0.11137042194604874, disc_loss: 0.0012233434244990349
INFO:root:Epoch 56, Step 1000, loss: 0.10367269814014435, disc_loss: 0.0013389666564762592
INFO:root:Epoch 56, Step 1500, loss: 0.09771080315113068, disc_loss: 0.0003500841557979584
INFO:root:Epoch 56, Step 2000, loss: 0.04991465061903, disc_loss: 0.00030601341859437525
INFO:root:Epoch 56, Step 2500, loss: 0.08520931005477905, disc_loss: 0.0008083289721980691
INFO:root:Generator loss: 0.07105220845240412, Discriminator loss: 0.006204962587714177
INFO:root:
=== Epoch 56 evaluation ===
INFO:root:=== Evaluation metrics ===
PESQ: 3.3639,SSNR: 10.4442,CSIG: 4.6334,CBAK: 3.8758,COVL: 4.1008,STOI: 0.9561

INFO:root:Epoch 57, Step 500, loss: 0.11231128126382828, disc_loss: 0.0005920885014347732
INFO:root:Epoch 57, Step 1000, loss: 0.09545749425888062, disc_loss: 0.0005203480250202119
INFO:root:Epoch 57, Step 1500, loss: 0.07898819446563721, disc_loss: 0.0007007982931099832
INFO:root:Epoch 57, Step 2000, loss: 0.09131499379873276, disc_loss: 0.0010030219564214349
INFO:root:Epoch 57, Step 2500, loss: 0.09211462736129761, disc_loss: 0.0017559794941917062
INFO:root:Generator loss: 0.07048484012122871, Discriminator loss: 0.006594093860275659
INFO:root:
=== Epoch 57 evaluation ===
INFO:root:=== Evaluation metrics ===
PESQ: 3.3485,SSNR: 10.4712,CSIG: 4.6207,CBAK: 3.8702,COVL: 4.0820,STOI: 0.9564

INFO:root:Epoch 58, Step 500, loss: 0.12190563976764679, disc_loss: 0.0009493498946540058
INFO:root:Epoch 58, Step 1000, loss: 0.09011770039796829, disc_loss: 0.0017591355135664344
INFO:root:Epoch 58, Step 1500, loss: 0.08896288275718689, disc_loss: 0.00016847331426106393
INFO:root:Epoch 58, Step 2000, loss: 0.08382408320903778, disc_loss: 0.0017418547067791224
INFO:root:Epoch 58, Step 2500, loss: 0.0660250186920166, disc_loss: 0.0017078617820516229
INFO:root:Generator loss: 0.07035822417695546, Discriminator loss: 0.005920365326567406
INFO:root:
=== Epoch 58 evaluation ===
INFO:root:=== Evaluation metrics ===
PESQ: 3.3569,SSNR: 10.5769,CSIG: 4.6250,CBAK: 3.8810,COVL: 4.0920,STOI: 0.9564

INFO:root:Epoch 59, Step 500, loss: 0.0879690945148468, disc_loss: 0.002918889978900552
INFO:root:Epoch 59, Step 1000, loss: 0.07720529288053513, disc_loss: 0.001420144340954721
INFO:root:Epoch 59, Step 1500, loss: 0.054804518818855286, disc_loss: 0.0008312139543704689
INFO:root:Epoch 59, Step 2000, loss: 0.11479568481445312, disc_loss: 0.0018004917073994875
INFO:root:Epoch 59, Step 2500, loss: 0.04642089083790779, disc_loss: 0.0020785322412848473
INFO:root:Generator loss: 0.07000493598215789, Discriminator loss: 0.0062175512781870515
INFO:root:
=== Epoch 59 evaluation ===
INFO:root:=== Evaluation metrics ===
PESQ: 3.3668,SSNR: 10.5947,CSIG: 4.6224,CBAK: 3.8871,COVL: 4.0939,STOI: 0.9573

Training finished.
