Starting training:
without SE:
Namespace(batch_size=4, cut_len=32000, data_dir='/mnt/iusers01/msc-stu/hum-msc-data-sci-2024-2025/t74061zq/erp/DEMAND_16KHz', decay_epoch=12, epochs=60, init_lr=0.0005, log_interval=500, loss_weights=[0.1, 0.9, 0.2, 0.05, 0.01], save_model_dir='./saved_models_log/saved_models_20250805_VoiceDEMAND_16khz')
['NVIDIA A100-SXM4-80GB']
====================================================================================================
Layer (type:depth-idx)                             Output Shape              Param #
====================================================================================================
TSCNet                                             [1, 1, 321, 201]          --
├─DenseEncoder: 1-1                                [1, 64, 321, 101]         --
│    └─Sequential: 2-1                             [1, 64, 321, 201]         --
│    │    └─Conv2d: 3-1                            [1, 64, 321, 201]         256
│    │    └─InstanceNorm2d: 3-2                    [1, 64, 321, 201]         128
│    │    └─PReLU: 3-3                             [1, 64, 321, 201]         64
│    └─DilatedDenseNet: 2-2                        [1, 64, 321, 201]         --
│    │    └─ConstantPad2d: 3-4                     [1, 64, 322, 203]         --
│    │    └─Conv2d: 3-5                            [1, 64, 321, 201]         24,640
│    │    └─InstanceNorm2d: 3-6                    [1, 64, 321, 201]         128
│    │    └─PReLU: 3-7                             [1, 64, 321, 201]         64
│    │    └─ConstantPad2d: 3-8                     [1, 128, 323, 203]        --
│    │    └─Conv2d: 3-9                            [1, 64, 321, 201]         49,216
│    │    └─InstanceNorm2d: 3-10                   [1, 64, 321, 201]         128
│    │    └─PReLU: 3-11                            [1, 64, 321, 201]         64
│    │    └─ConstantPad2d: 3-12                    [1, 192, 325, 203]        --
│    │    └─Conv2d: 3-13                           [1, 64, 321, 201]         73,792
│    │    └─InstanceNorm2d: 3-14                   [1, 64, 321, 201]         128
│    │    └─PReLU: 3-15                            [1, 64, 321, 201]         64
│    │    └─ConstantPad2d: 3-16                    [1, 256, 329, 203]        --
│    │    └─Conv2d: 3-17                           [1, 64, 321, 201]         98,368
│    │    └─InstanceNorm2d: 3-18                   [1, 64, 321, 201]         128
│    │    └─PReLU: 3-19                            [1, 64, 321, 201]         64
│    └─Sequential: 2-3                             [1, 64, 321, 101]         --
│    │    └─Conv2d: 3-20                           [1, 64, 321, 101]         12,352
│    │    └─InstanceNorm2d: 3-21                   [1, 64, 321, 101]         128
│    │    └─PReLU: 3-22                            [1, 64, 321, 101]         64
├─TSCB: 1-2                                        [1, 64, 321, 101]         --
│    └─ConformerBlock: 2-4                         [101, 321, 64]            --
│    │    └─Scale: 3-23                            [101, 321, 64]            33,216
│    │    └─PreNorm: 3-24                          [101, 321, 64]            32,976
│    │    └─ConformerConvModule: 3-25              [101, 321, 64]            29,376
│    │    └─Scale: 3-26                            [101, 321, 64]            33,216
│    │    └─LayerNorm: 3-27                        [101, 321, 64]            128
│    └─ConformerBlock: 2-5                         [321, 101, 64]            --
│    │    └─Scale: 3-28                            [321, 101, 64]            33,216
│    │    └─PreNorm: 3-29                          [321, 101, 64]            32,976
│    │    └─ConformerConvModule: 3-30              [321, 101, 64]            29,376
│    │    └─Scale: 3-31                            [321, 101, 64]            33,216
│    │    └─LayerNorm: 3-32                        [321, 101, 64]            128
├─TSCB: 1-3                                        [1, 64, 321, 101]         --
│    └─ConformerBlock: 2-6                         [101, 321, 64]            --
│    │    └─Scale: 3-33                            [101, 321, 64]            33,216
│    │    └─PreNorm: 3-34                          [101, 321, 64]            32,976
│    │    └─ConformerConvModule: 3-35              [101, 321, 64]            29,376
│    │    └─Scale: 3-36                            [101, 321, 64]            33,216
│    │    └─LayerNorm: 3-37                        [101, 321, 64]            128
│    └─ConformerBlock: 2-7                         [321, 101, 64]            --
│    │    └─Scale: 3-38                            [321, 101, 64]            33,216
│    │    └─PreNorm: 3-39                          [321, 101, 64]            32,976
│    │    └─ConformerConvModule: 3-40              [321, 101, 64]            29,376
│    │    └─Scale: 3-41                            [321, 101, 64]            33,216
│    │    └─LayerNorm: 3-42                        [321, 101, 64]            128
├─TSCB: 1-4                                        [1, 64, 321, 101]         --
│    └─ConformerBlock: 2-8                         [101, 321, 64]            --
│    │    └─Scale: 3-43                            [101, 321, 64]            33,216
│    │    └─PreNorm: 3-44                          [101, 321, 64]            32,976
│    │    └─ConformerConvModule: 3-45              [101, 321, 64]            29,376
│    │    └─Scale: 3-46                            [101, 321, 64]            33,216
│    │    └─LayerNorm: 3-47                        [101, 321, 64]            128
│    └─ConformerBlock: 2-9                         [321, 101, 64]            --
│    │    └─Scale: 3-48                            [321, 101, 64]            33,216
│    │    └─PreNorm: 3-49                          [321, 101, 64]            32,976
│    │    └─ConformerConvModule: 3-50              [321, 101, 64]            29,376
│    │    └─Scale: 3-51                            [321, 101, 64]            33,216
│    │    └─LayerNorm: 3-52                        [321, 101, 64]            128
├─TSCB: 1-5                                        [1, 64, 321, 101]         --
│    └─ConformerBlock: 2-10                        [101, 321, 64]            --
│    │    └─Scale: 3-53                            [101, 321, 64]            33,216
│    │    └─PreNorm: 3-54                          [101, 321, 64]            32,976
│    │    └─ConformerConvModule: 3-55              [101, 321, 64]            29,376
│    │    └─Scale: 3-56                            [101, 321, 64]            33,216
│    │    └─LayerNorm: 3-57                        [101, 321, 64]            128
│    └─ConformerBlock: 2-11                        [321, 101, 64]            --
│    │    └─Scale: 3-58                            [321, 101, 64]            33,216
│    │    └─PreNorm: 3-59                          [321, 101, 64]            32,976
│    │    └─ConformerConvModule: 3-60              [321, 101, 64]            29,376
│    │    └─Scale: 3-61                            [321, 101, 64]            33,216
│    │    └─LayerNorm: 3-62                        [321, 101, 64]            128
├─MaskDecoder: 1-6                                 [1, 1, 321, 201]          --
│    └─DilatedDenseNet: 2-12                       [1, 64, 321, 101]         --
│    │    └─ConstantPad2d: 3-63                    [1, 64, 322, 103]         --
│    │    └─Conv2d: 3-64                           [1, 64, 321, 101]         24,640
│    │    └─InstanceNorm2d: 3-65                   [1, 64, 321, 101]         128
│    │    └─PReLU: 3-66                            [1, 64, 321, 101]         64
│    │    └─ConstantPad2d: 3-67                    [1, 128, 323, 103]        --
│    │    └─Conv2d: 3-68                           [1, 64, 321, 101]         49,216
│    │    └─InstanceNorm2d: 3-69                   [1, 64, 321, 101]         128
│    │    └─PReLU: 3-70                            [1, 64, 321, 101]         64
│    │    └─ConstantPad2d: 3-71                    [1, 192, 325, 103]        --
│    │    └─Conv2d: 3-72                           [1, 64, 321, 101]         73,792
│    │    └─InstanceNorm2d: 3-73                   [1, 64, 321, 101]         128
│    │    └─PReLU: 3-74                            [1, 64, 321, 101]         64
│    │    └─ConstantPad2d: 3-75                    [1, 256, 329, 103]        --
│    │    └─Conv2d: 3-76                           [1, 64, 321, 101]         98,368
│    │    └─InstanceNorm2d: 3-77                   [1, 64, 321, 101]         128
│    │    └─PReLU: 3-78                            [1, 64, 321, 101]         64
│    └─SPConvTranspose2d: 2-13                     [1, 64, 321, 202]         --
│    │    └─ConstantPad2d: 3-79                    [1, 64, 321, 103]         --
│    │    └─Conv2d: 3-80                           [1, 128, 321, 101]        24,704
│    └─Conv2d: 2-14                                [1, 1, 321, 201]          129
│    └─InstanceNorm2d: 2-15                        [1, 1, 321, 201]          2
│    └─PReLU: 2-16                                 [1, 1, 321, 201]          1
│    └─Conv2d: 2-17                                [1, 1, 321, 201]          2
│    └─PReLU: 2-18                                 [1, 201, 321]             201
├─ComplexDecoder: 1-7                              [1, 2, 321, 201]          --
│    └─DilatedDenseNet: 2-19                       [1, 64, 321, 101]         --
│    │    └─ConstantPad2d: 3-81                    [1, 64, 322, 103]         --
│    │    └─Conv2d: 3-82                           [1, 64, 321, 101]         24,640
│    │    └─InstanceNorm2d: 3-83                   [1, 64, 321, 101]         128
│    │    └─PReLU: 3-84                            [1, 64, 321, 101]         64
│    │    └─ConstantPad2d: 3-85                    [1, 128, 323, 103]        --
│    │    └─Conv2d: 3-86                           [1, 64, 321, 101]         49,216
│    │    └─InstanceNorm2d: 3-87                   [1, 64, 321, 101]         128
│    │    └─PReLU: 3-88                            [1, 64, 321, 101]         64
│    │    └─ConstantPad2d: 3-89                    [1, 192, 325, 103]        --
│    │    └─Conv2d: 3-90                           [1, 64, 321, 101]         73,792
│    │    └─InstanceNorm2d: 3-91                   [1, 64, 321, 101]         128
│    │    └─PReLU: 3-92                            [1, 64, 321, 101]         64
│    │    └─ConstantPad2d: 3-93                    [1, 256, 329, 103]        --
│    │    └─Conv2d: 3-94                           [1, 64, 321, 101]         98,368
│    │    └─InstanceNorm2d: 3-95                   [1, 64, 321, 101]         128
│    │    └─PReLU: 3-96                            [1, 64, 321, 101]         64
│    └─SPConvTranspose2d: 2-20                     [1, 64, 321, 202]         --
│    │    └─ConstantPad2d: 3-97                    [1, 64, 321, 103]         --
│    │    └─Conv2d: 3-98                           [1, 128, 321, 101]        24,704
│    └─InstanceNorm2d: 2-21                        [1, 64, 321, 202]         128
│    └─PReLU: 2-22                                 [1, 64, 321, 202]         64
│    └─Conv2d: 2-23                                [1, 2, 321, 201]          258
====================================================================================================
Total params: 1,834,833
Trainable params: 1,834,833
Non-trainable params: 0
Total mult-adds (G): 41.56
====================================================================================================
Input size (MB): 0.52
Forward/backward pass size (MB): 4856.40
Params size (MB): 7.34
Estimated Total Size (MB): 4864.25
====================================================================================================
==========================================================================================
Layer (type:depth-idx)                   Output Shape              Param #
==========================================================================================
Discriminator                            [1, 1]                    --
├─Sequential: 1-1                        [1, 1]                    --
│    └─Conv2d: 2-1                       [1, 16, 100, 160]         512
│    └─InstanceNorm2d: 2-2               [1, 16, 100, 160]         32
│    └─PReLU: 2-3                        [1, 16, 100, 160]         16
│    └─Conv2d: 2-4                       [1, 32, 50, 80]           8,192
│    └─InstanceNorm2d: 2-5               [1, 32, 50, 80]           64
│    └─PReLU: 2-6                        [1, 32, 50, 80]           32
│    └─Conv2d: 2-7                       [1, 64, 25, 40]           32,768
│    └─InstanceNorm2d: 2-8               [1, 64, 25, 40]           128
│    └─PReLU: 2-9                        [1, 64, 25, 40]           64
│    └─Conv2d: 2-10                      [1, 128, 12, 20]          131,072
│    └─InstanceNorm2d: 2-11              [1, 128, 12, 20]          256
│    └─PReLU: 2-12                       [1, 128, 12, 20]          128
│    └─AdaptiveMaxPool2d: 2-13           [1, 128, 1, 1]            --
│    └─Flatten: 2-14                     [1, 128]                  --
│    └─Linear: 2-15                      [1, 64]                   8,256
│    └─Dropout: 2-16                     [1, 64]                   --
│    └─PReLU: 2-17                       [1, 64]                   64
│    └─Linear: 2-18                      [1, 1]                    65
│    └─LearnableSigmoid: 2-19            [1, 1]                    1
==========================================================================================
Total params: 181,650
Trainable params: 181,650
Non-trainable params: 0
Total mult-adds (M): 19.67
==========================================================================================
Input size (MB): 0.52
Forward/backward pass size (MB): 11.49
Params size (MB): 0.73
Estimated Total Size (MB): 12.73
==========================================================================================
/mnt/iusers01/msc-stu/hum-msc-data-sci-2024-2025/t74061zq/erp/CMGAN_src/data/dataloader.py:52: UserWarning: torchaudio._backend.set_audio_backend has been deprecated. With dispatcher enabled, this function is no-op. You can remove the function call.
  torchaudio.set_audio_backend("sox_io")         # in linux
INFO:root:Epoch 0, Step 500, loss: 0.09404873847961426, disc_loss: 0.006620475556701422
INFO:root:Epoch 0, Step 1000, loss: 0.12296466529369354, disc_loss: 0.005209535360336304
INFO:root:Epoch 0, Step 1500, loss: 0.15028615295886993, disc_loss: 0.003555761417374015
INFO:root:Epoch 0, Step 2000, loss: 0.11858966946601868, disc_loss: 0.003693695878610015
INFO:root:Epoch 0, Step 2500, loss: 0.107110895216465, disc_loss: 0.019963176921010017
INFO:root:Generator loss: 0.08655516275213761, Discriminator loss: 0.008478528063985049
INFO:root:
=== Epoch 0 evaluation ===
INFO:root:=== Evaluation metrics ===
PESQ: 2.8040,SSNR: 8.6269,CSIG: 4.2649,CBAK: 3.4843,COVL: 3.5940,STOI: 0.9396

INFO:root:Epoch 1, Step 500, loss: 0.12679117918014526, disc_loss: 0.007117869332432747
INFO:root:Epoch 1, Step 1000, loss: 0.11015509814023972, disc_loss: 0.008812435902655125
INFO:root:Epoch 1, Step 1500, loss: 0.08777368813753128, disc_loss: 0.0032817188184708357
INFO:root:Epoch 1, Step 2000, loss: 0.18159374594688416, disc_loss: 0.028212182223796844
INFO:root:Epoch 1, Step 2500, loss: 0.07164106518030167, disc_loss: 0.015550642274320126
INFO:root:Generator loss: 0.07618003056466001, Discriminator loss: 0.008418006736285604
INFO:root:
=== Epoch 1 evaluation ===
INFO:root:=== Evaluation metrics ===
PESQ: 2.9930,SSNR: 9.5019,CSIG: 4.4191,CBAK: 3.6345,COVL: 3.7729,STOI: 0.9454

INFO:root:Epoch 2, Step 500, loss: 0.1247498169541359, disc_loss: 0.009372983127832413
INFO:root:Epoch 2, Step 1000, loss: 0.0897400751709938, disc_loss: 0.005618514958769083
INFO:root:Epoch 2, Step 1500, loss: 0.12856051325798035, disc_loss: 0.0010912090074270964
INFO:root:Epoch 2, Step 2000, loss: 0.13082753121852875, disc_loss: 0.00040885337512008846
INFO:root:Epoch 2, Step 2500, loss: 0.06767568737268448, disc_loss: 0.011461772955954075
INFO:root:Generator loss: 0.07384906823122964, Discriminator loss: 0.0071488105688013535
INFO:root:
=== Epoch 2 evaluation ===
INFO:root:=== Evaluation metrics ===
PESQ: 3.0323,SSNR: 9.6916,CSIG: 4.4442,CBAK: 3.6664,COVL: 3.8051,STOI: 0.9468

INFO:root:Epoch 3, Step 500, loss: 0.05041332542896271, disc_loss: 0.002336370525881648
INFO:root:Epoch 3, Step 1000, loss: 0.1068299189209938, disc_loss: 0.008311785757541656
INFO:root:Epoch 3, Step 1500, loss: 0.08955997228622437, disc_loss: 0.004901033826172352
INFO:root:Epoch 3, Step 2000, loss: 0.08376798033714294, disc_loss: 0.0006407051696442068
INFO:root:Epoch 3, Step 2500, loss: 0.11072029173374176, disc_loss: 0.0015401174314320087
INFO:root:Generator loss: 0.07277541936745921, Discriminator loss: 0.008742194135477811
INFO:root:
=== Epoch 3 evaluation ===
INFO:root:=== Evaluation metrics ===
PESQ: 3.0402,SSNR: 9.9417,CSIG: 4.4699,CBAK: 3.6843,COVL: 3.8263,STOI: 0.9484

INFO:root:Epoch 4, Step 500, loss: 0.09649468958377838, disc_loss: 0.00043001052108593285
INFO:root:Epoch 4, Step 1000, loss: 0.11292848736047745, disc_loss: 0.0024856748059391975
INFO:root:Epoch 4, Step 1500, loss: 0.08536776155233383, disc_loss: 0.010312090627849102
INFO:root:Epoch 4, Step 2000, loss: 0.13865655660629272, disc_loss: 0.004557161591947079
INFO:root:Epoch 4, Step 2500, loss: 0.11507079005241394, disc_loss: 0.005201010964810848
INFO:root:Generator loss: 0.07441851321282317, Discriminator loss: 0.007647040341749055
INFO:root:
=== Epoch 4 evaluation ===
INFO:root:=== Evaluation metrics ===
PESQ: 3.0505,SSNR: 9.8435,CSIG: 4.4861,CBAK: 3.6849,COVL: 3.8405,STOI: 0.9493

INFO:root:Epoch 5, Step 500, loss: 0.10188089311122894, disc_loss: 0.0020346962846815586
INFO:root:Epoch 5, Step 1000, loss: 0.1441275030374527, disc_loss: 0.0019582740496844053
INFO:root:Epoch 5, Step 1500, loss: 0.09486501663923264, disc_loss: 0.00037140585482120514
INFO:root:Epoch 5, Step 2000, loss: 0.11601762473583221, disc_loss: 0.0013042212231084704
INFO:root:Epoch 5, Step 2500, loss: 0.1335868537425995, disc_loss: 0.00045531822252087295
INFO:root:Generator loss: 0.07104483753153422, Discriminator loss: 0.0050616638278741235
INFO:root:
=== Epoch 5 evaluation ===
INFO:root:=== Evaluation metrics ===
PESQ: 3.0940,SSNR: 9.9013,CSIG: 4.5194,CBAK: 3.7098,COVL: 3.8797,STOI: 0.9504

INFO:root:Epoch 6, Step 500, loss: 0.09840958565473557, disc_loss: 0.004939688835293055
INFO:root:Epoch 6, Step 1000, loss: 0.10436250269412994, disc_loss: 0.010583634488284588
INFO:root:Epoch 6, Step 1500, loss: 0.11402801424264908, disc_loss: 0.002759701805189252
INFO:root:Epoch 6, Step 2000, loss: 0.12353740632534027, disc_loss: 0.0019174788612872362
INFO:root:Epoch 6, Step 2500, loss: 0.10115871578454971, disc_loss: 0.002196740359067917
INFO:root:Generator loss: 0.07113484210036333, Discriminator loss: 0.004431736612619292
INFO:root:
=== Epoch 6 evaluation ===
INFO:root:=== Evaluation metrics ===
PESQ: 3.1955,SSNR: 9.9976,CSIG: 4.5516,CBAK: 3.7646,COVL: 3.9581,STOI: 0.9488

INFO:root:Epoch 7, Step 500, loss: 0.10710033774375916, disc_loss: 0.001713331090286374
INFO:root:Epoch 7, Step 1000, loss: 0.08796965330839157, disc_loss: 0.0015950798988342285
INFO:root:Epoch 7, Step 1500, loss: 0.11040244996547699, disc_loss: 0.0064776684157550335
INFO:root:Epoch 7, Step 2000, loss: 0.16022714972496033, disc_loss: 0.0036155928391963243
INFO:root:Epoch 7, Step 2500, loss: 0.10058702528476715, disc_loss: 0.001824818435125053
INFO:root:Generator loss: 0.07141501485433394, Discriminator loss: 0.005731032163416741
INFO:root:
=== Epoch 7 evaluation ===
INFO:root:=== Evaluation metrics ===
PESQ: 3.1359,SSNR: 9.8738,CSIG: 4.5229,CBAK: 3.7277,COVL: 3.9076,STOI: 0.9523

INFO:root:Epoch 8, Step 500, loss: 0.14312568306922913, disc_loss: 0.0009855545358732343
INFO:root:Epoch 8, Step 1000, loss: 0.0851014256477356, disc_loss: 0.004163722507655621
INFO:root:Epoch 8, Step 1500, loss: 0.09573818743228912, disc_loss: 0.005540478974580765
INFO:root:Epoch 8, Step 2000, loss: 0.057422228157520294, disc_loss: 0.004996993113309145
INFO:root:Epoch 8, Step 2500, loss: 0.08206963539123535, disc_loss: 0.0009143085917457938
INFO:root:Generator loss: 0.06845806918821289, Discriminator loss: 0.005068834471229229
INFO:root:
=== Epoch 8 evaluation ===
INFO:root:=== Evaluation metrics ===
PESQ: 3.2410,SSNR: 10.1920,CSIG: 4.5884,CBAK: 3.7994,COVL: 4.0024,STOI: 0.9517

INFO:root:Epoch 9, Step 500, loss: 0.09336376935243607, disc_loss: 0.0018690989818423986
INFO:root:Epoch 9, Step 1000, loss: 0.1068962886929512, disc_loss: 0.003163727931678295
INFO:root:Epoch 9, Step 1500, loss: 0.09653480350971222, disc_loss: 0.003931798040866852
INFO:root:Epoch 9, Step 2000, loss: 0.06182331591844559, disc_loss: 0.001258383272215724
INFO:root:Epoch 9, Step 2500, loss: 0.08318892866373062, disc_loss: 0.0022533792071044445
INFO:root:Generator loss: 0.07199253886938095, Discriminator loss: 0.004874437090726592
INFO:root:
=== Epoch 9 evaluation ===
INFO:root:=== Evaluation metrics ===
PESQ: 3.1644,SSNR: 9.6541,CSIG: 4.5469,CBAK: 3.7256,COVL: 3.9365,STOI: 0.9516

INFO:root:Epoch 10, Step 500, loss: 0.13081414997577667, disc_loss: 0.0014009365113452077
INFO:root:Epoch 10, Step 1000, loss: 0.09214165806770325, disc_loss: 0.00432407483458519
INFO:root:Epoch 10, Step 1500, loss: 0.08701815456151962, disc_loss: 0.0020668115466833115
INFO:root:Epoch 10, Step 2000, loss: 0.10966268181800842, disc_loss: 0.002502236980944872
INFO:root:Epoch 10, Step 2500, loss: 0.08877173811197281, disc_loss: 0.0001433227735105902
INFO:root:Generator loss: 0.06873907743799455, Discriminator loss: 0.005311957847138243
INFO:root:
=== Epoch 10 evaluation ===
INFO:root:=== Evaluation metrics ===
PESQ: 3.1618,SSNR: 10.3604,CSIG: 4.5519,CBAK: 3.7716,COVL: 3.9384,STOI: 0.9527

INFO:root:Epoch 11, Step 500, loss: 0.12403997033834457, disc_loss: 0.001639805268496275
INFO:root:Epoch 11, Step 1000, loss: 0.11929574608802795, disc_loss: 0.003431709948927164
INFO:root:Epoch 11, Step 1500, loss: 0.11462824046611786, disc_loss: 0.005568711552768946
INFO:root:Epoch 11, Step 2000, loss: 0.10835017263889313, disc_loss: 0.003052462125197053
INFO:root:Epoch 11, Step 2500, loss: 0.12070963531732559, disc_loss: 0.004907408729195595
INFO:root:Generator loss: 0.07331336278793882, Discriminator loss: 0.0080111576702691
INFO:root:
=== Epoch 11 evaluation ===
INFO:root:=== Evaluation metrics ===
PESQ: 3.1429,SSNR: 9.5180,CSIG: 4.5418,CBAK: 3.7063,COVL: 3.9259,STOI: 0.9529

INFO:root:Epoch 12, Step 500, loss: 0.10493578016757965, disc_loss: 0.0026513126213103533
INFO:root:Epoch 12, Step 1000, loss: 0.0881812795996666, disc_loss: 0.0012181468773633242
INFO:root:Epoch 12, Step 1500, loss: 0.09460677206516266, disc_loss: 0.0034858661238104105
INFO:root:Epoch 12, Step 2000, loss: 0.09160162508487701, disc_loss: 0.002358041936531663
INFO:root:Epoch 12, Step 2500, loss: 0.07706665247678757, disc_loss: 0.0004468730476219207
INFO:root:Generator loss: 0.06611250340938568, Discriminator loss: 0.00428737601873101
INFO:root:
=== Epoch 12 evaluation ===
INFO:root:=== Evaluation metrics ===
PESQ: 3.2730,SSNR: 10.2414,CSIG: 4.6113,CBAK: 3.8185,COVL: 4.0327,STOI: 0.9544

INFO:root:Epoch 13, Step 500, loss: 0.09481820464134216, disc_loss: 0.0005223592161200941
INFO:root:Epoch 13, Step 1000, loss: 0.10725308209657669, disc_loss: 0.0012552201515063643
INFO:root:Epoch 13, Step 1500, loss: 0.08489217609167099, disc_loss: 0.001119494205340743
INFO:root:Epoch 13, Step 2000, loss: 0.06796535104513168, disc_loss: 0.0033839151728898287
INFO:root:Epoch 13, Step 2500, loss: 0.06900676339864731, disc_loss: 0.001813650829717517
INFO:root:Generator loss: 0.06696502109356586, Discriminator loss: 0.009559987030053925
INFO:root:
=== Epoch 13 evaluation ===
INFO:root:=== Evaluation metrics ===
PESQ: 3.2182,SSNR: 9.9888,CSIG: 4.5983,CBAK: 3.7750,COVL: 3.9960,STOI: 0.9542

INFO:root:Epoch 14, Step 500, loss: 0.059668876230716705, disc_loss: 0.004660064820200205
INFO:root:Epoch 14, Step 1000, loss: 0.09911992400884628, disc_loss: 0.0017456499626860023
INFO:root:Epoch 14, Step 1500, loss: 0.1113903671503067, disc_loss: 0.0020419363863766193
INFO:root:Epoch 14, Step 2000, loss: 0.09190627187490463, disc_loss: 0.0037570022977888584
INFO:root:Epoch 14, Step 2500, loss: 0.1109594851732254, disc_loss: 0.0011154673993587494
INFO:root:Generator loss: 0.06592059468181388, Discriminator loss: 0.005174774846204193
INFO:root:
=== Epoch 14 evaluation ===
INFO:root:=== Evaluation metrics ===
PESQ: 3.2706,SSNR: 10.0537,CSIG: 4.6368,CBAK: 3.8050,COVL: 4.0441,STOI: 0.9545

INFO:root:Epoch 15, Step 500, loss: 0.1265745609998703, disc_loss: 0.002112984424456954
INFO:root:Epoch 15, Step 1000, loss: 0.08908762782812119, disc_loss: 0.0021302327513694763
INFO:root:Epoch 15, Step 1500, loss: 0.08717554807662964, disc_loss: 0.0010890698758885264
INFO:root:Epoch 15, Step 2000, loss: 0.10189232230186462, disc_loss: 0.0033053793013095856
INFO:root:Epoch 15, Step 2500, loss: 0.09620033949613571, disc_loss: 0.0012015282409265637
INFO:root:Generator loss: 0.06591985130556, Discriminator loss: 0.0070999498317813985
INFO:root:
=== Epoch 15 evaluation ===
INFO:root:=== Evaluation metrics ===
PESQ: 3.2967,SSNR: 9.9731,CSIG: 4.6280,CBAK: 3.8120,COVL: 4.0543,STOI: 0.9538

INFO:root:Epoch 16, Step 500, loss: 0.0719548687338829, disc_loss: 0.0005287743988446891
INFO:root:Epoch 16, Step 1000, loss: 0.07052914798259735, disc_loss: 0.0015882558654993773
INFO:root:Epoch 16, Step 1500, loss: 0.08652114123106003, disc_loss: 0.0015763238770887256
INFO:root:Epoch 16, Step 2000, loss: 0.11281223595142365, disc_loss: 0.0003162192297168076
INFO:root:Epoch 16, Step 2500, loss: 0.06595185399055481, disc_loss: 0.0020338413305580616
INFO:root:Generator loss: 0.06494160325637141, Discriminator loss: 0.006120784001237571
INFO:root:
=== Epoch 16 evaluation ===
INFO:root:=== Evaluation metrics ===
PESQ: 3.2909,SSNR: 10.2404,CSIG: 4.6160,CBAK: 3.8258,COVL: 4.0468,STOI: 0.9548

INFO:root:Epoch 17, Step 500, loss: 0.06424477696418762, disc_loss: 0.0025671464391052723
INFO:root:Epoch 17, Step 1000, loss: 0.09990521520376205, disc_loss: 0.0020325048826634884
INFO:root:Epoch 17, Step 1500, loss: 0.05375520512461662, disc_loss: 0.0004057148762512952
INFO:root:Epoch 17, Step 2000, loss: 0.1296147257089615, disc_loss: 0.00047301032464019954
INFO:root:Epoch 17, Step 2500, loss: 0.08505171537399292, disc_loss: 0.0007427795208059251
INFO:root:Generator loss: 0.06422579947642042, Discriminator loss: 0.006735361403116258
INFO:root:
=== Epoch 17 evaluation ===
INFO:root:=== Evaluation metrics ===
PESQ: 3.2605,SSNR: 10.2266,CSIG: 4.6231,CBAK: 3.8117,COVL: 4.0307,STOI: 0.9546

INFO:root:Epoch 18, Step 500, loss: 0.0822131410241127, disc_loss: 0.0014621673617511988
INFO:root:Epoch 18, Step 1000, loss: 0.1355988085269928, disc_loss: 0.0021020572166889906
INFO:root:Epoch 18, Step 1500, loss: 0.07987330853939056, disc_loss: 0.0007467723917216063
INFO:root:Epoch 18, Step 2000, loss: 0.07389692217111588, disc_loss: 0.0045717013999819756
INFO:root:Epoch 18, Step 2500, loss: 0.08096566051244736, disc_loss: 0.0006932400283403695
INFO:root:Generator loss: 0.06384758712741935, Discriminator loss: 0.0051093947145753335
INFO:root:
=== Epoch 18 evaluation ===
INFO:root:=== Evaluation metrics ===
PESQ: 3.3335,SSNR: 10.2197,CSIG: 4.6406,CBAK: 3.8456,COVL: 4.0812,STOI: 0.9547

INFO:root:Epoch 19, Step 500, loss: 0.16930779814720154, disc_loss: 0.011874054558575153
INFO:root:Epoch 19, Step 1000, loss: 0.08044630289077759, disc_loss: 0.0015096826246008277
INFO:root:Epoch 19, Step 1500, loss: 0.13769689202308655, disc_loss: 0.0007212745840661228
INFO:root:Epoch 19, Step 2000, loss: 0.15681274235248566, disc_loss: 0.000724002078641206
INFO:root:Epoch 19, Step 2500, loss: 0.08283538371324539, disc_loss: 0.00041646984755061567
INFO:root:Generator loss: 0.06299232481752784, Discriminator loss: 0.006402507478465073
INFO:root:
=== Epoch 19 evaluation ===
INFO:root:=== Evaluation metrics ===
PESQ: 3.2536,SSNR: 10.4344,CSIG: 4.6228,CBAK: 3.8218,COVL: 4.0228,STOI: 0.9549

INFO:root:Epoch 20, Step 500, loss: 0.06246349215507507, disc_loss: 0.023421240970492363
INFO:root:Epoch 20, Step 1000, loss: 0.09591536968946457, disc_loss: 0.0016745917964726686
INFO:root:Epoch 20, Step 1500, loss: 0.06875421106815338, disc_loss: 0.003230544738471508
INFO:root:Epoch 20, Step 2000, loss: 0.06953296810388565, disc_loss: 5.9746573242591694e-05
INFO:root:Epoch 20, Step 2500, loss: 0.08940958976745605, disc_loss: 0.0012616065796464682
INFO:root:Generator loss: 0.0647084623737966, Discriminator loss: 0.005690735508094415
INFO:root:
=== Epoch 20 evaluation ===
INFO:root:=== Evaluation metrics ===
PESQ: 3.2054,SSNR: 10.3087,CSIG: 4.6025,CBAK: 3.7912,COVL: 3.9823,STOI: 0.9550

INFO:root:Epoch 21, Step 500, loss: 0.09355172514915466, disc_loss: 0.0028312874492257833
INFO:root:Epoch 21, Step 1000, loss: 0.1006627008318901, disc_loss: 0.004123897757381201
INFO:root:Epoch 21, Step 1500, loss: 0.08632683008909225, disc_loss: 0.0016963165253400803
INFO:root:Epoch 21, Step 2000, loss: 0.09386633336544037, disc_loss: 0.0016104319365695119
INFO:root:Epoch 21, Step 2500, loss: 0.08160756528377533, disc_loss: 0.0008411466260440648
INFO:root:Generator loss: 0.06309326710089029, Discriminator loss: 0.006054598323970319
INFO:root:
=== Epoch 21 evaluation ===
INFO:root:=== Evaluation metrics ===
PESQ: 3.2885,SSNR: 10.3427,CSIG: 4.6363,CBAK: 3.8327,COVL: 4.0524,STOI: 0.9557

INFO:root:Epoch 22, Step 500, loss: 0.07204233109951019, disc_loss: 0.002396131632849574
INFO:root:Epoch 22, Step 1000, loss: 0.06782817095518112, disc_loss: 0.0022670661564916372
INFO:root:Epoch 22, Step 1500, loss: 0.11362293362617493, disc_loss: 0.002660832367837429
INFO:root:Epoch 22, Step 2000, loss: 0.10009679198265076, disc_loss: 0.0014575712848454714
INFO:root:Epoch 22, Step 2500, loss: 0.0677550882101059, disc_loss: 9.332706395071e-05
INFO:root:Generator loss: 0.06298331032027897, Discriminator loss: 0.006540798799859067
INFO:root:
=== Epoch 22 evaluation ===
INFO:root:=== Evaluation metrics ===
PESQ: 3.3054,SSNR: 10.2039,CSIG: 4.6354,CBAK: 3.8313,COVL: 4.0580,STOI: 0.9558

INFO:root:Epoch 23, Step 500, loss: 0.09902248531579971, disc_loss: 0.015619649551808834
INFO:root:Epoch 23, Step 1000, loss: 0.13612110912799835, disc_loss: 0.007622239179909229
INFO:root:Epoch 23, Step 1500, loss: 0.07809565961360931, disc_loss: 0.0002725624362938106
INFO:root:Epoch 23, Step 2000, loss: 0.06072878837585449, disc_loss: 0.0010122122475877404
INFO:root:Epoch 23, Step 2500, loss: 0.0890064612030983, disc_loss: 0.0035029472783207893
INFO:root:Generator loss: 0.0631455672922933, Discriminator loss: 0.004216713209546655
INFO:root:
=== Epoch 23 evaluation ===
INFO:root:=== Evaluation metrics ===
PESQ: 3.3428,SSNR: 10.3776,CSIG: 4.6145,CBAK: 3.8605,COVL: 4.0676,STOI: 0.9560

INFO:root:Epoch 24, Step 500, loss: 0.0823916420340538, disc_loss: 0.0059554907493293285
INFO:root:Epoch 24, Step 1000, loss: 0.0903681293129921, disc_loss: 0.002005546120926738
INFO:root:Epoch 24, Step 1500, loss: 0.05497637018561363, disc_loss: 0.0016120002837851644
INFO:root:Epoch 24, Step 2000, loss: 0.09993035346269608, disc_loss: 0.0002046356094069779
INFO:root:Epoch 24, Step 2500, loss: 0.09309010207653046, disc_loss: 0.0011790036223828793
INFO:root:Generator loss: 0.06275828407842268, Discriminator loss: 0.004345956233115889
INFO:root:
=== Epoch 24 evaluation ===
INFO:root:=== Evaluation metrics ===
PESQ: 3.3393,SSNR: 10.3509,CSIG: 4.6290,CBAK: 3.8574,COVL: 4.0774,STOI: 0.9555

INFO:root:Epoch 25, Step 500, loss: 0.075314961373806, disc_loss: 0.0011176732368767262
INFO:root:Epoch 25, Step 1000, loss: 0.04910885915160179, disc_loss: 0.0012466121697798371
INFO:root:Epoch 25, Step 1500, loss: 0.10797381401062012, disc_loss: 0.0008718110038898885
INFO:root:Epoch 25, Step 2000, loss: 0.08649858832359314, disc_loss: 0.0008609867072664201
INFO:root:Epoch 25, Step 2500, loss: 0.07333057373762131, disc_loss: 0.0013405103236436844
INFO:root:Generator loss: 0.06173145507905379, Discriminator loss: 0.0073293155344499525
INFO:root:
=== Epoch 25 evaluation ===
INFO:root:=== Evaluation metrics ===
PESQ: 3.3145,SSNR: 10.5686,CSIG: 4.6245,CBAK: 3.8599,COVL: 4.0584,STOI: 0.9558

INFO:root:Epoch 26, Step 500, loss: 0.047455042600631714, disc_loss: 0.0028076355811208487
INFO:root:Epoch 26, Step 1000, loss: 0.102291040122509, disc_loss: 0.0002469754545018077
INFO:root:Epoch 26, Step 1500, loss: 0.09773636609315872, disc_loss: 0.0003768540336750448
INFO:root:Epoch 26, Step 2000, loss: 0.08714572340250015, disc_loss: 0.001312850508838892
INFO:root:Epoch 26, Step 2500, loss: 0.10475162416696548, disc_loss: 0.0005139741697348654
INFO:root:Generator loss: 0.06352518971792413, Discriminator loss: 0.005720396728542502
INFO:root:
=== Epoch 26 evaluation ===
INFO:root:=== Evaluation metrics ===
PESQ: 3.2921,SSNR: 10.3383,CSIG: 4.6264,CBAK: 3.8328,COVL: 4.0496,STOI: 0.9558

INFO:root:Epoch 27, Step 500, loss: 0.08196573704481125, disc_loss: 0.0008384410757571459
INFO:root:Epoch 27, Step 1000, loss: 0.09067008644342422, disc_loss: 0.0020821886137127876
INFO:root:Epoch 27, Step 1500, loss: 0.09295471012592316, disc_loss: 0.0010537643684074283
INFO:root:Epoch 27, Step 2000, loss: 0.04896356910467148, disc_loss: 0.0016812158282846212
INFO:root:Epoch 27, Step 2500, loss: 0.10053036361932755, disc_loss: 0.0006294964696280658
INFO:root:Generator loss: 0.06267250012787222, Discriminator loss: 0.004703572603424071
INFO:root:
=== Epoch 27 evaluation ===
INFO:root:=== Evaluation metrics ===
PESQ: 3.3134,SSNR: 10.5524,CSIG: 4.6135,CBAK: 3.8580,COVL: 4.0509,STOI: 0.9562

INFO:root:Epoch 28, Step 500, loss: 0.0551188625395298, disc_loss: 0.004612735006958246
INFO:root:Epoch 28, Step 1000, loss: 0.09401440620422363, disc_loss: 0.0003537441953085363
INFO:root:Epoch 28, Step 1500, loss: 0.10238759219646454, disc_loss: 0.0012683881213888526
INFO:root:Epoch 28, Step 2000, loss: 0.06617370992898941, disc_loss: 0.04907136410474777
INFO:root:Epoch 28, Step 2500, loss: 0.08489035069942474, disc_loss: 0.003218764439225197
INFO:root:Generator loss: 0.06353584124516805, Discriminator loss: 0.005203707143876281
INFO:root:
=== Epoch 28 evaluation ===
INFO:root:=== Evaluation metrics ===
PESQ: 3.2651,SSNR: 10.4979,CSIG: 4.5989,CBAK: 3.8305,COVL: 4.0156,STOI: 0.9561

INFO:root:Epoch 29, Step 500, loss: 0.05413346737623215, disc_loss: 0.00019070912094321102
INFO:root:Epoch 29, Step 1000, loss: 0.06231182441115379, disc_loss: 0.00493476539850235
INFO:root:Epoch 29, Step 1500, loss: 0.09090130031108856, disc_loss: 0.0016171993920579553
INFO:root:Epoch 29, Step 2000, loss: 0.061936669051647186, disc_loss: 8.776684262556955e-05
INFO:root:Epoch 29, Step 2500, loss: 0.09873329848051071, disc_loss: 0.0004284743044991046
INFO:root:Generator loss: 0.06283515562457077, Discriminator loss: 0.0045874346742317195
INFO:root:
=== Epoch 29 evaluation ===
INFO:root:=== Evaluation metrics ===
PESQ: 3.3377,SSNR: 10.3763,CSIG: 4.6303,CBAK: 3.8557,COVL: 4.0756,STOI: 0.9562

INFO:root:Epoch 30, Step 500, loss: 0.09250465035438538, disc_loss: 0.0010346566559746861
INFO:root:Epoch 30, Step 1000, loss: 0.12228364497423172, disc_loss: 0.001098507083952427
INFO:root:Epoch 30, Step 1500, loss: 0.07074686884880066, disc_loss: 0.0003994241124019027
INFO:root:Epoch 30, Step 2000, loss: 0.07911846786737442, disc_loss: 0.00033019800321199
INFO:root:Epoch 30, Step 2500, loss: 0.06536418944597244, disc_loss: 0.0004894213634543121
INFO:root:Generator loss: 0.062478353802874254, Discriminator loss: 0.005000875276679827
INFO:root:
=== Epoch 30 evaluation ===
INFO:root:=== Evaluation metrics ===
PESQ: 3.3427,SSNR: 10.3374,CSIG: 4.6309,CBAK: 3.8583,COVL: 4.0823,STOI: 0.9558

INFO:root:Epoch 31, Step 500, loss: 0.10220726579427719, disc_loss: 0.002894266042858362
INFO:root:Epoch 31, Step 1000, loss: 0.061468400061130524, disc_loss: 0.041022948920726776
INFO:root:Epoch 31, Step 1500, loss: 0.08046812564134598, disc_loss: 0.0009882384911179543
INFO:root:Epoch 31, Step 2000, loss: 0.10715153068304062, disc_loss: 0.0009806985035538673
INFO:root:Epoch 31, Step 2500, loss: 0.0967240259051323, disc_loss: 0.002873466582968831
INFO:root:Generator loss: 0.06182836596537562, Discriminator loss: 0.005622995506818926
INFO:root:
=== Epoch 31 evaluation ===
INFO:root:=== Evaluation metrics ===
PESQ: 3.3515,SSNR: 10.3160,CSIG: 4.6327,CBAK: 3.8608,COVL: 4.0867,STOI: 0.9567

INFO:root:Epoch 32, Step 500, loss: 0.06571655720472336, disc_loss: 0.0008520648698322475
INFO:root:Epoch 32, Step 1000, loss: 0.09427627176046371, disc_loss: 0.004447563085705042
INFO:root:Epoch 32, Step 1500, loss: 0.056529298424720764, disc_loss: 0.0022027494851499796
INFO:root:Epoch 32, Step 2000, loss: 0.10177358239889145, disc_loss: 0.001960472436621785
INFO:root:Epoch 32, Step 2500, loss: 0.0724092647433281, disc_loss: 0.0011491167824715376
INFO:root:Generator loss: 0.06205769549621251, Discriminator loss: 0.00597393008607928
INFO:root:
=== Epoch 32 evaluation ===
INFO:root:=== Evaluation metrics ===
PESQ: 3.3195,SSNR: 10.4653,CSIG: 4.6059,CBAK: 3.8559,COVL: 4.0510,STOI: 0.9565

INFO:root:Epoch 33, Step 500, loss: 0.06991545855998993, disc_loss: 0.001333952066488564
INFO:root:Epoch 33, Step 1000, loss: 0.10263504832983017, disc_loss: 0.00031164850224740803
INFO:root:Epoch 33, Step 1500, loss: 0.0679081603884697, disc_loss: 0.000404282589443028
INFO:root:Epoch 33, Step 2000, loss: 0.08380556106567383, disc_loss: 0.0030503994785249233
INFO:root:Epoch 33, Step 2500, loss: 0.07157738506793976, disc_loss: 0.002613798715174198
INFO:root:Generator loss: 0.06183912107739055, Discriminator loss: 0.00666255197956541
INFO:root:
=== Epoch 33 evaluation ===
INFO:root:=== Evaluation metrics ===
PESQ: 3.3089,SSNR: 10.4325,CSIG: 4.6393,CBAK: 3.8485,COVL: 4.0669,STOI: 0.9563

INFO:root:Epoch 34, Step 500, loss: 0.06478245556354523, disc_loss: 0.001954036997631192
INFO:root:Epoch 34, Step 1000, loss: 0.08304116874933243, disc_loss: 0.0008972047944553196
INFO:root:Epoch 34, Step 1500, loss: 0.12300112098455429, disc_loss: 0.0010069108102470636
INFO:root:Epoch 34, Step 2000, loss: 0.11355685442686081, disc_loss: 0.0008000376401469111
INFO:root:Epoch 34, Step 2500, loss: 0.061107415705919266, disc_loss: 0.000432748522143811
INFO:root:Generator loss: 0.062244549601619105, Discriminator loss: 0.0056550956399326075
INFO:root:
=== Epoch 34 evaluation ===
INFO:root:=== Evaluation metrics ===
PESQ: 3.3026,SSNR: 10.4071,CSIG: 4.6135,CBAK: 3.8429,COVL: 4.0482,STOI: 0.9564

INFO:root:Epoch 35, Step 500, loss: 0.07945644110441208, disc_loss: 0.0009212439181283116
INFO:root:Epoch 35, Step 1000, loss: 0.0768636092543602, disc_loss: 0.0003045621851924807
INFO:root:Epoch 35, Step 1500, loss: 0.11553122848272324, disc_loss: 0.006734478287398815
INFO:root:Epoch 35, Step 2000, loss: 0.10301555693149567, disc_loss: 0.0022835740819573402
INFO:root:Epoch 35, Step 2500, loss: 0.07435345649719238, disc_loss: 0.0014566958416253328
INFO:root:Generator loss: 0.06253864004014476, Discriminator loss: 0.004877579442497503
INFO:root:
=== Epoch 35 evaluation ===
INFO:root:=== Evaluation metrics ===
PESQ: 3.3173,SSNR: 10.5217,CSIG: 4.6085,CBAK: 3.8572,COVL: 4.0547,STOI: 0.9564

INFO:root:Epoch 36, Step 500, loss: 0.08149123936891556, disc_loss: 0.0009468526695854962
INFO:root:Epoch 36, Step 1000, loss: 0.07466790080070496, disc_loss: 0.001291265245527029
INFO:root:Epoch 36, Step 1500, loss: 0.07370948046445847, disc_loss: 0.0010892691789194942
INFO:root:Epoch 36, Step 2000, loss: 0.05747005715966225, disc_loss: 0.0011770824203267694
INFO:root:Epoch 36, Step 2500, loss: 0.08838403970003128, disc_loss: 0.0025393040850758553
INFO:root:Generator loss: 0.06213498841609481, Discriminator loss: 0.00561953472276303
INFO:root:
=== Epoch 36 evaluation ===
INFO:root:=== Evaluation metrics ===
PESQ: 3.3523,SSNR: 10.4220,CSIG: 4.6336,CBAK: 3.8667,COVL: 4.0884,STOI: 0.9562

INFO:root:Epoch 37, Step 500, loss: 0.04306511953473091, disc_loss: 0.0023435046896338463
INFO:root:Epoch 37, Step 1000, loss: 0.08896153420209885, disc_loss: 0.0004058910417370498
INFO:root:Epoch 37, Step 1500, loss: 0.0873280018568039, disc_loss: 0.0019322633743286133
INFO:root:Epoch 37, Step 2000, loss: 0.09034110605716705, disc_loss: 0.0004125720588490367
INFO:root:Epoch 37, Step 2500, loss: 0.07160714268684387, disc_loss: 0.0014303536154329777
INFO:root:Generator loss: 0.06265412883163946, Discriminator loss: 0.004576851637568007
INFO:root:
=== Epoch 37 evaluation ===
INFO:root:=== Evaluation metrics ===
PESQ: 3.3379,SSNR: 10.3954,CSIG: 4.6257,CBAK: 3.8573,COVL: 4.0744,STOI: 0.9560

INFO:root:Epoch 38, Step 500, loss: 0.1088322177529335, disc_loss: 0.0013019890757277608
INFO:root:Epoch 38, Step 1000, loss: 0.05995679274201393, disc_loss: 0.001248659216798842
INFO:root:Epoch 38, Step 1500, loss: 0.0994277223944664, disc_loss: 0.0002930884948000312
INFO:root:Epoch 38, Step 2000, loss: 0.08117963373661041, disc_loss: 0.0014162769075483084
INFO:root:Epoch 38, Step 2500, loss: 0.072578564286232, disc_loss: 0.002488853642717004
INFO:root:Generator loss: 0.06177464760478261, Discriminator loss: 0.004485682064502893
INFO:root:
=== Epoch 38 evaluation ===
INFO:root:=== Evaluation metrics ===
PESQ: 3.3538,SSNR: 10.4338,CSIG: 4.6145,CBAK: 3.8670,COVL: 4.0765,STOI: 0.9562

INFO:root:Epoch 39, Step 500, loss: 0.08428796380758286, disc_loss: 0.0013849844690412283
INFO:root:Epoch 39, Step 1000, loss: 0.09619846940040588, disc_loss: 0.00018425079178996384
INFO:root:Epoch 39, Step 1500, loss: 0.13882194459438324, disc_loss: 0.001128925010561943
INFO:root:Epoch 39, Step 2000, loss: 0.08314421027898788, disc_loss: 0.0006874366081319749
INFO:root:Epoch 39, Step 2500, loss: 0.10443759709596634, disc_loss: 0.001342336880043149
INFO:root:Generator loss: 0.06189072823821051, Discriminator loss: 0.005453525234099412
INFO:root:
=== Epoch 39 evaluation ===
INFO:root:=== Evaluation metrics ===
PESQ: 3.3419,SSNR: 10.5378,CSIG: 4.6200,CBAK: 3.8692,COVL: 4.0734,STOI: 0.9560

INFO:root:Epoch 40, Step 500, loss: 0.09139122068881989, disc_loss: 0.00032684963662177324
INFO:root:Epoch 40, Step 1000, loss: 0.10615698993206024, disc_loss: 0.002831786870956421
INFO:root:Epoch 40, Step 1500, loss: 0.04811226576566696, disc_loss: 0.00031823484459891915
INFO:root:Epoch 40, Step 2000, loss: 0.08726633340120316, disc_loss: 0.00019113009329885244
INFO:root:Epoch 40, Step 2500, loss: 0.07969185709953308, disc_loss: 0.0011348091065883636
INFO:root:Generator loss: 0.06185805600462029, Discriminator loss: 0.005022054222085766
INFO:root:
=== Epoch 40 evaluation ===
INFO:root:=== Evaluation metrics ===
PESQ: 3.3591,SSNR: 10.4883,CSIG: 4.6188,CBAK: 3.8723,COVL: 4.0815,STOI: 0.9564

INFO:root:Epoch 41, Step 500, loss: 0.09181506931781769, disc_loss: 0.0008354728342965245
INFO:root:Epoch 41, Step 1000, loss: 0.10012727975845337, disc_loss: 0.0003426436160225421
INFO:root:Epoch 41, Step 1500, loss: 0.09704357385635376, disc_loss: 0.00024850480258464813
INFO:root:Epoch 41, Step 2000, loss: 0.07483352720737457, disc_loss: 0.0010637470986694098
INFO:root:Epoch 41, Step 2500, loss: 0.09339138120412827, disc_loss: 0.005602648016065359
INFO:root:Generator loss: 0.06177854197081721, Discriminator loss: 0.0043560737278524365
INFO:root:
=== Epoch 41 evaluation ===
INFO:root:=== Evaluation metrics ===
PESQ: 3.3658,SSNR: 10.4871,CSIG: 4.6437,CBAK: 3.8786,COVL: 4.1051,STOI: 0.9555

INFO:root:Epoch 42, Step 500, loss: 0.11745013296604156, disc_loss: 0.0003240999940317124
INFO:root:Epoch 42, Step 1000, loss: 0.09838816523551941, disc_loss: 0.0006507720681838691
INFO:root:Epoch 42, Step 1500, loss: 0.060967329889535904, disc_loss: 0.0008174049435183406
INFO:root:Epoch 42, Step 2000, loss: 0.07767309248447418, disc_loss: 0.0025110039860010147
INFO:root:Epoch 42, Step 2500, loss: 0.07079339027404785, disc_loss: 0.00031571954605169594
INFO:root:Generator loss: 0.06134247519437549, Discriminator loss: 0.005129250110063738
INFO:root:
=== Epoch 42 evaluation ===
INFO:root:=== Evaluation metrics ===
PESQ: 3.3826,SSNR: 10.5992,CSIG: 4.6221,CBAK: 3.8927,COVL: 4.0988,STOI: 0.9557

INFO:root:Epoch 43, Step 500, loss: 0.07508259266614914, disc_loss: 0.0007791939424350858
INFO:root:Epoch 43, Step 1000, loss: 0.11727192252874374, disc_loss: 0.0024310636799782515
INFO:root:Epoch 43, Step 1500, loss: 0.04990125074982643, disc_loss: 0.0023753074929118156
INFO:root:Epoch 43, Step 2000, loss: 0.08303416520357132, disc_loss: 0.0013410059036687016
INFO:root:Epoch 43, Step 2500, loss: 0.07184680551290512, disc_loss: 0.0018550270469859242
INFO:root:Generator loss: 0.06187145140709229, Discriminator loss: 0.008327694641902604
INFO:root:
=== Epoch 43 evaluation ===
INFO:root:=== Evaluation metrics ===
PESQ: 3.3447,SSNR: 10.4630,CSIG: 4.6132,CBAK: 3.8661,COVL: 4.0727,STOI: 0.9566

INFO:root:Epoch 44, Step 500, loss: 0.05997549742460251, disc_loss: 0.0032084172125905752
INFO:root:Epoch 44, Step 1000, loss: 0.10680506378412247, disc_loss: 0.0004564332193695009
INFO:root:Epoch 44, Step 1500, loss: 0.09013531357049942, disc_loss: 0.0010462505742907524
INFO:root:Epoch 44, Step 2000, loss: 0.048673052340745926, disc_loss: 0.003066649427637458
INFO:root:Epoch 44, Step 2500, loss: 0.063057079911232, disc_loss: 0.0008763275109231472
INFO:root:Generator loss: 0.062063152666737155, Discriminator loss: 0.004916151405833588
INFO:root:
=== Epoch 44 evaluation ===
INFO:root:=== Evaluation metrics ===
PESQ: 3.3587,SSNR: 10.2995,CSIG: 4.6382,CBAK: 3.8609,COVL: 4.0940,STOI: 0.9574

INFO:root:Epoch 45, Step 500, loss: 0.06989883631467819, disc_loss: 0.0007094212342053652
INFO:root:Epoch 45, Step 1000, loss: 0.06798064708709717, disc_loss: 0.0009571016416884959
INFO:root:Epoch 45, Step 1500, loss: 0.07726000994443893, disc_loss: 0.0036571610253304243
INFO:root:Epoch 45, Step 2000, loss: 0.07218991219997406, disc_loss: 0.0017965622246265411
INFO:root:Epoch 45, Step 2500, loss: 0.07965695112943649, disc_loss: 0.001622878247871995
INFO:root:Generator loss: 0.06196350595253764, Discriminator loss: 0.004587916040196715
INFO:root:
=== Epoch 45 evaluation ===
INFO:root:=== Evaluation metrics ===
PESQ: 3.3744,SSNR: 10.3230,CSIG: 4.6402,CBAK: 3.8705,COVL: 4.1029,STOI: 0.9562

INFO:root:Epoch 46, Step 500, loss: 0.09178397804498672, disc_loss: 0.0019397090654820204
INFO:root:Epoch 46, Step 1000, loss: 0.09478747099637985, disc_loss: 0.00039085772004909813
INFO:root:Epoch 46, Step 1500, loss: 0.05628097802400589, disc_loss: 0.0011278156889602542
INFO:root:Epoch 46, Step 2000, loss: 0.09239380061626434, disc_loss: 0.0013376857386901975
INFO:root:Epoch 46, Step 2500, loss: 0.11196964979171753, disc_loss: 0.0015420918352901936
INFO:root:Generator loss: 0.06199193012548014, Discriminator loss: 0.00527897344374333
INFO:root:
=== Epoch 46 evaluation ===
INFO:root:=== Evaluation metrics ===
PESQ: 3.3629,SSNR: 10.4021,CSIG: 4.6271,CBAK: 3.8698,COVL: 4.0909,STOI: 0.9562

INFO:root:Epoch 47, Step 500, loss: 0.08067150413990021, disc_loss: 0.0015380288241431117
INFO:root:Epoch 47, Step 1000, loss: 0.07322598993778229, disc_loss: 0.00048249814426526427
INFO:root:Epoch 47, Step 1500, loss: 0.06596200168132782, disc_loss: 0.0015468959463760257
INFO:root:Epoch 47, Step 2000, loss: 0.062360793352127075, disc_loss: 0.0026175612583756447
INFO:root:Epoch 47, Step 2500, loss: 0.09806507080793381, disc_loss: 0.0002962410217151046
INFO:root:Generator loss: 0.06124674226835515, Discriminator loss: 0.006936802799722041
INFO:root:
=== Epoch 47 evaluation ===
INFO:root:=== Evaluation metrics ===
PESQ: 3.3524,SSNR: 10.5777,CSIG: 4.6328,CBAK: 3.8776,COVL: 4.0881,STOI: 0.9561

INFO:root:Epoch 48, Step 500, loss: 0.08476580679416656, disc_loss: 0.002609945833683014
INFO:root:Epoch 48, Step 1000, loss: 0.1008405089378357, disc_loss: 0.00027957180282101035
INFO:root:Epoch 48, Step 1500, loss: 0.09818852692842484, disc_loss: 0.0016506292158737779
INFO:root:Epoch 48, Step 2000, loss: 0.08073494583368301, disc_loss: 0.0006555418367497623
INFO:root:Epoch 48, Step 2500, loss: 0.10377191752195358, disc_loss: 0.0006444709724746644
INFO:root:Generator loss: 0.06193299655739254, Discriminator loss: 0.005959948968118677
INFO:root:
=== Epoch 48 evaluation ===
INFO:root:=== Evaluation metrics ===
PESQ: 3.3668,SSNR: 10.3718,CSIG: 4.6385,CBAK: 3.8693,COVL: 4.0991,STOI: 0.9568

INFO:root:Epoch 49, Step 500, loss: 0.08143647015094757, disc_loss: 0.0031088609248399734
INFO:root:Epoch 49, Step 1000, loss: 0.05807128921151161, disc_loss: 0.0028399289585649967
INFO:root:Epoch 49, Step 1500, loss: 0.10773085057735443, disc_loss: 0.001437582541257143
INFO:root:Epoch 49, Step 2000, loss: 0.09110806882381439, disc_loss: 0.0005209551891312003
INFO:root:Epoch 49, Step 2500, loss: 0.0736662968993187, disc_loss: 0.0009043164900504053
INFO:root:Generator loss: 0.0611800269124288, Discriminator loss: 0.004624978164517494
INFO:root:
=== Epoch 49 evaluation ===
INFO:root:=== Evaluation metrics ===
PESQ: 3.3844,SSNR: 10.5501,CSIG: 4.6374,CBAK: 3.8900,COVL: 4.1082,STOI: 0.9563

INFO:root:Epoch 50, Step 500, loss: 0.08795985579490662, disc_loss: 0.0015990040265023708
INFO:root:Epoch 50, Step 1000, loss: 0.09982611238956451, disc_loss: 0.0005682458286173642
INFO:root:Epoch 50, Step 1500, loss: 0.07362907379865646, disc_loss: 0.0009757789666764438
INFO:root:Epoch 50, Step 2000, loss: 0.0710223838686943, disc_loss: 0.0015924733597785234
INFO:root:Epoch 50, Step 2500, loss: 0.05521487817168236, disc_loss: 0.0023597762919962406
INFO:root:Generator loss: 0.06180882100377557, Discriminator loss: 0.006210404573915723
INFO:root:
=== Epoch 50 evaluation ===
INFO:root:=== Evaluation metrics ===
PESQ: 3.3683,SSNR: 10.3368,CSIG: 4.6264,CBAK: 3.8666,COVL: 4.0917,STOI: 0.9566

INFO:root:Epoch 51, Step 500, loss: 0.0869436264038086, disc_loss: 0.0009602110367268324
INFO:root:Epoch 51, Step 1000, loss: 0.08906486630439758, disc_loss: 0.0009419749840162694
INFO:root:Epoch 51, Step 1500, loss: 0.07089371234178543, disc_loss: 0.001268648193217814
INFO:root:Epoch 51, Step 2000, loss: 0.07322625815868378, disc_loss: 0.0005529268528334796
INFO:root:Epoch 51, Step 2500, loss: 0.0771254152059555, disc_loss: 0.017230816185474396
INFO:root:Generator loss: 0.06121286242585448, Discriminator loss: 0.0051242680310325936
INFO:root:
=== Epoch 51 evaluation ===
INFO:root:=== Evaluation metrics ===
PESQ: 3.3739,SSNR: 10.4627,CSIG: 4.6421,CBAK: 3.8796,COVL: 4.1050,STOI: 0.9564

INFO:root:Epoch 52, Step 500, loss: 0.0957685336470604, disc_loss: 0.0008394900360144675
INFO:root:Epoch 52, Step 1000, loss: 0.08003849536180496, disc_loss: 0.0007627030136063695
INFO:root:Epoch 52, Step 1500, loss: 0.08763241767883301, disc_loss: 0.0012128767557442188
INFO:root:Epoch 52, Step 2000, loss: 0.09036493301391602, disc_loss: 0.00041134250932373106
INFO:root:Epoch 52, Step 2500, loss: 0.08878655731678009, disc_loss: 0.04971834644675255
INFO:root:Generator loss: 0.06161673403191335, Discriminator loss: 0.005483455240148068
INFO:root:
=== Epoch 52 evaluation ===
INFO:root:=== Evaluation metrics ===
PESQ: 3.3755,SSNR: 10.4712,CSIG: 4.6338,CBAK: 3.8810,COVL: 4.1023,STOI: 0.9563

INFO:root:Epoch 53, Step 500, loss: 0.05415327101945877, disc_loss: 0.001538364333100617
INFO:root:Epoch 53, Step 1000, loss: 0.07389704883098602, disc_loss: 0.00020986316667404026
INFO:root:Epoch 53, Step 1500, loss: 0.10624247789382935, disc_loss: 0.0004346736241132021
INFO:root:Epoch 53, Step 2000, loss: 0.07373475283384323, disc_loss: 0.0006925203488208354
INFO:root:Epoch 53, Step 2500, loss: 0.09618217498064041, disc_loss: 0.0021183276548981667
INFO:root:Generator loss: 0.061343813414495546, Discriminator loss: 0.003786932447520017
INFO:root:
=== Epoch 53 evaluation ===
INFO:root:=== Evaluation metrics ===
PESQ: 3.3601,SSNR: 10.4081,CSIG: 4.6434,CBAK: 3.8698,COVL: 4.0975,STOI: 0.9566

INFO:root:Epoch 54, Step 500, loss: 0.0767122432589531, disc_loss: 0.0012258394854143262
INFO:root:Epoch 54, Step 1000, loss: 0.09787672013044357, disc_loss: 0.004800466354936361
INFO:root:Epoch 54, Step 1500, loss: 0.045658525079488754, disc_loss: 0.0026535186916589737
INFO:root:Epoch 54, Step 2000, loss: 0.10215181112289429, disc_loss: 0.0035024527460336685
INFO:root:Epoch 54, Step 2500, loss: 0.05876488611102104, disc_loss: 0.0005577726988121867
INFO:root:Generator loss: 0.06100551944081355, Discriminator loss: 0.004390476397815097
INFO:root:
=== Epoch 54 evaluation ===
INFO:root:=== Evaluation metrics ===
PESQ: 3.3760,SSNR: 10.5113,CSIG: 4.6418,CBAK: 3.8837,COVL: 4.1065,STOI: 0.9565

INFO:root:Epoch 55, Step 500, loss: 0.08165547251701355, disc_loss: 0.0014888335717841983
INFO:root:Epoch 55, Step 1000, loss: 0.10371186584234238, disc_loss: 0.0017027949215844274
INFO:root:Epoch 55, Step 1500, loss: 0.070574551820755, disc_loss: 0.001751361065544188
INFO:root:Epoch 55, Step 2000, loss: 0.08625509589910507, disc_loss: 0.0034158716443926096
INFO:root:Epoch 55, Step 2500, loss: 0.10264970362186432, disc_loss: 0.0008232677937485278
INFO:root:Generator loss: 0.06142824323106449, Discriminator loss: 0.005470340881146009
INFO:root:
=== Epoch 55 evaluation ===
INFO:root:=== Evaluation metrics ===
PESQ: 3.3794,SSNR: 10.4372,CSIG: 4.6334,CBAK: 3.8795,COVL: 4.1040,STOI: 0.9565

INFO:root:Epoch 56, Step 500, loss: 0.062237586826086044, disc_loss: 0.0005365377874113619
INFO:root:Epoch 56, Step 1000, loss: 0.09725989401340485, disc_loss: 0.0004505236865952611
INFO:root:Epoch 56, Step 1500, loss: 0.09272176772356033, disc_loss: 0.00024288833083119243
INFO:root:Epoch 56, Step 2000, loss: 0.0663280040025711, disc_loss: 0.0003250088484492153
INFO:root:Epoch 56, Step 2500, loss: 0.08325722068548203, disc_loss: 0.0014950650511309505
INFO:root:Generator loss: 0.0622986756102408, Discriminator loss: 0.005474500921620559
INFO:root:
=== Epoch 56 evaluation ===
INFO:root:=== Evaluation metrics ===
PESQ: 3.3492,SSNR: 10.3369,CSIG: 4.6168,CBAK: 3.8600,COVL: 4.0775,STOI: 0.9566

INFO:root:Epoch 57, Step 500, loss: 0.09320995211601257, disc_loss: 0.0033640677575021982
INFO:root:Epoch 57, Step 1000, loss: 0.12349329143762589, disc_loss: 0.0010794090339913964
INFO:root:Epoch 57, Step 1500, loss: 0.10956703126430511, disc_loss: 0.002302030799910426
INFO:root:Epoch 57, Step 2000, loss: 0.09210193902254105, disc_loss: 0.0005864112754352391
INFO:root:Epoch 57, Step 2500, loss: 0.05015701428055763, disc_loss: 0.000522139307577163
INFO:root:Generator loss: 0.06080935927994043, Discriminator loss: 0.005029256605075275
INFO:root:
=== Epoch 57 evaluation ===
INFO:root:=== Evaluation metrics ===
PESQ: 3.3849,SSNR: 10.5368,CSIG: 4.6358,CBAK: 3.8906,COVL: 4.1078,STOI: 0.9566

INFO:root:Epoch 58, Step 500, loss: 0.08205396682024002, disc_loss: 0.0037483402993530035
INFO:root:Epoch 58, Step 1000, loss: 0.08905141800642014, disc_loss: 0.0025291936472058296
INFO:root:Epoch 58, Step 1500, loss: 0.07927680015563965, disc_loss: 0.002015532925724983
INFO:root:Epoch 58, Step 2000, loss: 0.09274769574403763, disc_loss: 0.0014646740164607763
INFO:root:Epoch 58, Step 2500, loss: 0.08161775022745132, disc_loss: 0.00024618417955935
INFO:root:Generator loss: 0.06085672145438136, Discriminator loss: 0.005227258035111201
INFO:root:
=== Epoch 58 evaluation ===
INFO:root:=== Evaluation metrics ===
PESQ: 3.3586,SSNR: 10.5358,CSIG: 4.6353,CBAK: 3.8778,COVL: 4.0944,STOI: 0.9565

INFO:root:Epoch 59, Step 500, loss: 0.08272130787372589, disc_loss: 0.0012774600181728601
INFO:root:Epoch 59, Step 1000, loss: 0.07615480571985245, disc_loss: 0.0016128866700455546
INFO:root:Epoch 59, Step 1500, loss: 0.09312126040458679, disc_loss: 0.00231837946921587
INFO:root:Epoch 59, Step 2000, loss: 0.07657212018966675, disc_loss: 0.0007818926824256778
INFO:root:Epoch 59, Step 2500, loss: 0.07585003972053528, disc_loss: 0.0015646707033738494
INFO:root:Generator loss: 0.06014214168546848, Discriminator loss: 0.003735075248840482
INFO:root:
=== Epoch 59 evaluation ===
INFO:root:=== Evaluation metrics ===
PESQ: 3.3804,SSNR: 10.7135,CSIG: 4.6364,CBAK: 3.9001,COVL: 4.1062,STOI: 0.9564

Training finished.
