Starting training:
without SE:
Namespace(batch_size=4, cut_len=32000, data_dir='/mnt/iusers01/msc-stu/hum-msc-data-sci-2024-2025/t74061zq/erp/DEMAND_16KHz', decay_epoch=12, epochs=60, init_lr=0.0005, log_interval=500, loss_weights=[0.1, 0.9, 0.2, 0.05, 0.02], save_model_dir='./saved_models_log/saved_models_20250808_VoiceDEMAND_16khz')
['NVIDIA A100-SXM4-80GB']
====================================================================================================
Layer (type:depth-idx)                             Output Shape              Param #
====================================================================================================
TSCNet                                             [1, 1, 321, 201]          --
├─DenseEncoder: 1-1                                [1, 64, 321, 101]         --
│    └─Sequential: 2-1                             [1, 64, 321, 201]         --
│    │    └─Conv2d: 3-1                            [1, 64, 321, 201]         256
│    │    └─InstanceNorm2d: 3-2                    [1, 64, 321, 201]         128
│    │    └─PReLU: 3-3                             [1, 64, 321, 201]         64
│    └─DilatedDenseNet: 2-2                        [1, 64, 321, 201]         --
│    │    └─ConstantPad2d: 3-4                     [1, 64, 322, 203]         --
│    │    └─Conv2d: 3-5                            [1, 64, 321, 201]         24,640
│    │    └─InstanceNorm2d: 3-6                    [1, 64, 321, 201]         128
│    │    └─PReLU: 3-7                             [1, 64, 321, 201]         64
│    │    └─ConstantPad2d: 3-8                     [1, 128, 323, 203]        --
│    │    └─Conv2d: 3-9                            [1, 64, 321, 201]         49,216
│    │    └─InstanceNorm2d: 3-10                   [1, 64, 321, 201]         128
│    │    └─PReLU: 3-11                            [1, 64, 321, 201]         64
│    │    └─ConstantPad2d: 3-12                    [1, 192, 325, 203]        --
│    │    └─Conv2d: 3-13                           [1, 64, 321, 201]         73,792
│    │    └─InstanceNorm2d: 3-14                   [1, 64, 321, 201]         128
│    │    └─PReLU: 3-15                            [1, 64, 321, 201]         64
│    │    └─ConstantPad2d: 3-16                    [1, 256, 329, 203]        --
│    │    └─Conv2d: 3-17                           [1, 64, 321, 201]         98,368
│    │    └─InstanceNorm2d: 3-18                   [1, 64, 321, 201]         128
│    │    └─PReLU: 3-19                            [1, 64, 321, 201]         64
│    └─Sequential: 2-3                             [1, 64, 321, 101]         --
│    │    └─Conv2d: 3-20                           [1, 64, 321, 101]         12,352
│    │    └─InstanceNorm2d: 3-21                   [1, 64, 321, 101]         128
│    │    └─PReLU: 3-22                            [1, 64, 321, 101]         64
├─TSCB: 1-2                                        [1, 64, 321, 101]         --
│    └─ConformerBlock: 2-4                         [101, 321, 64]            --
│    │    └─Scale: 3-23                            [101, 321, 64]            33,216
│    │    └─PreNorm: 3-24                          [101, 321, 64]            32,976
│    │    └─ConformerConvModule: 3-25              [101, 321, 64]            29,376
│    │    └─Scale: 3-26                            [101, 321, 64]            33,216
│    │    └─LayerNorm: 3-27                        [101, 321, 64]            128
│    └─ConformerBlock: 2-5                         [321, 101, 64]            --
│    │    └─Scale: 3-28                            [321, 101, 64]            33,216
│    │    └─PreNorm: 3-29                          [321, 101, 64]            32,976
│    │    └─ConformerConvModule: 3-30              [321, 101, 64]            29,376
│    │    └─Scale: 3-31                            [321, 101, 64]            33,216
│    │    └─LayerNorm: 3-32                        [321, 101, 64]            128
├─TSCB: 1-3                                        [1, 64, 321, 101]         --
│    └─ConformerBlock: 2-6                         [101, 321, 64]            --
│    │    └─Scale: 3-33                            [101, 321, 64]            33,216
│    │    └─PreNorm: 3-34                          [101, 321, 64]            32,976
│    │    └─ConformerConvModule: 3-35              [101, 321, 64]            29,376
│    │    └─Scale: 3-36                            [101, 321, 64]            33,216
│    │    └─LayerNorm: 3-37                        [101, 321, 64]            128
│    └─ConformerBlock: 2-7                         [321, 101, 64]            --
│    │    └─Scale: 3-38                            [321, 101, 64]            33,216
│    │    └─PreNorm: 3-39                          [321, 101, 64]            32,976
│    │    └─ConformerConvModule: 3-40              [321, 101, 64]            29,376
│    │    └─Scale: 3-41                            [321, 101, 64]            33,216
│    │    └─LayerNorm: 3-42                        [321, 101, 64]            128
├─TSCB: 1-4                                        [1, 64, 321, 101]         --
│    └─ConformerBlock: 2-8                         [101, 321, 64]            --
│    │    └─Scale: 3-43                            [101, 321, 64]            33,216
│    │    └─PreNorm: 3-44                          [101, 321, 64]            32,976
│    │    └─ConformerConvModule: 3-45              [101, 321, 64]            29,376
│    │    └─Scale: 3-46                            [101, 321, 64]            33,216
│    │    └─LayerNorm: 3-47                        [101, 321, 64]            128
│    └─ConformerBlock: 2-9                         [321, 101, 64]            --
│    │    └─Scale: 3-48                            [321, 101, 64]            33,216
│    │    └─PreNorm: 3-49                          [321, 101, 64]            32,976
│    │    └─ConformerConvModule: 3-50              [321, 101, 64]            29,376
│    │    └─Scale: 3-51                            [321, 101, 64]            33,216
│    │    └─LayerNorm: 3-52                        [321, 101, 64]            128
├─TSCB: 1-5                                        [1, 64, 321, 101]         --
│    └─ConformerBlock: 2-10                        [101, 321, 64]            --
│    │    └─Scale: 3-53                            [101, 321, 64]            33,216
│    │    └─PreNorm: 3-54                          [101, 321, 64]            32,976
│    │    └─ConformerConvModule: 3-55              [101, 321, 64]            29,376
│    │    └─Scale: 3-56                            [101, 321, 64]            33,216
│    │    └─LayerNorm: 3-57                        [101, 321, 64]            128
│    └─ConformerBlock: 2-11                        [321, 101, 64]            --
│    │    └─Scale: 3-58                            [321, 101, 64]            33,216
│    │    └─PreNorm: 3-59                          [321, 101, 64]            32,976
│    │    └─ConformerConvModule: 3-60              [321, 101, 64]            29,376
│    │    └─Scale: 3-61                            [321, 101, 64]            33,216
│    │    └─LayerNorm: 3-62                        [321, 101, 64]            128
├─MaskDecoder: 1-6                                 [1, 1, 321, 201]          --
│    └─DilatedDenseNet: 2-12                       [1, 64, 321, 101]         --
│    │    └─ConstantPad2d: 3-63                    [1, 64, 322, 103]         --
│    │    └─Conv2d: 3-64                           [1, 64, 321, 101]         24,640
│    │    └─InstanceNorm2d: 3-65                   [1, 64, 321, 101]         128
│    │    └─PReLU: 3-66                            [1, 64, 321, 101]         64
│    │    └─ConstantPad2d: 3-67                    [1, 128, 323, 103]        --
│    │    └─Conv2d: 3-68                           [1, 64, 321, 101]         49,216
│    │    └─InstanceNorm2d: 3-69                   [1, 64, 321, 101]         128
│    │    └─PReLU: 3-70                            [1, 64, 321, 101]         64
│    │    └─ConstantPad2d: 3-71                    [1, 192, 325, 103]        --
│    │    └─Conv2d: 3-72                           [1, 64, 321, 101]         73,792
│    │    └─InstanceNorm2d: 3-73                   [1, 64, 321, 101]         128
│    │    └─PReLU: 3-74                            [1, 64, 321, 101]         64
│    │    └─ConstantPad2d: 3-75                    [1, 256, 329, 103]        --
│    │    └─Conv2d: 3-76                           [1, 64, 321, 101]         98,368
│    │    └─InstanceNorm2d: 3-77                   [1, 64, 321, 101]         128
│    │    └─PReLU: 3-78                            [1, 64, 321, 101]         64
│    └─SPConvTranspose2d: 2-13                     [1, 64, 321, 202]         --
│    │    └─ConstantPad2d: 3-79                    [1, 64, 321, 103]         --
│    │    └─Conv2d: 3-80                           [1, 128, 321, 101]        24,704
│    └─Conv2d: 2-14                                [1, 1, 321, 201]          129
│    └─InstanceNorm2d: 2-15                        [1, 1, 321, 201]          2
│    └─PReLU: 2-16                                 [1, 1, 321, 201]          1
│    └─Conv2d: 2-17                                [1, 1, 321, 201]          2
│    └─PReLU: 2-18                                 [1, 201, 321]             201
├─ComplexDecoder: 1-7                              [1, 2, 321, 201]          --
│    └─DilatedDenseNet: 2-19                       [1, 64, 321, 101]         --
│    │    └─ConstantPad2d: 3-81                    [1, 64, 322, 103]         --
│    │    └─Conv2d: 3-82                           [1, 64, 321, 101]         24,640
│    │    └─InstanceNorm2d: 3-83                   [1, 64, 321, 101]         128
│    │    └─PReLU: 3-84                            [1, 64, 321, 101]         64
│    │    └─ConstantPad2d: 3-85                    [1, 128, 323, 103]        --
│    │    └─Conv2d: 3-86                           [1, 64, 321, 101]         49,216
│    │    └─InstanceNorm2d: 3-87                   [1, 64, 321, 101]         128
│    │    └─PReLU: 3-88                            [1, 64, 321, 101]         64
│    │    └─ConstantPad2d: 3-89                    [1, 192, 325, 103]        --
│    │    └─Conv2d: 3-90                           [1, 64, 321, 101]         73,792
│    │    └─InstanceNorm2d: 3-91                   [1, 64, 321, 101]         128
│    │    └─PReLU: 3-92                            [1, 64, 321, 101]         64
│    │    └─ConstantPad2d: 3-93                    [1, 256, 329, 103]        --
│    │    └─Conv2d: 3-94                           [1, 64, 321, 101]         98,368
│    │    └─InstanceNorm2d: 3-95                   [1, 64, 321, 101]         128
│    │    └─PReLU: 3-96                            [1, 64, 321, 101]         64
│    └─SPConvTranspose2d: 2-20                     [1, 64, 321, 202]         --
│    │    └─ConstantPad2d: 3-97                    [1, 64, 321, 103]         --
│    │    └─Conv2d: 3-98                           [1, 128, 321, 101]        24,704
│    └─InstanceNorm2d: 2-21                        [1, 64, 321, 202]         128
│    └─PReLU: 2-22                                 [1, 64, 321, 202]         64
│    └─Conv2d: 2-23                                [1, 2, 321, 201]          258
====================================================================================================
Total params: 1,834,833
Trainable params: 1,834,833
Non-trainable params: 0
Total mult-adds (G): 41.56
====================================================================================================
Input size (MB): 0.52
Forward/backward pass size (MB): 4856.40
Params size (MB): 7.34
Estimated Total Size (MB): 4864.25
====================================================================================================
==========================================================================================
Layer (type:depth-idx)                   Output Shape              Param #
==========================================================================================
Discriminator                            [1, 1]                    --
├─Sequential: 1-1                        [1, 1]                    --
│    └─Conv2d: 2-1                       [1, 16, 100, 160]         512
│    └─InstanceNorm2d: 2-2               [1, 16, 100, 160]         32
│    └─PReLU: 2-3                        [1, 16, 100, 160]         16
│    └─Conv2d: 2-4                       [1, 32, 50, 80]           8,192
│    └─InstanceNorm2d: 2-5               [1, 32, 50, 80]           64
│    └─PReLU: 2-6                        [1, 32, 50, 80]           32
│    └─Conv2d: 2-7                       [1, 64, 25, 40]           32,768
│    └─InstanceNorm2d: 2-8               [1, 64, 25, 40]           128
│    └─PReLU: 2-9                        [1, 64, 25, 40]           64
│    └─Conv2d: 2-10                      [1, 128, 12, 20]          131,072
│    └─InstanceNorm2d: 2-11              [1, 128, 12, 20]          256
│    └─PReLU: 2-12                       [1, 128, 12, 20]          128
│    └─AdaptiveMaxPool2d: 2-13           [1, 128, 1, 1]            --
│    └─Flatten: 2-14                     [1, 128]                  --
│    └─Linear: 2-15                      [1, 64]                   8,256
│    └─Dropout: 2-16                     [1, 64]                   --
│    └─PReLU: 2-17                       [1, 64]                   64
│    └─Linear: 2-18                      [1, 1]                    65
│    └─LearnableSigmoid: 2-19            [1, 1]                    1
==========================================================================================
Total params: 181,650
Trainable params: 181,650
Non-trainable params: 0
Total mult-adds (M): 19.67
==========================================================================================
Input size (MB): 0.52
Forward/backward pass size (MB): 11.49
Params size (MB): 0.73
Estimated Total Size (MB): 12.73
==========================================================================================
/mnt/iusers01/msc-stu/hum-msc-data-sci-2024-2025/t74061zq/erp/CMGAN_src/data/dataloader.py:52: UserWarning: torchaudio._backend.set_audio_backend has been deprecated. With dispatcher enabled, this function is no-op. You can remove the function call.
  torchaudio.set_audio_backend("sox_io")         # in linux
INFO:root:Epoch 0, Step 500, loss: 0.1698293536901474, disc_loss: 0.025041690096259117
INFO:root:Epoch 0, Step 1000, loss: 0.12068172544240952, disc_loss: 0.022163018584251404
INFO:root:Epoch 0, Step 1500, loss: 0.16260042786598206, disc_loss: 0.0013374688569456339
INFO:root:Epoch 0, Step 2000, loss: 0.16075198352336884, disc_loss: 0.02441297098994255
INFO:root:Epoch 0, Step 2500, loss: 0.17417572438716888, disc_loss: 0.002541597466915846
INFO:root:Generator loss: 0.09439762636512808, Discriminator loss: 0.016865748424960064
INFO:root:
=== Epoch 0 evaluation ===
INFO:root:=== Evaluation metrics ===
PESQ: 2.6593,SSNR: 7.9571,CSIG: 4.1959,CBAK: 3.3711,COVL: 3.4799,STOI: 0.9400

INFO:root:Epoch 1, Step 500, loss: 0.10693295300006866, disc_loss: 0.006852257996797562
INFO:root:Epoch 1, Step 1000, loss: 0.11147058010101318, disc_loss: 0.01247449591755867
INFO:root:Epoch 1, Step 1500, loss: 0.16538658738136292, disc_loss: 0.005319035146385431
INFO:root:Epoch 1, Step 2000, loss: 0.13672003149986267, disc_loss: 0.0017313144635409117
INFO:root:Epoch 1, Step 2500, loss: 0.08864552527666092, disc_loss: 0.00564559968188405
INFO:root:Generator loss: 0.08520225777281719, Discriminator loss: 0.00668525259737807
INFO:root:
=== Epoch 1 evaluation ===
INFO:root:=== Evaluation metrics ===
PESQ: 2.8434,SSNR: 9.2626,CSIG: 4.3055,CBAK: 3.5467,COVL: 3.6330,STOI: 0.9437

INFO:root:Epoch 2, Step 500, loss: 0.13104039430618286, disc_loss: 0.0018639753106981516
INFO:root:Epoch 2, Step 1000, loss: 0.1745927631855011, disc_loss: 0.003175596706569195
INFO:root:Epoch 2, Step 1500, loss: 0.12476328760385513, disc_loss: 0.006917545571923256
INFO:root:Epoch 2, Step 2000, loss: 0.15667465329170227, disc_loss: 0.0006928114453330636
INFO:root:Epoch 2, Step 2500, loss: 0.10353081673383713, disc_loss: 0.0034820425789803267
INFO:root:Generator loss: 0.08112569815180834, Discriminator loss: 0.00636044193739614
INFO:root:
=== Epoch 2 evaluation ===
INFO:root:=== Evaluation metrics ===
PESQ: 3.0216,SSNR: 9.4564,CSIG: 4.4405,CBAK: 3.6451,COVL: 3.8009,STOI: 0.9457

INFO:root:Epoch 3, Step 500, loss: 0.15145350992679596, disc_loss: 0.0024175497237592936
INFO:root:Epoch 3, Step 1000, loss: 0.0958496704697609, disc_loss: 0.0010032652644440532
INFO:root:Epoch 3, Step 1500, loss: 0.11745879799127579, disc_loss: 0.004706426523625851
INFO:root:Epoch 3, Step 2000, loss: 0.079805888235569, disc_loss: 0.012521805241703987
INFO:root:Epoch 3, Step 2500, loss: 0.0850239172577858, disc_loss: 0.004402647726237774
INFO:root:Generator loss: 0.08087807108910339, Discriminator loss: 0.006100802386710217
INFO:root:
=== Epoch 3 evaluation ===
INFO:root:=== Evaluation metrics ===
PESQ: 2.9511,SSNR: 9.3583,CSIG: 4.4167,CBAK: 3.6055,COVL: 3.7502,STOI: 0.9490

INFO:root:Epoch 4, Step 500, loss: 0.09806288033723831, disc_loss: 0.005562400445342064
INFO:root:Epoch 4, Step 1000, loss: 0.18558697402477264, disc_loss: 0.0018821724224835634
INFO:root:Epoch 4, Step 1500, loss: 0.13405530154705048, disc_loss: 0.007083667907863855
INFO:root:Epoch 4, Step 2000, loss: 0.1789678931236267, disc_loss: 0.004702582955360413
INFO:root:Epoch 4, Step 2500, loss: 0.19159775972366333, disc_loss: 0.009307040832936764
INFO:root:Generator loss: 0.07818644085121386, Discriminator loss: 0.004753955681541272
INFO:root:
=== Epoch 4 evaluation ===
INFO:root:=== Evaluation metrics ===
PESQ: 3.0643,SSNR: 9.5064,CSIG: 4.4793,CBAK: 3.6692,COVL: 3.8431,STOI: 0.9494

INFO:root:Epoch 5, Step 500, loss: 0.09670205414295197, disc_loss: 0.0011689926031976938
INFO:root:Epoch 5, Step 1000, loss: 0.053093742579221725, disc_loss: 0.0015570544637739658
INFO:root:Epoch 5, Step 1500, loss: 0.10768721997737885, disc_loss: 0.0020925800781697035
INFO:root:Epoch 5, Step 2000, loss: 0.08953071385622025, disc_loss: 0.003743196139112115
INFO:root:Epoch 5, Step 2500, loss: 0.0962146669626236, disc_loss: 0.0018464199965819716
INFO:root:Generator loss: 0.07767841492969434, Discriminator loss: 0.0060371268711641125
INFO:root:
=== Epoch 5 evaluation ===
INFO:root:=== Evaluation metrics ===
PESQ: 3.0174,SSNR: 9.4657,CSIG: 4.4376,CBAK: 3.6441,COVL: 3.7967,STOI: 0.9503

INFO:root:Epoch 6, Step 500, loss: 0.09942883253097534, disc_loss: 0.009180857799947262
INFO:root:Epoch 6, Step 1000, loss: 0.11970286816358566, disc_loss: 0.0022303645964711905
INFO:root:Epoch 6, Step 1500, loss: 0.06739512085914612, disc_loss: 0.0013724776217713952
INFO:root:Epoch 6, Step 2000, loss: 0.11539273709058762, disc_loss: 0.005927556660026312
INFO:root:Epoch 6, Step 2500, loss: 0.1141573041677475, disc_loss: 0.01263915840536356
INFO:root:Generator loss: 0.07435944694483164, Discriminator loss: 0.005263159629940824
INFO:root:
=== Epoch 6 evaluation ===
INFO:root:=== Evaluation metrics ===
PESQ: 3.2063,SSNR: 9.7152,CSIG: 4.5461,CBAK: 3.7506,COVL: 3.9596,STOI: 0.9514

INFO:root:Epoch 7, Step 500, loss: 0.12632839381694794, disc_loss: 0.0019347666529938579
INFO:root:Epoch 7, Step 1000, loss: 0.11132447421550751, disc_loss: 0.023210421204566956
INFO:root:Epoch 7, Step 1500, loss: 0.09781576693058014, disc_loss: 0.0024960548616945744
INFO:root:Epoch 7, Step 2000, loss: 0.13387636840343475, disc_loss: 0.002641435246914625
INFO:root:Epoch 7, Step 2500, loss: 0.057516612112522125, disc_loss: 0.0034048729576170444
INFO:root:Generator loss: 0.07869674670464784, Discriminator loss: 0.00520296610959775
INFO:root:
=== Epoch 7 evaluation ===
INFO:root:=== Evaluation metrics ===
PESQ: 2.9664,SSNR: 10.0052,CSIG: 4.4062,CBAK: 3.6543,COVL: 3.7470,STOI: 0.9516

INFO:root:Epoch 8, Step 500, loss: 0.08196989446878433, disc_loss: 0.0028052355628460646
INFO:root:Epoch 8, Step 1000, loss: 0.07878214120864868, disc_loss: 0.00489609781652689
INFO:root:Epoch 8, Step 1500, loss: 0.10232578217983246, disc_loss: 0.0021457038819789886
INFO:root:Epoch 8, Step 2000, loss: 0.08818120509386063, disc_loss: 0.0005745536182075739
INFO:root:Epoch 8, Step 2500, loss: 0.07084563374519348, disc_loss: 0.0043005626648664474
INFO:root:Generator loss: 0.07217769035436575, Discriminator loss: 0.009102223644590285
INFO:root:
=== Epoch 8 evaluation ===
INFO:root:=== Evaluation metrics ===
PESQ: 3.1410,SSNR: 9.9342,CSIG: 4.4738,CBAK: 3.7341,COVL: 3.8802,STOI: 0.9523

INFO:root:Epoch 9, Step 500, loss: 0.10829930007457733, disc_loss: 0.0024872489739209414
INFO:root:Epoch 9, Step 1000, loss: 0.12356036901473999, disc_loss: 0.0025840254966169596
INFO:root:Epoch 9, Step 1500, loss: 0.12334804236888885, disc_loss: 0.0026847387198358774
INFO:root:Epoch 9, Step 2000, loss: 0.08206261694431305, disc_loss: 0.0010926114628091455
INFO:root:Epoch 9, Step 2500, loss: 0.09173755347728729, disc_loss: 0.0033332197926938534
INFO:root:Generator loss: 0.07616392825051997, Discriminator loss: 0.007386077625499823
INFO:root:
=== Epoch 9 evaluation ===
INFO:root:=== Evaluation metrics ===
PESQ: 3.1721,SSNR: 9.2725,CSIG: 4.4812,CBAK: 3.7006,COVL: 3.8976,STOI: 0.9528

INFO:root:Epoch 10, Step 500, loss: 0.1212465837597847, disc_loss: 0.0011032435577362776
INFO:root:Epoch 10, Step 1000, loss: 0.10287486761808395, disc_loss: 0.0011847352143377066
INFO:root:Epoch 10, Step 1500, loss: 0.08552950620651245, disc_loss: 0.002083718776702881
INFO:root:Epoch 10, Step 2000, loss: 0.09807873517274857, disc_loss: 0.001056733657605946
INFO:root:Epoch 10, Step 2500, loss: 0.037406641989946365, disc_loss: 0.0012698732316493988
INFO:root:Generator loss: 0.07081536558067915, Discriminator loss: 0.006723876627378541
INFO:root:
=== Epoch 10 evaluation ===
INFO:root:=== Evaluation metrics ===
PESQ: 3.2370,SSNR: 9.8610,CSIG: 4.5319,CBAK: 3.7741,COVL: 3.9686,STOI: 0.9530

INFO:root:Epoch 11, Step 500, loss: 0.09665372967720032, disc_loss: 0.08453621715307236
INFO:root:Epoch 11, Step 1000, loss: 0.10222653299570084, disc_loss: 0.00030638035968877375
INFO:root:Epoch 11, Step 1500, loss: 0.13414733111858368, disc_loss: 0.000723079894669354
INFO:root:Epoch 11, Step 2000, loss: 0.10330836474895477, disc_loss: 0.0026594253722578287
INFO:root:Epoch 11, Step 2500, loss: 0.12196020781993866, disc_loss: 0.0011007462162524462
INFO:root:Generator loss: 0.07137825853616289, Discriminator loss: 0.007968935918981816
INFO:root:
=== Epoch 11 evaluation ===
INFO:root:=== Evaluation metrics ===
PESQ: 3.2680,SSNR: 9.6422,CSIG: 4.4924,CBAK: 3.7750,COVL: 3.9604,STOI: 0.9520

INFO:root:Epoch 12, Step 500, loss: 0.13416269421577454, disc_loss: 0.0023417361080646515
INFO:root:Epoch 12, Step 1000, loss: 0.07786990702152252, disc_loss: 0.006091964431107044
INFO:root:Epoch 12, Step 1500, loss: 0.11939965933561325, disc_loss: 0.0010596918873488903
INFO:root:Epoch 12, Step 2000, loss: 0.12542515993118286, disc_loss: 0.005602341610938311
INFO:root:Epoch 12, Step 2500, loss: 0.1543533056974411, disc_loss: 0.004343694541603327
INFO:root:Generator loss: 0.07056875580252664, Discriminator loss: 0.007469845262782205
INFO:root:
=== Epoch 12 evaluation ===
INFO:root:=== Evaluation metrics ===
PESQ: 3.1967,SSNR: 9.9732,CSIG: 4.4986,CBAK: 3.7619,COVL: 3.9281,STOI: 0.9540

INFO:root:Epoch 13, Step 500, loss: 0.1111980751156807, disc_loss: 0.0020876051858067513
INFO:root:Epoch 13, Step 1000, loss: 0.09526380896568298, disc_loss: 0.0008602335001341999
INFO:root:Epoch 13, Step 1500, loss: 0.1360507607460022, disc_loss: 0.001465119537897408
INFO:root:Epoch 13, Step 2000, loss: 0.11794249713420868, disc_loss: 0.0008610579534433782
INFO:root:Epoch 13, Step 2500, loss: 0.10451111942529678, disc_loss: 0.005500908009707928
INFO:root:Generator loss: 0.06861308444906207, Discriminator loss: 0.004947712231900439
INFO:root:
=== Epoch 13 evaluation ===
INFO:root:=== Evaluation metrics ===
PESQ: 3.1982,SSNR: 10.1530,CSIG: 4.4921,CBAK: 3.7762,COVL: 3.9174,STOI: 0.9540

INFO:root:Epoch 14, Step 500, loss: 0.07772456109523773, disc_loss: 0.004261660389602184
INFO:root:Epoch 14, Step 1000, loss: 0.047306161373853683, disc_loss: 0.003953923936933279
INFO:root:Epoch 14, Step 1500, loss: 0.05421216040849686, disc_loss: 0.0006838483968749642
INFO:root:Epoch 14, Step 2000, loss: 0.07897989451885223, disc_loss: 0.000984154175966978
INFO:root:Epoch 14, Step 2500, loss: 0.0513162687420845, disc_loss: 0.001403248286806047
INFO:root:Generator loss: 0.07035576951807564, Discriminator loss: 0.00751510499275823
INFO:root:
=== Epoch 14 evaluation ===
INFO:root:=== Evaluation metrics ===
PESQ: 3.2806,SSNR: 9.4856,CSIG: 4.5448,CBAK: 3.7680,COVL: 3.9967,STOI: 0.9542

INFO:root:Epoch 15, Step 500, loss: 0.10472384840250015, disc_loss: 0.00039147536153905094
INFO:root:Epoch 15, Step 1000, loss: 0.0884779766201973, disc_loss: 0.0009960361057892442
INFO:root:Epoch 15, Step 1500, loss: 0.09089687466621399, disc_loss: 0.004278324078768492
INFO:root:Epoch 15, Step 2000, loss: 0.07547654956579208, disc_loss: 0.001493492047302425
INFO:root:Epoch 15, Step 2500, loss: 0.12293710559606552, disc_loss: 0.001095654210075736
INFO:root:Generator loss: 0.06785884956169186, Discriminator loss: 0.008707981111284135
INFO:root:
=== Epoch 15 evaluation ===
INFO:root:=== Evaluation metrics ===
PESQ: 3.2665,SSNR: 9.9189,CSIG: 4.5476,CBAK: 3.7933,COVL: 3.9967,STOI: 0.9540

INFO:root:Epoch 16, Step 500, loss: 0.09102686494588852, disc_loss: 0.019403893500566483
INFO:root:Epoch 16, Step 1000, loss: 0.07899265736341476, disc_loss: 0.0010809502564370632
INFO:root:Epoch 16, Step 1500, loss: 0.10535485297441483, disc_loss: 9.086103818845004e-05
INFO:root:Epoch 16, Step 2000, loss: 0.10114286094903946, disc_loss: 0.00266872625797987
INFO:root:Epoch 16, Step 2500, loss: 0.060977112501859665, disc_loss: 0.0010798024013638496
INFO:root:Generator loss: 0.06939324597348866, Discriminator loss: 0.009197302336987668
INFO:root:
=== Epoch 16 evaluation ===
INFO:root:=== Evaluation metrics ===
PESQ: 3.2237,SSNR: 10.1176,CSIG: 4.5155,CBAK: 3.7857,COVL: 3.9512,STOI: 0.9550

INFO:root:Epoch 17, Step 500, loss: 0.10213965177536011, disc_loss: 0.0015797476517036557
INFO:root:Epoch 17, Step 1000, loss: 0.06807608157396317, disc_loss: 0.0009810220217332244
INFO:root:Epoch 17, Step 1500, loss: 0.10363161563873291, disc_loss: 0.00042192076216451824
INFO:root:Epoch 17, Step 2000, loss: 0.07245039194822311, disc_loss: 0.0015579571481794119
INFO:root:Epoch 17, Step 2500, loss: 0.09222789108753204, disc_loss: 0.0008013710030354559
INFO:root:Generator loss: 0.06856705962671238, Discriminator loss: 0.006610763228715406
INFO:root:
=== Epoch 17 evaluation ===
INFO:root:=== Evaluation metrics ===
PESQ: 3.2114,SSNR: 10.1182,CSIG: 4.5524,CBAK: 3.7808,COVL: 3.9673,STOI: 0.9550

INFO:root:Epoch 18, Step 500, loss: 0.059058696031570435, disc_loss: 0.0018970734672620893
INFO:root:Epoch 18, Step 1000, loss: 0.09388914704322815, disc_loss: 0.0007018540054559708
INFO:root:Epoch 18, Step 1500, loss: 0.09492892026901245, disc_loss: 0.0013894949806854129
INFO:root:Epoch 18, Step 2000, loss: 0.08954905718564987, disc_loss: 0.001390491845086217
INFO:root:Epoch 18, Step 2500, loss: 0.11013831198215485, disc_loss: 0.00249247788451612
INFO:root:Generator loss: 0.06602075554936834, Discriminator loss: 0.005819351781222227
INFO:root:
=== Epoch 18 evaluation ===
INFO:root:=== Evaluation metrics ===
PESQ: 3.3558,SSNR: 10.2104,CSIG: 4.5875,CBAK: 3.8558,COVL: 4.0642,STOI: 0.9537

INFO:root:Epoch 19, Step 500, loss: 0.0992765799164772, disc_loss: 0.0009712899918667972
INFO:root:Epoch 19, Step 1000, loss: 0.09208500385284424, disc_loss: 0.0028806193731725216
INFO:root:Epoch 19, Step 1500, loss: 0.08690294623374939, disc_loss: 0.00047583357081748545
INFO:root:Epoch 19, Step 2000, loss: 0.07582440972328186, disc_loss: 0.0018378256354480982
INFO:root:Epoch 19, Step 2500, loss: 0.07803202420473099, disc_loss: 0.0018417518585920334
INFO:root:Generator loss: 0.06419742603795332, Discriminator loss: 0.00571579933324032
INFO:root:
=== Epoch 19 evaluation ===
INFO:root:=== Evaluation metrics ===
PESQ: 3.3316,SSNR: 10.5162,CSIG: 4.5662,CBAK: 3.8645,COVL: 4.0397,STOI: 0.9557

INFO:root:Epoch 20, Step 500, loss: 0.09308382868766785, disc_loss: 0.0011127686593681574
INFO:root:Epoch 20, Step 1000, loss: 0.07739981263875961, disc_loss: 0.002858378691598773
INFO:root:Epoch 20, Step 1500, loss: 0.07987948507070541, disc_loss: 0.00029886976699344814
INFO:root:Epoch 20, Step 2000, loss: 0.12406032532453537, disc_loss: 0.0025367680937051773
INFO:root:Epoch 20, Step 2500, loss: 0.12717974185943604, disc_loss: 0.0007726679905317724
INFO:root:Generator loss: 0.06497181056844957, Discriminator loss: 0.004620681525364807
INFO:root:
=== Epoch 20 evaluation ===
INFO:root:=== Evaluation metrics ===
PESQ: 3.3717,SSNR: 10.3149,CSIG: 4.5716,CBAK: 3.8702,COVL: 4.0636,STOI: 0.9551

INFO:root:Epoch 21, Step 500, loss: 0.08429019898176193, disc_loss: 0.004503658972680569
INFO:root:Epoch 21, Step 1000, loss: 0.10040530562400818, disc_loss: 0.006025846116244793
INFO:root:Epoch 21, Step 1500, loss: 0.12057875096797943, disc_loss: 0.001666199415922165
INFO:root:Epoch 21, Step 2000, loss: 0.14019787311553955, disc_loss: 0.0008696974255144596
INFO:root:Epoch 21, Step 2500, loss: 0.06266811490058899, disc_loss: 0.0005975898238830268
INFO:root:Generator loss: 0.06849025147379313, Discriminator loss: 0.005905193398840549
INFO:root:
=== Epoch 21 evaluation ===
INFO:root:=== Evaluation metrics ===
PESQ: 3.2710,SSNR: 10.0632,CSIG: 4.5473,CBAK: 3.8045,COVL: 3.9960,STOI: 0.9558

INFO:root:Epoch 22, Step 500, loss: 0.12110909074544907, disc_loss: 0.0020091773476451635
INFO:root:Epoch 22, Step 1000, loss: 0.10358487069606781, disc_loss: 0.013637357391417027
INFO:root:Epoch 22, Step 1500, loss: 0.08110511302947998, disc_loss: 0.0010878685861825943
INFO:root:Epoch 22, Step 2000, loss: 0.11904967576265335, disc_loss: 0.002501498209312558
INFO:root:Epoch 22, Step 2500, loss: 0.09556728601455688, disc_loss: 0.0033493749797344208
INFO:root:Generator loss: 0.06649851231175719, Discriminator loss: 0.00815279395540979
INFO:root:
=== Epoch 22 evaluation ===
INFO:root:=== Evaluation metrics ===
PESQ: 3.2977,SSNR: 10.0241,CSIG: 4.5518,CBAK: 3.8161,COVL: 4.0156,STOI: 0.9531

INFO:root:Epoch 23, Step 500, loss: 0.0711183100938797, disc_loss: 0.0004775642300955951
INFO:root:Epoch 23, Step 1000, loss: 0.08817242085933685, disc_loss: 0.00197911006398499
INFO:root:Epoch 23, Step 1500, loss: 0.051915302872657776, disc_loss: 0.0029873272869735956
INFO:root:Epoch 23, Step 2000, loss: 0.11352594196796417, disc_loss: 0.001001883763819933
INFO:root:Epoch 23, Step 2500, loss: 0.041469670832157135, disc_loss: 0.0012667120900005102
INFO:root:Generator loss: 0.06559688967733997, Discriminator loss: 0.00563616704268003
INFO:root:
=== Epoch 23 evaluation ===
INFO:root:=== Evaluation metrics ===
PESQ: 3.3044,SSNR: 10.2061,CSIG: 4.5908,CBAK: 3.8300,COVL: 4.0395,STOI: 0.9551

INFO:root:Epoch 24, Step 500, loss: 0.0693436786532402, disc_loss: 0.0005187265924178064
INFO:root:Epoch 24, Step 1000, loss: 0.09968365728855133, disc_loss: 0.0012491473462432623
INFO:root:Epoch 24, Step 1500, loss: 0.10219059884548187, disc_loss: 0.002429469721391797
INFO:root:Epoch 24, Step 2000, loss: 0.10667725652456284, disc_loss: 0.0008650908712297678
INFO:root:Epoch 24, Step 2500, loss: 0.07648266851902008, disc_loss: 0.00044153592898510396
INFO:root:Generator loss: 0.06448380002589191, Discriminator loss: 0.006136992986108294
INFO:root:
=== Epoch 24 evaluation ===
INFO:root:=== Evaluation metrics ===
PESQ: 3.3263,SSNR: 10.2795,CSIG: 4.5840,CBAK: 3.8466,COVL: 4.0480,STOI: 0.9553

INFO:root:Epoch 25, Step 500, loss: 0.09443829953670502, disc_loss: 0.001055170432664454
INFO:root:Epoch 25, Step 1000, loss: 0.06659060716629028, disc_loss: 0.000515459047164768
INFO:root:Epoch 25, Step 1500, loss: 0.1295841634273529, disc_loss: 0.0015855180099606514
INFO:root:Epoch 25, Step 2000, loss: 0.08253370225429535, disc_loss: 0.0012090251548215747
INFO:root:Epoch 25, Step 2500, loss: 0.0962945744395256, disc_loss: 0.0011445075506344438
INFO:root:Generator loss: 0.06506036429042086, Discriminator loss: 0.007296983523631143
INFO:root:
=== Epoch 25 evaluation ===
INFO:root:=== Evaluation metrics ===
PESQ: 3.3324,SSNR: 10.3209,CSIG: 4.5723,CBAK: 3.8511,COVL: 4.0441,STOI: 0.9559

INFO:root:Epoch 26, Step 500, loss: 0.08659126609563828, disc_loss: 0.0007062300574034452
INFO:root:Epoch 26, Step 1000, loss: 0.10205785930156708, disc_loss: 0.0003066000936087221
INFO:root:Epoch 26, Step 1500, loss: 0.11780491471290588, disc_loss: 0.0005548279150389135
INFO:root:Epoch 26, Step 2000, loss: 0.08990008383989334, disc_loss: 0.0007095957407727838
INFO:root:Epoch 26, Step 2500, loss: 0.062096524983644485, disc_loss: 0.002644246444106102
INFO:root:Generator loss: 0.0664585679498257, Discriminator loss: 0.007153826349962206
INFO:root:
=== Epoch 26 evaluation ===
INFO:root:=== Evaluation metrics ===
PESQ: 3.3003,SSNR: 10.0346,CSIG: 4.5655,CBAK: 3.8172,COVL: 4.0253,STOI: 0.9555

INFO:root:Epoch 27, Step 500, loss: 0.0749894380569458, disc_loss: 0.0017399598145857453
INFO:root:Epoch 27, Step 1000, loss: 0.06584591418504715, disc_loss: 6.861134170321748e-05
INFO:root:Epoch 27, Step 1500, loss: 0.054258398711681366, disc_loss: 0.0019687132444232702
INFO:root:Epoch 27, Step 2000, loss: 0.0753386840224266, disc_loss: 0.0004412952985148877
INFO:root:Epoch 27, Step 2500, loss: 0.08913417160511017, disc_loss: 0.0031284138094633818
INFO:root:Generator loss: 0.06607849226848593, Discriminator loss: 0.005087271594251415
INFO:root:
=== Epoch 27 evaluation ===
INFO:root:=== Evaluation metrics ===
PESQ: 3.3478,SSNR: 9.8539,CSIG: 4.5699,CBAK: 3.8275,COVL: 4.0512,STOI: 0.9559

INFO:root:Epoch 28, Step 500, loss: 0.07443337887525558, disc_loss: 0.0008810756262391806
INFO:root:Epoch 28, Step 1000, loss: 0.06747563183307648, disc_loss: 0.0010002248454838991
INFO:root:Epoch 28, Step 1500, loss: 0.0996425449848175, disc_loss: 0.001606804202310741
INFO:root:Epoch 28, Step 2000, loss: 0.07386919111013412, disc_loss: 0.0010965254623442888
INFO:root:Epoch 28, Step 2500, loss: 0.1043781191110611, disc_loss: 0.0007566000567749143
INFO:root:Generator loss: 0.06358136665256857, Discriminator loss: 0.004825536183983504
INFO:root:
=== Epoch 28 evaluation ===
INFO:root:=== Evaluation metrics ===
PESQ: 3.3292,SSNR: 10.4751,CSIG: 4.5819,CBAK: 3.8605,COVL: 4.0464,STOI: 0.9560

INFO:root:Epoch 29, Step 500, loss: 0.06944619119167328, disc_loss: 0.0012596785090863705
INFO:root:Epoch 29, Step 1000, loss: 0.08826984465122223, disc_loss: 0.0018111378885805607
INFO:root:Epoch 29, Step 1500, loss: 0.07608391344547272, disc_loss: 0.0013541271910071373
INFO:root:Epoch 29, Step 2000, loss: 0.07566378265619278, disc_loss: 0.0014892966719344258
INFO:root:Epoch 29, Step 2500, loss: 0.09296843409538269, disc_loss: 0.0021692828740924597
INFO:root:Generator loss: 0.06470921871623078, Discriminator loss: 0.008044474364317121
INFO:root:
=== Epoch 29 evaluation ===
INFO:root:=== Evaluation metrics ===
PESQ: 3.3322,SSNR: 10.2243,CSIG: 4.5654,CBAK: 3.8433,COVL: 4.0398,STOI: 0.9566

INFO:root:Epoch 30, Step 500, loss: 0.06099137291312218, disc_loss: 0.0011917350348085165
INFO:root:Epoch 30, Step 1000, loss: 0.08433379232883453, disc_loss: 0.0004837484157178551
INFO:root:Epoch 30, Step 1500, loss: 0.09359542280435562, disc_loss: 0.0014393931487575173
INFO:root:Epoch 30, Step 2000, loss: 0.09447266906499863, disc_loss: 0.00012941235036123544
INFO:root:Epoch 30, Step 2500, loss: 0.05930657312273979, disc_loss: 0.0005090221529826522
INFO:root:Generator loss: 0.06578791895610037, Discriminator loss: 0.005343276779526208
INFO:root:
=== Epoch 30 evaluation ===
INFO:root:=== Evaluation metrics ===
PESQ: 3.3712,SSNR: 10.2753,CSIG: 4.5739,CBAK: 3.8669,COVL: 4.0696,STOI: 0.9546

INFO:root:Epoch 31, Step 500, loss: 0.07934679836034775, disc_loss: 0.006820136681199074
INFO:root:Epoch 31, Step 1000, loss: 0.0897400975227356, disc_loss: 0.0012118410086259246
INFO:root:Epoch 31, Step 1500, loss: 0.07444611936807632, disc_loss: 0.0014671428361907601
INFO:root:Epoch 31, Step 2000, loss: 0.09489427506923676, disc_loss: 0.005096361972391605
INFO:root:Epoch 31, Step 2500, loss: 0.08157281577587128, disc_loss: 0.002168326871469617
INFO:root:Generator loss: 0.06313550830321404, Discriminator loss: 0.006835204703588936
INFO:root:
=== Epoch 31 evaluation ===
INFO:root:=== Evaluation metrics ===
PESQ: 3.2980,SSNR: 10.6200,CSIG: 4.5694,CBAK: 3.8550,COVL: 4.0223,STOI: 0.9565

INFO:root:Epoch 32, Step 500, loss: 0.12452336400747299, disc_loss: 0.00027194348513148725
INFO:root:Epoch 32, Step 1000, loss: 0.0904318168759346, disc_loss: 0.001561712590046227
INFO:root:Epoch 32, Step 1500, loss: 0.10411761701107025, disc_loss: 0.0009360628901049495
INFO:root:Epoch 32, Step 2000, loss: 0.10924098640680313, disc_loss: 0.0006759529351256788
INFO:root:Epoch 32, Step 2500, loss: 0.08438348770141602, disc_loss: 0.000976325012743473
INFO:root:Generator loss: 0.06383772128379171, Discriminator loss: 0.005774217026131719
INFO:root:
=== Epoch 32 evaluation ===
INFO:root:=== Evaluation metrics ===
PESQ: 3.3409,SSNR: 10.4545,CSIG: 4.5817,CBAK: 3.8648,COVL: 4.0562,STOI: 0.9559

INFO:root:Epoch 33, Step 500, loss: 0.07943890243768692, disc_loss: 0.0004213613865431398
INFO:root:Epoch 33, Step 1000, loss: 0.09099237620830536, disc_loss: 0.0004550576559267938
INFO:root:Epoch 33, Step 1500, loss: 0.0936553031206131, disc_loss: 0.0009401361458003521
INFO:root:Epoch 33, Step 2000, loss: 0.10822378098964691, disc_loss: 0.001085180789232254
INFO:root:Epoch 33, Step 2500, loss: 0.06742051243782043, disc_loss: 0.0014218114083632827
INFO:root:Generator loss: 0.06558183001951107, Discriminator loss: 0.007418479064654093
INFO:root:
=== Epoch 33 evaluation ===
INFO:root:=== Evaluation metrics ===
PESQ: 3.3024,SSNR: 10.3454,CSIG: 4.5475,CBAK: 3.8385,COVL: 4.0151,STOI: 0.9567

INFO:root:Epoch 34, Step 500, loss: 0.07647298276424408, disc_loss: 0.003011142136529088
INFO:root:Epoch 34, Step 1000, loss: 0.06902899593114853, disc_loss: 0.0023477310314774513
INFO:root:Epoch 34, Step 1500, loss: 0.10575372725725174, disc_loss: 0.0008869920275174081
INFO:root:Epoch 34, Step 2000, loss: 0.08445975184440613, disc_loss: 0.00045200271415524185
INFO:root:Epoch 34, Step 2500, loss: 0.06636753678321838, disc_loss: 0.0018590452382341027
INFO:root:Generator loss: 0.06519180472976374, Discriminator loss: 0.00684675517377135
INFO:root:
=== Epoch 34 evaluation ===
INFO:root:=== Evaluation metrics ===
PESQ: 3.3336,SSNR: 10.0413,CSIG: 4.5772,CBAK: 3.8334,COVL: 4.0489,STOI: 0.9564

INFO:root:Epoch 35, Step 500, loss: 0.09651768952608109, disc_loss: 0.000190161241334863
INFO:root:Epoch 35, Step 1000, loss: 0.09970074146986008, disc_loss: 0.0008289532270282507
INFO:root:Epoch 35, Step 1500, loss: 0.05901160463690758, disc_loss: 0.0006215522298589349
INFO:root:Epoch 35, Step 2000, loss: 0.08348067104816437, disc_loss: 0.001578964525833726
INFO:root:Epoch 35, Step 2500, loss: 0.06830890476703644, disc_loss: 0.0010546589037403464
INFO:root:Generator loss: 0.06517920789571063, Discriminator loss: 0.0062080991019419106
INFO:root:
=== Epoch 35 evaluation ===
INFO:root:=== Evaluation metrics ===
PESQ: 3.3764,SSNR: 10.1254,CSIG: 4.5660,CBAK: 3.8589,COVL: 4.0657,STOI: 0.9559

INFO:root:Epoch 36, Step 500, loss: 0.06977518647909164, disc_loss: 0.0013016695156693459
INFO:root:Epoch 36, Step 1000, loss: 0.1109171211719513, disc_loss: 0.002469568280503154
INFO:root:Epoch 36, Step 1500, loss: 0.06460072845220566, disc_loss: 0.0008863386465236545
INFO:root:Epoch 36, Step 2000, loss: 0.054296836256980896, disc_loss: 0.002117912517860532
INFO:root:Epoch 36, Step 2500, loss: 0.05625304952263832, disc_loss: 0.0011960179544985294
INFO:root:Generator loss: 0.06297876388377067, Discriminator loss: 0.005240619276626656
INFO:root:
=== Epoch 36 evaluation ===
INFO:root:=== Evaluation metrics ===
PESQ: 3.3721,SSNR: 10.4945,CSIG: 4.5962,CBAK: 3.8821,COVL: 4.0805,STOI: 0.9566

INFO:root:Epoch 37, Step 500, loss: 0.06941739469766617, disc_loss: 0.0007051152642816305
INFO:root:Epoch 37, Step 1000, loss: 0.09371429681777954, disc_loss: 0.0006179175106808543
INFO:root:Epoch 37, Step 1500, loss: 0.08456210047006607, disc_loss: 0.0004182163393124938
INFO:root:Epoch 37, Step 2000, loss: 0.08881646394729614, disc_loss: 0.001918383059091866
INFO:root:Epoch 37, Step 2500, loss: 0.08607634902000427, disc_loss: 0.0004996401839889586
INFO:root:Generator loss: 0.06350361196848664, Discriminator loss: 0.0050383050905120135
INFO:root:
=== Epoch 37 evaluation ===
INFO:root:=== Evaluation metrics ===
PESQ: 3.3290,SSNR: 10.4561,CSIG: 4.5864,CBAK: 3.8591,COVL: 4.0501,STOI: 0.9566

INFO:root:Epoch 38, Step 500, loss: 0.08155756443738937, disc_loss: 0.001026367419399321
INFO:root:Epoch 38, Step 1000, loss: 0.10200312733650208, disc_loss: 4.906287358608097e-05
INFO:root:Epoch 38, Step 1500, loss: 0.08346477895975113, disc_loss: 0.00041879661148414016
INFO:root:Epoch 38, Step 2000, loss: 0.06813941895961761, disc_loss: 0.0021675166208297014
INFO:root:Epoch 38, Step 2500, loss: 0.048227958381175995, disc_loss: 0.0006626683752983809
INFO:root:Generator loss: 0.06399891450458649, Discriminator loss: 0.005330157433702888
INFO:root:
=== Epoch 38 evaluation ===
INFO:root:=== Evaluation metrics ===
PESQ: 3.3258,SSNR: 10.3619,CSIG: 4.5864,CBAK: 3.8510,COVL: 4.0492,STOI: 0.9569

INFO:root:Epoch 39, Step 500, loss: 0.06054148077964783, disc_loss: 0.0026660237926989794
INFO:root:Epoch 39, Step 1000, loss: 0.07132207602262497, disc_loss: 0.0014324667863547802
INFO:root:Epoch 39, Step 1500, loss: 0.08606534451246262, disc_loss: 0.0006044962210580707
INFO:root:Epoch 39, Step 2000, loss: 0.08044678717851639, disc_loss: 0.001988487783819437
INFO:root:Epoch 39, Step 2500, loss: 0.07440543174743652, disc_loss: 0.0012092413380742073
INFO:root:Generator loss: 0.06426232258418521, Discriminator loss: 0.0055186418735634684
INFO:root:
=== Epoch 39 evaluation ===
INFO:root:=== Evaluation metrics ===
PESQ: 3.3257,SSNR: 10.3971,CSIG: 4.5745,CBAK: 3.8522,COVL: 4.0437,STOI: 0.9566

INFO:root:Epoch 40, Step 500, loss: 0.07511129975318909, disc_loss: 0.00036201655166223645
INFO:root:Epoch 40, Step 1000, loss: 0.0701388418674469, disc_loss: 0.0025220795068889856
INFO:root:Epoch 40, Step 1500, loss: 0.07225797325372696, disc_loss: 0.0015512226382270455
INFO:root:Epoch 40, Step 2000, loss: 0.0754336565732956, disc_loss: 0.0012062325840815902
INFO:root:Epoch 40, Step 2500, loss: 0.10032332688570023, disc_loss: 0.018577003851532936
INFO:root:Generator loss: 0.0637621753080522, Discriminator loss: 0.008003417659636804
INFO:root:
=== Epoch 40 evaluation ===
INFO:root:=== Evaluation metrics ===
PESQ: 3.3489,SSNR: 10.4015,CSIG: 4.5898,CBAK: 3.8634,COVL: 4.0662,STOI: 0.9564

INFO:root:Epoch 41, Step 500, loss: 0.08057650178670883, disc_loss: 0.0008380856597796082
INFO:root:Epoch 41, Step 1000, loss: 0.10949176549911499, disc_loss: 0.0012185890227556229
INFO:root:Epoch 41, Step 1500, loss: 0.0853215679526329, disc_loss: 0.000206118929781951
INFO:root:Epoch 41, Step 2000, loss: 0.05696380138397217, disc_loss: 0.00040441282908432186
INFO:root:Epoch 41, Step 2500, loss: 0.04735513776540756, disc_loss: 0.000884742068592459
INFO:root:Generator loss: 0.06359506570236775, Discriminator loss: 0.006056856889434801
INFO:root:
=== Epoch 41 evaluation ===
INFO:root:=== Evaluation metrics ===
PESQ: 3.3115,SSNR: 10.5848,CSIG: 4.5657,CBAK: 3.8583,COVL: 4.0283,STOI: 0.9572

INFO:root:Epoch 42, Step 500, loss: 0.09137541055679321, disc_loss: 0.0052317664958536625
INFO:root:Epoch 42, Step 1000, loss: 0.06340021640062332, disc_loss: 0.0024239658378064632
INFO:root:Epoch 42, Step 1500, loss: 0.09072358906269073, disc_loss: 0.0011281829793006182
INFO:root:Epoch 42, Step 2000, loss: 0.06512780487537384, disc_loss: 0.0009542080806568265
INFO:root:Epoch 42, Step 2500, loss: 0.08991996198892593, disc_loss: 0.0010994771728292108
INFO:root:Generator loss: 0.06373858266482943, Discriminator loss: 0.0054652970015790165
INFO:root:
=== Epoch 42 evaluation ===
INFO:root:=== Evaluation metrics ===
PESQ: 3.3486,SSNR: 10.4651,CSIG: 4.5762,CBAK: 3.8683,COVL: 4.0572,STOI: 0.9566

INFO:root:Epoch 43, Step 500, loss: 0.06729686260223389, disc_loss: 0.0005595925613306463
INFO:root:Epoch 43, Step 1000, loss: 0.10032133013010025, disc_loss: 0.0002651552204042673
INFO:root:Epoch 43, Step 1500, loss: 0.05273464694619179, disc_loss: 0.0015911278314888477
INFO:root:Epoch 43, Step 2000, loss: 0.07500714808702469, disc_loss: 0.00029627850744873285
INFO:root:Epoch 43, Step 2500, loss: 0.08159102499485016, disc_loss: 0.00042274093721061945
INFO:root:Generator loss: 0.06380060323269911, Discriminator loss: 0.007130441579188433
INFO:root:
=== Epoch 43 evaluation ===
INFO:root:=== Evaluation metrics ===
PESQ: 3.3334,SSNR: 10.4142,CSIG: 4.5718,CBAK: 3.8577,COVL: 4.0487,STOI: 0.9565

INFO:root:Epoch 44, Step 500, loss: 0.08517957478761673, disc_loss: 0.001947675016708672
INFO:root:Epoch 44, Step 1000, loss: 0.056128837168216705, disc_loss: 0.0008010255987755954
INFO:root:Epoch 44, Step 1500, loss: 0.0879490002989769, disc_loss: 0.002010202035307884
INFO:root:Epoch 44, Step 2000, loss: 0.0819520652294159, disc_loss: 0.0005661604227498174
INFO:root:Epoch 44, Step 2500, loss: 0.04734581708908081, disc_loss: 0.0006592225399799645
INFO:root:Generator loss: 0.06400636235450946, Discriminator loss: 0.006493831390984163
INFO:root:
=== Epoch 44 evaluation ===
INFO:root:=== Evaluation metrics ===
PESQ: 3.3351,SSNR: 10.3728,CSIG: 4.5848,CBAK: 3.8557,COVL: 4.0544,STOI: 0.9565

INFO:root:Epoch 45, Step 500, loss: 0.11935828626155853, disc_loss: 0.000722099095582962
INFO:root:Epoch 45, Step 1000, loss: 0.0808795616030693, disc_loss: 0.0005261301412247121
INFO:root:Epoch 45, Step 1500, loss: 0.10450945794582367, disc_loss: 0.0024427520111203194
INFO:root:Epoch 45, Step 2000, loss: 0.06785861402750015, disc_loss: 0.0016838497249409556
INFO:root:Epoch 45, Step 2500, loss: 0.061710819602012634, disc_loss: 0.0034539224579930305
INFO:root:Generator loss: 0.06591899028427682, Discriminator loss: 0.0067886336950393955
INFO:root:
=== Epoch 45 evaluation ===
INFO:root:=== Evaluation metrics ===
PESQ: 3.3023,SSNR: 10.0244,CSIG: 4.5610,CBAK: 3.8161,COVL: 4.0221,STOI: 0.9572

INFO:root:Epoch 46, Step 500, loss: 0.12425496429204941, disc_loss: 0.0009299946250393987
INFO:root:Epoch 46, Step 1000, loss: 0.08148868381977081, disc_loss: 0.0008426446001976728
INFO:root:Epoch 46, Step 1500, loss: 0.1110546737909317, disc_loss: 0.00011804670066339895
INFO:root:Epoch 46, Step 2000, loss: 0.07028099149465561, disc_loss: 0.0036515623796731234
INFO:root:Epoch 46, Step 2500, loss: 0.12442543357610703, disc_loss: 0.000625552493147552
INFO:root:Generator loss: 0.0646270481164305, Discriminator loss: 0.005432134491995596
INFO:root:
=== Epoch 46 evaluation ===
INFO:root:=== Evaluation metrics ===
PESQ: 3.3269,SSNR: 10.3167,CSIG: 4.5763,CBAK: 3.8494,COVL: 4.0479,STOI: 0.9572

INFO:root:Epoch 47, Step 500, loss: 0.10376565903425217, disc_loss: 0.0013454901054501534
INFO:root:Epoch 47, Step 1000, loss: 0.06740031391382217, disc_loss: 0.0014849744038656354
INFO:root:Epoch 47, Step 1500, loss: 0.05387832224369049, disc_loss: 0.0021341098472476006
INFO:root:Epoch 47, Step 2000, loss: 0.1205526664853096, disc_loss: 0.0019787547644227743
INFO:root:Epoch 47, Step 2500, loss: 0.06273632496595383, disc_loss: 0.0004980562953278422
INFO:root:Generator loss: 0.06438855337684304, Discriminator loss: 0.004957480394384299
INFO:root:
=== Epoch 47 evaluation ===
INFO:root:=== Evaluation metrics ===
PESQ: 3.3307,SSNR: 10.3756,CSIG: 4.5827,CBAK: 3.8543,COVL: 4.0521,STOI: 0.9567

INFO:root:Epoch 48, Step 500, loss: 0.0928620919585228, disc_loss: 0.0004351153620518744
INFO:root:Epoch 48, Step 1000, loss: 0.05084441602230072, disc_loss: 0.001162698375992477
INFO:root:Epoch 48, Step 1500, loss: 0.08582808077335358, disc_loss: 0.001525219064205885
INFO:root:Epoch 48, Step 2000, loss: 0.0959102064371109, disc_loss: 0.0012321268441155553
INFO:root:Epoch 48, Step 2500, loss: 0.07571477442979813, disc_loss: 0.0005256609292700887
INFO:root:Generator loss: 0.06423039219875648, Discriminator loss: 0.005294010909371704
INFO:root:
=== Epoch 48 evaluation ===
INFO:root:=== Evaluation metrics ===
PESQ: 3.3079,SSNR: 10.4903,CSIG: 4.5695,CBAK: 3.8501,COVL: 4.0313,STOI: 0.9570

INFO:root:Epoch 49, Step 500, loss: 0.08152303844690323, disc_loss: 0.0022176001220941544
INFO:root:Epoch 49, Step 1000, loss: 0.06799644231796265, disc_loss: 0.0006235798937268555
INFO:root:Epoch 49, Step 1500, loss: 0.06762783229351044, disc_loss: 0.002074060495942831
INFO:root:Epoch 49, Step 2000, loss: 0.06669487059116364, disc_loss: 0.00011221285967621952
INFO:root:Epoch 49, Step 2500, loss: 0.11024879664182663, disc_loss: 0.00041619938565418124
INFO:root:Generator loss: 0.06426723655855772, Discriminator loss: 0.0075194341501169356
INFO:root:
=== Epoch 49 evaluation ===
INFO:root:=== Evaluation metrics ===
PESQ: 3.3308,SSNR: 10.3563,CSIG: 4.5692,CBAK: 3.8526,COVL: 4.0439,STOI: 0.9570

INFO:root:Epoch 50, Step 500, loss: 0.11464112997055054, disc_loss: 0.002652018330991268
INFO:root:Epoch 50, Step 1000, loss: 0.07772897928953171, disc_loss: 0.0006318077794276178
INFO:root:Epoch 50, Step 1500, loss: 0.11312837898731232, disc_loss: 0.0009754731436260045
INFO:root:Epoch 50, Step 2000, loss: 0.0737493708729744, disc_loss: 0.04003865644335747
INFO:root:Epoch 50, Step 2500, loss: 0.0831557959318161, disc_loss: 0.0007232117932289839
INFO:root:Generator loss: 0.063681574294217, Discriminator loss: 0.006003096279475128
INFO:root:
=== Epoch 50 evaluation ===
INFO:root:=== Evaluation metrics ===
PESQ: 3.3280,SSNR: 10.4780,CSIG: 4.5805,CBAK: 3.8593,COVL: 4.0485,STOI: 0.9570

INFO:root:Epoch 51, Step 500, loss: 0.0785571038722992, disc_loss: 0.0016829944215714931
INFO:root:Epoch 51, Step 1000, loss: 0.13778138160705566, disc_loss: 0.0005546207539737225
INFO:root:Epoch 51, Step 1500, loss: 0.11827930063009262, disc_loss: 0.0011572038056328893
INFO:root:Epoch 51, Step 2000, loss: 0.07581379264593124, disc_loss: 0.0006290829624049366
INFO:root:Epoch 51, Step 2500, loss: 0.08558082580566406, disc_loss: 0.0014792768051847816
INFO:root:Generator loss: 0.06361796197852174, Discriminator loss: 0.00588786754133694
INFO:root:
=== Epoch 51 evaluation ===
INFO:root:=== Evaluation metrics ===
PESQ: 3.3443,SSNR: 10.3453,CSIG: 4.5863,CBAK: 3.8587,COVL: 4.0612,STOI: 0.9567

INFO:root:Epoch 52, Step 500, loss: 0.046140365302562714, disc_loss: 0.00017785688396543264
INFO:root:Epoch 52, Step 1000, loss: 0.0784744843840599, disc_loss: 0.0003311529289931059
INFO:root:Epoch 52, Step 1500, loss: 0.0647507756948471, disc_loss: 0.00010787497012643144
INFO:root:Epoch 52, Step 2000, loss: 0.08086016029119492, disc_loss: 0.0007661544368602335
INFO:root:Epoch 52, Step 2500, loss: 0.10077076405286789, disc_loss: 0.0003060242161154747
INFO:root:Generator loss: 0.06427224274290708, Discriminator loss: 0.006318266921915742
INFO:root:
=== Epoch 52 evaluation ===
INFO:root:=== Evaluation metrics ===
PESQ: 3.3067,SSNR: 10.4204,CSIG: 4.5805,CBAK: 3.8454,COVL: 4.0371,STOI: 0.9568

INFO:root:Epoch 53, Step 500, loss: 0.050158191472291946, disc_loss: 0.0013464378425851464
INFO:root:Epoch 53, Step 1000, loss: 0.10144881904125214, disc_loss: 0.002826633397489786
INFO:root:Epoch 53, Step 1500, loss: 0.0535045862197876, disc_loss: 0.000504909607116133
INFO:root:Epoch 53, Step 2000, loss: 0.03707180917263031, disc_loss: 0.00040424111648462713
INFO:root:Epoch 53, Step 2500, loss: 0.10489094257354736, disc_loss: 0.0005227075889706612
INFO:root:Generator loss: 0.0632718942914773, Discriminator loss: 0.004976324700515602
INFO:root:
=== Epoch 53 evaluation ===
INFO:root:=== Evaluation metrics ===
PESQ: 3.3440,SSNR: 10.4532,CSIG: 4.5981,CBAK: 3.8655,COVL: 4.0676,STOI: 0.9567

INFO:root:Epoch 54, Step 500, loss: 0.0889621451497078, disc_loss: 0.0012988708913326263
INFO:root:Epoch 54, Step 1000, loss: 0.09762352705001831, disc_loss: 0.0017066113650798798
INFO:root:Epoch 54, Step 1500, loss: 0.07655544579029083, disc_loss: 0.0020278175361454487
INFO:root:Epoch 54, Step 2000, loss: 0.053724173456430435, disc_loss: 0.00044634073856286705
INFO:root:Epoch 54, Step 2500, loss: 0.0532265231013298, disc_loss: 0.0005311509594321251
INFO:root:Generator loss: 0.06332413699405576, Discriminator loss: 0.004947906534759117
INFO:root:
=== Epoch 54 evaluation ===
INFO:root:=== Evaluation metrics ===
PESQ: 3.3476,SSNR: 10.4373,CSIG: 4.5888,CBAK: 3.8668,COVL: 4.0645,STOI: 0.9572

INFO:root:Epoch 55, Step 500, loss: 0.07211191207170486, disc_loss: 0.0003815100935753435
INFO:root:Epoch 55, Step 1000, loss: 0.08070032298564911, disc_loss: 0.02729816734790802
INFO:root:Epoch 55, Step 1500, loss: 0.06790751963853836, disc_loss: 0.0008166544721461833
INFO:root:Epoch 55, Step 2000, loss: 0.08543325215578079, disc_loss: 0.0013251269701868296
INFO:root:Epoch 55, Step 2500, loss: 0.08339662849903107, disc_loss: 0.00038241775473579764
INFO:root:Generator loss: 0.06426940293241183, Discriminator loss: 0.005280404333673695
INFO:root:
=== Epoch 55 evaluation ===
INFO:root:=== Evaluation metrics ===
PESQ: 3.3368,SSNR: 10.3215,CSIG: 4.5812,CBAK: 3.8532,COVL: 4.0542,STOI: 0.9567

INFO:root:Epoch 56, Step 500, loss: 0.10307223349809647, disc_loss: 0.0011929746251553297
INFO:root:Epoch 56, Step 1000, loss: 0.1768050193786621, disc_loss: 0.003162175416946411
INFO:root:Epoch 56, Step 1500, loss: 0.09867048263549805, disc_loss: 0.0027542554307729006
INFO:root:Epoch 56, Step 2000, loss: 0.08603319525718689, disc_loss: 0.0014791330322623253
INFO:root:Epoch 56, Step 2500, loss: 0.06927070766687393, disc_loss: 0.001249838387593627
INFO:root:Generator loss: 0.06337635950592246, Discriminator loss: 0.006109864526337933
INFO:root:
=== Epoch 56 evaluation ===
INFO:root:=== Evaluation metrics ===
PESQ: 3.3519,SSNR: 10.4535,CSIG: 4.5917,CBAK: 3.8694,COVL: 4.0674,STOI: 0.9571

INFO:root:Epoch 57, Step 500, loss: 0.11655686795711517, disc_loss: 0.0012093117693439126
INFO:root:Epoch 57, Step 1000, loss: 0.07435494661331177, disc_loss: 0.00027854382642544806
INFO:root:Epoch 57, Step 1500, loss: 0.06035634130239487, disc_loss: 0.0006665250984951854
INFO:root:Epoch 57, Step 2000, loss: 0.062242187559604645, disc_loss: 0.00013257123646326363
INFO:root:Epoch 57, Step 2500, loss: 0.07758212089538574, disc_loss: 0.001301444135606289
INFO:root:Generator loss: 0.06359994947657134, Discriminator loss: 0.004930782997777976
INFO:root:
=== Epoch 57 evaluation ===
INFO:root:=== Evaluation metrics ===
PESQ: 3.3418,SSNR: 10.4130,CSIG: 4.5924,CBAK: 3.8621,COVL: 4.0639,STOI: 0.9571

INFO:root:Epoch 58, Step 500, loss: 0.06458480656147003, disc_loss: 0.00095167919062078
INFO:root:Epoch 58, Step 1000, loss: 0.07393895834684372, disc_loss: 0.0035674592945724726
INFO:root:Epoch 58, Step 1500, loss: 0.0760517418384552, disc_loss: 0.0006553686689585447
INFO:root:Epoch 58, Step 2000, loss: 0.0656275749206543, disc_loss: 0.0005277690361253917
INFO:root:Epoch 58, Step 2500, loss: 0.08001692593097687, disc_loss: 0.0007085110410116613
INFO:root:Generator loss: 0.06356057686532296, Discriminator loss: 0.006044320718077852
INFO:root:
=== Epoch 58 evaluation ===
INFO:root:=== Evaluation metrics ===
PESQ: 3.3428,SSNR: 10.4337,CSIG: 4.5898,CBAK: 3.8634,COVL: 4.0631,STOI: 0.9569

INFO:root:Epoch 59, Step 500, loss: 0.08942676335573196, disc_loss: 0.0024729501456022263
INFO:root:Epoch 59, Step 1000, loss: 0.049104638397693634, disc_loss: 0.00043654293403960764
INFO:root:Epoch 59, Step 1500, loss: 0.08084103465080261, disc_loss: 0.0017359273042529821
INFO:root:Epoch 59, Step 2000, loss: 0.05804489180445671, disc_loss: 0.0005138824344612658
INFO:root:Epoch 59, Step 2500, loss: 0.08114273101091385, disc_loss: 0.0018271177541464567
INFO:root:Generator loss: 0.06409922708730095, Discriminator loss: 0.006871475581452985
INFO:root:
=== Epoch 59 evaluation ===
INFO:root:=== Evaluation metrics ===
PESQ: 3.3444,SSNR: 10.3478,CSIG: 4.5857,CBAK: 3.8585,COVL: 4.0603,STOI: 0.9571

Training finished.
