Starting training:
without SE:
Namespace(batch_size=4, cut_len=32000, data_dir='/mnt/iusers01/msc-stu/hum-msc-data-sci-2024-2025/t74061zq/erp/DEMAND_16KHz', decay_epoch=12, epochs=60, init_lr=0.0005, log_interval=500, loss_weights=[0.1, 0.9, 0.2, 0.05, 0.03], save_model_dir='./saved_models_log/saved_models_20250810_VoiceDEMAND_16khz')
['NVIDIA A100-SXM4-80GB']
====================================================================================================
Layer (type:depth-idx)                             Output Shape              Param #
====================================================================================================
TSCNet                                             [1, 1, 321, 201]          --
├─DenseEncoder: 1-1                                [1, 64, 321, 101]         --
│    └─Sequential: 2-1                             [1, 64, 321, 201]         --
│    │    └─Conv2d: 3-1                            [1, 64, 321, 201]         256
│    │    └─InstanceNorm2d: 3-2                    [1, 64, 321, 201]         128
│    │    └─PReLU: 3-3                             [1, 64, 321, 201]         64
│    └─DilatedDenseNet: 2-2                        [1, 64, 321, 201]         --
│    │    └─ConstantPad2d: 3-4                     [1, 64, 322, 203]         --
│    │    └─Conv2d: 3-5                            [1, 64, 321, 201]         24,640
│    │    └─InstanceNorm2d: 3-6                    [1, 64, 321, 201]         128
│    │    └─PReLU: 3-7                             [1, 64, 321, 201]         64
│    │    └─ConstantPad2d: 3-8                     [1, 128, 323, 203]        --
│    │    └─Conv2d: 3-9                            [1, 64, 321, 201]         49,216
│    │    └─InstanceNorm2d: 3-10                   [1, 64, 321, 201]         128
│    │    └─PReLU: 3-11                            [1, 64, 321, 201]         64
│    │    └─ConstantPad2d: 3-12                    [1, 192, 325, 203]        --
│    │    └─Conv2d: 3-13                           [1, 64, 321, 201]         73,792
│    │    └─InstanceNorm2d: 3-14                   [1, 64, 321, 201]         128
│    │    └─PReLU: 3-15                            [1, 64, 321, 201]         64
│    │    └─ConstantPad2d: 3-16                    [1, 256, 329, 203]        --
│    │    └─Conv2d: 3-17                           [1, 64, 321, 201]         98,368
│    │    └─InstanceNorm2d: 3-18                   [1, 64, 321, 201]         128
│    │    └─PReLU: 3-19                            [1, 64, 321, 201]         64
│    └─Sequential: 2-3                             [1, 64, 321, 101]         --
│    │    └─Conv2d: 3-20                           [1, 64, 321, 101]         12,352
│    │    └─InstanceNorm2d: 3-21                   [1, 64, 321, 101]         128
│    │    └─PReLU: 3-22                            [1, 64, 321, 101]         64
├─TSCB: 1-2                                        [1, 64, 321, 101]         --
│    └─ConformerBlock: 2-4                         [101, 321, 64]            --
│    │    └─Scale: 3-23                            [101, 321, 64]            33,216
│    │    └─PreNorm: 3-24                          [101, 321, 64]            32,976
│    │    └─ConformerConvModule: 3-25              [101, 321, 64]            29,376
│    │    └─Scale: 3-26                            [101, 321, 64]            33,216
│    │    └─LayerNorm: 3-27                        [101, 321, 64]            128
│    └─ConformerBlock: 2-5                         [321, 101, 64]            --
│    │    └─Scale: 3-28                            [321, 101, 64]            33,216
│    │    └─PreNorm: 3-29                          [321, 101, 64]            32,976
│    │    └─ConformerConvModule: 3-30              [321, 101, 64]            29,376
│    │    └─Scale: 3-31                            [321, 101, 64]            33,216
│    │    └─LayerNorm: 3-32                        [321, 101, 64]            128
├─TSCB: 1-3                                        [1, 64, 321, 101]         --
│    └─ConformerBlock: 2-6                         [101, 321, 64]            --
│    │    └─Scale: 3-33                            [101, 321, 64]            33,216
│    │    └─PreNorm: 3-34                          [101, 321, 64]            32,976
│    │    └─ConformerConvModule: 3-35              [101, 321, 64]            29,376
│    │    └─Scale: 3-36                            [101, 321, 64]            33,216
│    │    └─LayerNorm: 3-37                        [101, 321, 64]            128
│    └─ConformerBlock: 2-7                         [321, 101, 64]            --
│    │    └─Scale: 3-38                            [321, 101, 64]            33,216
│    │    └─PreNorm: 3-39                          [321, 101, 64]            32,976
│    │    └─ConformerConvModule: 3-40              [321, 101, 64]            29,376
│    │    └─Scale: 3-41                            [321, 101, 64]            33,216
│    │    └─LayerNorm: 3-42                        [321, 101, 64]            128
├─TSCB: 1-4                                        [1, 64, 321, 101]         --
│    └─ConformerBlock: 2-8                         [101, 321, 64]            --
│    │    └─Scale: 3-43                            [101, 321, 64]            33,216
│    │    └─PreNorm: 3-44                          [101, 321, 64]            32,976
│    │    └─ConformerConvModule: 3-45              [101, 321, 64]            29,376
│    │    └─Scale: 3-46                            [101, 321, 64]            33,216
│    │    └─LayerNorm: 3-47                        [101, 321, 64]            128
│    └─ConformerBlock: 2-9                         [321, 101, 64]            --
│    │    └─Scale: 3-48                            [321, 101, 64]            33,216
│    │    └─PreNorm: 3-49                          [321, 101, 64]            32,976
│    │    └─ConformerConvModule: 3-50              [321, 101, 64]            29,376
│    │    └─Scale: 3-51                            [321, 101, 64]            33,216
│    │    └─LayerNorm: 3-52                        [321, 101, 64]            128
├─TSCB: 1-5                                        [1, 64, 321, 101]         --
│    └─ConformerBlock: 2-10                        [101, 321, 64]            --
│    │    └─Scale: 3-53                            [101, 321, 64]            33,216
│    │    └─PreNorm: 3-54                          [101, 321, 64]            32,976
│    │    └─ConformerConvModule: 3-55              [101, 321, 64]            29,376
│    │    └─Scale: 3-56                            [101, 321, 64]            33,216
│    │    └─LayerNorm: 3-57                        [101, 321, 64]            128
│    └─ConformerBlock: 2-11                        [321, 101, 64]            --
│    │    └─Scale: 3-58                            [321, 101, 64]            33,216
│    │    └─PreNorm: 3-59                          [321, 101, 64]            32,976
│    │    └─ConformerConvModule: 3-60              [321, 101, 64]            29,376
│    │    └─Scale: 3-61                            [321, 101, 64]            33,216
│    │    └─LayerNorm: 3-62                        [321, 101, 64]            128
├─MaskDecoder: 1-6                                 [1, 1, 321, 201]          --
│    └─DilatedDenseNet: 2-12                       [1, 64, 321, 101]         --
│    │    └─ConstantPad2d: 3-63                    [1, 64, 322, 103]         --
│    │    └─Conv2d: 3-64                           [1, 64, 321, 101]         24,640
│    │    └─InstanceNorm2d: 3-65                   [1, 64, 321, 101]         128
│    │    └─PReLU: 3-66                            [1, 64, 321, 101]         64
│    │    └─ConstantPad2d: 3-67                    [1, 128, 323, 103]        --
│    │    └─Conv2d: 3-68                           [1, 64, 321, 101]         49,216
│    │    └─InstanceNorm2d: 3-69                   [1, 64, 321, 101]         128
│    │    └─PReLU: 3-70                            [1, 64, 321, 101]         64
│    │    └─ConstantPad2d: 3-71                    [1, 192, 325, 103]        --
│    │    └─Conv2d: 3-72                           [1, 64, 321, 101]         73,792
│    │    └─InstanceNorm2d: 3-73                   [1, 64, 321, 101]         128
│    │    └─PReLU: 3-74                            [1, 64, 321, 101]         64
│    │    └─ConstantPad2d: 3-75                    [1, 256, 329, 103]        --
│    │    └─Conv2d: 3-76                           [1, 64, 321, 101]         98,368
│    │    └─InstanceNorm2d: 3-77                   [1, 64, 321, 101]         128
│    │    └─PReLU: 3-78                            [1, 64, 321, 101]         64
│    └─SPConvTranspose2d: 2-13                     [1, 64, 321, 202]         --
│    │    └─ConstantPad2d: 3-79                    [1, 64, 321, 103]         --
│    │    └─Conv2d: 3-80                           [1, 128, 321, 101]        24,704
│    └─Conv2d: 2-14                                [1, 1, 321, 201]          129
│    └─InstanceNorm2d: 2-15                        [1, 1, 321, 201]          2
│    └─PReLU: 2-16                                 [1, 1, 321, 201]          1
│    └─Conv2d: 2-17                                [1, 1, 321, 201]          2
│    └─PReLU: 2-18                                 [1, 201, 321]             201
├─ComplexDecoder: 1-7                              [1, 2, 321, 201]          --
│    └─DilatedDenseNet: 2-19                       [1, 64, 321, 101]         --
│    │    └─ConstantPad2d: 3-81                    [1, 64, 322, 103]         --
│    │    └─Conv2d: 3-82                           [1, 64, 321, 101]         24,640
│    │    └─InstanceNorm2d: 3-83                   [1, 64, 321, 101]         128
│    │    └─PReLU: 3-84                            [1, 64, 321, 101]         64
│    │    └─ConstantPad2d: 3-85                    [1, 128, 323, 103]        --
│    │    └─Conv2d: 3-86                           [1, 64, 321, 101]         49,216
│    │    └─InstanceNorm2d: 3-87                   [1, 64, 321, 101]         128
│    │    └─PReLU: 3-88                            [1, 64, 321, 101]         64
│    │    └─ConstantPad2d: 3-89                    [1, 192, 325, 103]        --
│    │    └─Conv2d: 3-90                           [1, 64, 321, 101]         73,792
│    │    └─InstanceNorm2d: 3-91                   [1, 64, 321, 101]         128
│    │    └─PReLU: 3-92                            [1, 64, 321, 101]         64
│    │    └─ConstantPad2d: 3-93                    [1, 256, 329, 103]        --
│    │    └─Conv2d: 3-94                           [1, 64, 321, 101]         98,368
│    │    └─InstanceNorm2d: 3-95                   [1, 64, 321, 101]         128
│    │    └─PReLU: 3-96                            [1, 64, 321, 101]         64
│    └─SPConvTranspose2d: 2-20                     [1, 64, 321, 202]         --
│    │    └─ConstantPad2d: 3-97                    [1, 64, 321, 103]         --
│    │    └─Conv2d: 3-98                           [1, 128, 321, 101]        24,704
│    └─InstanceNorm2d: 2-21                        [1, 64, 321, 202]         128
│    └─PReLU: 2-22                                 [1, 64, 321, 202]         64
│    └─Conv2d: 2-23                                [1, 2, 321, 201]          258
====================================================================================================
Total params: 1,834,833
Trainable params: 1,834,833
Non-trainable params: 0
Total mult-adds (G): 41.56
====================================================================================================
Input size (MB): 0.52
Forward/backward pass size (MB): 4856.40
Params size (MB): 7.34
Estimated Total Size (MB): 4864.25
====================================================================================================
==========================================================================================
Layer (type:depth-idx)                   Output Shape              Param #
==========================================================================================
Discriminator                            [1, 1]                    --
├─Sequential: 1-1                        [1, 1]                    --
│    └─Conv2d: 2-1                       [1, 16, 100, 160]         512
│    └─InstanceNorm2d: 2-2               [1, 16, 100, 160]         32
│    └─PReLU: 2-3                        [1, 16, 100, 160]         16
│    └─Conv2d: 2-4                       [1, 32, 50, 80]           8,192
│    └─InstanceNorm2d: 2-5               [1, 32, 50, 80]           64
│    └─PReLU: 2-6                        [1, 32, 50, 80]           32
│    └─Conv2d: 2-7                       [1, 64, 25, 40]           32,768
│    └─InstanceNorm2d: 2-8               [1, 64, 25, 40]           128
│    └─PReLU: 2-9                        [1, 64, 25, 40]           64
│    └─Conv2d: 2-10                      [1, 128, 12, 20]          131,072
│    └─InstanceNorm2d: 2-11              [1, 128, 12, 20]          256
│    └─PReLU: 2-12                       [1, 128, 12, 20]          128
│    └─AdaptiveMaxPool2d: 2-13           [1, 128, 1, 1]            --
│    └─Flatten: 2-14                     [1, 128]                  --
│    └─Linear: 2-15                      [1, 64]                   8,256
│    └─Dropout: 2-16                     [1, 64]                   --
│    └─PReLU: 2-17                       [1, 64]                   64
│    └─Linear: 2-18                      [1, 1]                    65
│    └─LearnableSigmoid: 2-19            [1, 1]                    1
==========================================================================================
Total params: 181,650
Trainable params: 181,650
Non-trainable params: 0
Total mult-adds (M): 19.67
==========================================================================================
Input size (MB): 0.52
Forward/backward pass size (MB): 11.49
Params size (MB): 0.73
Estimated Total Size (MB): 12.73
==========================================================================================
/mnt/iusers01/msc-stu/hum-msc-data-sci-2024-2025/t74061zq/erp/CMGAN_src/data/dataloader.py:52: UserWarning: torchaudio._backend.set_audio_backend has been deprecated. With dispatcher enabled, this function is no-op. You can remove the function call.
  torchaudio.set_audio_backend("sox_io")         # in linux
INFO:root:Epoch 0, Step 500, loss: 0.2270508110523224, disc_loss: 0.006204475648701191
INFO:root:Epoch 0, Step 1000, loss: 0.18293404579162598, disc_loss: 0.003144032321870327
INFO:root:Epoch 0, Step 1500, loss: 0.16101565957069397, disc_loss: 0.009109527803957462
INFO:root:Epoch 0, Step 2000, loss: 0.15728381276130676, disc_loss: 0.005443166475743055
INFO:root:Epoch 0, Step 2500, loss: 0.0963766872882843, disc_loss: 0.007286072708666325
INFO:root:Generator loss: 0.09578737401340193, Discriminator loss: 0.010671030300233097
INFO:root:
=== Epoch 0 evaluation ===
INFO:root:=== Evaluation metrics ===
PESQ: 2.7460,SSNR: 8.9000,CSIG: 4.2775,CBAK: 3.4749,COVL: 3.5709,STOI: 0.9385

INFO:root:Epoch 1, Step 500, loss: 0.1539754867553711, disc_loss: 0.0077923438511788845
INFO:root:Epoch 1, Step 1000, loss: 0.15313835442066193, disc_loss: 0.006866143550723791
INFO:root:Epoch 1, Step 1500, loss: 0.12792053818702698, disc_loss: 0.013261604122817516
INFO:root:Epoch 1, Step 2000, loss: 0.14780135452747345, disc_loss: 0.00475309370085597
INFO:root:Epoch 1, Step 2500, loss: 0.09708026051521301, disc_loss: 0.006828111596405506
INFO:root:Generator loss: 0.08739249590892816, Discriminator loss: 0.005319172998091197
INFO:root:
=== Epoch 1 evaluation ===
INFO:root:=== Evaluation metrics ===
PESQ: 2.9258,SSNR: 9.2688,CSIG: 4.3698,CBAK: 3.5856,COVL: 3.7106,STOI: 0.9435

INFO:root:Epoch 2, Step 500, loss: 0.12081634253263474, disc_loss: 0.004904647823423147
INFO:root:Epoch 2, Step 1000, loss: 0.1742502748966217, disc_loss: 0.008868230506777763
INFO:root:Epoch 2, Step 1500, loss: 0.10832956433296204, disc_loss: 0.014478535391390324
INFO:root:Epoch 2, Step 2000, loss: 0.13557027280330658, disc_loss: 0.0014628524659201503
INFO:root:Epoch 2, Step 2500, loss: 0.10793774574995041, disc_loss: 0.0007820070022717118
INFO:root:Generator loss: 0.08678272042821333, Discriminator loss: 0.007196962535090279
INFO:root:
=== Epoch 2 evaluation ===
INFO:root:=== Evaluation metrics ===
PESQ: 2.9776,SSNR: 9.2442,CSIG: 4.3814,CBAK: 3.6103,COVL: 3.7425,STOI: 0.9438

INFO:root:Epoch 3, Step 500, loss: 0.1789332777261734, disc_loss: 0.004452720750123262
INFO:root:Epoch 3, Step 1000, loss: 0.11721590161323547, disc_loss: 0.0009636054746806622
INFO:root:Epoch 3, Step 1500, loss: 0.09724757820367813, disc_loss: 0.0045973933301866055
INFO:root:Epoch 3, Step 2000, loss: 0.15937760472297668, disc_loss: 0.0021542119793593884
INFO:root:Epoch 3, Step 2500, loss: 0.15613339841365814, disc_loss: 0.0017339324112981558
INFO:root:Generator loss: 0.07884302601507566, Discriminator loss: 0.005229251247443439
INFO:root:
=== Epoch 3 evaluation ===
INFO:root:=== Evaluation metrics ===
PESQ: 3.0764,SSNR: 9.5058,CSIG: 4.5084,CBAK: 3.6753,COVL: 3.8622,STOI: 0.9485

INFO:root:Epoch 4, Step 500, loss: 0.11483240127563477, disc_loss: 0.004347704350948334
INFO:root:Epoch 4, Step 1000, loss: 0.12666448950767517, disc_loss: 0.003384419484063983
INFO:root:Epoch 4, Step 1500, loss: 0.09616616368293762, disc_loss: 0.006368968635797501
INFO:root:Epoch 4, Step 2000, loss: 0.08400129526853561, disc_loss: 0.0012440328719094396
INFO:root:Epoch 4, Step 2500, loss: 0.0853879451751709, disc_loss: 0.002983239945024252
INFO:root:Generator loss: 0.08012344959436112, Discriminator loss: 0.007390774814728466
INFO:root:
=== Epoch 4 evaluation ===
INFO:root:=== Evaluation metrics ===
PESQ: 3.0880,SSNR: 9.4743,CSIG: 4.4710,CBAK: 3.6800,COVL: 3.8559,STOI: 0.9427

INFO:root:Epoch 5, Step 500, loss: 0.15820321440696716, disc_loss: 0.013691609725356102
INFO:root:Epoch 5, Step 1000, loss: 0.08912340551614761, disc_loss: 0.0013199186651036143
INFO:root:Epoch 5, Step 1500, loss: 0.07659868896007538, disc_loss: 0.0032580115366727114
INFO:root:Epoch 5, Step 2000, loss: 0.13045014441013336, disc_loss: 0.0026108999736607075
INFO:root:Epoch 5, Step 2500, loss: 0.09213054180145264, disc_loss: 0.002751701045781374
INFO:root:Generator loss: 0.07690946931399188, Discriminator loss: 0.007022168795125801
INFO:root:
=== Epoch 5 evaluation ===
INFO:root:=== Evaluation metrics ===
PESQ: 3.1642,SSNR: 9.7766,CSIG: 4.5290,CBAK: 3.7342,COVL: 3.9289,STOI: 0.9489

INFO:root:Epoch 6, Step 500, loss: 0.11120840162038803, disc_loss: 0.0037856618873775005
INFO:root:Epoch 6, Step 1000, loss: 0.11596551537513733, disc_loss: 0.0017067721346393228
INFO:root:Epoch 6, Step 1500, loss: 0.12741072475910187, disc_loss: 0.0011718064779415727
INFO:root:Epoch 6, Step 2000, loss: 0.09641970694065094, disc_loss: 0.0029396566096693277
INFO:root:Epoch 6, Step 2500, loss: 0.16249282658100128, disc_loss: 0.0011296633165329695
INFO:root:Generator loss: 0.07760987273480707, Discriminator loss: 0.006192133069031045
INFO:root:
=== Epoch 6 evaluation ===
INFO:root:=== Evaluation metrics ===
PESQ: 3.0773,SSNR: 9.7895,CSIG: 4.5037,CBAK: 3.6939,COVL: 3.8631,STOI: 0.9507

INFO:root:Epoch 7, Step 500, loss: 0.07236932963132858, disc_loss: 0.0014063701964914799
INFO:root:Epoch 7, Step 1000, loss: 0.11706015467643738, disc_loss: 0.002074962481856346
INFO:root:Epoch 7, Step 1500, loss: 0.09787459671497345, disc_loss: 0.0012467069318518043
INFO:root:Epoch 7, Step 2000, loss: 0.11881637573242188, disc_loss: 0.009559795260429382
INFO:root:Epoch 7, Step 2500, loss: 0.09505939483642578, disc_loss: 0.004344363231211901
INFO:root:Generator loss: 0.07686810327458729, Discriminator loss: 0.006885702710048278
INFO:root:
=== Epoch 7 evaluation ===
INFO:root:=== Evaluation metrics ===
PESQ: 3.1174,SSNR: 9.8113,CSIG: 4.4813,CBAK: 3.7140,COVL: 3.8714,STOI: 0.9497

INFO:root:Epoch 8, Step 500, loss: 0.13614390790462494, disc_loss: 0.005108186509460211
INFO:root:Epoch 8, Step 1000, loss: 0.14214423298835754, disc_loss: 0.0011931473854929209
INFO:root:Epoch 8, Step 1500, loss: 0.10374569147825241, disc_loss: 0.003966690506786108
INFO:root:Epoch 8, Step 2000, loss: 0.07664698362350464, disc_loss: 0.033616043627262115
INFO:root:Epoch 8, Step 2500, loss: 0.12878921627998352, disc_loss: 0.0007515130564570427
INFO:root:Generator loss: 0.07628165114924167, Discriminator loss: 0.007200304109750664
INFO:root:
=== Epoch 8 evaluation ===
INFO:root:=== Evaluation metrics ===
PESQ: 3.1722,SSNR: 9.4904,CSIG: 4.5481,CBAK: 3.7212,COVL: 3.9418,STOI: 0.9516

INFO:root:Epoch 9, Step 500, loss: 0.11144746840000153, disc_loss: 0.002361925784498453
INFO:root:Epoch 9, Step 1000, loss: 0.08577139675617218, disc_loss: 0.001667050994001329
INFO:root:Epoch 9, Step 1500, loss: 0.15627765655517578, disc_loss: 0.00021028394985478371
INFO:root:Epoch 9, Step 2000, loss: 0.10342546552419662, disc_loss: 0.05231145769357681
INFO:root:Epoch 9, Step 2500, loss: 0.11770898103713989, disc_loss: 0.0025390104856342077
INFO:root:Generator loss: 0.07679229994639031, Discriminator loss: 0.00688607924452811
INFO:root:
=== Epoch 9 evaluation ===
INFO:root:=== Evaluation metrics ===
PESQ: 3.1280,SSNR: 9.8327,CSIG: 4.5336,CBAK: 3.7211,COVL: 3.9060,STOI: 0.9524

INFO:root:Epoch 10, Step 500, loss: 0.10190283507108688, disc_loss: 0.0030805228743702173
INFO:root:Epoch 10, Step 1000, loss: 0.1573593020439148, disc_loss: 0.0023581981658935547
INFO:root:Epoch 10, Step 1500, loss: 0.07130977511405945, disc_loss: 0.002074204618111253
INFO:root:Epoch 10, Step 2000, loss: 0.10796847194433212, disc_loss: 0.0019131387816742063
INFO:root:Epoch 10, Step 2500, loss: 0.1290437877178192, disc_loss: 0.0011730261612683535
INFO:root:Generator loss: 0.07404266149528975, Discriminator loss: 0.006094145456903153
INFO:root:
=== Epoch 10 evaluation ===
INFO:root:=== Evaluation metrics ===
PESQ: 3.2190,SSNR: 9.8577,CSIG: 4.5599,CBAK: 3.7663,COVL: 3.9763,STOI: 0.9523

INFO:root:Epoch 11, Step 500, loss: 0.1403367519378662, disc_loss: 0.0006183127989061177
INFO:root:Epoch 11, Step 1000, loss: 0.09717364609241486, disc_loss: 0.0007637000526301563
INFO:root:Epoch 11, Step 1500, loss: 0.08242759853601456, disc_loss: 0.002247641794383526
INFO:root:Epoch 11, Step 2000, loss: 0.11397217959165573, disc_loss: 0.002418335760012269
INFO:root:Epoch 11, Step 2500, loss: 0.11893381923437119, disc_loss: 0.0001061254515661858
INFO:root:Generator loss: 0.07336533029825942, Discriminator loss: 0.007640924814235034
INFO:root:
=== Epoch 11 evaluation ===
INFO:root:=== Evaluation metrics ===
PESQ: 3.2130,SSNR: 9.9442,CSIG: 4.5931,CBAK: 3.7703,COVL: 3.9902,STOI: 0.9536

INFO:root:Epoch 12, Step 500, loss: 0.08447626233100891, disc_loss: 0.0005461036926135421
INFO:root:Epoch 12, Step 1000, loss: 0.0901055634021759, disc_loss: 0.0007580595556646585
INFO:root:Epoch 12, Step 1500, loss: 0.10805793106555939, disc_loss: 0.003251502988860011
INFO:root:Epoch 12, Step 2000, loss: 0.05963484197854996, disc_loss: 0.002598495688289404
INFO:root:Epoch 12, Step 2500, loss: 0.08389110118150711, disc_loss: 0.001989728072658181
INFO:root:Generator loss: 0.0735380879684704, Discriminator loss: 0.005872249222555236
INFO:root:
=== Epoch 12 evaluation ===
INFO:root:=== Evaluation metrics ===
PESQ: 3.2439,SSNR: 10.0358,CSIG: 4.5519,CBAK: 3.7876,COVL: 3.9848,STOI: 0.9533

INFO:root:Epoch 13, Step 500, loss: 0.11231882870197296, disc_loss: 0.002738392911851406
INFO:root:Epoch 13, Step 1000, loss: 0.0888434499502182, disc_loss: 0.0006821291171945632
INFO:root:Epoch 13, Step 1500, loss: 0.09150703996419907, disc_loss: 0.00045406882418319583
INFO:root:Epoch 13, Step 2000, loss: 0.08234058320522308, disc_loss: 0.003193644108250737
INFO:root:Epoch 13, Step 2500, loss: 0.09968336671590805, disc_loss: 0.0026190560311079025
INFO:root:Generator loss: 0.06993357709708434, Discriminator loss: 0.009533717349856568
INFO:root:
=== Epoch 13 evaluation ===
INFO:root:=== Evaluation metrics ===
PESQ: 3.2377,SSNR: 10.1418,CSIG: 4.5886,CBAK: 3.7948,COVL: 4.0027,STOI: 0.9543

INFO:root:Epoch 14, Step 500, loss: 0.06484773010015488, disc_loss: 0.004099478479474783
INFO:root:Epoch 14, Step 1000, loss: 0.10012509673833847, disc_loss: 0.0014787835534662008
INFO:root:Epoch 14, Step 1500, loss: 0.10675778985023499, disc_loss: 0.0026378072798252106
INFO:root:Epoch 14, Step 2000, loss: 0.11415154486894608, disc_loss: 0.0009274881449528039
INFO:root:Epoch 14, Step 2500, loss: 0.13725988566875458, disc_loss: 0.0024979414884001017
INFO:root:Generator loss: 0.069471262919816, Discriminator loss: 0.005024461464980279
INFO:root:
=== Epoch 14 evaluation ===
INFO:root:=== Evaluation metrics ===
PESQ: 3.2678,SSNR: 10.2891,CSIG: 4.5847,CBAK: 3.8189,COVL: 4.0136,STOI: 0.9547

INFO:root:Epoch 15, Step 500, loss: 0.12719114124774933, disc_loss: 0.00044045131653547287
INFO:root:Epoch 15, Step 1000, loss: 0.06374403834342957, disc_loss: 0.027703529223799706
INFO:root:Epoch 15, Step 1500, loss: 0.06816357374191284, disc_loss: 0.0012137512676417828
INFO:root:Epoch 15, Step 2000, loss: 0.06469079852104187, disc_loss: 0.0036846473813056946
INFO:root:Epoch 15, Step 2500, loss: 0.10717938840389252, disc_loss: 0.0006188192055560648
INFO:root:Generator loss: 0.06981361915981307, Discriminator loss: 0.0063439916283668145
INFO:root:
=== Epoch 15 evaluation ===
INFO:root:=== Evaluation metrics ===
PESQ: 3.3052,SSNR: 10.5063,CSIG: 4.5854,CBAK: 3.8512,COVL: 4.0394,STOI: 0.9541

INFO:root:Epoch 16, Step 500, loss: 0.09912209957838058, disc_loss: 0.004660868551582098
INFO:root:Epoch 16, Step 1000, loss: 0.0680960863828659, disc_loss: 0.004063448403030634
INFO:root:Epoch 16, Step 1500, loss: 0.0874808058142662, disc_loss: 0.0018846127204596996
INFO:root:Epoch 16, Step 2000, loss: 0.06676656007766724, disc_loss: 0.0028291488997638226
INFO:root:Epoch 16, Step 2500, loss: 0.06188968941569328, disc_loss: 0.0025966325774788857
INFO:root:Generator loss: 0.07171951693672578, Discriminator loss: 0.007153114146135919
INFO:root:
=== Epoch 16 evaluation ===
INFO:root:=== Evaluation metrics ===
PESQ: 3.1852,SSNR: 10.1482,CSIG: 4.5220,CBAK: 3.7688,COVL: 3.9377,STOI: 0.9548

INFO:root:Epoch 17, Step 500, loss: 0.11109399050474167, disc_loss: 0.0009248543647117913
INFO:root:Epoch 17, Step 1000, loss: 0.08154912292957306, disc_loss: 0.0075576454401016235
INFO:root:Epoch 17, Step 1500, loss: 0.10805322974920273, disc_loss: 0.002168069127947092
INFO:root:Epoch 17, Step 2000, loss: 0.1050676554441452, disc_loss: 0.0063911559991538525
INFO:root:Epoch 17, Step 2500, loss: 0.06243446469306946, disc_loss: 0.0007080872310325503
INFO:root:Generator loss: 0.06733408751128947, Discriminator loss: 0.0043082829618567116
INFO:root:
=== Epoch 17 evaluation ===
INFO:root:=== Evaluation metrics ===
PESQ: 3.2708,SSNR: 10.5828,CSIG: 4.5814,CBAK: 3.8401,COVL: 4.0132,STOI: 0.9545

INFO:root:Epoch 18, Step 500, loss: 0.11319439113140106, disc_loss: 0.002442210679873824
INFO:root:Epoch 18, Step 1000, loss: 0.1382051259279251, disc_loss: 0.004653011914342642
INFO:root:Epoch 18, Step 1500, loss: 0.09766556322574615, disc_loss: 0.0014297512825578451
INFO:root:Epoch 18, Step 2000, loss: 0.1201280802488327, disc_loss: 0.0028647223953157663
INFO:root:Epoch 18, Step 2500, loss: 0.11554090678691864, disc_loss: 0.007360979449003935
INFO:root:Generator loss: 0.06889345791661045, Discriminator loss: 0.00956911049843698
INFO:root:
=== Epoch 18 evaluation ===
INFO:root:=== Evaluation metrics ===
PESQ: 3.2779,SSNR: 9.9317,CSIG: 4.5966,CBAK: 3.7999,COVL: 4.0268,STOI: 0.9552

INFO:root:Epoch 19, Step 500, loss: 0.12086190283298492, disc_loss: 0.0006360896513797343
INFO:root:Epoch 19, Step 1000, loss: 0.06134987249970436, disc_loss: 0.000628740293905139
INFO:root:Epoch 19, Step 1500, loss: 0.09235651791095734, disc_loss: 0.0016636812360957265
INFO:root:Epoch 19, Step 2000, loss: 0.07109402865171432, disc_loss: 0.0032159469556063414
INFO:root:Epoch 19, Step 2500, loss: 0.10366065800189972, disc_loss: 0.0067334552295506
INFO:root:Generator loss: 0.06819667309088615, Discriminator loss: 0.00611474362601248
INFO:root:
=== Epoch 19 evaluation ===
INFO:root:=== Evaluation metrics ===
PESQ: 3.2910,SSNR: 10.3142,CSIG: 4.6037,CBAK: 3.8318,COVL: 4.0391,STOI: 0.9547

INFO:root:Epoch 20, Step 500, loss: 0.08860459923744202, disc_loss: 0.0016826796345412731
INFO:root:Epoch 20, Step 1000, loss: 0.06364138424396515, disc_loss: 0.003183547407388687
INFO:root:Epoch 20, Step 1500, loss: 0.08433621376752853, disc_loss: 0.002808177610859275
INFO:root:Epoch 20, Step 2000, loss: 0.13250139355659485, disc_loss: 0.00192153116222471
INFO:root:Epoch 20, Step 2500, loss: 0.14900577068328857, disc_loss: 0.002193230204284191
INFO:root:Generator loss: 0.06836158309348868, Discriminator loss: 0.00693413807377369
INFO:root:
=== Epoch 20 evaluation ===
INFO:root:=== Evaluation metrics ===
PESQ: 3.3290,SSNR: 10.2842,CSIG: 4.6023,CBAK: 3.8470,COVL: 4.0606,STOI: 0.9543

INFO:root:Epoch 21, Step 500, loss: 0.07142284512519836, disc_loss: 0.001328965532593429
INFO:root:Epoch 21, Step 1000, loss: 0.06890799105167389, disc_loss: 0.000820765329990536
INFO:root:Epoch 21, Step 1500, loss: 0.11435984820127487, disc_loss: 0.0015684552490711212
INFO:root:Epoch 21, Step 2000, loss: 0.08640346676111221, disc_loss: 0.0017855230253189802
INFO:root:Epoch 21, Step 2500, loss: 0.09564585238695145, disc_loss: 0.0013695030938833952
INFO:root:Generator loss: 0.06721356150341555, Discriminator loss: 0.005934629105044205
INFO:root:
=== Epoch 21 evaluation ===
INFO:root:=== Evaluation metrics ===
PESQ: 3.2983,SSNR: 10.4034,CSIG: 4.5948,CBAK: 3.8413,COVL: 4.0398,STOI: 0.9559

INFO:root:Epoch 22, Step 500, loss: 0.11307444423437119, disc_loss: 0.0009112000116147101
INFO:root:Epoch 22, Step 1000, loss: 0.07893457263708115, disc_loss: 0.002264451002702117
INFO:root:Epoch 22, Step 1500, loss: 0.08458013087511063, disc_loss: 0.004038142506033182
INFO:root:Epoch 22, Step 2000, loss: 0.08528582006692886, disc_loss: 0.0011990262428298593
INFO:root:Epoch 22, Step 2500, loss: 0.1326862871646881, disc_loss: 0.0002996043476741761
INFO:root:Generator loss: 0.06685017836867894, Discriminator loss: 0.006970479329697589
INFO:root:
=== Epoch 22 evaluation ===
INFO:root:=== Evaluation metrics ===
PESQ: 3.3205,SSNR: 10.5095,CSIG: 4.5987,CBAK: 3.8581,COVL: 4.0533,STOI: 0.9554

INFO:root:Epoch 23, Step 500, loss: 0.10218198597431183, disc_loss: 0.003575689159333706
INFO:root:Epoch 23, Step 1000, loss: 0.10071243345737457, disc_loss: 0.0012451166985556483
INFO:root:Epoch 23, Step 1500, loss: 0.06620544195175171, disc_loss: 0.006447161082178354
INFO:root:Epoch 23, Step 2000, loss: 0.10358035564422607, disc_loss: 0.0028761473949998617
INFO:root:Epoch 23, Step 2500, loss: 0.09960268437862396, disc_loss: 0.004751469474285841
INFO:root:Generator loss: 0.06638268978126997, Discriminator loss: 0.004722472803814967
INFO:root:
=== Epoch 23 evaluation ===
INFO:root:=== Evaluation metrics ===
PESQ: 3.3531,SSNR: 10.5079,CSIG: 4.6235,CBAK: 3.8738,COVL: 4.0858,STOI: 0.9551

INFO:root:Epoch 24, Step 500, loss: 0.08887742459774017, disc_loss: 0.0028168975841253996
INFO:root:Epoch 24, Step 1000, loss: 0.10126025974750519, disc_loss: 0.004886759910732508
INFO:root:Epoch 24, Step 1500, loss: 0.0865795686841011, disc_loss: 0.0007865126244723797
INFO:root:Epoch 24, Step 2000, loss: 0.1337747573852539, disc_loss: 0.0009019570425152779
INFO:root:Epoch 24, Step 2500, loss: 0.1068226620554924, disc_loss: 0.0031271949410438538
INFO:root:Generator loss: 0.06593907592836225, Discriminator loss: 0.004347057886176135
INFO:root:
=== Epoch 24 evaluation ===
INFO:root:=== Evaluation metrics ===
PESQ: 3.3505,SSNR: 10.5178,CSIG: 4.6306,CBAK: 3.8744,COVL: 4.0912,STOI: 0.9558

INFO:root:Epoch 25, Step 500, loss: 0.10817405581474304, disc_loss: 0.00032379099866375327
INFO:root:Epoch 25, Step 1000, loss: 0.060670483857393265, disc_loss: 0.0036660146433860064
INFO:root:Epoch 25, Step 1500, loss: 0.09607729315757751, disc_loss: 0.003322337521240115
INFO:root:Epoch 25, Step 2000, loss: 0.10336584597826004, disc_loss: 0.0012562219053506851
INFO:root:Epoch 25, Step 2500, loss: 0.08768635988235474, disc_loss: 0.000921940547414124
INFO:root:Generator loss: 0.06605784931373827, Discriminator loss: 0.0039617068839804225
INFO:root:
=== Epoch 25 evaluation ===
INFO:root:=== Evaluation metrics ===
PESQ: 3.3348,SSNR: 10.6501,CSIG: 4.6265,CBAK: 3.8757,COVL: 4.0802,STOI: 0.9555

INFO:root:Epoch 26, Step 500, loss: 0.11572014540433884, disc_loss: 0.001622603740543127
INFO:root:Epoch 26, Step 1000, loss: 0.10749173909425735, disc_loss: 0.0026780078187584877
INFO:root:Epoch 26, Step 1500, loss: 0.09464643895626068, disc_loss: 0.0011506512528285384
INFO:root:Epoch 26, Step 2000, loss: 0.08368608355522156, disc_loss: 0.0012476203264668584
INFO:root:Epoch 26, Step 2500, loss: 0.10590476542711258, disc_loss: 0.001016150927171111
INFO:root:Generator loss: 0.06614735448570216, Discriminator loss: 0.005564818493227895
INFO:root:
=== Epoch 26 evaluation ===
INFO:root:=== Evaluation metrics ===
PESQ: 3.3603,SSNR: 10.4745,CSIG: 4.6378,CBAK: 3.8765,COVL: 4.1018,STOI: 0.9555

INFO:root:Epoch 27, Step 500, loss: 0.08598804473876953, disc_loss: 0.0013123326934874058
INFO:root:Epoch 27, Step 1000, loss: 0.08180781453847885, disc_loss: 0.00033547746716067195
INFO:root:Epoch 27, Step 1500, loss: 0.08261293172836304, disc_loss: 0.002176639623939991
INFO:root:Epoch 27, Step 2000, loss: 0.07176156342029572, disc_loss: 0.0007454077713191509
INFO:root:Epoch 27, Step 2500, loss: 0.09196461737155914, disc_loss: 0.0010089437710121274
INFO:root:Generator loss: 0.06658973765460033, Discriminator loss: 0.00421363785013119
INFO:root:
=== Epoch 27 evaluation ===
INFO:root:=== Evaluation metrics ===
PESQ: 3.3691,SSNR: 10.5986,CSIG: 4.6359,CBAK: 3.8869,COVL: 4.1045,STOI: 0.9561

INFO:root:Epoch 28, Step 500, loss: 0.08068786561489105, disc_loss: 0.0026019581127911806
INFO:root:Epoch 28, Step 1000, loss: 0.07764170318841934, disc_loss: 0.0013889315305277705
INFO:root:Epoch 28, Step 1500, loss: 0.13120131194591522, disc_loss: 0.00014128643670119345
INFO:root:Epoch 28, Step 2000, loss: 0.10812188684940338, disc_loss: 0.00044290642836131155
INFO:root:Epoch 28, Step 2500, loss: 0.06767773628234863, disc_loss: 0.0022024919744580984
INFO:root:Generator loss: 0.06623095811064382, Discriminator loss: 0.004959152497815135
INFO:root:
=== Epoch 28 evaluation ===
INFO:root:=== Evaluation metrics ===
PESQ: 3.3226,SSNR: 10.6848,CSIG: 4.6074,CBAK: 3.8709,COVL: 4.0610,STOI: 0.9553

INFO:root:Epoch 29, Step 500, loss: 0.09933050721883774, disc_loss: 0.0028167071286588907
INFO:root:Epoch 29, Step 1000, loss: 0.11357738077640533, disc_loss: 0.0006704248953610659
INFO:root:Epoch 29, Step 1500, loss: 0.07817144691944122, disc_loss: 0.0009118638699874282
INFO:root:Epoch 29, Step 2000, loss: 0.12451326102018356, disc_loss: 0.0010684862500056624
INFO:root:Epoch 29, Step 2500, loss: 0.08815952390432358, disc_loss: 0.003070036880671978
INFO:root:Generator loss: 0.06463399080975542, Discriminator loss: 0.006348628812349171
INFO:root:
=== Epoch 29 evaluation ===
INFO:root:=== Evaluation metrics ===
PESQ: 3.3436,SSNR: 10.7043,CSIG: 4.6350,CBAK: 3.8834,COVL: 4.0890,STOI: 0.9558

INFO:root:Epoch 30, Step 500, loss: 0.09348980337381363, disc_loss: 0.0018896064721047878
INFO:root:Epoch 30, Step 1000, loss: 0.10106964409351349, disc_loss: 0.0007748986827209592
INFO:root:Epoch 30, Step 1500, loss: 0.0875554233789444, disc_loss: 0.0019911248236894608
INFO:root:Epoch 30, Step 2000, loss: 0.08133853226900101, disc_loss: 0.000993497553281486
INFO:root:Epoch 30, Step 2500, loss: 0.08160585910081863, disc_loss: 0.0008942747954279184
INFO:root:Generator loss: 0.06559085391136338, Discriminator loss: 0.00478310970752274
INFO:root:
=== Epoch 30 evaluation ===
INFO:root:=== Evaluation metrics ===
PESQ: 3.3575,SSNR: 10.4804,CSIG: 4.6360,CBAK: 3.8744,COVL: 4.0951,STOI: 0.9566

INFO:root:Epoch 31, Step 500, loss: 0.06731251627206802, disc_loss: 0.001235964591614902
INFO:root:Epoch 31, Step 1000, loss: 0.07134773582220078, disc_loss: 0.0012315764324739575
INFO:root:Epoch 31, Step 1500, loss: 0.11621209979057312, disc_loss: 0.0012821125565096736
INFO:root:Epoch 31, Step 2000, loss: 0.06946219503879547, disc_loss: 0.0016677638050168753
INFO:root:Epoch 31, Step 2500, loss: 0.0815477967262268, disc_loss: 0.0015887474874034524
INFO:root:Generator loss: 0.06645118516589542, Discriminator loss: 0.004737853275409824
INFO:root:
=== Epoch 31 evaluation ===
INFO:root:=== Evaluation metrics ===
PESQ: 3.3288,SSNR: 10.5061,CSIG: 4.6251,CBAK: 3.8623,COVL: 4.0745,STOI: 0.9552

INFO:root:Epoch 32, Step 500, loss: 0.1270807832479477, disc_loss: 0.0020076530054211617
INFO:root:Epoch 32, Step 1000, loss: 0.0892115980386734, disc_loss: 0.0005733432481065392
INFO:root:Epoch 32, Step 1500, loss: 0.08480183035135269, disc_loss: 0.00029598583932965994
INFO:root:Epoch 32, Step 2000, loss: 0.08544154465198517, disc_loss: 0.000688888889271766
INFO:root:Epoch 32, Step 2500, loss: 0.05800773203372955, disc_loss: 0.00022714970691595227
INFO:root:Generator loss: 0.06650722858685891, Discriminator loss: 0.004806144420178754
INFO:root:
=== Epoch 32 evaluation ===
INFO:root:=== Evaluation metrics ===
PESQ: 3.3144,SSNR: 10.6024,CSIG: 4.6116,CBAK: 3.8610,COVL: 4.0559,STOI: 0.9566

INFO:root:Epoch 33, Step 500, loss: 0.08920635282993317, disc_loss: 0.0027657654136419296
INFO:root:Epoch 33, Step 1000, loss: 0.08291184902191162, disc_loss: 0.001309467013925314
INFO:root:Epoch 33, Step 1500, loss: 0.06405431777238846, disc_loss: 0.0007922378135845065
INFO:root:Epoch 33, Step 2000, loss: 0.08291075378656387, disc_loss: 0.0010601120302453637
INFO:root:Epoch 33, Step 2500, loss: 0.05443008616566658, disc_loss: 0.0006059031002223492
INFO:root:Generator loss: 0.06682880703830024, Discriminator loss: 0.00587186420720508
INFO:root:
=== Epoch 33 evaluation ===
INFO:root:=== Evaluation metrics ===
PESQ: 3.3471,SSNR: 10.3131,CSIG: 4.6316,CBAK: 3.8582,COVL: 4.0877,STOI: 0.9561

INFO:root:Epoch 34, Step 500, loss: 0.08885334432125092, disc_loss: 0.002645311178639531
INFO:root:Epoch 34, Step 1000, loss: 0.11269775778055191, disc_loss: 0.002032266929745674
INFO:root:Epoch 34, Step 1500, loss: 0.08213328570127487, disc_loss: 0.0007399360765703022
INFO:root:Epoch 34, Step 2000, loss: 0.09147803485393524, disc_loss: 0.0016667487798258662
INFO:root:Epoch 34, Step 2500, loss: 0.07598510384559631, disc_loss: 0.0011019071098417044
INFO:root:Generator loss: 0.06628657606186218, Discriminator loss: 0.004977598451236172
INFO:root:
=== Epoch 34 evaluation ===
INFO:root:=== Evaluation metrics ===
PESQ: 3.3640,SSNR: 10.5791,CSIG: 4.6278,CBAK: 3.8832,COVL: 4.0972,STOI: 0.9558

INFO:root:Epoch 35, Step 500, loss: 0.06245771050453186, disc_loss: 0.0028090495616197586
INFO:root:Epoch 35, Step 1000, loss: 0.0905066654086113, disc_loss: 0.001677743624895811
INFO:root:Epoch 35, Step 1500, loss: 0.09404005855321884, disc_loss: 0.004242073278874159
INFO:root:Epoch 35, Step 2000, loss: 0.10813584923744202, disc_loss: 0.0003020336735062301
INFO:root:Epoch 35, Step 2500, loss: 0.1313178390264511, disc_loss: 0.008845828473567963
INFO:root:Generator loss: 0.06532811016314527, Discriminator loss: 0.006006576953950571
INFO:root:
=== Epoch 35 evaluation ===
INFO:root:=== Evaluation metrics ===
PESQ: 3.3525,SSNR: 10.5982,CSIG: 4.6054,CBAK: 3.8791,COVL: 4.0787,STOI: 0.9556

INFO:root:Epoch 36, Step 500, loss: 0.10256016254425049, disc_loss: 0.0012502153404057026
INFO:root:Epoch 36, Step 1000, loss: 0.07026326656341553, disc_loss: 0.0012884980533272028
INFO:root:Epoch 36, Step 1500, loss: 0.055115122348070145, disc_loss: 0.001295921509154141
INFO:root:Epoch 36, Step 2000, loss: 0.07886876910924911, disc_loss: 0.0027534370310604572
INFO:root:Epoch 36, Step 2500, loss: 0.07310879230499268, disc_loss: 0.0024554503615945578
INFO:root:Generator loss: 0.06450386247733264, Discriminator loss: 0.004811004838911597
INFO:root:
=== Epoch 36 evaluation ===
INFO:root:=== Evaluation metrics ===
PESQ: 3.3650,SSNR: 10.7186,CSIG: 4.6393,CBAK: 3.8936,COVL: 4.1002,STOI: 0.9561

INFO:root:Epoch 37, Step 500, loss: 0.08232277631759644, disc_loss: 0.0014435973716899753
INFO:root:Epoch 37, Step 1000, loss: 0.10367580503225327, disc_loss: 0.0045685796067118645
INFO:root:Epoch 37, Step 1500, loss: 0.091486856341362, disc_loss: 0.00015188026009127498
INFO:root:Epoch 37, Step 2000, loss: 0.08635208010673523, disc_loss: 0.0008236406720243394
INFO:root:Epoch 37, Step 2500, loss: 0.06450029462575912, disc_loss: 0.0012186443200334907
INFO:root:Generator loss: 0.06501922558414415, Discriminator loss: 0.005416499872808345
INFO:root:
=== Epoch 37 evaluation ===
INFO:root:=== Evaluation metrics ===
PESQ: 3.3689,SSNR: 10.6207,CSIG: 4.6321,CBAK: 3.8890,COVL: 4.1020,STOI: 0.9562

INFO:root:Epoch 38, Step 500, loss: 0.08116597682237625, disc_loss: 0.0015639018965885043
INFO:root:Epoch 38, Step 1000, loss: 0.09467658400535583, disc_loss: 0.0010647907620295882
INFO:root:Epoch 38, Step 1500, loss: 0.10210356116294861, disc_loss: 0.004370502196252346
INFO:root:Epoch 38, Step 2000, loss: 0.0790155753493309, disc_loss: 0.0007999091758392751
INFO:root:Epoch 38, Step 2500, loss: 0.11081971228122711, disc_loss: 0.0007234701188281178
INFO:root:Generator loss: 0.06552518507266797, Discriminator loss: 0.005802856379427927
INFO:root:
=== Epoch 38 evaluation ===
INFO:root:=== Evaluation metrics ===
PESQ: 3.3656,SSNR: 10.6002,CSIG: 4.6260,CBAK: 3.8850,COVL: 4.0974,STOI: 0.9560

INFO:root:Epoch 39, Step 500, loss: 0.06381984800100327, disc_loss: 0.003860816126689315
INFO:root:Epoch 39, Step 1000, loss: 0.07450232654809952, disc_loss: 0.0006014013197273016
INFO:root:Epoch 39, Step 1500, loss: 0.11652719229459763, disc_loss: 0.0010753495153039694
INFO:root:Epoch 39, Step 2000, loss: 0.07142961770296097, disc_loss: 0.0012010483769699931
INFO:root:Epoch 39, Step 2500, loss: 0.12311901152133942, disc_loss: 0.0021031699143350124
INFO:root:Generator loss: 0.06587952613215713, Discriminator loss: 0.007208864070439499
INFO:root:
=== Epoch 39 evaluation ===
INFO:root:=== Evaluation metrics ===
PESQ: 3.3291,SSNR: 10.6569,CSIG: 4.6102,CBAK: 3.8730,COVL: 4.0658,STOI: 0.9561

INFO:root:Epoch 40, Step 500, loss: 0.10242323577404022, disc_loss: 0.00033858013921417296
INFO:root:Epoch 40, Step 1000, loss: 0.06568139791488647, disc_loss: 0.0008760718046687543
INFO:root:Epoch 40, Step 1500, loss: 0.103462815284729, disc_loss: 0.002775541739538312
INFO:root:Epoch 40, Step 2000, loss: 0.079881951212883, disc_loss: 2.8122925868956372e-05
INFO:root:Epoch 40, Step 2500, loss: 0.08412272483110428, disc_loss: 0.0019919953774660826
INFO:root:Generator loss: 0.0682172343424223, Discriminator loss: 0.005581835531999778
INFO:root:
=== Epoch 40 evaluation ===
INFO:root:=== Evaluation metrics ===
PESQ: 3.3324,SSNR: 10.2192,CSIG: 4.6157,CBAK: 3.8422,COVL: 4.0704,STOI: 0.9559

INFO:root:Epoch 41, Step 500, loss: 0.0679236352443695, disc_loss: 0.00027167092775925994
INFO:root:Epoch 41, Step 1000, loss: 0.11309552937746048, disc_loss: 0.0011553001822903752
INFO:root:Epoch 41, Step 1500, loss: 0.1142113134264946, disc_loss: 0.007970963604748249
INFO:root:Epoch 41, Step 2000, loss: 0.12692312896251678, disc_loss: 0.0012808475876227021
INFO:root:Epoch 41, Step 2500, loss: 0.11188006401062012, disc_loss: 0.0011714108986780047
INFO:root:Generator loss: 0.06548286110018063, Discriminator loss: 0.007098153606685866
INFO:root:
=== Epoch 41 evaluation ===
INFO:root:=== Evaluation metrics ===
PESQ: 3.3738,SSNR: 10.4964,CSIG: 4.6262,CBAK: 3.8814,COVL: 4.1017,STOI: 0.9566

INFO:root:Epoch 42, Step 500, loss: 0.08808810263872147, disc_loss: 0.0009987299563363194
INFO:root:Epoch 42, Step 1000, loss: 0.07816025614738464, disc_loss: 0.00021622265921905637
INFO:root:Epoch 42, Step 1500, loss: 0.09952038526535034, disc_loss: 0.0010626696748659015
INFO:root:Epoch 42, Step 2000, loss: 0.09556426107883453, disc_loss: 0.0001639857655391097
INFO:root:Epoch 42, Step 2500, loss: 0.11085149645805359, disc_loss: 0.0010841268813237548
INFO:root:Generator loss: 0.06602477374513752, Discriminator loss: 0.0057149153937149375
INFO:root:
=== Epoch 42 evaluation ===
INFO:root:=== Evaluation metrics ===
PESQ: 3.3649,SSNR: 10.5581,CSIG: 4.6307,CBAK: 3.8823,COVL: 4.0979,STOI: 0.9560

INFO:root:Epoch 43, Step 500, loss: 0.08225113898515701, disc_loss: 0.001836495823226869
INFO:root:Epoch 43, Step 1000, loss: 0.095200315117836, disc_loss: 0.0005278665921650827
INFO:root:Epoch 43, Step 1500, loss: 0.09009480476379395, disc_loss: 0.0007128891884349287
INFO:root:Epoch 43, Step 2000, loss: 0.10593383014202118, disc_loss: 0.0016495613381266594
INFO:root:Epoch 43, Step 2500, loss: 0.10301393270492554, disc_loss: 0.0027282340452075005
INFO:root:Generator loss: 0.06475985414592676, Discriminator loss: 0.005283835344369754
INFO:root:
=== Epoch 43 evaluation ===
INFO:root:=== Evaluation metrics ===
PESQ: 3.3713,SSNR: 10.7167,CSIG: 4.6288,CBAK: 3.8961,COVL: 4.1013,STOI: 0.9551

INFO:root:Epoch 44, Step 500, loss: 0.12179169058799744, disc_loss: 0.0006845248863101006
INFO:root:Epoch 44, Step 1000, loss: 0.1040433794260025, disc_loss: 0.004584186710417271
INFO:root:Epoch 44, Step 1500, loss: 0.07611852884292603, disc_loss: 0.0011902599362656474
INFO:root:Epoch 44, Step 2000, loss: 0.06378219276666641, disc_loss: 0.0025405229534953833
INFO:root:Epoch 44, Step 2500, loss: 0.1290564090013504, disc_loss: 0.0004959016805514693
INFO:root:Generator loss: 0.06461151545523729, Discriminator loss: 0.00433809084026807
INFO:root:
=== Epoch 44 evaluation ===
INFO:root:=== Evaluation metrics ===
PESQ: 3.3696,SSNR: 10.7912,CSIG: 4.6339,CBAK: 3.9003,COVL: 4.1012,STOI: 0.9565

INFO:root:Epoch 45, Step 500, loss: 0.07574350386857986, disc_loss: 0.0006812214269302785
INFO:root:Epoch 45, Step 1000, loss: 0.07580006122589111, disc_loss: 0.0004466507234610617
INFO:root:Epoch 45, Step 1500, loss: 0.13314901292324066, disc_loss: 0.001808644155971706
INFO:root:Epoch 45, Step 2000, loss: 0.08283363282680511, disc_loss: 0.00027020255220122635
INFO:root:Epoch 45, Step 2500, loss: 0.09125998616218567, disc_loss: 0.0014089435571804643
INFO:root:Generator loss: 0.06612058891688735, Discriminator loss: 0.006752263981750341
INFO:root:
=== Epoch 45 evaluation ===
INFO:root:=== Evaluation metrics ===
PESQ: 3.3294,SSNR: 10.5301,CSIG: 4.6171,CBAK: 3.8636,COVL: 4.0676,STOI: 0.9555

INFO:root:Epoch 46, Step 500, loss: 0.07543116062879562, disc_loss: 0.00024067309277597815
INFO:root:Epoch 46, Step 1000, loss: 0.09052161127328873, disc_loss: 0.000468754064058885
INFO:root:Epoch 46, Step 1500, loss: 0.09680461138486862, disc_loss: 0.0005046959267929196
INFO:root:Epoch 46, Step 2000, loss: 0.10229849815368652, disc_loss: 0.0022354889661073685
INFO:root:Epoch 46, Step 2500, loss: 0.0723285898566246, disc_loss: 0.014517398551106453
INFO:root:Generator loss: 0.0662996808103132, Discriminator loss: 0.006631740706634269
INFO:root:
=== Epoch 46 evaluation ===
INFO:root:=== Evaluation metrics ===
PESQ: 3.3756,SSNR: 10.3600,CSIG: 4.6400,CBAK: 3.8728,COVL: 4.1091,STOI: 0.9561

INFO:root:Epoch 47, Step 500, loss: 0.06762231886386871, disc_loss: 0.0028694625943899155
INFO:root:Epoch 47, Step 1000, loss: 0.10869109630584717, disc_loss: 0.003626760793849826
INFO:root:Epoch 47, Step 1500, loss: 0.08524428308010101, disc_loss: 0.0009880068246275187
INFO:root:Epoch 47, Step 2000, loss: 0.08544859290122986, disc_loss: 0.000863618915900588
INFO:root:Epoch 47, Step 2500, loss: 0.07231269031763077, disc_loss: 0.0013633850030601025
INFO:root:Generator loss: 0.06533376395123676, Discriminator loss: 0.006688788791825132
INFO:root:
=== Epoch 47 evaluation ===
INFO:root:=== Evaluation metrics ===
PESQ: 3.3687,SSNR: 10.6746,CSIG: 4.6270,CBAK: 3.8909,COVL: 4.0990,STOI: 0.9561

INFO:root:Epoch 48, Step 500, loss: 0.09609594196081161, disc_loss: 0.0019876875448971987
INFO:root:Epoch 48, Step 1000, loss: 0.08940321207046509, disc_loss: 0.0015346065629273653
INFO:root:Epoch 48, Step 1500, loss: 0.10856759548187256, disc_loss: 0.00044544064439833164
INFO:root:Epoch 48, Step 2000, loss: 0.07969841361045837, disc_loss: 0.0006813003565184772
INFO:root:Epoch 48, Step 2500, loss: 0.053977951407432556, disc_loss: 0.001507313223555684
INFO:root:Generator loss: 0.06468011832172141, Discriminator loss: 0.00543962368818347
INFO:root:
=== Epoch 48 evaluation ===
INFO:root:=== Evaluation metrics ===
PESQ: 3.3795,SSNR: 10.7405,CSIG: 4.6297,CBAK: 3.9015,COVL: 4.1049,STOI: 0.9562

INFO:root:Epoch 49, Step 500, loss: 0.08188958466053009, disc_loss: 0.0004307354975026101
INFO:root:Epoch 49, Step 1000, loss: 0.1139809861779213, disc_loss: 0.0012825470184907317
INFO:root:Epoch 49, Step 1500, loss: 0.09588491171598434, disc_loss: 0.0004938853671774268
INFO:root:Epoch 49, Step 2000, loss: 0.06723107397556305, disc_loss: 0.0011124523589387536
INFO:root:Epoch 49, Step 2500, loss: 0.06102653220295906, disc_loss: 0.001474012155085802
INFO:root:Generator loss: 0.06506672030477559, Discriminator loss: 0.00581065370468564
INFO:root:
=== Epoch 49 evaluation ===
INFO:root:=== Evaluation metrics ===
PESQ: 3.3541,SSNR: 10.5766,CSIG: 4.6366,CBAK: 3.8790,COVL: 4.0949,STOI: 0.9563

INFO:root:Epoch 50, Step 500, loss: 0.09139793366193771, disc_loss: 0.0005073385545983911
INFO:root:Epoch 50, Step 1000, loss: 0.09937217831611633, disc_loss: 0.0004068025737069547
INFO:root:Epoch 50, Step 1500, loss: 0.10735926032066345, disc_loss: 0.0008396373596042395
INFO:root:Epoch 50, Step 2000, loss: 0.05784223973751068, disc_loss: 0.0006871320074424148
INFO:root:Epoch 50, Step 2500, loss: 0.08726011216640472, disc_loss: 0.008611803874373436
INFO:root:Generator loss: 0.06632522801931912, Discriminator loss: 0.004877856252878877
INFO:root:
=== Epoch 50 evaluation ===
INFO:root:=== Evaluation metrics ===
PESQ: 3.3589,SSNR: 10.4380,CSIG: 4.6153,CBAK: 3.8709,COVL: 4.0858,STOI: 0.9563

INFO:root:Epoch 51, Step 500, loss: 0.10521846264600754, disc_loss: 0.004421501886099577
INFO:root:Epoch 51, Step 1000, loss: 0.05587780475616455, disc_loss: 0.001289921347051859
INFO:root:Epoch 51, Step 1500, loss: 0.09405368566513062, disc_loss: 0.00046312049380503595
INFO:root:Epoch 51, Step 2000, loss: 0.096458300948143, disc_loss: 0.0015453562373295426
INFO:root:Epoch 51, Step 2500, loss: 0.08582194149494171, disc_loss: 0.0008123115403577685
INFO:root:Generator loss: 0.0649332748545171, Discriminator loss: 0.005492597448748923
INFO:root:
=== Epoch 51 evaluation ===
INFO:root:=== Evaluation metrics ===
PESQ: 3.3770,SSNR: 10.6351,CSIG: 4.6337,CBAK: 3.8931,COVL: 4.1051,STOI: 0.9564

INFO:root:Epoch 52, Step 500, loss: 0.06732749193906784, disc_loss: 0.0011299498146399856
INFO:root:Epoch 52, Step 1000, loss: 0.08642838895320892, disc_loss: 0.003612511558458209
INFO:root:Epoch 52, Step 1500, loss: 0.07559243589639664, disc_loss: 0.0017518153181299567
INFO:root:Epoch 52, Step 2000, loss: 0.08676891028881073, disc_loss: 0.0006319446256384254
INFO:root:Epoch 52, Step 2500, loss: 0.08166348934173584, disc_loss: 0.0003869145584758371
INFO:root:Generator loss: 0.06483619016351051, Discriminator loss: 0.0054822205797570205
INFO:root:
=== Epoch 52 evaluation ===
INFO:root:=== Evaluation metrics ===
PESQ: 3.3574,SSNR: 10.6601,CSIG: 4.6335,CBAK: 3.8854,COVL: 4.0954,STOI: 0.9565

INFO:root:Epoch 53, Step 500, loss: 0.11830572783946991, disc_loss: 0.00253118178807199
INFO:root:Epoch 53, Step 1000, loss: 0.10992228984832764, disc_loss: 0.0004428187385201454
INFO:root:Epoch 53, Step 1500, loss: 0.08531785011291504, disc_loss: 0.00032704530167393386
INFO:root:Epoch 53, Step 2000, loss: 0.055816877633333206, disc_loss: 0.0018644764786586165
INFO:root:Epoch 53, Step 2500, loss: 0.06497033685445786, disc_loss: 0.000301471387501806
INFO:root:Generator loss: 0.0647454244419209, Discriminator loss: 0.004764476416347711
INFO:root:
=== Epoch 53 evaluation ===
INFO:root:=== Evaluation metrics ===
PESQ: 3.3694,SSNR: 10.6980,CSIG: 4.6340,CBAK: 3.8943,COVL: 4.1025,STOI: 0.9564

INFO:root:Epoch 54, Step 500, loss: 0.09427450597286224, disc_loss: 0.0007452543941326439
INFO:root:Epoch 54, Step 1000, loss: 0.0669800192117691, disc_loss: 0.0014312542043626308
INFO:root:Epoch 54, Step 1500, loss: 0.06379616260528564, disc_loss: 0.0009303389233537018
INFO:root:Epoch 54, Step 2000, loss: 0.08371496945619583, disc_loss: 0.0013966815313324332
INFO:root:Epoch 54, Step 2500, loss: 0.06111900508403778, disc_loss: 0.04281136393547058
INFO:root:Generator loss: 0.06497652666842185, Discriminator loss: 0.004846595029007006
INFO:root:
=== Epoch 54 evaluation ===
INFO:root:=== Evaluation metrics ===
PESQ: 3.3551,SSNR: 10.7059,CSIG: 4.6354,CBAK: 3.8866,COVL: 4.0937,STOI: 0.9565

INFO:root:Epoch 55, Step 500, loss: 0.10796555876731873, disc_loss: 0.0020793534349650145
INFO:root:Epoch 55, Step 1000, loss: 0.07244586199522018, disc_loss: 0.00037456428981386125
INFO:root:Epoch 55, Step 1500, loss: 0.09501853585243225, disc_loss: 0.0011677001602947712
INFO:root:Epoch 55, Step 2000, loss: 0.11135028302669525, disc_loss: 0.02258533611893654
INFO:root:Epoch 55, Step 2500, loss: 0.07133998721837997, disc_loss: 0.0019035247387364507
INFO:root:Generator loss: 0.06544912516962266, Discriminator loss: 0.006573183171479913
INFO:root:
=== Epoch 55 evaluation ===
INFO:root:=== Evaluation metrics ===
PESQ: 3.3593,SSNR: 10.5634,CSIG: 4.6318,CBAK: 3.8788,COVL: 4.0938,STOI: 0.9564

INFO:root:Epoch 56, Step 500, loss: 0.09109219163656235, disc_loss: 0.0014881195966154337
INFO:root:Epoch 56, Step 1000, loss: 0.06910745799541473, disc_loss: 0.001510830596089363
INFO:root:Epoch 56, Step 1500, loss: 0.08743838220834732, disc_loss: 0.0008794430759735405
INFO:root:Epoch 56, Step 2000, loss: 0.09251387417316437, disc_loss: 0.001195915276184678
INFO:root:Epoch 56, Step 2500, loss: 0.07963832467794418, disc_loss: 0.008488884195685387
INFO:root:Generator loss: 0.06594500024305675, Discriminator loss: 0.005918541323490431
INFO:root:
=== Epoch 56 evaluation ===
INFO:root:=== Evaluation metrics ===
PESQ: 3.3350,SSNR: 10.5709,CSIG: 4.6267,CBAK: 3.8682,COVL: 4.0788,STOI: 0.9564

INFO:root:Epoch 57, Step 500, loss: 0.08138132840394974, disc_loss: 0.00045042962301522493
INFO:root:Epoch 57, Step 1000, loss: 0.07738836109638214, disc_loss: 0.00201316992752254
INFO:root:Epoch 57, Step 1500, loss: 0.09747786074876785, disc_loss: 0.0015165365766733885
INFO:root:Epoch 57, Step 2000, loss: 0.12133841216564178, disc_loss: 0.0014924455899745226
INFO:root:Epoch 57, Step 2500, loss: 0.0892496109008789, disc_loss: 0.0018090421799570322
INFO:root:Generator loss: 0.06459094115614313, Discriminator loss: 0.005182451097407995
INFO:root:
=== Epoch 57 evaluation ===
INFO:root:=== Evaluation metrics ===
PESQ: 3.3863,SSNR: 10.7514,CSIG: 4.6409,CBAK: 3.9046,COVL: 4.1150,STOI: 0.9564

INFO:root:Epoch 58, Step 500, loss: 0.06686617434024811, disc_loss: 0.001359997782856226
INFO:root:Epoch 58, Step 1000, loss: 0.057279814034700394, disc_loss: 0.0016015934525057673
INFO:root:Epoch 58, Step 1500, loss: 0.10034474730491638, disc_loss: 0.0019639444071799517
INFO:root:Epoch 58, Step 2000, loss: 0.0833112820982933, disc_loss: 0.0010017318418249488
INFO:root:Epoch 58, Step 2500, loss: 0.08540630340576172, disc_loss: 0.0016108885174617171
INFO:root:Generator loss: 0.06489206892121764, Discriminator loss: 0.003823409382878982
INFO:root:
=== Epoch 58 evaluation ===
INFO:root:=== Evaluation metrics ===
PESQ: 3.3681,SSNR: 10.7257,CSIG: 4.6313,CBAK: 3.8954,COVL: 4.1008,STOI: 0.9565

INFO:root:Epoch 59, Step 500, loss: 0.0636342465877533, disc_loss: 0.0006692303577437997
INFO:root:Epoch 59, Step 1000, loss: 0.06607959419488907, disc_loss: 0.0005038261879235506
INFO:root:Epoch 59, Step 1500, loss: 0.10389705002307892, disc_loss: 0.00016831874381750822
INFO:root:Epoch 59, Step 2000, loss: 0.08760887384414673, disc_loss: 0.0025825558695942163
INFO:root:Epoch 59, Step 2500, loss: 0.06467901915311813, disc_loss: 0.001528223161585629
INFO:root:Generator loss: 0.06584758694889475, Discriminator loss: 0.005589381728993245
INFO:root:
=== Epoch 59 evaluation ===
INFO:root:=== Evaluation metrics ===
PESQ: 3.3407,SSNR: 10.4936,CSIG: 4.6379,CBAK: 3.8667,COVL: 4.0893,STOI: 0.9563

Training finished.
