Starting training:
without SE:
Namespace(batch_size=4, cut_len=32000, data_dir='/mnt/iusers01/msc-stu/hum-msc-data-sci-2024-2025/t74061zq/erp/DEMAND_16KHz', decay_epoch=12, epochs=50, init_lr=0.0005, log_interval=500, loss_weights=[0.1, 0.9, 0.2, 0.05, 0.06], save_model_dir='./saved_models_log/saved_models_20250801_VoiceDEMAND_16khz')
['NVIDIA A100-SXM4-80GB']
====================================================================================================
Layer (type:depth-idx)                             Output Shape              Param #
====================================================================================================
TSCNet                                             [1, 1, 321, 201]          --
├─DenseEncoder: 1-1                                [1, 64, 321, 101]         --
│    └─Sequential: 2-1                             [1, 64, 321, 201]         --
│    │    └─Conv2d: 3-1                            [1, 64, 321, 201]         256
│    │    └─InstanceNorm2d: 3-2                    [1, 64, 321, 201]         128
│    │    └─PReLU: 3-3                             [1, 64, 321, 201]         64
│    └─DilatedDenseNet: 2-2                        [1, 64, 321, 201]         --
│    │    └─ConstantPad2d: 3-4                     [1, 64, 322, 203]         --
│    │    └─Conv2d: 3-5                            [1, 64, 321, 201]         24,640
│    │    └─InstanceNorm2d: 3-6                    [1, 64, 321, 201]         128
│    │    └─PReLU: 3-7                             [1, 64, 321, 201]         64
│    │    └─ConstantPad2d: 3-8                     [1, 128, 323, 203]        --
│    │    └─Conv2d: 3-9                            [1, 64, 321, 201]         49,216
│    │    └─InstanceNorm2d: 3-10                   [1, 64, 321, 201]         128
│    │    └─PReLU: 3-11                            [1, 64, 321, 201]         64
│    │    └─ConstantPad2d: 3-12                    [1, 192, 325, 203]        --
│    │    └─Conv2d: 3-13                           [1, 64, 321, 201]         73,792
│    │    └─InstanceNorm2d: 3-14                   [1, 64, 321, 201]         128
│    │    └─PReLU: 3-15                            [1, 64, 321, 201]         64
│    │    └─ConstantPad2d: 3-16                    [1, 256, 329, 203]        --
│    │    └─Conv2d: 3-17                           [1, 64, 321, 201]         98,368
│    │    └─InstanceNorm2d: 3-18                   [1, 64, 321, 201]         128
│    │    └─PReLU: 3-19                            [1, 64, 321, 201]         64
│    └─Sequential: 2-3                             [1, 64, 321, 101]         --
│    │    └─Conv2d: 3-20                           [1, 64, 321, 101]         12,352
│    │    └─InstanceNorm2d: 3-21                   [1, 64, 321, 101]         128
│    │    └─PReLU: 3-22                            [1, 64, 321, 101]         64
├─TSCB: 1-2                                        [1, 64, 321, 101]         --
│    └─ConformerBlock: 2-4                         [101, 321, 64]            --
│    │    └─Scale: 3-23                            [101, 321, 64]            33,216
│    │    └─PreNorm: 3-24                          [101, 321, 64]            32,976
│    │    └─ConformerConvModule: 3-25              [101, 321, 64]            29,376
│    │    └─Scale: 3-26                            [101, 321, 64]            33,216
│    │    └─LayerNorm: 3-27                        [101, 321, 64]            128
│    └─ConformerBlock: 2-5                         [321, 101, 64]            --
│    │    └─Scale: 3-28                            [321, 101, 64]            33,216
│    │    └─PreNorm: 3-29                          [321, 101, 64]            32,976
│    │    └─ConformerConvModule: 3-30              [321, 101, 64]            29,376
│    │    └─Scale: 3-31                            [321, 101, 64]            33,216
│    │    └─LayerNorm: 3-32                        [321, 101, 64]            128
├─TSCB: 1-3                                        [1, 64, 321, 101]         --
│    └─ConformerBlock: 2-6                         [101, 321, 64]            --
│    │    └─Scale: 3-33                            [101, 321, 64]            33,216
│    │    └─PreNorm: 3-34                          [101, 321, 64]            32,976
│    │    └─ConformerConvModule: 3-35              [101, 321, 64]            29,376
│    │    └─Scale: 3-36                            [101, 321, 64]            33,216
│    │    └─LayerNorm: 3-37                        [101, 321, 64]            128
│    └─ConformerBlock: 2-7                         [321, 101, 64]            --
│    │    └─Scale: 3-38                            [321, 101, 64]            33,216
│    │    └─PreNorm: 3-39                          [321, 101, 64]            32,976
│    │    └─ConformerConvModule: 3-40              [321, 101, 64]            29,376
│    │    └─Scale: 3-41                            [321, 101, 64]            33,216
│    │    └─LayerNorm: 3-42                        [321, 101, 64]            128
├─TSCB: 1-4                                        [1, 64, 321, 101]         --
│    └─ConformerBlock: 2-8                         [101, 321, 64]            --
│    │    └─Scale: 3-43                            [101, 321, 64]            33,216
│    │    └─PreNorm: 3-44                          [101, 321, 64]            32,976
│    │    └─ConformerConvModule: 3-45              [101, 321, 64]            29,376
│    │    └─Scale: 3-46                            [101, 321, 64]            33,216
│    │    └─LayerNorm: 3-47                        [101, 321, 64]            128
│    └─ConformerBlock: 2-9                         [321, 101, 64]            --
│    │    └─Scale: 3-48                            [321, 101, 64]            33,216
│    │    └─PreNorm: 3-49                          [321, 101, 64]            32,976
│    │    └─ConformerConvModule: 3-50              [321, 101, 64]            29,376
│    │    └─Scale: 3-51                            [321, 101, 64]            33,216
│    │    └─LayerNorm: 3-52                        [321, 101, 64]            128
├─TSCB: 1-5                                        [1, 64, 321, 101]         --
│    └─ConformerBlock: 2-10                        [101, 321, 64]            --
│    │    └─Scale: 3-53                            [101, 321, 64]            33,216
│    │    └─PreNorm: 3-54                          [101, 321, 64]            32,976
│    │    └─ConformerConvModule: 3-55              [101, 321, 64]            29,376
│    │    └─Scale: 3-56                            [101, 321, 64]            33,216
│    │    └─LayerNorm: 3-57                        [101, 321, 64]            128
│    └─ConformerBlock: 2-11                        [321, 101, 64]            --
│    │    └─Scale: 3-58                            [321, 101, 64]            33,216
│    │    └─PreNorm: 3-59                          [321, 101, 64]            32,976
│    │    └─ConformerConvModule: 3-60              [321, 101, 64]            29,376
│    │    └─Scale: 3-61                            [321, 101, 64]            33,216
│    │    └─LayerNorm: 3-62                        [321, 101, 64]            128
├─MaskDecoder: 1-6                                 [1, 1, 321, 201]          --
│    └─DilatedDenseNet: 2-12                       [1, 64, 321, 101]         --
│    │    └─ConstantPad2d: 3-63                    [1, 64, 322, 103]         --
│    │    └─Conv2d: 3-64                           [1, 64, 321, 101]         24,640
│    │    └─InstanceNorm2d: 3-65                   [1, 64, 321, 101]         128
│    │    └─PReLU: 3-66                            [1, 64, 321, 101]         64
│    │    └─ConstantPad2d: 3-67                    [1, 128, 323, 103]        --
│    │    └─Conv2d: 3-68                           [1, 64, 321, 101]         49,216
│    │    └─InstanceNorm2d: 3-69                   [1, 64, 321, 101]         128
│    │    └─PReLU: 3-70                            [1, 64, 321, 101]         64
│    │    └─ConstantPad2d: 3-71                    [1, 192, 325, 103]        --
│    │    └─Conv2d: 3-72                           [1, 64, 321, 101]         73,792
│    │    └─InstanceNorm2d: 3-73                   [1, 64, 321, 101]         128
│    │    └─PReLU: 3-74                            [1, 64, 321, 101]         64
│    │    └─ConstantPad2d: 3-75                    [1, 256, 329, 103]        --
│    │    └─Conv2d: 3-76                           [1, 64, 321, 101]         98,368
│    │    └─InstanceNorm2d: 3-77                   [1, 64, 321, 101]         128
│    │    └─PReLU: 3-78                            [1, 64, 321, 101]         64
│    └─SPConvTranspose2d: 2-13                     [1, 64, 321, 202]         --
│    │    └─ConstantPad2d: 3-79                    [1, 64, 321, 103]         --
│    │    └─Conv2d: 3-80                           [1, 128, 321, 101]        24,704
│    └─Conv2d: 2-14                                [1, 1, 321, 201]          129
│    └─InstanceNorm2d: 2-15                        [1, 1, 321, 201]          2
│    └─PReLU: 2-16                                 [1, 1, 321, 201]          1
│    └─Conv2d: 2-17                                [1, 1, 321, 201]          2
│    └─PReLU: 2-18                                 [1, 201, 321]             201
├─ComplexDecoder: 1-7                              [1, 2, 321, 201]          --
│    └─DilatedDenseNet: 2-19                       [1, 64, 321, 101]         --
│    │    └─ConstantPad2d: 3-81                    [1, 64, 322, 103]         --
│    │    └─Conv2d: 3-82                           [1, 64, 321, 101]         24,640
│    │    └─InstanceNorm2d: 3-83                   [1, 64, 321, 101]         128
│    │    └─PReLU: 3-84                            [1, 64, 321, 101]         64
│    │    └─ConstantPad2d: 3-85                    [1, 128, 323, 103]        --
│    │    └─Conv2d: 3-86                           [1, 64, 321, 101]         49,216
│    │    └─InstanceNorm2d: 3-87                   [1, 64, 321, 101]         128
│    │    └─PReLU: 3-88                            [1, 64, 321, 101]         64
│    │    └─ConstantPad2d: 3-89                    [1, 192, 325, 103]        --
│    │    └─Conv2d: 3-90                           [1, 64, 321, 101]         73,792
│    │    └─InstanceNorm2d: 3-91                   [1, 64, 321, 101]         128
│    │    └─PReLU: 3-92                            [1, 64, 321, 101]         64
│    │    └─ConstantPad2d: 3-93                    [1, 256, 329, 103]        --
│    │    └─Conv2d: 3-94                           [1, 64, 321, 101]         98,368
│    │    └─InstanceNorm2d: 3-95                   [1, 64, 321, 101]         128
│    │    └─PReLU: 3-96                            [1, 64, 321, 101]         64
│    └─SPConvTranspose2d: 2-20                     [1, 64, 321, 202]         --
│    │    └─ConstantPad2d: 3-97                    [1, 64, 321, 103]         --
│    │    └─Conv2d: 3-98                           [1, 128, 321, 101]        24,704
│    └─InstanceNorm2d: 2-21                        [1, 64, 321, 202]         128
│    └─PReLU: 2-22                                 [1, 64, 321, 202]         64
│    └─Conv2d: 2-23                                [1, 2, 321, 201]          258
====================================================================================================
Total params: 1,834,833
Trainable params: 1,834,833
Non-trainable params: 0
Total mult-adds (G): 41.56
====================================================================================================
Input size (MB): 0.52
Forward/backward pass size (MB): 4856.40
Params size (MB): 7.34
Estimated Total Size (MB): 4864.25
====================================================================================================
==========================================================================================
Layer (type:depth-idx)                   Output Shape              Param #
==========================================================================================
Discriminator                            [1, 1]                    --
├─Sequential: 1-1                        [1, 1]                    --
│    └─Conv2d: 2-1                       [1, 16, 100, 160]         512
│    └─InstanceNorm2d: 2-2               [1, 16, 100, 160]         32
│    └─PReLU: 2-3                        [1, 16, 100, 160]         16
│    └─Conv2d: 2-4                       [1, 32, 50, 80]           8,192
│    └─InstanceNorm2d: 2-5               [1, 32, 50, 80]           64
│    └─PReLU: 2-6                        [1, 32, 50, 80]           32
│    └─Conv2d: 2-7                       [1, 64, 25, 40]           32,768
│    └─InstanceNorm2d: 2-8               [1, 64, 25, 40]           128
│    └─PReLU: 2-9                        [1, 64, 25, 40]           64
│    └─Conv2d: 2-10                      [1, 128, 12, 20]          131,072
│    └─InstanceNorm2d: 2-11              [1, 128, 12, 20]          256
│    └─PReLU: 2-12                       [1, 128, 12, 20]          128
│    └─AdaptiveMaxPool2d: 2-13           [1, 128, 1, 1]            --
│    └─Flatten: 2-14                     [1, 128]                  --
│    └─Linear: 2-15                      [1, 64]                   8,256
│    └─Dropout: 2-16                     [1, 64]                   --
│    └─PReLU: 2-17                       [1, 64]                   64
│    └─Linear: 2-18                      [1, 1]                    65
│    └─LearnableSigmoid: 2-19            [1, 1]                    1
==========================================================================================
Total params: 181,650
Trainable params: 181,650
Non-trainable params: 0
Total mult-adds (M): 19.67
==========================================================================================
Input size (MB): 0.52
Forward/backward pass size (MB): 11.49
Params size (MB): 0.73
Estimated Total Size (MB): 12.73
==========================================================================================
/mnt/iusers01/msc-stu/hum-msc-data-sci-2024-2025/t74061zq/erp/CMGAN_src/data/dataloader.py:52: UserWarning: torchaudio._backend.set_audio_backend has been deprecated. With dispatcher enabled, this function is no-op. You can remove the function call.
  torchaudio.set_audio_backend("sox_io")         # in linux
INFO:root:Epoch 0, Step 500, loss: 0.15477082133293152, disc_loss: 0.017141325399279594
INFO:root:Epoch 0, Step 1000, loss: 0.17589645087718964, disc_loss: 0.01098449993878603
INFO:root:Epoch 0, Step 1500, loss: 0.2188989520072937, disc_loss: 0.00778962392359972
INFO:root:Epoch 0, Step 2000, loss: 0.26426801085472107, disc_loss: 0.005912360269576311
INFO:root:Epoch 0, Step 2500, loss: 0.2741588056087494, disc_loss: 0.0003488970978651196
INFO:root:Generator loss: 0.12063479940723447, Discriminator loss: 0.0191710503665658
INFO:root:
=== Epoch 0 evaluation ===
INFO:root:=== Evaluation metrics ===
PESQ: 2.7247,SSNR: 8.2853,CSIG: 4.2564,CBAK: 3.4242,COVL: 3.5469,STOI: 0.9377,
INFO:root:Epoch 1, Step 500, loss: 0.20053941011428833, disc_loss: 0.011757783591747284
INFO:root:Epoch 1, Step 1000, loss: 0.15939676761627197, disc_loss: 0.007340561598539352
INFO:root:Epoch 1, Step 1500, loss: 0.15619273483753204, disc_loss: 0.006032890640199184
INFO:root:Epoch 1, Step 2000, loss: 0.25010961294174194, disc_loss: 0.010306693613529205
INFO:root:Epoch 1, Step 2500, loss: 0.19836686551570892, disc_loss: 0.0033107390627264977
INFO:root:Generator loss: 0.1069177879219495, Discriminator loss: 0.01205751331137647
INFO:root:
=== Epoch 1 evaluation ===
INFO:root:=== Evaluation metrics ===
PESQ: 2.8401,SSNR: 8.1509,CSIG: 4.3306,CBAK: 3.4722,COVL: 3.6478,STOI: 0.9429,
INFO:root:Epoch 2, Step 500, loss: 0.09712086617946625, disc_loss: 0.0387890599668026
INFO:root:Epoch 2, Step 1000, loss: 0.14930202066898346, disc_loss: 0.010548049584031105
INFO:root:Epoch 2, Step 1500, loss: 0.1541961133480072, disc_loss: 0.0015694053145125508
INFO:root:Epoch 2, Step 2000, loss: 0.1324562132358551, disc_loss: 0.003995646722614765
INFO:root:Epoch 2, Step 2500, loss: 0.13810721039772034, disc_loss: 0.003066187957301736
INFO:root:Generator loss: 0.10675293398858274, Discriminator loss: 0.005661702893721844
INFO:root:
=== Epoch 2 evaluation ===
INFO:root:=== Evaluation metrics ===
PESQ: 2.8763,SSNR: 8.0586,CSIG: 4.3404,CBAK: 3.4870,COVL: 3.6753,STOI: 0.9434,
INFO:root:Epoch 3, Step 500, loss: 0.17252056300640106, disc_loss: 0.0020986529998481274
INFO:root:Epoch 3, Step 1000, loss: 0.11456842720508575, disc_loss: 0.002577931387349963
INFO:root:Epoch 3, Step 1500, loss: 0.15352095663547516, disc_loss: 0.0004999226657673717
INFO:root:Epoch 3, Step 2000, loss: 0.2233598530292511, disc_loss: 0.005020518321543932
INFO:root:Epoch 3, Step 2500, loss: 0.13106374442577362, disc_loss: 0.0037533973809331656
INFO:root:Generator loss: 0.09752000582594315, Discriminator loss: 0.00859404696113186
INFO:root:
=== Epoch 3 evaluation ===
INFO:root:=== Evaluation metrics ===
PESQ: 2.9741,SSNR: 8.9904,CSIG: 4.4297,CBAK: 3.5927,COVL: 3.7718,STOI: 0.9466,
INFO:root:Epoch 4, Step 500, loss: 0.15465542674064636, disc_loss: 0.01232661958783865
INFO:root:Epoch 4, Step 1000, loss: 0.16047799587249756, disc_loss: 0.005085409618914127
INFO:root:Epoch 4, Step 1500, loss: 0.10626842826604843, disc_loss: 0.007076057139784098
INFO:root:Epoch 4, Step 2000, loss: 0.12442372739315033, disc_loss: 0.0055520921014249325
INFO:root:Epoch 4, Step 2500, loss: 0.20289523899555206, disc_loss: 0.00548999710008502
INFO:root:Generator loss: 0.0892235066705537, Discriminator loss: 0.004311759388091233
INFO:root:
=== Epoch 4 evaluation ===
INFO:root:=== Evaluation metrics ===
PESQ: 3.1276,SSNR: 9.6929,CSIG: 4.5212,CBAK: 3.7117,COVL: 3.9024,STOI: 0.9480,
INFO:root:Epoch 5, Step 500, loss: 0.19922281801700592, disc_loss: 0.00061897310661152
INFO:root:Epoch 5, Step 1000, loss: 0.17288744449615479, disc_loss: 0.002595024649053812
INFO:root:Epoch 5, Step 1500, loss: 0.21611902117729187, disc_loss: 0.0008744587539695203
INFO:root:Epoch 5, Step 2000, loss: 0.12788306176662445, disc_loss: 0.0013950748834758997
INFO:root:Epoch 5, Step 2500, loss: 0.1640908271074295, disc_loss: 0.00611990736797452
INFO:root:Generator loss: 0.08929842390409372, Discriminator loss: 0.005785204811491868
INFO:root:
=== Epoch 5 evaluation ===
INFO:root:=== Evaluation metrics ===
PESQ: 3.0602,SSNR: 9.6639,CSIG: 4.5229,CBAK: 3.6781,COVL: 3.8620,STOI: 0.9497,
INFO:root:Epoch 6, Step 500, loss: 0.1124422699213028, disc_loss: 0.001230914844200015
INFO:root:Epoch 6, Step 1000, loss: 0.13178473711013794, disc_loss: 0.0016218615928664804
INFO:root:Epoch 6, Step 1500, loss: 0.2816217839717865, disc_loss: 0.011688955128192902
INFO:root:Epoch 6, Step 2000, loss: 0.13044455647468567, disc_loss: 0.007540739141404629
INFO:root:Epoch 6, Step 2500, loss: 0.11415741592645645, disc_loss: 0.0014345432864502072
INFO:root:Generator loss: 0.09025468917798649, Discriminator loss: 0.005896782270619686
INFO:root:
=== Epoch 6 evaluation ===
INFO:root:=== Evaluation metrics ===
PESQ: 3.1301,SSNR: 8.8555,CSIG: 4.5471,CBAK: 3.6583,COVL: 3.9158,STOI: 0.9485,
INFO:root:Epoch 7, Step 500, loss: 0.1259048730134964, disc_loss: 0.0025136072654277086
INFO:root:Epoch 7, Step 1000, loss: 0.11650571972131729, disc_loss: 0.0012270758161321282
INFO:root:Epoch 7, Step 1500, loss: 0.16952770948410034, disc_loss: 0.0019012822303920984
INFO:root:Epoch 7, Step 2000, loss: 0.1395922750234604, disc_loss: 0.002701532794162631
INFO:root:Epoch 7, Step 2500, loss: 0.16076308488845825, disc_loss: 0.005614693276584148
INFO:root:Generator loss: 0.08725939390873447, Discriminator loss: 0.006268380843059135
INFO:root:
=== Epoch 7 evaluation ===
INFO:root:=== Evaluation metrics ===
PESQ: 3.0926,SSNR: 9.7576,CSIG: 4.4984,CBAK: 3.6999,COVL: 3.8699,STOI: 0.9512,
INFO:root:Epoch 8, Step 500, loss: 0.1324394792318344, disc_loss: 0.0004930347786284983
INFO:root:Epoch 8, Step 1000, loss: 0.0785594955086708, disc_loss: 0.0005436279461719096
INFO:root:Epoch 8, Step 1500, loss: 0.07458318769931793, disc_loss: 0.049990758299827576
INFO:root:Epoch 8, Step 2000, loss: 0.10436277091503143, disc_loss: 0.004386700689792633
INFO:root:Epoch 8, Step 2500, loss: 0.09571535140275955, disc_loss: 0.010184016078710556
INFO:root:Generator loss: 0.0856535072140034, Discriminator loss: 0.005372772597537141
INFO:root:
=== Epoch 8 evaluation ===
INFO:root:=== Evaluation metrics ===
PESQ: 3.1904,SSNR: 9.8799,CSIG: 4.5280,CBAK: 3.7552,COVL: 3.9363,STOI: 0.9506,
INFO:root:Epoch 9, Step 500, loss: 0.14873407781124115, disc_loss: 0.0012696036137640476
INFO:root:Epoch 9, Step 1000, loss: 0.09426315128803253, disc_loss: 0.00303196650929749
INFO:root:Epoch 9, Step 1500, loss: 0.10130426287651062, disc_loss: 0.0006909099756740034
INFO:root:Epoch 9, Step 2000, loss: 0.10417279601097107, disc_loss: 0.0011552508221939206
INFO:root:Epoch 9, Step 2500, loss: 0.09798767417669296, disc_loss: 0.0007833298295736313
INFO:root:Generator loss: 0.0846864784552345, Discriminator loss: 0.00890087766035401
INFO:root:
=== Epoch 9 evaluation ===
INFO:root:=== Evaluation metrics ===
PESQ: 3.1686,SSNR: 9.6812,CSIG: 4.5147,CBAK: 3.7289,COVL: 3.9184,STOI: 0.9521,
INFO:root:Epoch 10, Step 500, loss: 0.13480794429779053, disc_loss: 0.0015135701978579164
INFO:root:Epoch 10, Step 1000, loss: 0.12396202981472015, disc_loss: 0.004551236517727375
INFO:root:Epoch 10, Step 1500, loss: 0.10789130628108978, disc_loss: 0.045745931565761566
INFO:root:Epoch 10, Step 2000, loss: 0.10688816756010056, disc_loss: 0.0072669764049351215
INFO:root:Epoch 10, Step 2500, loss: 0.08244114369153976, disc_loss: 0.0007676563109271228
INFO:root:Generator loss: 0.0848950089217679, Discriminator loss: 0.007932311216597016
INFO:root:
=== Epoch 10 evaluation ===
INFO:root:=== Evaluation metrics ===
PESQ: 3.0980,SSNR: 9.7033,CSIG: 4.5068,CBAK: 3.7002,COVL: 3.8739,STOI: 0.9522,
INFO:root:Epoch 11, Step 500, loss: 0.11373014003038406, disc_loss: 0.0011241479078307748
INFO:root:Epoch 11, Step 1000, loss: 0.09827475249767303, disc_loss: 0.00270570139400661
INFO:root:Epoch 11, Step 1500, loss: 0.10242535173892975, disc_loss: 0.0010516635375097394
INFO:root:Epoch 11, Step 2000, loss: 0.11129983514547348, disc_loss: 0.0003665274998638779
INFO:root:Epoch 11, Step 2500, loss: 0.10239066183567047, disc_loss: 0.0012390948832035065
INFO:root:Generator loss: 0.08434878712863599, Discriminator loss: 0.0067570632658740595
INFO:root:
=== Epoch 11 evaluation ===
INFO:root:=== Evaluation metrics ===
PESQ: 3.1951,SSNR: 9.7807,CSIG: 4.5122,CBAK: 3.7499,COVL: 3.9320,STOI: 0.9525,
INFO:root:Epoch 12, Step 500, loss: 0.11971554905176163, disc_loss: 0.0025689706671983004
INFO:root:Epoch 12, Step 1000, loss: 0.12354974448680878, disc_loss: 0.00033244097721762955
INFO:root:Epoch 12, Step 1500, loss: 0.10697907209396362, disc_loss: 0.004263891838490963
INFO:root:Epoch 12, Step 2000, loss: 0.11780261248350143, disc_loss: 0.0005807265406474471
INFO:root:Epoch 12, Step 2500, loss: 0.12307716906070709, disc_loss: 0.0016926429234445095
INFO:root:Generator loss: 0.0790778137743473, Discriminator loss: 0.005652911091637029
INFO:root:
=== Epoch 12 evaluation ===
INFO:root:=== Evaluation metrics ===
PESQ: 3.2351,SSNR: 10.1275,CSIG: 4.5360,CBAK: 3.7930,COVL: 3.9661,STOI: 0.9544,
INFO:root:Epoch 13, Step 500, loss: 0.11033479869365692, disc_loss: 0.0014069624012336135
INFO:root:Epoch 13, Step 1000, loss: 0.15509280562400818, disc_loss: 0.0020943046547472477
INFO:root:Epoch 13, Step 1500, loss: 0.0924660861492157, disc_loss: 0.00323296501301229
INFO:root:Epoch 13, Step 2000, loss: 0.12135140597820282, disc_loss: 0.007426571566611528
INFO:root:Epoch 13, Step 2500, loss: 0.16357669234275818, disc_loss: 0.003452786011621356
INFO:root:Generator loss: 0.07980371592114273, Discriminator loss: 0.006565342371598411
INFO:root:
=== Epoch 13 evaluation ===
INFO:root:=== Evaluation metrics ===
PESQ: 3.2340,SSNR: 9.8881,CSIG: 4.5412,CBAK: 3.7757,COVL: 3.9675,STOI: 0.9543,
INFO:root:Epoch 14, Step 500, loss: 0.0846310406923294, disc_loss: 0.004424588289111853
INFO:root:Epoch 14, Step 1000, loss: 0.12003310769796371, disc_loss: 0.0032634653616696596
INFO:root:Epoch 14, Step 1500, loss: 0.11850054562091827, disc_loss: 0.0010029816767200828
INFO:root:Epoch 14, Step 2000, loss: 0.09448744356632233, disc_loss: 0.0008307741954922676
INFO:root:Epoch 14, Step 2500, loss: 0.10523252189159393, disc_loss: 0.002584461122751236
INFO:root:Generator loss: 0.07975371172922907, Discriminator loss: 0.008973440173965341
INFO:root:
=== Epoch 14 evaluation ===
INFO:root:=== Evaluation metrics ===
PESQ: 3.2071,SSNR: 9.9696,CSIG: 4.5271,CBAK: 3.7697,COVL: 3.9485,STOI: 0.9541,
INFO:root:Epoch 15, Step 500, loss: 0.11473848670721054, disc_loss: 0.0026108287274837494
INFO:root:Epoch 15, Step 1000, loss: 0.09137369692325592, disc_loss: 0.0029601461719721556
INFO:root:Epoch 15, Step 1500, loss: 0.10928383469581604, disc_loss: 0.0003229736175853759
INFO:root:Epoch 15, Step 2000, loss: 0.1268479824066162, disc_loss: 0.0002586027840152383
INFO:root:Epoch 15, Step 2500, loss: 0.12521064281463623, disc_loss: 0.00036570668453350663
INFO:root:Generator loss: 0.08010874970734698, Discriminator loss: 0.006496860117639372
INFO:root:
=== Epoch 15 evaluation ===
INFO:root:=== Evaluation metrics ===
PESQ: 3.3053,SSNR: 9.8319,CSIG: 4.5672,CBAK: 3.8082,COVL: 4.0267,STOI: 0.9546,
INFO:root:Epoch 16, Step 500, loss: 0.0907701775431633, disc_loss: 0.0016576249618083239
INFO:root:Epoch 16, Step 1000, loss: 0.08751344680786133, disc_loss: 0.0003819175763055682
INFO:root:Epoch 16, Step 1500, loss: 0.07173521816730499, disc_loss: 0.0012992690317332745
INFO:root:Epoch 16, Step 2000, loss: 0.07496463507413864, disc_loss: 0.0016128021525219083
INFO:root:Epoch 16, Step 2500, loss: 0.10754144936800003, disc_loss: 0.003031035652384162
INFO:root:Generator loss: 0.07931862143998586, Discriminator loss: 0.007707513114475607
INFO:root:
=== Epoch 16 evaluation ===
INFO:root:=== Evaluation metrics ===
PESQ: 3.2279,SSNR: 9.8685,CSIG: 4.5443,CBAK: 3.7720,COVL: 3.9693,STOI: 0.9550,
INFO:root:Epoch 17, Step 500, loss: 0.07585570216178894, disc_loss: 0.0026226795744150877
INFO:root:Epoch 17, Step 1000, loss: 0.08459332585334778, disc_loss: 0.0023112029302865267
INFO:root:Epoch 17, Step 1500, loss: 0.15689565241336823, disc_loss: 0.004405143670737743
INFO:root:Epoch 17, Step 2000, loss: 0.10207289457321167, disc_loss: 0.0013710526982322335
INFO:root:Epoch 17, Step 2500, loss: 0.08747602999210358, disc_loss: 0.0005991893704049289
INFO:root:Generator loss: 0.07596383200397769, Discriminator loss: 0.005605830303660325
INFO:root:
=== Epoch 17 evaluation ===
INFO:root:=== Evaluation metrics ===
PESQ: 3.3356,SSNR: 10.1996,CSIG: 4.6071,CBAK: 3.8478,COVL: 4.0665,STOI: 0.9547,
INFO:root:Epoch 18, Step 500, loss: 0.12624159455299377, disc_loss: 0.00472208671271801
INFO:root:Epoch 18, Step 1000, loss: 0.13064976036548615, disc_loss: 0.004009287338703871
INFO:root:Epoch 18, Step 1500, loss: 0.10972510278224945, disc_loss: 0.0012240231735631824
INFO:root:Epoch 18, Step 2000, loss: 0.10678698122501373, disc_loss: 0.0007413607090711594
INFO:root:Epoch 18, Step 2500, loss: 0.12236002832651138, disc_loss: 0.0008044468704611063
INFO:root:Generator loss: 0.07641636410239831, Discriminator loss: 0.005841324446839846
INFO:root:
=== Epoch 18 evaluation ===
INFO:root:=== Evaluation metrics ===
PESQ: 3.2879,SSNR: 10.2224,CSIG: 4.5790,CBAK: 3.8252,COVL: 4.0231,STOI: 0.9549,
INFO:root:Epoch 19, Step 500, loss: 0.09133724868297577, disc_loss: 0.0024398034438490868
INFO:root:Epoch 19, Step 1000, loss: 0.07727305591106415, disc_loss: 0.00288429600186646
INFO:root:Epoch 19, Step 1500, loss: 0.07401899993419647, disc_loss: 0.001968643395230174
INFO:root:Epoch 19, Step 2000, loss: 0.07857681810855865, disc_loss: 0.00047561319661326706
INFO:root:Epoch 19, Step 2500, loss: 0.08630450069904327, disc_loss: 0.0013501793146133423
INFO:root:Generator loss: 0.07679582284130518, Discriminator loss: 0.006856009726583827
INFO:root:
=== Epoch 19 evaluation ===
INFO:root:=== Evaluation metrics ===
PESQ: 3.3390,SSNR: 10.1501,CSIG: 4.6023,CBAK: 3.8453,COVL: 4.0643,STOI: 0.9553,
INFO:root:Epoch 20, Step 500, loss: 0.15056799352169037, disc_loss: 0.0047444868832826614
INFO:root:Epoch 20, Step 1000, loss: 0.08594383299350739, disc_loss: 0.002061334904283285
INFO:root:Epoch 20, Step 1500, loss: 0.12859486043453217, disc_loss: 0.0009067658102139831
INFO:root:Epoch 20, Step 2000, loss: 0.14195431768894196, disc_loss: 0.0049421414732933044
INFO:root:Epoch 20, Step 2500, loss: 0.1301419883966446, disc_loss: 0.0022714657243341208
INFO:root:Generator loss: 0.07909327700227789, Discriminator loss: 0.007022812339907865
INFO:root:
=== Epoch 20 evaluation ===
INFO:root:=== Evaluation metrics ===
PESQ: 3.2650,SSNR: 9.7516,CSIG: 4.5492,CBAK: 3.7833,COVL: 3.9922,STOI: 0.9553,
INFO:root:Epoch 21, Step 500, loss: 0.11122328042984009, disc_loss: 0.00107014668174088
INFO:root:Epoch 21, Step 1000, loss: 0.09040802717208862, disc_loss: 0.0001567359868204221
INFO:root:Epoch 21, Step 1500, loss: 0.09922172129154205, disc_loss: 0.0019919611513614655
INFO:root:Epoch 21, Step 2000, loss: 0.08078836649656296, disc_loss: 0.001901102252304554
INFO:root:Epoch 21, Step 2500, loss: 0.09638172388076782, disc_loss: 0.0016701901331543922
INFO:root:Generator loss: 0.07708147685359983, Discriminator loss: 0.005820381777526051
INFO:root:
=== Epoch 21 evaluation ===
INFO:root:=== Evaluation metrics ===
PESQ: 3.2171,SSNR: 10.2276,CSIG: 4.5260,CBAK: 3.7922,COVL: 3.9480,STOI: 0.9552,
INFO:root:Epoch 22, Step 500, loss: 0.10853876918554306, disc_loss: 0.001738688675686717
INFO:root:Epoch 22, Step 1000, loss: 0.11936492472887039, disc_loss: 0.0005561556899920106
INFO:root:Epoch 22, Step 1500, loss: 0.10205185413360596, disc_loss: 0.0014022677205502987
INFO:root:Epoch 22, Step 2000, loss: 0.10380853712558746, disc_loss: 0.0008198783034458756
INFO:root:Epoch 22, Step 2500, loss: 0.1193247139453888, disc_loss: 0.0013141013914719224
INFO:root:Generator loss: 0.07700066154515281, Discriminator loss: 0.004073196887086684
INFO:root:
=== Epoch 22 evaluation ===
INFO:root:=== Evaluation metrics ===
PESQ: 3.3134,SSNR: 10.0948,CSIG: 4.6048,CBAK: 3.8308,COVL: 4.0542,STOI: 0.9556,
INFO:root:Epoch 23, Step 500, loss: 0.10029487311840057, disc_loss: 0.0008980493294075131
INFO:root:Epoch 23, Step 1000, loss: 0.07712377607822418, disc_loss: 0.0009376436355523765
INFO:root:Epoch 23, Step 1500, loss: 0.08329656720161438, disc_loss: 0.0022969411220401525
INFO:root:Epoch 23, Step 2000, loss: 0.11234064400196075, disc_loss: 0.0033694899175316095
INFO:root:Epoch 23, Step 2500, loss: 0.13120606541633606, disc_loss: 0.00048800528747960925
INFO:root:Generator loss: 0.07893679497166745, Discriminator loss: 0.006560865202453835
INFO:root:
=== Epoch 23 evaluation ===
INFO:root:=== Evaluation metrics ===
PESQ: 3.2532,SSNR: 9.6868,CSIG: 4.5745,CBAK: 3.7705,COVL: 3.9996,STOI: 0.9548,
INFO:root:Epoch 24, Step 500, loss: 0.16392651200294495, disc_loss: 0.0006384662119671702
INFO:root:Epoch 24, Step 1000, loss: 0.10874375700950623, disc_loss: 0.0016881754854694009
INFO:root:Epoch 24, Step 1500, loss: 0.09035058319568634, disc_loss: 0.0003000162250827998
INFO:root:Epoch 24, Step 2000, loss: 0.14803805947303772, disc_loss: 0.003711656667292118
INFO:root:Epoch 24, Step 2500, loss: 0.12155088782310486, disc_loss: 0.0012451553484424949
INFO:root:Generator loss: 0.07585739299148611, Discriminator loss: 0.004389631044432463
INFO:root:
=== Epoch 24 evaluation ===
INFO:root:=== Evaluation metrics ===
PESQ: 3.3217,SSNR: 10.0216,CSIG: 4.6073,CBAK: 3.8286,COVL: 4.0577,STOI: 0.9559,
INFO:root:Epoch 25, Step 500, loss: 0.10863339900970459, disc_loss: 0.0017233539838343859
INFO:root:Epoch 25, Step 1000, loss: 0.14371775090694427, disc_loss: 0.0006476765847764909
INFO:root:Epoch 25, Step 1500, loss: 0.07960974425077438, disc_loss: 0.0026339858304709196
INFO:root:Epoch 25, Step 2000, loss: 0.12727099657058716, disc_loss: 0.0012059870641678572
INFO:root:Epoch 25, Step 2500, loss: 0.09816206991672516, disc_loss: 0.0017343410290777683
INFO:root:Generator loss: 0.07480308845711564, Discriminator loss: 0.005200695137212729
INFO:root:
=== Epoch 25 evaluation ===
INFO:root:=== Evaluation metrics ===
PESQ: 3.3447,SSNR: 10.2019,CSIG: 4.6142,CBAK: 3.8520,COVL: 4.0773,STOI: 0.9553,
INFO:root:Epoch 26, Step 500, loss: 0.10102534294128418, disc_loss: 0.0018966831266880035
INFO:root:Epoch 26, Step 1000, loss: 0.07669127732515335, disc_loss: 0.001901104929856956
INFO:root:Epoch 26, Step 1500, loss: 0.1003870740532875, disc_loss: 0.003912166226655245
INFO:root:Epoch 26, Step 2000, loss: 0.10718102753162384, disc_loss: 0.0013728522462770343
INFO:root:Epoch 26, Step 2500, loss: 0.08042585849761963, disc_loss: 0.0030852006748318672
INFO:root:Generator loss: 0.07656258136685033, Discriminator loss: 0.006256550973949805
INFO:root:
=== Epoch 26 evaluation ===
INFO:root:=== Evaluation metrics ===
PESQ: 3.2917,SSNR: 10.1635,CSIG: 4.5858,CBAK: 3.8236,COVL: 4.0264,STOI: 0.9563,
INFO:root:Epoch 27, Step 500, loss: 0.10464388132095337, disc_loss: 0.0010919042397290468
INFO:root:Epoch 27, Step 1000, loss: 0.06402049958705902, disc_loss: 0.0009466591291129589
INFO:root:Epoch 27, Step 1500, loss: 0.103921078145504, disc_loss: 0.0020238959696143866
INFO:root:Epoch 27, Step 2000, loss: 0.12499170750379562, disc_loss: 0.0006701651145704091
INFO:root:Epoch 27, Step 2500, loss: 0.11683622747659683, disc_loss: 0.0008286378579214215
INFO:root:Generator loss: 0.07495218551563985, Discriminator loss: 0.005482087483083817
INFO:root:
=== Epoch 27 evaluation ===
INFO:root:=== Evaluation metrics ===
PESQ: 3.3219,SSNR: 10.2854,CSIG: 4.5995,CBAK: 3.8458,COVL: 4.0539,STOI: 0.9566,
INFO:root:Epoch 28, Step 500, loss: 0.07827962189912796, disc_loss: 0.0014307003002613783
INFO:root:Epoch 28, Step 1000, loss: 0.10102784633636475, disc_loss: 0.0012638490879908204
INFO:root:Epoch 28, Step 1500, loss: 0.0633523240685463, disc_loss: 0.0018326874123886228
INFO:root:Epoch 28, Step 2000, loss: 0.18246237933635712, disc_loss: 0.0002601220621727407
INFO:root:Epoch 28, Step 2500, loss: 0.11736606806516647, disc_loss: 0.0018485367763787508
INFO:root:Generator loss: 0.07469489070975664, Discriminator loss: 0.005719490659986741
INFO:root:
=== Epoch 28 evaluation ===
INFO:root:=== Evaluation metrics ===
PESQ: 3.3387,SSNR: 10.2030,CSIG: 4.6207,CBAK: 3.8485,COVL: 4.0743,STOI: 0.9556,
INFO:root:Epoch 29, Step 500, loss: 0.11438784003257751, disc_loss: 0.0015062580350786448
INFO:root:Epoch 29, Step 1000, loss: 0.0789061114192009, disc_loss: 0.018562765792012215
INFO:root:Epoch 29, Step 1500, loss: 0.07784759998321533, disc_loss: 0.0012514804257079959
INFO:root:Epoch 29, Step 2000, loss: 0.13002225756645203, disc_loss: 0.0010306128533557057
INFO:root:Epoch 29, Step 2500, loss: 0.09653516113758087, disc_loss: 0.003911161795258522
INFO:root:Generator loss: 0.07604692087879458, Discriminator loss: 0.005860771933283422
INFO:root:
=== Epoch 29 evaluation ===
INFO:root:=== Evaluation metrics ===
PESQ: 3.2888,SSNR: 10.1532,CSIG: 4.5945,CBAK: 3.8211,COVL: 4.0331,STOI: 0.9566,
INFO:root:Epoch 30, Step 500, loss: 0.07423228025436401, disc_loss: 0.0019682333804666996
INFO:root:Epoch 30, Step 1000, loss: 0.08966541290283203, disc_loss: 0.0018067407654598355
INFO:root:Epoch 30, Step 1500, loss: 0.12576909363269806, disc_loss: 0.0010997977806255221
INFO:root:Epoch 30, Step 2000, loss: 0.08229755610227585, disc_loss: 0.002256559208035469
INFO:root:Epoch 30, Step 2500, loss: 0.07794080674648285, disc_loss: 0.0004935150500386953
INFO:root:Generator loss: 0.07428048690328899, Discriminator loss: 0.003241375053936652
INFO:root:
=== Epoch 30 evaluation ===
INFO:root:=== Evaluation metrics ===
PESQ: 3.3765,SSNR: 10.5848,CSIG: 4.6221,CBAK: 3.8916,COVL: 4.0987,STOI: 0.9554,
INFO:root:Epoch 31, Step 500, loss: 0.05373189598321915, disc_loss: 0.0011822450906038284
INFO:root:Epoch 31, Step 1000, loss: 0.10877210646867752, disc_loss: 0.00103103113360703
INFO:root:Epoch 31, Step 1500, loss: 0.1386948674917221, disc_loss: 0.002783069619908929
INFO:root:Epoch 31, Step 2000, loss: 0.09832803905010223, disc_loss: 0.0030100431758910418
INFO:root:Epoch 31, Step 2500, loss: 0.1259957104921341, disc_loss: 0.001818293472751975
INFO:root:Generator loss: 0.0761803446825847, Discriminator loss: 0.00647332949609212
INFO:root:
=== Epoch 31 evaluation ===
INFO:root:=== Evaluation metrics ===
PESQ: 3.3400,SSNR: 10.1460,CSIG: 4.6050,CBAK: 3.8448,COVL: 4.0699,STOI: 0.9564,
INFO:root:Epoch 32, Step 500, loss: 0.07718054205179214, disc_loss: 0.0005795221659354866
INFO:root:Epoch 32, Step 1000, loss: 0.07064507156610489, disc_loss: 0.0010893583530560136
INFO:root:Epoch 32, Step 1500, loss: 0.10983683913946152, disc_loss: 0.00021050545910838991
INFO:root:Epoch 32, Step 2000, loss: 0.1282864809036255, disc_loss: 0.00024690740974619985
INFO:root:Epoch 32, Step 2500, loss: 0.072238028049469, disc_loss: 0.0008535074885003269
INFO:root:Generator loss: 0.0736241303926822, Discriminator loss: 0.00540746476234771
INFO:root:
=== Epoch 32 evaluation ===
INFO:root:=== Evaluation metrics ===
PESQ: 3.3626,SSNR: 10.3582,CSIG: 4.6125,CBAK: 3.8701,COVL: 4.0865,STOI: 0.9564,
INFO:root:Epoch 33, Step 500, loss: 0.10146629810333252, disc_loss: 0.0014997896505519748
INFO:root:Epoch 33, Step 1000, loss: 0.10169277340173721, disc_loss: 0.0003020311123691499
INFO:root:Epoch 33, Step 1500, loss: 0.08934730291366577, disc_loss: 0.001983131980523467
INFO:root:Epoch 33, Step 2000, loss: 0.07440139353275299, disc_loss: 8.733155846130103e-05
INFO:root:Epoch 33, Step 2500, loss: 0.14926165342330933, disc_loss: 0.0007752688834443688
INFO:root:Generator loss: 0.07559365157074141, Discriminator loss: 0.004446539385382705
INFO:root:
=== Epoch 33 evaluation ===
INFO:root:=== Evaluation metrics ===
PESQ: 3.3372,SSNR: 10.0859,CSIG: 4.6241,CBAK: 3.8406,COVL: 4.0756,STOI: 0.9571,
INFO:root:Epoch 34, Step 500, loss: 0.07517087459564209, disc_loss: 0.002623115899041295
INFO:root:Epoch 34, Step 1000, loss: 0.12922756373882294, disc_loss: 0.001880528638139367
INFO:root:Epoch 34, Step 1500, loss: 0.1438409388065338, disc_loss: 0.0001021611678879708
INFO:root:Epoch 34, Step 2000, loss: 0.05267156660556793, disc_loss: 0.0012570963008329272
INFO:root:Epoch 34, Step 2500, loss: 0.07243187725543976, disc_loss: 0.001082403352484107
INFO:root:Generator loss: 0.07816538353929821, Discriminator loss: 0.00599812973076359
INFO:root:
=== Epoch 34 evaluation ===
INFO:root:=== Evaluation metrics ===
PESQ: 3.3315,SSNR: 9.6327,CSIG: 4.6087,CBAK: 3.8014,COVL: 4.0642,STOI: 0.9567,
INFO:root:Epoch 35, Step 500, loss: 0.06736228615045547, disc_loss: 0.0009224281529895961
INFO:root:Epoch 35, Step 1000, loss: 0.0803171694278717, disc_loss: 0.0006580585613846779
INFO:root:Epoch 35, Step 1500, loss: 0.11871016025543213, disc_loss: 0.0007404478383250535
INFO:root:Epoch 35, Step 2000, loss: 0.0781724601984024, disc_loss: 0.0007975648622959852
INFO:root:Epoch 35, Step 2500, loss: 0.12879355251789093, disc_loss: 0.0001697729021543637
INFO:root:Generator loss: 0.07343226286031089, Discriminator loss: 0.004936070349836017
INFO:root:
=== Epoch 35 evaluation ===
INFO:root:=== Evaluation metrics ===
PESQ: 3.3590,SSNR: 10.4170,CSIG: 4.6265,CBAK: 3.8718,COVL: 4.0930,STOI: 0.9565,
INFO:root:Epoch 36, Step 500, loss: 0.1334407925605774, disc_loss: 0.0011353645240888
INFO:root:Epoch 36, Step 1000, loss: 0.13100069761276245, disc_loss: 0.0007512368611060083
INFO:root:Epoch 36, Step 1500, loss: 0.06473570317029953, disc_loss: 0.0005101747228763998
INFO:root:Epoch 36, Step 2000, loss: 0.10399672389030457, disc_loss: 0.0005550163914449513
INFO:root:Epoch 36, Step 2500, loss: 0.09784115105867386, disc_loss: 0.0012973214033991098
INFO:root:Generator loss: 0.07338366632177992, Discriminator loss: 0.004914961130761918
INFO:root:
=== Epoch 36 evaluation ===
INFO:root:=== Evaluation metrics ===
PESQ: 3.3699,SSNR: 10.3359,CSIG: 4.6353,CBAK: 3.8720,COVL: 4.1033,STOI: 0.9570,
INFO:root:Epoch 37, Step 500, loss: 0.06307336688041687, disc_loss: 0.0002629676600918174
INFO:root:Epoch 37, Step 1000, loss: 0.12496598809957504, disc_loss: 0.00042835145723074675
INFO:root:Epoch 37, Step 1500, loss: 0.09917759895324707, disc_loss: 0.0008338664192706347
INFO:root:Epoch 37, Step 2000, loss: 0.0892125591635704, disc_loss: 0.0013234829530119896
INFO:root:Epoch 37, Step 2500, loss: 0.11650697141885757, disc_loss: 0.0002656337455846369
INFO:root:Generator loss: 0.07576906218112094, Discriminator loss: 0.007122195343098725
INFO:root:
=== Epoch 37 evaluation ===
INFO:root:=== Evaluation metrics ===
PESQ: 3.3414,SSNR: 9.9556,CSIG: 4.6100,CBAK: 3.8320,COVL: 4.0719,STOI: 0.9562,
INFO:root:Epoch 38, Step 500, loss: 0.09223708510398865, disc_loss: 0.0007637556991539896
INFO:root:Epoch 38, Step 1000, loss: 0.10369488596916199, disc_loss: 0.02919129654765129
INFO:root:Epoch 38, Step 1500, loss: 0.08544883131980896, disc_loss: 0.0004603019042406231
INFO:root:Epoch 38, Step 2000, loss: 0.12422647327184677, disc_loss: 0.0013978143688291311
INFO:root:Epoch 38, Step 2500, loss: 0.12875767052173615, disc_loss: 0.0005109424819238484
INFO:root:Generator loss: 0.0742495135557883, Discriminator loss: 0.005738824608679086
INFO:root:
=== Epoch 38 evaluation ===
INFO:root:=== Evaluation metrics ===
PESQ: 3.3544,SSNR: 10.2769,CSIG: 4.6155,CBAK: 3.8603,COVL: 4.0804,STOI: 0.9571,
INFO:root:Epoch 39, Step 500, loss: 0.07425996661186218, disc_loss: 0.001738786231726408
INFO:root:Epoch 39, Step 1000, loss: 0.1107536032795906, disc_loss: 0.00039253581780940294
INFO:root:Epoch 39, Step 1500, loss: 0.09943922609090805, disc_loss: 0.0035337579902261496
INFO:root:Epoch 39, Step 2000, loss: 0.08804864436388016, disc_loss: 0.0014901021495461464
INFO:root:Epoch 39, Step 2500, loss: 0.08198186755180359, disc_loss: 0.003420247696340084
INFO:root:Generator loss: 0.07423373971821613, Discriminator loss: 0.0057334137081764235
INFO:root:
=== Epoch 39 evaluation ===
INFO:root:=== Evaluation metrics ===
PESQ: 3.3657,SSNR: 10.2172,CSIG: 4.6162,CBAK: 3.8617,COVL: 4.0884,STOI: 0.9564,
INFO:root:Epoch 40, Step 500, loss: 0.08383418619632721, disc_loss: 0.003573827212676406
INFO:root:Epoch 40, Step 1000, loss: 0.08552321046590805, disc_loss: 0.0006313038757070899
INFO:root:Epoch 40, Step 1500, loss: 0.08086045831441879, disc_loss: 0.0013209279859438539
INFO:root:Epoch 40, Step 2000, loss: 0.15172594785690308, disc_loss: 0.0017415368929505348
INFO:root:Epoch 40, Step 2500, loss: 0.07785285264253616, disc_loss: 0.0015211455756798387
INFO:root:Generator loss: 0.07410243263884077, Discriminator loss: 0.004577045519114303
INFO:root:
=== Epoch 40 evaluation ===
INFO:root:=== Evaluation metrics ===
PESQ: 3.3375,SSNR: 10.3252,CSIG: 4.6164,CBAK: 3.8557,COVL: 4.0723,STOI: 0.9572,
INFO:root:Epoch 41, Step 500, loss: 0.07666889578104019, disc_loss: 0.0004353905387688428
INFO:root:Epoch 41, Step 1000, loss: 0.09519749134778976, disc_loss: 0.0021262371446937323
INFO:root:Epoch 41, Step 1500, loss: 0.11555278301239014, disc_loss: 0.0012721384409815073
INFO:root:Epoch 41, Step 2000, loss: 0.10507670044898987, disc_loss: 0.0005147437914274633
INFO:root:Epoch 41, Step 2500, loss: 0.1212526261806488, disc_loss: 0.0024921149015426636
INFO:root:Generator loss: 0.07314454885290085, Discriminator loss: 0.005993779806885868
INFO:root:
=== Epoch 41 evaluation ===
INFO:root:=== Evaluation metrics ===
PESQ: 3.3222,SSNR: 10.4475,CSIG: 4.6096,CBAK: 3.8567,COVL: 4.0611,STOI: 0.9573,
INFO:root:Epoch 42, Step 500, loss: 0.09250085055828094, disc_loss: 0.0004933684249408543
INFO:root:Epoch 42, Step 1000, loss: 0.07753763347864151, disc_loss: 0.002299245912581682
INFO:root:Epoch 42, Step 1500, loss: 0.12415436655282974, disc_loss: 0.0018425356829538941
INFO:root:Epoch 42, Step 2000, loss: 0.07934258133172989, disc_loss: 0.0022662694100290537
INFO:root:Epoch 42, Step 2500, loss: 0.13592907786369324, disc_loss: 0.0013909891713410616
INFO:root:Generator loss: 0.07453686403996736, Discriminator loss: 0.004901653330378094
INFO:root:
=== Epoch 42 evaluation ===
INFO:root:=== Evaluation metrics ===
PESQ: 3.3300,SSNR: 10.2753,CSIG: 4.6080,CBAK: 3.8489,COVL: 4.0638,STOI: 0.9569,
INFO:root:Epoch 43, Step 500, loss: 0.07163363695144653, disc_loss: 0.00024260133795905858
INFO:root:Epoch 43, Step 1000, loss: 0.08695937693119049, disc_loss: 0.001358790323138237
INFO:root:Epoch 43, Step 1500, loss: 0.06976255774497986, disc_loss: 0.00014574248052667826
INFO:root:Epoch 43, Step 2000, loss: 0.12228783965110779, disc_loss: 0.0005809438298456371
INFO:root:Epoch 43, Step 2500, loss: 0.08942873775959015, disc_loss: 0.0007391630788333714
INFO:root:Generator loss: 0.07357478382300983, Discriminator loss: 0.006782401211893054
INFO:root:
=== Epoch 43 evaluation ===
INFO:root:=== Evaluation metrics ===
PESQ: 3.3368,SSNR: 10.3719,CSIG: 4.6023,CBAK: 3.8591,COVL: 4.0659,STOI: 0.9570,
INFO:root:Epoch 44, Step 500, loss: 0.13041092455387115, disc_loss: 0.0007305438630282879
INFO:root:Epoch 44, Step 1000, loss: 0.08204664289951324, disc_loss: 0.000373262504581362
INFO:root:Epoch 44, Step 1500, loss: 0.1235087588429451, disc_loss: 0.00035453372402116656
INFO:root:Epoch 44, Step 2000, loss: 0.0716903880238533, disc_loss: 0.0006148754036985338
INFO:root:Epoch 44, Step 2500, loss: 0.1232609823346138, disc_loss: 0.002879419131204486
INFO:root:Generator loss: 0.07278565599501712, Discriminator loss: 0.006060530081263052
INFO:root:
=== Epoch 44 evaluation ===
INFO:root:=== Evaluation metrics ===
PESQ: 3.3647,SSNR: 10.3614,CSIG: 4.6296,CBAK: 3.8714,COVL: 4.0946,STOI: 0.9570,
INFO:root:Epoch 45, Step 500, loss: 0.10610255599021912, disc_loss: 0.007772373501211405
INFO:root:Epoch 45, Step 1000, loss: 0.08879020810127258, disc_loss: 0.0007560024387203157
INFO:root:Epoch 45, Step 1500, loss: 0.1391439139842987, disc_loss: 0.0017037042416632175
INFO:root:Epoch 45, Step 2000, loss: 0.1750047355890274, disc_loss: 0.002470544772222638
INFO:root:Epoch 45, Step 2500, loss: 0.1481158584356308, disc_loss: 0.0006034791585989296
INFO:root:Generator loss: 0.0736578738732824, Discriminator loss: 0.0062804617537481535
INFO:root:
=== Epoch 45 evaluation ===
INFO:root:=== Evaluation metrics ===
PESQ: 3.3151,SSNR: 10.4215,CSIG: 4.6021,CBAK: 3.8519,COVL: 4.0496,STOI: 0.9569,
INFO:root:Epoch 46, Step 500, loss: 0.06035901978611946, disc_loss: 0.0021886692848056555
INFO:root:Epoch 46, Step 1000, loss: 0.13133840262889862, disc_loss: 0.0006590225384570658
INFO:root:Epoch 46, Step 1500, loss: 0.10993854701519012, disc_loss: 0.0007164651760831475
INFO:root:Epoch 46, Step 2000, loss: 0.09270257502794266, disc_loss: 0.003886547638103366
INFO:root:Epoch 46, Step 2500, loss: 0.1413155347108841, disc_loss: 0.0015116496942937374
INFO:root:Generator loss: 0.07386372670603608, Discriminator loss: 0.004600441181961305
INFO:root:
=== Epoch 46 evaluation ===
INFO:root:=== Evaluation metrics ===
PESQ: 3.3818,SSNR: 10.2690,CSIG: 4.6357,CBAK: 3.8725,COVL: 4.1086,STOI: 0.9567,
INFO:root:Epoch 47, Step 500, loss: 0.07886096835136414, disc_loss: 0.0020198493730276823
INFO:root:Epoch 47, Step 1000, loss: 0.06785614788532257, disc_loss: 0.001151468139141798
INFO:root:Epoch 47, Step 1500, loss: 0.11688841879367828, disc_loss: 0.001369051868095994
INFO:root:Epoch 47, Step 2000, loss: 0.11857570707798004, disc_loss: 0.0012724257539957762
INFO:root:Epoch 47, Step 2500, loss: 0.11052760481834412, disc_loss: 0.00039724152884446084
INFO:root:Generator loss: 0.07555082854498359, Discriminator loss: 0.005137174838398882
INFO:root:
=== Epoch 47 evaluation ===
INFO:root:=== Evaluation metrics ===
PESQ: 3.3632,SSNR: 9.9649,CSIG: 4.6151,CBAK: 3.8425,COVL: 4.0876,STOI: 0.9565,
INFO:root:Epoch 48, Step 500, loss: 0.15792381763458252, disc_loss: 0.000437609531218186
INFO:root:Epoch 48, Step 1000, loss: 0.09055957943201065, disc_loss: 0.0007882365607656538
INFO:root:Epoch 48, Step 1500, loss: 0.10457273572683334, disc_loss: 0.0005814836476929486
INFO:root:Epoch 48, Step 2000, loss: 0.09540258347988129, disc_loss: 0.0005764667876064777
INFO:root:Epoch 48, Step 2500, loss: 0.13358071446418762, disc_loss: 0.00013845735520590097
INFO:root:Generator loss: 0.07414027565674296, Discriminator loss: 0.004412459470542177
INFO:root:
=== Epoch 48 evaluation ===
INFO:root:=== Evaluation metrics ===
PESQ: 3.3657,SSNR: 10.2557,CSIG: 4.6265,CBAK: 3.8647,COVL: 4.0934,STOI: 0.9570,
INFO:root:Epoch 49, Step 500, loss: 0.14544348418712616, disc_loss: 0.00043547642417252064
INFO:root:Epoch 49, Step 1000, loss: 0.07514777779579163, disc_loss: 0.0006777890957891941
INFO:root:Epoch 49, Step 1500, loss: 0.09665557742118835, disc_loss: 0.001171574112959206
INFO:root:Epoch 49, Step 2000, loss: 0.11967946588993073, disc_loss: 0.0005980294081382453
INFO:root:Epoch 49, Step 2500, loss: 0.06718780100345612, disc_loss: 0.0021512471139431
INFO:root:Generator loss: 0.07257099406233111, Discriminator loss: 0.004171569669461392
INFO:root:
=== Epoch 49 evaluation ===
INFO:root:=== Evaluation metrics ===
PESQ: 3.3867,SSNR: 10.4430,CSIG: 4.6414,CBAK: 3.8871,COVL: 4.1164,STOI: 0.9572,
Training finished.
