Starting training:
without SE:
Namespace(batch_size=4, cut_len=32000, data_dir='/mnt/iusers01/msc-stu/hum-msc-data-sci-2024-2025/t74061zq/erp/DEMAND_16KHz', decay_epoch=12, epochs=60, init_lr=0.0005, log_interval=500, loss_weights=[0.1, 0.9, 0.2, 0.05, 0.08], save_model_dir='./saved_models_log/saved_models_20250812_VoiceDEMAND_16khz')
['NVIDIA A100-SXM4-80GB']
====================================================================================================
Layer (type:depth-idx)                             Output Shape              Param #
====================================================================================================
TSCNet                                             [1, 1, 321, 201]          --
├─DenseEncoder: 1-1                                [1, 64, 321, 101]         --
│    └─Sequential: 2-1                             [1, 64, 321, 201]         --
│    │    └─Conv2d: 3-1                            [1, 64, 321, 201]         256
│    │    └─InstanceNorm2d: 3-2                    [1, 64, 321, 201]         128
│    │    └─PReLU: 3-3                             [1, 64, 321, 201]         64
│    └─DilatedDenseNet: 2-2                        [1, 64, 321, 201]         --
│    │    └─ConstantPad2d: 3-4                     [1, 64, 322, 203]         --
│    │    └─Conv2d: 3-5                            [1, 64, 321, 201]         24,640
│    │    └─InstanceNorm2d: 3-6                    [1, 64, 321, 201]         128
│    │    └─PReLU: 3-7                             [1, 64, 321, 201]         64
│    │    └─ConstantPad2d: 3-8                     [1, 128, 323, 203]        --
│    │    └─Conv2d: 3-9                            [1, 64, 321, 201]         49,216
│    │    └─InstanceNorm2d: 3-10                   [1, 64, 321, 201]         128
│    │    └─PReLU: 3-11                            [1, 64, 321, 201]         64
│    │    └─ConstantPad2d: 3-12                    [1, 192, 325, 203]        --
│    │    └─Conv2d: 3-13                           [1, 64, 321, 201]         73,792
│    │    └─InstanceNorm2d: 3-14                   [1, 64, 321, 201]         128
│    │    └─PReLU: 3-15                            [1, 64, 321, 201]         64
│    │    └─ConstantPad2d: 3-16                    [1, 256, 329, 203]        --
│    │    └─Conv2d: 3-17                           [1, 64, 321, 201]         98,368
│    │    └─InstanceNorm2d: 3-18                   [1, 64, 321, 201]         128
│    │    └─PReLU: 3-19                            [1, 64, 321, 201]         64
│    └─Sequential: 2-3                             [1, 64, 321, 101]         --
│    │    └─Conv2d: 3-20                           [1, 64, 321, 101]         12,352
│    │    └─InstanceNorm2d: 3-21                   [1, 64, 321, 101]         128
│    │    └─PReLU: 3-22                            [1, 64, 321, 101]         64
├─TSCB: 1-2                                        [1, 64, 321, 101]         --
│    └─ConformerBlock: 2-4                         [101, 321, 64]            --
│    │    └─Scale: 3-23                            [101, 321, 64]            33,216
│    │    └─PreNorm: 3-24                          [101, 321, 64]            32,976
│    │    └─ConformerConvModule: 3-25              [101, 321, 64]            29,376
│    │    └─Scale: 3-26                            [101, 321, 64]            33,216
│    │    └─LayerNorm: 3-27                        [101, 321, 64]            128
│    └─ConformerBlock: 2-5                         [321, 101, 64]            --
│    │    └─Scale: 3-28                            [321, 101, 64]            33,216
│    │    └─PreNorm: 3-29                          [321, 101, 64]            32,976
│    │    └─ConformerConvModule: 3-30              [321, 101, 64]            29,376
│    │    └─Scale: 3-31                            [321, 101, 64]            33,216
│    │    └─LayerNorm: 3-32                        [321, 101, 64]            128
├─TSCB: 1-3                                        [1, 64, 321, 101]         --
│    └─ConformerBlock: 2-6                         [101, 321, 64]            --
│    │    └─Scale: 3-33                            [101, 321, 64]            33,216
│    │    └─PreNorm: 3-34                          [101, 321, 64]            32,976
│    │    └─ConformerConvModule: 3-35              [101, 321, 64]            29,376
│    │    └─Scale: 3-36                            [101, 321, 64]            33,216
│    │    └─LayerNorm: 3-37                        [101, 321, 64]            128
│    └─ConformerBlock: 2-7                         [321, 101, 64]            --
│    │    └─Scale: 3-38                            [321, 101, 64]            33,216
│    │    └─PreNorm: 3-39                          [321, 101, 64]            32,976
│    │    └─ConformerConvModule: 3-40              [321, 101, 64]            29,376
│    │    └─Scale: 3-41                            [321, 101, 64]            33,216
│    │    └─LayerNorm: 3-42                        [321, 101, 64]            128
├─TSCB: 1-4                                        [1, 64, 321, 101]         --
│    └─ConformerBlock: 2-8                         [101, 321, 64]            --
│    │    └─Scale: 3-43                            [101, 321, 64]            33,216
│    │    └─PreNorm: 3-44                          [101, 321, 64]            32,976
│    │    └─ConformerConvModule: 3-45              [101, 321, 64]            29,376
│    │    └─Scale: 3-46                            [101, 321, 64]            33,216
│    │    └─LayerNorm: 3-47                        [101, 321, 64]            128
│    └─ConformerBlock: 2-9                         [321, 101, 64]            --
│    │    └─Scale: 3-48                            [321, 101, 64]            33,216
│    │    └─PreNorm: 3-49                          [321, 101, 64]            32,976
│    │    └─ConformerConvModule: 3-50              [321, 101, 64]            29,376
│    │    └─Scale: 3-51                            [321, 101, 64]            33,216
│    │    └─LayerNorm: 3-52                        [321, 101, 64]            128
├─TSCB: 1-5                                        [1, 64, 321, 101]         --
│    └─ConformerBlock: 2-10                        [101, 321, 64]            --
│    │    └─Scale: 3-53                            [101, 321, 64]            33,216
│    │    └─PreNorm: 3-54                          [101, 321, 64]            32,976
│    │    └─ConformerConvModule: 3-55              [101, 321, 64]            29,376
│    │    └─Scale: 3-56                            [101, 321, 64]            33,216
│    │    └─LayerNorm: 3-57                        [101, 321, 64]            128
│    └─ConformerBlock: 2-11                        [321, 101, 64]            --
│    │    └─Scale: 3-58                            [321, 101, 64]            33,216
│    │    └─PreNorm: 3-59                          [321, 101, 64]            32,976
│    │    └─ConformerConvModule: 3-60              [321, 101, 64]            29,376
│    │    └─Scale: 3-61                            [321, 101, 64]            33,216
│    │    └─LayerNorm: 3-62                        [321, 101, 64]            128
├─MaskDecoder: 1-6                                 [1, 1, 321, 201]          --
│    └─DilatedDenseNet: 2-12                       [1, 64, 321, 101]         --
│    │    └─ConstantPad2d: 3-63                    [1, 64, 322, 103]         --
│    │    └─Conv2d: 3-64                           [1, 64, 321, 101]         24,640
│    │    └─InstanceNorm2d: 3-65                   [1, 64, 321, 101]         128
│    │    └─PReLU: 3-66                            [1, 64, 321, 101]         64
│    │    └─ConstantPad2d: 3-67                    [1, 128, 323, 103]        --
│    │    └─Conv2d: 3-68                           [1, 64, 321, 101]         49,216
│    │    └─InstanceNorm2d: 3-69                   [1, 64, 321, 101]         128
│    │    └─PReLU: 3-70                            [1, 64, 321, 101]         64
│    │    └─ConstantPad2d: 3-71                    [1, 192, 325, 103]        --
│    │    └─Conv2d: 3-72                           [1, 64, 321, 101]         73,792
│    │    └─InstanceNorm2d: 3-73                   [1, 64, 321, 101]         128
│    │    └─PReLU: 3-74                            [1, 64, 321, 101]         64
│    │    └─ConstantPad2d: 3-75                    [1, 256, 329, 103]        --
│    │    └─Conv2d: 3-76                           [1, 64, 321, 101]         98,368
│    │    └─InstanceNorm2d: 3-77                   [1, 64, 321, 101]         128
│    │    └─PReLU: 3-78                            [1, 64, 321, 101]         64
│    └─SPConvTranspose2d: 2-13                     [1, 64, 321, 202]         --
│    │    └─ConstantPad2d: 3-79                    [1, 64, 321, 103]         --
│    │    └─Conv2d: 3-80                           [1, 128, 321, 101]        24,704
│    └─Conv2d: 2-14                                [1, 1, 321, 201]          129
│    └─InstanceNorm2d: 2-15                        [1, 1, 321, 201]          2
│    └─PReLU: 2-16                                 [1, 1, 321, 201]          1
│    └─Conv2d: 2-17                                [1, 1, 321, 201]          2
│    └─PReLU: 2-18                                 [1, 201, 321]             201
├─ComplexDecoder: 1-7                              [1, 2, 321, 201]          --
│    └─DilatedDenseNet: 2-19                       [1, 64, 321, 101]         --
│    │    └─ConstantPad2d: 3-81                    [1, 64, 322, 103]         --
│    │    └─Conv2d: 3-82                           [1, 64, 321, 101]         24,640
│    │    └─InstanceNorm2d: 3-83                   [1, 64, 321, 101]         128
│    │    └─PReLU: 3-84                            [1, 64, 321, 101]         64
│    │    └─ConstantPad2d: 3-85                    [1, 128, 323, 103]        --
│    │    └─Conv2d: 3-86                           [1, 64, 321, 101]         49,216
│    │    └─InstanceNorm2d: 3-87                   [1, 64, 321, 101]         128
│    │    └─PReLU: 3-88                            [1, 64, 321, 101]         64
│    │    └─ConstantPad2d: 3-89                    [1, 192, 325, 103]        --
│    │    └─Conv2d: 3-90                           [1, 64, 321, 101]         73,792
│    │    └─InstanceNorm2d: 3-91                   [1, 64, 321, 101]         128
│    │    └─PReLU: 3-92                            [1, 64, 321, 101]         64
│    │    └─ConstantPad2d: 3-93                    [1, 256, 329, 103]        --
│    │    └─Conv2d: 3-94                           [1, 64, 321, 101]         98,368
│    │    └─InstanceNorm2d: 3-95                   [1, 64, 321, 101]         128
│    │    └─PReLU: 3-96                            [1, 64, 321, 101]         64
│    └─SPConvTranspose2d: 2-20                     [1, 64, 321, 202]         --
│    │    └─ConstantPad2d: 3-97                    [1, 64, 321, 103]         --
│    │    └─Conv2d: 3-98                           [1, 128, 321, 101]        24,704
│    └─InstanceNorm2d: 2-21                        [1, 64, 321, 202]         128
│    └─PReLU: 2-22                                 [1, 64, 321, 202]         64
│    └─Conv2d: 2-23                                [1, 2, 321, 201]          258
====================================================================================================
Total params: 1,834,833
Trainable params: 1,834,833
Non-trainable params: 0
Total mult-adds (G): 41.56
====================================================================================================
Input size (MB): 0.52
Forward/backward pass size (MB): 4856.40
Params size (MB): 7.34
Estimated Total Size (MB): 4864.25
====================================================================================================
==========================================================================================
Layer (type:depth-idx)                   Output Shape              Param #
==========================================================================================
Discriminator                            [1, 1]                    --
├─Sequential: 1-1                        [1, 1]                    --
│    └─Conv2d: 2-1                       [1, 16, 100, 160]         512
│    └─InstanceNorm2d: 2-2               [1, 16, 100, 160]         32
│    └─PReLU: 2-3                        [1, 16, 100, 160]         16
│    └─Conv2d: 2-4                       [1, 32, 50, 80]           8,192
│    └─InstanceNorm2d: 2-5               [1, 32, 50, 80]           64
│    └─PReLU: 2-6                        [1, 32, 50, 80]           32
│    └─Conv2d: 2-7                       [1, 64, 25, 40]           32,768
│    └─InstanceNorm2d: 2-8               [1, 64, 25, 40]           128
│    └─PReLU: 2-9                        [1, 64, 25, 40]           64
│    └─Conv2d: 2-10                      [1, 128, 12, 20]          131,072
│    └─InstanceNorm2d: 2-11              [1, 128, 12, 20]          256
│    └─PReLU: 2-12                       [1, 128, 12, 20]          128
│    └─AdaptiveMaxPool2d: 2-13           [1, 128, 1, 1]            --
│    └─Flatten: 2-14                     [1, 128]                  --
│    └─Linear: 2-15                      [1, 64]                   8,256
│    └─Dropout: 2-16                     [1, 64]                   --
│    └─PReLU: 2-17                       [1, 64]                   64
│    └─Linear: 2-18                      [1, 1]                    65
│    └─LearnableSigmoid: 2-19            [1, 1]                    1
==========================================================================================
Total params: 181,650
Trainable params: 181,650
Non-trainable params: 0
Total mult-adds (M): 19.67
==========================================================================================
Input size (MB): 0.52
Forward/backward pass size (MB): 11.49
Params size (MB): 0.73
Estimated Total Size (MB): 12.73
==========================================================================================
/mnt/iusers01/msc-stu/hum-msc-data-sci-2024-2025/t74061zq/erp/CMGAN_src/data/dataloader.py:52: UserWarning: torchaudio._backend.set_audio_backend has been deprecated. With dispatcher enabled, this function is no-op. You can remove the function call.
  torchaudio.set_audio_backend("sox_io")         # in linux
INFO:root:Epoch 0, Step 500, loss: 0.2485332190990448, disc_loss: 0.025295380502939224
INFO:root:Epoch 0, Step 1000, loss: 0.20068885385990143, disc_loss: 0.008988754823803902
INFO:root:Epoch 0, Step 1500, loss: 0.17126379907131195, disc_loss: 0.01962720975279808
INFO:root:Epoch 0, Step 2000, loss: 0.173202246427536, disc_loss: 0.002623896347358823
INFO:root:Epoch 0, Step 2500, loss: 0.20112374424934387, disc_loss: 0.010623515583574772
INFO:root:Generator loss: 0.11474728096023347, Discriminator loss: 0.022094019052337457
INFO:root:
=== Epoch 0 evaluation ===
INFO:root:=== Evaluation metrics ===
PESQ: 2.7279,SSNR: 8.5646,CSIG: 4.2198,CBAK: 3.4427,COVL: 3.5236,STOI: 0.9354

INFO:root:Epoch 1, Step 500, loss: 0.20495779812335968, disc_loss: 0.00894193071871996
INFO:root:Epoch 1, Step 1000, loss: 0.19198715686798096, disc_loss: 0.005071978084743023
INFO:root:Epoch 1, Step 1500, loss: 0.11013065278530121, disc_loss: 0.007999829947948456
INFO:root:Epoch 1, Step 2000, loss: 0.12262006103992462, disc_loss: 0.006284654606133699
INFO:root:Epoch 1, Step 2500, loss: 0.23087497055530548, disc_loss: 0.009936939924955368
INFO:root:Generator loss: 0.10832814165183062, Discriminator loss: 0.005805920193664666
INFO:root:
=== Epoch 1 evaluation ===
INFO:root:=== Evaluation metrics ===
PESQ: 2.8879,SSNR: 8.9489,CSIG: 4.3615,CBAK: 3.5479,COVL: 3.6811,STOI: 0.9405

INFO:root:Epoch 2, Step 500, loss: 0.08340147882699966, disc_loss: 0.0023083759006112814
INFO:root:Epoch 2, Step 1000, loss: 0.15450569987297058, disc_loss: 0.0021403408609330654
INFO:root:Epoch 2, Step 1500, loss: 0.18160699307918549, disc_loss: 0.0006022940506227314
INFO:root:Epoch 2, Step 2000, loss: 0.14962367713451385, disc_loss: 0.00288544618524611
INFO:root:Epoch 2, Step 2500, loss: 0.10432188957929611, disc_loss: 0.003123932983726263
INFO:root:Generator loss: 0.10632295199461932, Discriminator loss: 0.005952538183389584
INFO:root:
=== Epoch 2 evaluation ===
INFO:root:=== Evaluation metrics ===
PESQ: 3.0041,SSNR: 8.5750,CSIG: 4.4110,CBAK: 3.5815,COVL: 3.7780,STOI: 0.9418

INFO:root:Epoch 3, Step 500, loss: 0.10599531978368759, disc_loss: 0.001621137373149395
INFO:root:Epoch 3, Step 1000, loss: 0.1793682724237442, disc_loss: 0.007523724343627691
INFO:root:Epoch 3, Step 1500, loss: 0.17774969339370728, disc_loss: 0.006458618678152561
INFO:root:Epoch 3, Step 2000, loss: 0.14503079652786255, disc_loss: 0.005422563757747412
INFO:root:Epoch 3, Step 2500, loss: 0.15430155396461487, disc_loss: 0.0034713800996541977
INFO:root:Generator loss: 0.09958972752962297, Discriminator loss: 0.004557052147557769
INFO:root:
=== Epoch 3 evaluation ===
INFO:root:=== Evaluation metrics ===
PESQ: 2.9756,SSNR: 9.5663,CSIG: 4.4502,CBAK: 3.6296,COVL: 3.7793,STOI: 0.9473

INFO:root:Epoch 4, Step 500, loss: 0.15115128457546234, disc_loss: 0.011428316123783588
INFO:root:Epoch 4, Step 1000, loss: 0.16932415962219238, disc_loss: 0.0065658725798130035
INFO:root:Epoch 4, Step 1500, loss: 0.10537125170230865, disc_loss: 0.0017985167214646935
INFO:root:Epoch 4, Step 2000, loss: 0.1915142983198166, disc_loss: 0.002771941479295492
INFO:root:Epoch 4, Step 2500, loss: 0.15125010907649994, disc_loss: 0.00392241682857275
INFO:root:Generator loss: 0.09548636882122859, Discriminator loss: 0.007018712908142581
INFO:root:
=== Epoch 4 evaluation ===
INFO:root:=== Evaluation metrics ===
PESQ: 3.0536,SSNR: 9.5617,CSIG: 4.5081,CBAK: 3.6685,COVL: 3.8543,STOI: 0.9489

INFO:root:Epoch 5, Step 500, loss: 0.10074745118618011, disc_loss: 0.004399816505610943
INFO:root:Epoch 5, Step 1000, loss: 0.1709636151790619, disc_loss: 0.002002496039494872
INFO:root:Epoch 5, Step 1500, loss: 0.14783737063407898, disc_loss: 0.006851437035948038
INFO:root:Epoch 5, Step 2000, loss: 0.21165551245212555, disc_loss: 0.001381582347676158
INFO:root:Epoch 5, Step 2500, loss: 0.10777872800827026, disc_loss: 0.005041169933974743
INFO:root:Generator loss: 0.09503183524730136, Discriminator loss: 0.005671885306494835
INFO:root:
=== Epoch 5 evaluation ===
INFO:root:=== Evaluation metrics ===
PESQ: 3.0857,SSNR: 9.4367,CSIG: 4.5179,CBAK: 3.6758,COVL: 3.8746,STOI: 0.9507

INFO:root:Epoch 6, Step 500, loss: 0.1374688297510147, disc_loss: 0.005024057347327471
INFO:root:Epoch 6, Step 1000, loss: 0.13563431799411774, disc_loss: 0.0013502076035365462
INFO:root:Epoch 6, Step 1500, loss: 0.14975759387016296, disc_loss: 0.0031558284536004066
INFO:root:Epoch 6, Step 2000, loss: 0.0983925610780716, disc_loss: 0.0015351312467828393
INFO:root:Epoch 6, Step 2500, loss: 0.23414042592048645, disc_loss: 0.0012276198249310255
INFO:root:Generator loss: 0.09516311415190835, Discriminator loss: 0.004550852096038848
INFO:root:
=== Epoch 6 evaluation ===
INFO:root:=== Evaluation metrics ===
PESQ: 3.0146,SSNR: 9.6517,CSIG: 4.4775,CBAK: 3.6560,COVL: 3.8162,STOI: 0.9509

INFO:root:Epoch 7, Step 500, loss: 0.13461393117904663, disc_loss: 0.0005041764234192669
INFO:root:Epoch 7, Step 1000, loss: 0.10117769241333008, disc_loss: 0.0017546764574944973
INFO:root:Epoch 7, Step 1500, loss: 0.17438001930713654, disc_loss: 0.010349204763770103
INFO:root:Epoch 7, Step 2000, loss: 0.12453138828277588, disc_loss: 0.008129092864692211
INFO:root:Epoch 7, Step 2500, loss: 0.10570632666349411, disc_loss: 0.001616308931261301
INFO:root:Generator loss: 0.0935065707426916, Discriminator loss: 0.006538483375249413
INFO:root:
=== Epoch 7 evaluation ===
INFO:root:=== Evaluation metrics ===
PESQ: 3.0921,SSNR: 9.5549,CSIG: 4.5297,CBAK: 3.6872,COVL: 3.8865,STOI: 0.9507

INFO:root:Epoch 8, Step 500, loss: 0.08746887743473053, disc_loss: 0.004155146423727274
INFO:root:Epoch 8, Step 1000, loss: 0.13516072928905487, disc_loss: 0.004071019124239683
INFO:root:Epoch 8, Step 1500, loss: 0.1084209680557251, disc_loss: 0.001990492455661297
INFO:root:Epoch 8, Step 2000, loss: 0.16721227765083313, disc_loss: 0.007342538796365261
INFO:root:Epoch 8, Step 2500, loss: 0.04997725784778595, disc_loss: 0.02486487850546837
INFO:root:Generator loss: 0.09096213587496466, Discriminator loss: 0.004211283975520433
INFO:root:
=== Epoch 8 evaluation ===
INFO:root:=== Evaluation metrics ===
PESQ: 3.2025,SSNR: 9.7718,CSIG: 4.5422,CBAK: 3.7536,COVL: 3.9534,STOI: 0.9510

INFO:root:Epoch 9, Step 500, loss: 0.15085959434509277, disc_loss: 0.004307127557694912
INFO:root:Epoch 9, Step 1000, loss: 0.1383267492055893, disc_loss: 0.0028860592283308506
INFO:root:Epoch 9, Step 1500, loss: 0.08839713037014008, disc_loss: 0.06184490770101547
INFO:root:Epoch 9, Step 2000, loss: 0.12602512538433075, disc_loss: 0.0009475793922320008
INFO:root:Epoch 9, Step 2500, loss: 0.17869466543197632, disc_loss: 0.005269235465675592
INFO:root:Generator loss: 0.08910533525411365, Discriminator loss: 0.006866900490316307
INFO:root:
=== Epoch 9 evaluation ===
INFO:root:=== Evaluation metrics ===
PESQ: 3.2751,SSNR: 9.6682,CSIG: 4.5531,CBAK: 3.7818,COVL: 4.0012,STOI: 0.9519

INFO:root:Epoch 10, Step 500, loss: 0.10032256692647934, disc_loss: 0.0016411531250923872
INFO:root:Epoch 10, Step 1000, loss: 0.11079122871160507, disc_loss: 0.00043048549559898674
INFO:root:Epoch 10, Step 1500, loss: 0.1107732504606247, disc_loss: 0.007005203515291214
INFO:root:Epoch 10, Step 2000, loss: 0.1688314974308014, disc_loss: 0.0008424526313319802
INFO:root:Epoch 10, Step 2500, loss: 0.13215045630931854, disc_loss: 0.002473480300977826
INFO:root:Generator loss: 0.085700100848397, Discriminator loss: 0.007517727528960395
INFO:root:
=== Epoch 10 evaluation ===
INFO:root:=== Evaluation metrics ===
PESQ: 3.2014,SSNR: 10.3228,CSIG: 4.5612,CBAK: 3.7888,COVL: 3.9606,STOI: 0.9537

INFO:root:Epoch 11, Step 500, loss: 0.07749159634113312, disc_loss: 0.0017131671775132418
INFO:root:Epoch 11, Step 1000, loss: 0.1002005785703659, disc_loss: 0.002093864604830742
INFO:root:Epoch 11, Step 1500, loss: 0.09572752565145493, disc_loss: 0.0010579009540379047
INFO:root:Epoch 11, Step 2000, loss: 0.11880623549222946, disc_loss: 0.0009558080928400159
INFO:root:Epoch 11, Step 2500, loss: 0.17054152488708496, disc_loss: 0.001039778464473784
INFO:root:Generator loss: 0.08759742711209556, Discriminator loss: 0.005822040357141534
INFO:root:
=== Epoch 11 evaluation ===
INFO:root:=== Evaluation metrics ===
PESQ: 3.2466,SSNR: 9.6319,CSIG: 4.5624,CBAK: 3.7661,COVL: 3.9899,STOI: 0.9522

INFO:root:Epoch 12, Step 500, loss: 0.12827736139297485, disc_loss: 0.001452934229746461
INFO:root:Epoch 12, Step 1000, loss: 0.15739426016807556, disc_loss: 0.002968777669593692
INFO:root:Epoch 12, Step 1500, loss: 0.14822512865066528, disc_loss: 0.004379909951239824
INFO:root:Epoch 12, Step 2000, loss: 0.10113601386547089, disc_loss: 0.0016986660193651915
INFO:root:Epoch 12, Step 2500, loss: 0.1293683797121048, disc_loss: 0.000259811757132411
INFO:root:Generator loss: 0.08769356638410138, Discriminator loss: 0.004415892933112331
INFO:root:
=== Epoch 12 evaluation ===
INFO:root:=== Evaluation metrics ===
PESQ: 3.1938,SSNR: 10.0767,CSIG: 4.5147,CBAK: 3.7697,COVL: 3.9349,STOI: 0.9546

INFO:root:Epoch 13, Step 500, loss: 0.12138104438781738, disc_loss: 0.0036166999489068985
INFO:root:Epoch 13, Step 1000, loss: 0.193012535572052, disc_loss: 0.0014711192343384027
INFO:root:Epoch 13, Step 1500, loss: 0.10467870533466339, disc_loss: 0.0007808755617588758
INFO:root:Epoch 13, Step 2000, loss: 0.13190707564353943, disc_loss: 0.0025391364470124245
INFO:root:Epoch 13, Step 2500, loss: 0.10392192751169205, disc_loss: 0.0007075653993524611
INFO:root:Generator loss: 0.0887524945824181, Discriminator loss: 0.010631074565962196
INFO:root:
=== Epoch 13 evaluation ===
INFO:root:=== Evaluation metrics ===
PESQ: 3.2289,SSNR: 9.3958,CSIG: 4.5162,CBAK: 3.7393,COVL: 3.9557,STOI: 0.9537

INFO:root:Epoch 14, Step 500, loss: 0.09775954484939575, disc_loss: 0.003918779548257589
INFO:root:Epoch 14, Step 1000, loss: 0.09352501481771469, disc_loss: 0.004268121439963579
INFO:root:Epoch 14, Step 1500, loss: 0.1631997674703598, disc_loss: 0.0032541854307055473
INFO:root:Epoch 14, Step 2000, loss: 0.14152340590953827, disc_loss: 0.007840167731046677
INFO:root:Epoch 14, Step 2500, loss: 0.13077864050865173, disc_loss: 0.0005903984420001507
INFO:root:Generator loss: 0.0829985407768812, Discriminator loss: 0.006762734745792028
INFO:root:
=== Epoch 14 evaluation ===
INFO:root:=== Evaluation metrics ===
PESQ: 3.2746,SSNR: 10.1921,CSIG: 4.5613,CBAK: 3.8161,COVL: 4.0031,STOI: 0.9549

INFO:root:Epoch 15, Step 500, loss: 0.10811717808246613, disc_loss: 0.0011642146855592728
INFO:root:Epoch 15, Step 1000, loss: 0.1463334709405899, disc_loss: 0.001049232785589993
INFO:root:Epoch 15, Step 1500, loss: 0.12060089409351349, disc_loss: 0.005649937782436609
INFO:root:Epoch 15, Step 2000, loss: 0.11067724227905273, disc_loss: 0.0013314735842868686
INFO:root:Epoch 15, Step 2500, loss: 0.10571406036615372, disc_loss: 0.003196145873516798
INFO:root:Generator loss: 0.08302315993650446, Discriminator loss: 0.003936432705955067
INFO:root:
=== Epoch 15 evaluation ===
INFO:root:=== Evaluation metrics ===
PESQ: 3.3244,SSNR: 10.3498,CSIG: 4.5876,CBAK: 3.8514,COVL: 4.0484,STOI: 0.9536

INFO:root:Epoch 16, Step 500, loss: 0.14418679475784302, disc_loss: 0.0018801640253514051
INFO:root:Epoch 16, Step 1000, loss: 0.1035313829779625, disc_loss: 0.0018321196548640728
INFO:root:Epoch 16, Step 1500, loss: 0.10867172479629517, disc_loss: 0.04032290354371071
INFO:root:Epoch 16, Step 2000, loss: 0.08968421071767807, disc_loss: 0.0022381735034286976
INFO:root:Epoch 16, Step 2500, loss: 0.1095452830195427, disc_loss: 0.0014052276965230703
INFO:root:Generator loss: 0.08527280211231662, Discriminator loss: 0.006253638537318075
INFO:root:
=== Epoch 16 evaluation ===
INFO:root:=== Evaluation metrics ===
PESQ: 3.2366,SSNR: 9.9615,CSIG: 4.5216,CBAK: 3.7829,COVL: 3.9619,STOI: 0.9553

INFO:root:Epoch 17, Step 500, loss: 0.08339642733335495, disc_loss: 0.00207689730450511
INFO:root:Epoch 17, Step 1000, loss: 0.13528107106685638, disc_loss: 0.0012656849576160312
INFO:root:Epoch 17, Step 1500, loss: 0.1280800998210907, disc_loss: 0.001435460988432169
INFO:root:Epoch 17, Step 2000, loss: 0.12724632024765015, disc_loss: 0.0024429638870060444
INFO:root:Epoch 17, Step 2500, loss: 0.0958498865365982, disc_loss: 0.0012356397928670049
INFO:root:Generator loss: 0.08720468190833203, Discriminator loss: 0.006659060948647308
INFO:root:
=== Epoch 17 evaluation ===
INFO:root:=== Evaluation metrics ===
PESQ: 3.2640,SSNR: 9.5719,CSIG: 4.5493,CBAK: 3.7680,COVL: 3.9945,STOI: 0.9549

INFO:root:Epoch 18, Step 500, loss: 0.05517403781414032, disc_loss: 0.001135262311436236
INFO:root:Epoch 18, Step 1000, loss: 0.10443194210529327, disc_loss: 0.0012945852940902114
INFO:root:Epoch 18, Step 1500, loss: 0.0523078590631485, disc_loss: 0.0012112668482586741
INFO:root:Epoch 18, Step 2000, loss: 0.1356441229581833, disc_loss: 0.002232458908110857
INFO:root:Epoch 18, Step 2500, loss: 0.14587034285068512, disc_loss: 0.0013348797801882029
INFO:root:Generator loss: 0.09166057337328647, Discriminator loss: 0.008957992762271248
INFO:root:
=== Epoch 18 evaluation ===
INFO:root:=== Evaluation metrics ===
PESQ: 3.2238,SSNR: 9.0466,CSIG: 4.5097,CBAK: 3.7077,COVL: 3.9496,STOI: 0.9555

INFO:root:Epoch 19, Step 500, loss: 0.12331348657608032, disc_loss: 0.00046462315367534757
INFO:root:Epoch 19, Step 1000, loss: 0.12160269916057587, disc_loss: 0.0027369579765945673
INFO:root:Epoch 19, Step 1500, loss: 0.09382489323616028, disc_loss: 0.0021153194829821587
INFO:root:Epoch 19, Step 2000, loss: 0.09719610214233398, disc_loss: 0.006658776197582483
INFO:root:Epoch 19, Step 2500, loss: 0.1104876846075058, disc_loss: 0.0011699959868565202
INFO:root:Generator loss: 0.083420225174971, Discriminator loss: 0.00882078816675416
INFO:root:
=== Epoch 19 evaluation ===
INFO:root:=== Evaluation metrics ===
PESQ: 3.3020,SSNR: 10.3104,CSIG: 4.5915,CBAK: 3.8379,COVL: 4.0449,STOI: 0.9550

INFO:root:Epoch 20, Step 500, loss: 0.13805007934570312, disc_loss: 0.001375326537527144
INFO:root:Epoch 20, Step 1000, loss: 0.10351266711950302, disc_loss: 0.002467304700985551
INFO:root:Epoch 20, Step 1500, loss: 0.08476677536964417, disc_loss: 0.002363454084843397
INFO:root:Epoch 20, Step 2000, loss: 0.11883576214313507, disc_loss: 0.009452140890061855
INFO:root:Epoch 20, Step 2500, loss: 0.10596518963575363, disc_loss: 0.0003595748858060688
INFO:root:Generator loss: 0.08359108955680745, Discriminator loss: 0.006599528245256029
INFO:root:
=== Epoch 20 evaluation ===
INFO:root:=== Evaluation metrics ===
PESQ: 3.2741,SSNR: 10.1023,CSIG: 4.5501,CBAK: 3.8095,COVL: 4.0043,STOI: 0.9553

INFO:root:Epoch 21, Step 500, loss: 0.11287544667720795, disc_loss: 0.0019513240549713373
INFO:root:Epoch 21, Step 1000, loss: 0.1216120570898056, disc_loss: 0.0014090902404859662
INFO:root:Epoch 21, Step 1500, loss: 0.09292080253362656, disc_loss: 0.000702270888723433
INFO:root:Epoch 21, Step 2000, loss: 0.13240213692188263, disc_loss: 0.0017167008481919765
INFO:root:Epoch 21, Step 2500, loss: 0.10409098863601685, disc_loss: 0.0007107473793439567
INFO:root:Generator loss: 0.08442058410604024, Discriminator loss: 0.005446150106842996
INFO:root:
=== Epoch 21 evaluation ===
INFO:root:=== Evaluation metrics ===
PESQ: 3.2817,SSNR: 9.8952,CSIG: 4.5914,CBAK: 3.8004,COVL: 4.0305,STOI: 0.9549

INFO:root:Epoch 22, Step 500, loss: 0.11660328507423401, disc_loss: 0.0009877417469397187
INFO:root:Epoch 22, Step 1000, loss: 0.11934606730937958, disc_loss: 0.00042026155279017985
INFO:root:Epoch 22, Step 1500, loss: 0.16175241768360138, disc_loss: 0.0016913440776988864
INFO:root:Epoch 22, Step 2000, loss: 0.08783954381942749, disc_loss: 0.00088643713388592
INFO:root:Epoch 22, Step 2500, loss: 0.16747288405895233, disc_loss: 0.0013664176221936941
INFO:root:Generator loss: 0.08338553653758707, Discriminator loss: 0.00524085946741358
INFO:root:
=== Epoch 22 evaluation ===
INFO:root:=== Evaluation metrics ===
PESQ: 3.2578,SSNR: 10.1183,CSIG: 4.5855,CBAK: 3.8029,COVL: 4.0122,STOI: 0.9549

INFO:root:Epoch 23, Step 500, loss: 0.07037123292684555, disc_loss: 0.000728386570699513
INFO:root:Epoch 23, Step 1000, loss: 0.12420469522476196, disc_loss: 0.0007715279352851212
INFO:root:Epoch 23, Step 1500, loss: 0.12165503203868866, disc_loss: 0.036043938249349594
INFO:root:Epoch 23, Step 2000, loss: 0.11997988820075989, disc_loss: 0.0009484822512604296
INFO:root:Epoch 23, Step 2500, loss: 0.08526623994112015, disc_loss: 0.003219844773411751
INFO:root:Generator loss: 0.08147861152091651, Discriminator loss: 0.00617310341165878
INFO:root:
=== Epoch 23 evaluation ===
INFO:root:=== Evaluation metrics ===
PESQ: 3.2347,SSNR: 10.5427,CSIG: 4.5668,CBAK: 3.8205,COVL: 3.9873,STOI: 0.9566

INFO:root:Epoch 24, Step 500, loss: 0.09192681312561035, disc_loss: 0.0010324608301743865
INFO:root:Epoch 24, Step 1000, loss: 0.13598808646202087, disc_loss: 0.0007847829256206751
INFO:root:Epoch 24, Step 1500, loss: 0.14552266895771027, disc_loss: 0.04438162222504616
INFO:root:Epoch 24, Step 2000, loss: 0.12534214556217194, disc_loss: 0.0009532163967378438
INFO:root:Epoch 24, Step 2500, loss: 0.13380177319049835, disc_loss: 0.0020231306552886963
INFO:root:Generator loss: 0.08139500553602154, Discriminator loss: 0.004437757288171481
INFO:root:
=== Epoch 24 evaluation ===
INFO:root:=== Evaluation metrics ===
PESQ: 3.3418,SSNR: 10.3683,CSIG: 4.6188,CBAK: 3.8594,COVL: 4.0779,STOI: 0.9559

INFO:root:Epoch 25, Step 500, loss: 0.10463903844356537, disc_loss: 0.0007137860520742834
INFO:root:Epoch 25, Step 1000, loss: 0.11780574172735214, disc_loss: 0.0007074288441799581
INFO:root:Epoch 25, Step 1500, loss: 0.14673876762390137, disc_loss: 0.0005526058375835419
INFO:root:Epoch 25, Step 2000, loss: 0.08705247938632965, disc_loss: 0.001746188965626061
INFO:root:Epoch 25, Step 2500, loss: 0.11719141900539398, disc_loss: 0.0021836066152900457
INFO:root:Generator loss: 0.08081896850857341, Discriminator loss: 0.004967363470764345
INFO:root:
=== Epoch 25 evaluation ===
INFO:root:=== Evaluation metrics ===
PESQ: 3.3293,SSNR: 10.2737,CSIG: 4.5976,CBAK: 3.8490,COVL: 4.0596,STOI: 0.9565

INFO:root:Epoch 26, Step 500, loss: 0.078659787774086, disc_loss: 0.000767744320910424
INFO:root:Epoch 26, Step 1000, loss: 0.1055976152420044, disc_loss: 0.0001187647067126818
INFO:root:Epoch 26, Step 1500, loss: 0.13550832867622375, disc_loss: 0.0011226518545299768
INFO:root:Epoch 26, Step 2000, loss: 0.0893099308013916, disc_loss: 0.001379012712277472
INFO:root:Epoch 26, Step 2500, loss: 0.10138578712940216, disc_loss: 0.001950831850990653
INFO:root:Generator loss: 0.08184207955972084, Discriminator loss: 0.0055202828805757465
INFO:root:
=== Epoch 26 evaluation ===
INFO:root:=== Evaluation metrics ===
PESQ: 3.3474,SSNR: 10.2276,CSIG: 4.6088,CBAK: 3.8523,COVL: 4.0775,STOI: 0.9556

INFO:root:Epoch 27, Step 500, loss: 0.10282488167285919, disc_loss: 0.003520454978570342
INFO:root:Epoch 27, Step 1000, loss: 0.09539227187633514, disc_loss: 0.0029466114938259125
INFO:root:Epoch 27, Step 1500, loss: 0.10574692487716675, disc_loss: 0.00035170995397493243
INFO:root:Epoch 27, Step 2000, loss: 0.17166367173194885, disc_loss: 0.0008920825202949345
INFO:root:Epoch 27, Step 2500, loss: 0.15155448019504547, disc_loss: 0.00011631910456344485
INFO:root:Generator loss: 0.07995398281124032, Discriminator loss: 0.006604999040505787
INFO:root:
=== Epoch 27 evaluation ===
INFO:root:=== Evaluation metrics ===
PESQ: 3.3742,SSNR: 10.3940,CSIG: 4.6210,CBAK: 3.8765,COVL: 4.0984,STOI: 0.9558

INFO:root:Epoch 28, Step 500, loss: 0.08462823182344437, disc_loss: 0.0006040983716957271
INFO:root:Epoch 28, Step 1000, loss: 0.09599242359399796, disc_loss: 3.3989184885285795e-05
INFO:root:Epoch 28, Step 1500, loss: 0.0792125016450882, disc_loss: 0.0011136967223137617
INFO:root:Epoch 28, Step 2000, loss: 0.08159076422452927, disc_loss: 0.0005500708939507604
INFO:root:Epoch 28, Step 2500, loss: 0.0812826156616211, disc_loss: 0.0013833923730999231
INFO:root:Generator loss: 0.08101516202526185, Discriminator loss: 0.005042761373013632
INFO:root:
=== Epoch 28 evaluation ===
INFO:root:=== Evaluation metrics ===
PESQ: 3.3206,SSNR: 10.3795,CSIG: 4.6037,CBAK: 3.8513,COVL: 4.0588,STOI: 0.9567

INFO:root:Epoch 29, Step 500, loss: 0.09973184764385223, disc_loss: 0.0015525176422670484
INFO:root:Epoch 29, Step 1000, loss: 0.08307486027479172, disc_loss: 0.0006438146228902042
INFO:root:Epoch 29, Step 1500, loss: 0.11742441356182098, disc_loss: 0.0010822343174368143
INFO:root:Epoch 29, Step 2000, loss: 0.0964042991399765, disc_loss: 0.0012561354087665677
INFO:root:Epoch 29, Step 2500, loss: 0.11563251912593842, disc_loss: 0.0024442863650619984
INFO:root:Generator loss: 0.0808426471408999, Discriminator loss: 0.004138839535045511
INFO:root:
=== Epoch 29 evaluation ===
INFO:root:=== Evaluation metrics ===
PESQ: 3.3288,SSNR: 10.4703,CSIG: 4.5983,CBAK: 3.8598,COVL: 4.0569,STOI: 0.9563

INFO:root:Epoch 30, Step 500, loss: 0.11087666451931, disc_loss: 0.0010901711648330092
INFO:root:Epoch 30, Step 1000, loss: 0.13357751071453094, disc_loss: 0.0011214512633159757
INFO:root:Epoch 30, Step 1500, loss: 0.1099781021475792, disc_loss: 0.0002755915920715779
INFO:root:Epoch 30, Step 2000, loss: 0.09917454421520233, disc_loss: 0.0016261771088466048
INFO:root:Epoch 30, Step 2500, loss: 0.058902494609355927, disc_loss: 0.0006293629412539303
INFO:root:Generator loss: 0.08016482704472773, Discriminator loss: 0.006490203980576146
INFO:root:
=== Epoch 30 evaluation ===
INFO:root:=== Evaluation metrics ===
PESQ: 3.3441,SSNR: 10.3620,CSIG: 4.6077,CBAK: 3.8609,COVL: 4.0731,STOI: 0.9563

INFO:root:Epoch 31, Step 500, loss: 0.10116879642009735, disc_loss: 0.0011682207696139812
INFO:root:Epoch 31, Step 1000, loss: 0.1070878878235817, disc_loss: 0.0010123043321073055
INFO:root:Epoch 31, Step 1500, loss: 0.13460436463356018, disc_loss: 0.00048221705947071314
INFO:root:Epoch 31, Step 2000, loss: 0.12209010869264603, disc_loss: 0.0012005555909126997
INFO:root:Epoch 31, Step 2500, loss: 0.11695574223995209, disc_loss: 0.0015834732912480831
INFO:root:Generator loss: 0.07867807435613235, Discriminator loss: 0.0046274154756070695
INFO:root:
=== Epoch 31 evaluation ===
INFO:root:=== Evaluation metrics ===
PESQ: 3.3865,SSNR: 10.5076,CSIG: 4.6426,CBAK: 3.8901,COVL: 4.1168,STOI: 0.9564

INFO:root:Epoch 32, Step 500, loss: 0.1079491674900055, disc_loss: 0.0014867474092170596
INFO:root:Epoch 32, Step 1000, loss: 0.11546558141708374, disc_loss: 0.002076690783724189
INFO:root:Epoch 32, Step 1500, loss: 0.0816526859998703, disc_loss: 0.0010629472089931369
INFO:root:Epoch 32, Step 2000, loss: 0.1055586040019989, disc_loss: 0.00069376704050228
INFO:root:Epoch 32, Step 2500, loss: 0.13024389743804932, disc_loss: 0.0031877344008535147
INFO:root:Generator loss: 0.07856513972131951, Discriminator loss: 0.005706061058518368
INFO:root:
=== Epoch 32 evaluation ===
INFO:root:=== Evaluation metrics ===
PESQ: 3.3562,SSNR: 10.4999,CSIG: 4.6248,CBAK: 3.8761,COVL: 4.0903,STOI: 0.9564

INFO:root:Epoch 33, Step 500, loss: 0.11133446544408798, disc_loss: 0.0004889688570983708
INFO:root:Epoch 33, Step 1000, loss: 0.1522294282913208, disc_loss: 0.00020122008572798222
INFO:root:Epoch 33, Step 1500, loss: 0.09340681880712509, disc_loss: 0.002049771137535572
INFO:root:Epoch 33, Step 2000, loss: 0.08337043225765228, disc_loss: 0.0007730298675596714
INFO:root:Epoch 33, Step 2500, loss: 0.12061849236488342, disc_loss: 0.0005442161345854402
INFO:root:Generator loss: 0.08094016883920119, Discriminator loss: 0.006436493451403594
INFO:root:
=== Epoch 33 evaluation ===
INFO:root:=== Evaluation metrics ===
PESQ: 3.3556,SSNR: 10.1567,CSIG: 4.6316,CBAK: 3.8516,COVL: 4.0929,STOI: 0.9561

INFO:root:Epoch 34, Step 500, loss: 0.12986306846141815, disc_loss: 0.0007603000267408788
INFO:root:Epoch 34, Step 1000, loss: 0.11629433929920197, disc_loss: 0.0004185339785180986
INFO:root:Epoch 34, Step 1500, loss: 0.09957926720380783, disc_loss: 0.0012167743407189846
INFO:root:Epoch 34, Step 2000, loss: 0.11767594516277313, disc_loss: 0.0006549881072714925
INFO:root:Epoch 34, Step 2500, loss: 0.08675023913383484, disc_loss: 0.0010050704004243016
INFO:root:Generator loss: 0.07976722418900253, Discriminator loss: 0.005899489156398029
INFO:root:
=== Epoch 34 evaluation ===
INFO:root:=== Evaluation metrics ===
PESQ: 3.3908,SSNR: 10.3193,CSIG: 4.6391,CBAK: 3.8805,COVL: 4.1193,STOI: 0.9564

INFO:root:Epoch 35, Step 500, loss: 0.07999023795127869, disc_loss: 0.0009182125213555992
INFO:root:Epoch 35, Step 1000, loss: 0.1578330397605896, disc_loss: 0.0006140489131212234
INFO:root:Epoch 35, Step 1500, loss: 0.12760016322135925, disc_loss: 0.00024573347764089704
INFO:root:Epoch 35, Step 2000, loss: 0.12276426702737808, disc_loss: 0.00025404526968486607
INFO:root:Epoch 35, Step 2500, loss: 0.1254723072052002, disc_loss: 0.0013456200249493122
INFO:root:Generator loss: 0.0791992623069622, Discriminator loss: 0.005737932037695783
INFO:root:
=== Epoch 35 evaluation ===
INFO:root:=== Evaluation metrics ===
PESQ: 3.3908,SSNR: 10.4830,CSIG: 4.6302,CBAK: 3.8914,COVL: 4.1136,STOI: 0.9567

INFO:root:Epoch 36, Step 500, loss: 0.08476747572422028, disc_loss: 0.0015509296208620071
INFO:root:Epoch 36, Step 1000, loss: 0.06712651997804642, disc_loss: 0.001406223513185978
INFO:root:Epoch 36, Step 1500, loss: 0.12544171512126923, disc_loss: 0.0017129713669419289
INFO:root:Epoch 36, Step 2000, loss: 0.0901070386171341, disc_loss: 0.0010392912663519382
INFO:root:Epoch 36, Step 2500, loss: 0.08143698424100876, disc_loss: 0.002355191158130765
INFO:root:Generator loss: 0.07901683243588337, Discriminator loss: 0.004149871244240361
INFO:root:
=== Epoch 36 evaluation ===
INFO:root:=== Evaluation metrics ===
PESQ: 3.3425,SSNR: 10.5905,CSIG: 4.6344,CBAK: 3.8747,COVL: 4.0876,STOI: 0.9570

INFO:root:Epoch 37, Step 500, loss: 0.08030874282121658, disc_loss: 0.0018437845865264535
INFO:root:Epoch 37, Step 1000, loss: 0.09690193086862564, disc_loss: 0.0006583913927897811
INFO:root:Epoch 37, Step 1500, loss: 0.1251659244298935, disc_loss: 0.0023499419912695885
INFO:root:Epoch 37, Step 2000, loss: 0.09563858807086945, disc_loss: 0.001229188870638609
INFO:root:Epoch 37, Step 2500, loss: 0.08835940808057785, disc_loss: 0.002339831553399563
INFO:root:Generator loss: 0.07891437178025547, Discriminator loss: 0.007265746836425218
INFO:root:
=== Epoch 37 evaluation ===
INFO:root:=== Evaluation metrics ===
PESQ: 3.3716,SSNR: 10.4270,CSIG: 4.6215,CBAK: 3.8776,COVL: 4.0968,STOI: 0.9568

INFO:root:Epoch 38, Step 500, loss: 0.1413138508796692, disc_loss: 0.0026818029582500458
INFO:root:Epoch 38, Step 1000, loss: 0.16710308194160461, disc_loss: 0.0024878880940377712
INFO:root:Epoch 38, Step 1500, loss: 0.10722348839044571, disc_loss: 0.0009907202329486609
INFO:root:Epoch 38, Step 2000, loss: 0.0942099392414093, disc_loss: 0.0020729126408696175
INFO:root:Epoch 38, Step 2500, loss: 0.09141656756401062, disc_loss: 0.0003724913112819195
INFO:root:Generator loss: 0.07937713142809938, Discriminator loss: 0.0068346690824504005
INFO:root:
=== Epoch 38 evaluation ===
INFO:root:=== Evaluation metrics ===
PESQ: 3.3611,SSNR: 10.5313,CSIG: 4.6301,CBAK: 3.8806,COVL: 4.0971,STOI: 0.9573

INFO:root:Epoch 39, Step 500, loss: 0.12017711997032166, disc_loss: 0.002088035922497511
INFO:root:Epoch 39, Step 1000, loss: 0.12179969996213913, disc_loss: 0.00010945164831355214
INFO:root:Epoch 39, Step 1500, loss: 0.08256641030311584, disc_loss: 0.0012887489283457398
INFO:root:Epoch 39, Step 2000, loss: 0.12291809171438217, disc_loss: 0.00010602937982184812
INFO:root:Epoch 39, Step 2500, loss: 0.12551119923591614, disc_loss: 0.001060751499608159
INFO:root:Generator loss: 0.07933915976109435, Discriminator loss: 0.005452682599178781
INFO:root:
=== Epoch 39 evaluation ===
INFO:root:=== Evaluation metrics ===
PESQ: 3.3676,SSNR: 10.5013,CSIG: 4.6281,CBAK: 3.8806,COVL: 4.0985,STOI: 0.9569

INFO:root:Epoch 40, Step 500, loss: 0.12912696599960327, disc_loss: 0.002262677298858762
INFO:root:Epoch 40, Step 1000, loss: 0.09271278977394104, disc_loss: 0.0015154710272327065
INFO:root:Epoch 40, Step 1500, loss: 0.14036574959754944, disc_loss: 0.0007339714211411774
INFO:root:Epoch 40, Step 2000, loss: 0.11382125318050385, disc_loss: 0.0025922232307493687
INFO:root:Epoch 40, Step 2500, loss: 0.10430308431386948, disc_loss: 0.0005896976799704134
INFO:root:Generator loss: 0.07861059059578816, Discriminator loss: 0.006269707807308081
INFO:root:
=== Epoch 40 evaluation ===
INFO:root:=== Evaluation metrics ===
PESQ: 3.3488,SSNR: 10.5138,CSIG: 4.6444,CBAK: 3.8737,COVL: 4.0972,STOI: 0.9570

INFO:root:Epoch 41, Step 500, loss: 0.10065803676843643, disc_loss: 0.0013253461802378297
INFO:root:Epoch 41, Step 1000, loss: 0.12580345571041107, disc_loss: 0.022312896326184273
INFO:root:Epoch 41, Step 1500, loss: 0.09406773000955582, disc_loss: 0.0014357512118294835
INFO:root:Epoch 41, Step 2000, loss: 0.13359878957271576, disc_loss: 0.0005793601158075035
INFO:root:Epoch 41, Step 2500, loss: 0.1326364278793335, disc_loss: 0.0011363659286871552
INFO:root:Generator loss: 0.0782013010703823, Discriminator loss: 0.005579082400093558
INFO:root:
=== Epoch 41 evaluation ===
INFO:root:=== Evaluation metrics ===
PESQ: 3.3465,SSNR: 10.6276,CSIG: 4.6327,CBAK: 3.8792,COVL: 4.0890,STOI: 0.9574

INFO:root:Epoch 42, Step 500, loss: 0.08247946202754974, disc_loss: 0.014117526821792126
INFO:root:Epoch 42, Step 1000, loss: 0.09084067493677139, disc_loss: 0.00021785518038086593
INFO:root:Epoch 42, Step 1500, loss: 0.0936865359544754, disc_loss: 0.001782865496352315
INFO:root:Epoch 42, Step 2000, loss: 0.07852190732955933, disc_loss: 0.0007312186062335968
INFO:root:Epoch 42, Step 2500, loss: 0.10904408991336823, disc_loss: 0.0008658494334667921
INFO:root:Generator loss: 0.08078138257186969, Discriminator loss: 0.00700371138761679
INFO:root:
=== Epoch 42 evaluation ===
INFO:root:=== Evaluation metrics ===
PESQ: 3.3699,SSNR: 10.2055,CSIG: 4.6339,CBAK: 3.8608,COVL: 4.1041,STOI: 0.9567

INFO:root:Epoch 43, Step 500, loss: 0.08670651167631149, disc_loss: 0.00196261890232563
INFO:root:Epoch 43, Step 1000, loss: 0.12266162037849426, disc_loss: 0.0001129411393776536
INFO:root:Epoch 43, Step 1500, loss: 0.09654493629932404, disc_loss: 0.00040660047670826316
INFO:root:Epoch 43, Step 2000, loss: 0.1875029355287552, disc_loss: 0.0018312737811356783
INFO:root:Epoch 43, Step 2500, loss: 0.17404705286026, disc_loss: 0.0010158632649108768
INFO:root:Generator loss: 0.08119361587230442, Discriminator loss: 0.005636116677848001
INFO:root:
=== Epoch 43 evaluation ===
INFO:root:=== Evaluation metrics ===
PESQ: 3.3616,SSNR: 10.1434,CSIG: 4.6323,CBAK: 3.8519,COVL: 4.0973,STOI: 0.9571

INFO:root:Epoch 44, Step 500, loss: 0.16398701071739197, disc_loss: 0.0009227368282154202
INFO:root:Epoch 44, Step 1000, loss: 0.1270751953125, disc_loss: 0.05387033894658089
INFO:root:Epoch 44, Step 1500, loss: 0.07831186801195145, disc_loss: 0.00077993975719437
INFO:root:Epoch 44, Step 2000, loss: 0.10151314735412598, disc_loss: 0.0006071358802728355
INFO:root:Epoch 44, Step 2500, loss: 0.10666858404874802, disc_loss: 0.0013956069014966488
INFO:root:Generator loss: 0.08121557993072907, Discriminator loss: 0.005293668330196648
INFO:root:
=== Epoch 44 evaluation ===
INFO:root:=== Evaluation metrics ===
PESQ: 3.3394,SSNR: 10.1502,CSIG: 4.6218,CBAK: 3.8438,COVL: 4.0808,STOI: 0.9574

INFO:root:Epoch 45, Step 500, loss: 0.10427393019199371, disc_loss: 0.0029413264710456133
INFO:root:Epoch 45, Step 1000, loss: 0.11263102293014526, disc_loss: 0.0005661878967657685
INFO:root:Epoch 45, Step 1500, loss: 0.09767530113458633, disc_loss: 0.0020970359910279512
INFO:root:Epoch 45, Step 2000, loss: 0.09231675416231155, disc_loss: 0.000284543726593256
INFO:root:Epoch 45, Step 2500, loss: 0.07580624520778656, disc_loss: 0.0017510801553726196
INFO:root:Generator loss: 0.07904992142276278, Discriminator loss: 0.0066125097065611324
INFO:root:
=== Epoch 45 evaluation ===
INFO:root:=== Evaluation metrics ===
PESQ: 3.3149,SSNR: 10.6239,CSIG: 4.6198,CBAK: 3.8640,COVL: 4.0664,STOI: 0.9573

INFO:root:Epoch 46, Step 500, loss: 0.11857810616493225, disc_loss: 0.0009808482136577368
INFO:root:Epoch 46, Step 1000, loss: 0.08022210747003555, disc_loss: 0.0006307887961156666
INFO:root:Epoch 46, Step 1500, loss: 0.09005099534988403, disc_loss: 0.0007518362253904343
INFO:root:Epoch 46, Step 2000, loss: 0.07638700306415558, disc_loss: 0.0017214978579431772
INFO:root:Epoch 46, Step 2500, loss: 0.10783836990594864, disc_loss: 0.002674229210242629
INFO:root:Generator loss: 0.07866212986047985, Discriminator loss: 0.005674845634027044
INFO:root:
=== Epoch 46 evaluation ===
INFO:root:=== Evaluation metrics ===
PESQ: 3.3437,SSNR: 10.4906,CSIG: 4.6364,CBAK: 3.8690,COVL: 4.0907,STOI: 0.9572

INFO:root:Epoch 47, Step 500, loss: 0.09345954656600952, disc_loss: 0.0008607179624959826
INFO:root:Epoch 47, Step 1000, loss: 0.08505487442016602, disc_loss: 0.018422171473503113
INFO:root:Epoch 47, Step 1500, loss: 0.15650638937950134, disc_loss: 0.002601542044430971
INFO:root:Epoch 47, Step 2000, loss: 0.11230355501174927, disc_loss: 0.001827572355978191
INFO:root:Epoch 47, Step 2500, loss: 0.08823007345199585, disc_loss: 0.035710252821445465
INFO:root:Generator loss: 0.079973715203769, Discriminator loss: 0.004823633076580557
INFO:root:
=== Epoch 47 evaluation ===
INFO:root:=== Evaluation metrics ===
PESQ: 3.3076,SSNR: 10.5467,CSIG: 4.6147,CBAK: 3.8554,COVL: 4.0591,STOI: 0.9575

INFO:root:Epoch 48, Step 500, loss: 0.088141068816185, disc_loss: 0.0010528001002967358
INFO:root:Epoch 48, Step 1000, loss: 0.10724891722202301, disc_loss: 0.000625533692073077
INFO:root:Epoch 48, Step 1500, loss: 0.10965782403945923, disc_loss: 0.0006015985854901373
INFO:root:Epoch 48, Step 2000, loss: 0.11432899534702301, disc_loss: 0.0026678021531552076
INFO:root:Epoch 48, Step 2500, loss: 0.1473473161458969, disc_loss: 0.000810567697044462
INFO:root:Generator loss: 0.07869797377187071, Discriminator loss: 0.006919999345997179
INFO:root:
=== Epoch 48 evaluation ===
INFO:root:=== Evaluation metrics ===
PESQ: 3.3646,SSNR: 10.4594,CSIG: 4.6304,CBAK: 3.8767,COVL: 4.0993,STOI: 0.9575

INFO:root:Epoch 49, Step 500, loss: 0.10708500444889069, disc_loss: 0.0009856459219008684
INFO:root:Epoch 49, Step 1000, loss: 0.09306374937295914, disc_loss: 0.0011950517073273659
INFO:root:Epoch 49, Step 1500, loss: 0.07062869518995285, disc_loss: 0.0005317432223819196
INFO:root:Epoch 49, Step 2000, loss: 0.07341247797012329, disc_loss: 0.00038852941361255944
INFO:root:Epoch 49, Step 2500, loss: 0.22012223303318024, disc_loss: 0.0012623285874724388
INFO:root:Generator loss: 0.07850628152706669, Discriminator loss: 0.006110334686065507
INFO:root:
=== Epoch 49 evaluation ===
INFO:root:=== Evaluation metrics ===
PESQ: 3.3564,SSNR: 10.5579,CSIG: 4.6356,CBAK: 3.8795,COVL: 4.0986,STOI: 0.9574

INFO:root:Epoch 50, Step 500, loss: 0.1350589096546173, disc_loss: 0.04499872773885727
INFO:root:Epoch 50, Step 1000, loss: 0.17585229873657227, disc_loss: 0.000374950555851683
INFO:root:Epoch 50, Step 1500, loss: 0.10504984855651855, disc_loss: 0.0013563521206378937
INFO:root:Epoch 50, Step 2000, loss: 0.12488877773284912, disc_loss: 0.0006642579683102667
INFO:root:Epoch 50, Step 2500, loss: 0.056968607008457184, disc_loss: 0.0004884685622528195
INFO:root:Generator loss: 0.07782643239547327, Discriminator loss: 0.005225150665494068
INFO:root:
=== Epoch 50 evaluation ===
INFO:root:=== Evaluation metrics ===
PESQ: 3.3807,SSNR: 10.5662,CSIG: 4.6508,CBAK: 3.8911,COVL: 4.1198,STOI: 0.9573

INFO:root:Epoch 51, Step 500, loss: 0.08709639310836792, disc_loss: 0.0006808058242313564
INFO:root:Epoch 51, Step 1000, loss: 0.0979592502117157, disc_loss: 0.0007418179302476346
INFO:root:Epoch 51, Step 1500, loss: 0.0770096406340599, disc_loss: 0.0012714241165667772
INFO:root:Epoch 51, Step 2000, loss: 0.12352316081523895, disc_loss: 0.0007803697953931987
INFO:root:Epoch 51, Step 2500, loss: 0.10602999478578568, disc_loss: 0.000301836320431903
INFO:root:Generator loss: 0.07864539064828632, Discriminator loss: 0.005521485762232948
INFO:root:
=== Epoch 51 evaluation ===
INFO:root:=== Evaluation metrics ===
PESQ: 3.3538,SSNR: 10.4579,CSIG: 4.6258,CBAK: 3.8714,COVL: 4.0910,STOI: 0.9576

INFO:root:Epoch 52, Step 500, loss: 0.12260531634092331, disc_loss: 0.00040981656638905406
INFO:root:Epoch 52, Step 1000, loss: 0.11648297309875488, disc_loss: 0.0024713093880563974
INFO:root:Epoch 52, Step 1500, loss: 0.10823293030261993, disc_loss: 0.0013450953410938382
INFO:root:Epoch 52, Step 2000, loss: 0.10280787944793701, disc_loss: 0.0010137041099369526
INFO:root:Epoch 52, Step 2500, loss: 0.11685575544834137, disc_loss: 0.0014083320274949074
INFO:root:Generator loss: 0.07900159927175461, Discriminator loss: 0.006325346761778984
INFO:root:
=== Epoch 52 evaluation ===
INFO:root:=== Evaluation metrics ===
PESQ: 3.3608,SSNR: 10.3393,CSIG: 4.6394,CBAK: 3.8661,COVL: 4.1021,STOI: 0.9575

INFO:root:Epoch 53, Step 500, loss: 0.08989448845386505, disc_loss: 0.0003240318619646132
INFO:root:Epoch 53, Step 1000, loss: 0.09174458682537079, disc_loss: 0.0009011321817524731
INFO:root:Epoch 53, Step 1500, loss: 0.09064929932355881, disc_loss: 0.0003568629617802799
INFO:root:Epoch 53, Step 2000, loss: 0.1309201717376709, disc_loss: 0.0017510539619252086
INFO:root:Epoch 53, Step 2500, loss: 0.09849076718091965, disc_loss: 0.001992489444091916
INFO:root:Generator loss: 0.08046953047363503, Discriminator loss: 0.0059847025926925215
INFO:root:
=== Epoch 53 evaluation ===
INFO:root:=== Evaluation metrics ===
PESQ: 3.3692,SSNR: 10.3399,CSIG: 4.6368,CBAK: 3.8686,COVL: 4.1051,STOI: 0.9573

INFO:root:Epoch 54, Step 500, loss: 0.09124903380870819, disc_loss: 0.0003430746146477759
INFO:root:Epoch 54, Step 1000, loss: 0.09102839231491089, disc_loss: 0.00021022793953306973
INFO:root:Epoch 54, Step 1500, loss: 0.12147650867700577, disc_loss: 0.000354677700670436
INFO:root:Epoch 54, Step 2000, loss: 0.10876993834972382, disc_loss: 0.0002871884498745203
INFO:root:Epoch 54, Step 2500, loss: 0.08923322707414627, disc_loss: 0.0003441069566179067
INFO:root:Generator loss: 0.079642145849258, Discriminator loss: 0.005029260973705039
INFO:root:
=== Epoch 54 evaluation ===
INFO:root:=== Evaluation metrics ===
PESQ: 3.3768,SSNR: 10.3918,CSIG: 4.6424,CBAK: 3.8764,COVL: 4.1120,STOI: 0.9573

INFO:root:Epoch 55, Step 500, loss: 0.054087068885564804, disc_loss: 0.0013056910829618573
INFO:root:Epoch 55, Step 1000, loss: 0.11561864614486694, disc_loss: 0.0008598957792855799
INFO:root:Epoch 55, Step 1500, loss: 0.07543298602104187, disc_loss: 0.00048452065675519407
INFO:root:Epoch 55, Step 2000, loss: 0.10051284730434418, disc_loss: 0.0011123308213427663
INFO:root:Epoch 55, Step 2500, loss: 0.10554805397987366, disc_loss: 0.06489008665084839
INFO:root:Generator loss: 0.07886339922987141, Discriminator loss: 0.006854529002878037
INFO:root:
=== Epoch 55 evaluation ===
INFO:root:=== Evaluation metrics ===
PESQ: 3.3633,SSNR: 10.4650,CSIG: 4.6350,CBAK: 3.8763,COVL: 4.1011,STOI: 0.9578

INFO:root:Epoch 56, Step 500, loss: 0.09493528306484222, disc_loss: 0.0005949899787083268
INFO:root:Epoch 56, Step 1000, loss: 0.10366736352443695, disc_loss: 0.028953025117516518
INFO:root:Epoch 56, Step 1500, loss: 0.07482694834470749, disc_loss: 0.00010202044359175488
INFO:root:Epoch 56, Step 2000, loss: 0.07505448162555695, disc_loss: 0.0037096822634339333
INFO:root:Epoch 56, Step 2500, loss: 0.09889531880617142, disc_loss: 0.0006600474007427692
INFO:root:Generator loss: 0.08006868023172166, Discriminator loss: 0.006978833534287456
INFO:root:
=== Epoch 56 evaluation ===
INFO:root:=== Evaluation metrics ===
PESQ: 3.3509,SSNR: 10.3559,CSIG: 4.6331,CBAK: 3.8628,COVL: 4.0924,STOI: 0.9577

INFO:root:Epoch 57, Step 500, loss: 0.12005344033241272, disc_loss: 0.0014921881956979632
INFO:root:Epoch 57, Step 1000, loss: 0.11257235705852509, disc_loss: 0.00047862029168754816
INFO:root:Epoch 57, Step 1500, loss: 0.07874827086925507, disc_loss: 0.0003370610938873142
INFO:root:Epoch 57, Step 2000, loss: 0.0672462210059166, disc_loss: 0.00022674468345940113
INFO:root:Epoch 57, Step 2500, loss: 0.10462842881679535, disc_loss: 0.0009179276530630887
INFO:root:Generator loss: 0.07983820512890816, Discriminator loss: 0.0075966778938679445
INFO:root:
=== Epoch 57 evaluation ===
INFO:root:=== Evaluation metrics ===
PESQ: 3.3721,SSNR: 10.3124,CSIG: 4.6414,CBAK: 3.8700,COVL: 4.1105,STOI: 0.9573

INFO:root:Epoch 58, Step 500, loss: 0.15231800079345703, disc_loss: 0.0006262947572395205
INFO:root:Epoch 58, Step 1000, loss: 0.1304398477077484, disc_loss: 0.0008048462332226336
INFO:root:Epoch 58, Step 1500, loss: 0.10357971489429474, disc_loss: 0.0006543000927194953
INFO:root:Epoch 58, Step 2000, loss: 0.10422950983047485, disc_loss: 0.0003094038984272629
INFO:root:Epoch 58, Step 2500, loss: 0.10587795823812485, disc_loss: 0.001329969265498221
INFO:root:Generator loss: 0.07861993337068164, Discriminator loss: 0.006524807601415233
INFO:root:
=== Epoch 58 evaluation ===
INFO:root:=== Evaluation metrics ===
PESQ: 3.3429,SSNR: 10.5814,CSIG: 4.6293,CBAK: 3.8742,COVL: 4.0862,STOI: 0.9575

INFO:root:Epoch 59, Step 500, loss: 0.17454183101654053, disc_loss: 0.0009600149351172149
INFO:root:Epoch 59, Step 1000, loss: 0.1147172600030899, disc_loss: 0.002813476137816906
INFO:root:Epoch 59, Step 1500, loss: 0.11485914885997772, disc_loss: 0.0003403091977816075
INFO:root:Epoch 59, Step 2000, loss: 0.13213413953781128, disc_loss: 0.0014107347233220935
INFO:root:Epoch 59, Step 2500, loss: 0.16073527932167053, disc_loss: 0.0011595793766900897
INFO:root:Generator loss: 0.07867385277036325, Discriminator loss: 0.004985827306087425
INFO:root:
=== Epoch 59 evaluation ===
INFO:root:=== Evaluation metrics ===
PESQ: 3.3757,SSNR: 10.4847,CSIG: 4.6398,CBAK: 3.8829,COVL: 4.1096,STOI: 0.9577

Training finished.
